==============================================================
Vivado(TM) HLS - High-Level Synthesis from C, C++ and SystemC v2020.1 (64-bit)
Copyright 1986-2020 Xilinx, Inc. All Rights Reserved.
==============================================================
==============================================================
Vivado(TM) HLS - High-Level Synthesis from C, C++ and SystemC v2020.1 (64-bit)
Copyright 1986-2020 Xilinx, Inc. All Rights Reserved.
==============================================================
INFO: [SYN 201-201] Setting up clock 'default' with a period of 10ns.
INFO: [HLS 200-10] Setting target device to 'xc7k160t-fbg484-2'
INFO: [SYN 201-201] Setting up clock 'default' with a period of 10ns.
INFO: [SCHED 204-61] Option 'relax_ii_for_timing' is enabled, will increase II to preserve clock frequency constraints.
INFO: [HLS 200-10] Analyzing design file 'partflow_lec8Ex1.c' ... 
INFO: [HLS 200-111] Finished Linking Time (s): cpu = 00:00:15 ; elapsed = 00:00:16 . Memory (MB): peak = 1775.270 ; gain = 1248.910 ; free physical = 65221 ; free virtual = 100098
INFO: [HLS 200-111] Finished Checking Pragmas Time (s): cpu = 00:00:15 ; elapsed = 00:00:16 . Memory (MB): peak = 1775.270 ; gain = 1248.910 ; free physical = 65221 ; free virtual = 100098
INFO: [HLS 200-10] Starting code transformations ...
INFO: [XFORM 203-603] Inlining function 'func' into 'lec8Ex1' (partflow_lec8Ex1.c:22).
INFO: [XFORM 203-603] Inlining function 'func' into 'lec8Ex1' (partflow_lec8Ex1.c:21).
INFO: [XFORM 203-603] Inlining function 'func' into 'lec8Ex1' (partflow_lec8Ex1.c:20).
INFO: [XFORM 203-603] Inlining function 'squared' into 'lec8Ex1' (partflow_lec8Ex1.c:24).
INFO: [HLS 200-111] Finished Standard Transforms Time (s): cpu = 00:00:17 ; elapsed = 00:00:17 . Memory (MB): peak = 1775.270 ; gain = 1248.910 ; free physical = 65203 ; free virtual = 100099
INFO: [HLS 200-10] Checking synthesizability ...
INFO: [HLS 200-111] Finished Checking Synthesizability Time (s): cpu = 00:00:17 ; elapsed = 00:00:17 . Memory (MB): peak = 1775.270 ; gain = 1248.910 ; free physical = 65200 ; free virtual = 100099
INFO: [HLS 200-489] Unrolling loop 'for_Loop' (partflow_lec8Ex1.c:17) in function 'lec8Ex1' completely with a factor of 60.
INFO: [XFORM 203-101] Partitioning array 'in' (partflow_lec8Ex1.c:4) in dimension 1 completely.
INFO: [XFORM 203-101] Partitioning array 'out' (partflow_lec8Ex1.c:8) in dimension 1 completely.
INFO: [HLS 200-111] Finished Pre-synthesis Time (s): cpu = 00:00:17 ; elapsed = 00:00:18 . Memory (MB): peak = 1775.270 ; gain = 1248.910 ; free physical = 65145 ; free virtual = 100082
INFO: [HLS 200-111] Finished Architecture Synthesis Time (s): cpu = 00:00:18 ; elapsed = 00:00:18 . Memory (MB): peak = 1775.270 ; gain = 1248.910 ; free physical = 65216 ; free virtual = 100084
INFO: [HLS 200-10] Starting hardware synthesis ...
INFO: [HLS 200-10] Synthesizing 'lec8Ex1' ...
INFO: [HLS 200-10] ----------------------------------------------------------------
INFO: [HLS 200-42] -- Implementing module 'lec8Ex1' 
INFO: [HLS 200-10] ----------------------------------------------------------------
INFO: [SCHED 204-11] Starting scheduling ...
INFO: [SCHED 204-11] Finished scheduling.
INFO: [HLS 200-111]  Elapsed time: 18.94 seconds; current allocated memory: 141.651 MB.
INFO: [BIND 205-100] Starting micro-architecture generation ...
INFO: [BIND 205-101] Performing variable lifetime analysis.
INFO: [BIND 205-101] Exploring resource sharing.
INFO: [BIND 205-101] Binding ...
INFO: [BIND 205-100] Finished micro-architecture generation.
INFO: [HLS 200-111]  Elapsed time: 0.3 seconds; current allocated memory: 142.760 MB.
INFO: [HLS 200-10] ----------------------------------------------------------------
INFO: [HLS 200-10] -- Generating RTL for module 'lec8Ex1' 
INFO: [HLS 200-10] ----------------------------------------------------------------
INFO: [RTGEN 206-500] Setting interface mode on port 'lec8Ex1/in_0' to 'ap_none'.
INFO: [RTGEN 206-500] Setting interface mode on port 'lec8Ex1/in_1' to 'ap_none'.
INFO: [RTGEN 206-500] Setting interface mode on port 'lec8Ex1/in_2' to 'ap_none'.
INFO: [RTGEN 206-500] Setting interface mode on port 'lec8Ex1/in_3' to 'ap_none'.
INFO: [RTGEN 206-500] Setting interface mode on port 'lec8Ex1/in_4' to 'ap_none'.
INFO: [RTGEN 206-500] Setting interface mode on port 'lec8Ex1/in_5' to 'ap_none'.
INFO: [RTGEN 206-500] Setting interface mode on port 'lec8Ex1/in_6' to 'ap_none'.
INFO: [RTGEN 206-500] Setting interface mode on port 'lec8Ex1/in_7' to 'ap_none'.
INFO: [RTGEN 206-500] Setting interface mode on port 'lec8Ex1/in_8' to 'ap_none'.
INFO: [RTGEN 206-500] Setting interface mode on port 'lec8Ex1/in_9' to 'ap_none'.
INFO: [RTGEN 206-500] Setting interface mode on port 'lec8Ex1/in_10' to 'ap_none'.
INFO: [RTGEN 206-500] Setting interface mode on port 'lec8Ex1/in_11' to 'ap_none'.
INFO: [RTGEN 206-500] Setting interface mode on port 'lec8Ex1/in_12' to 'ap_none'.
INFO: [RTGEN 206-500] Setting interface mode on port 'lec8Ex1/in_13' to 'ap_none'.
INFO: [RTGEN 206-500] Setting interface mode on port 'lec8Ex1/in_14' to 'ap_none'.
INFO: [RTGEN 206-500] Setting interface mode on port 'lec8Ex1/in_15' to 'ap_none'.
INFO: [RTGEN 206-500] Setting interface mode on port 'lec8Ex1/in_16' to 'ap_none'.
INFO: [RTGEN 206-500] Setting interface mode on port 'lec8Ex1/in_17' to 'ap_none'.
INFO: [RTGEN 206-500] Setting interface mode on port 'lec8Ex1/in_18' to 'ap_none'.
INFO: [RTGEN 206-500] Setting interface mode on port 'lec8Ex1/in_19' to 'ap_none'.
INFO: [RTGEN 206-500] Setting interface mode on port 'lec8Ex1/in_20' to 'ap_none'.
INFO: [RTGEN 206-500] Setting interface mode on port 'lec8Ex1/in_21' to 'ap_none'.
INFO: [RTGEN 206-500] Setting interface mode on port 'lec8Ex1/in_22' to 'ap_none'.
INFO: [RTGEN 206-500] Setting interface mode on port 'lec8Ex1/in_23' to 'ap_none'.
INFO: [RTGEN 206-500] Setting interface mode on port 'lec8Ex1/in_24' to 'ap_none'.
INFO: [RTGEN 206-500] Setting interface mode on port 'lec8Ex1/in_25' to 'ap_none'.
INFO: [RTGEN 206-500] Setting interface mode on port 'lec8Ex1/in_26' to 'ap_none'.
INFO: [RTGEN 206-500] Setting interface mode on port 'lec8Ex1/in_27' to 'ap_none'.
INFO: [RTGEN 206-500] Setting interface mode on port 'lec8Ex1/in_28' to 'ap_none'.
INFO: [RTGEN 206-500] Setting interface mode on port 'lec8Ex1/in_29' to 'ap_none'.
INFO: [RTGEN 206-500] Setting interface mode on port 'lec8Ex1/in_30' to 'ap_none'.
INFO: [RTGEN 206-500] Setting interface mode on port 'lec8Ex1/in_31' to 'ap_none'.
INFO: [RTGEN 206-500] Setting interface mode on port 'lec8Ex1/in_32' to 'ap_none'.
INFO: [RTGEN 206-500] Setting interface mode on port 'lec8Ex1/in_33' to 'ap_none'.
INFO: [RTGEN 206-500] Setting interface mode on port 'lec8Ex1/in_34' to 'ap_none'.
INFO: [RTGEN 206-500] Setting interface mode on port 'lec8Ex1/in_35' to 'ap_none'.
INFO: [RTGEN 206-500] Setting interface mode on port 'lec8Ex1/in_36' to 'ap_none'.
INFO: [RTGEN 206-500] Setting interface mode on port 'lec8Ex1/in_37' to 'ap_none'.
INFO: [RTGEN 206-500] Setting interface mode on port 'lec8Ex1/in_38' to 'ap_none'.
INFO: [RTGEN 206-500] Setting interface mode on port 'lec8Ex1/in_39' to 'ap_none'.
INFO: [RTGEN 206-500] Setting interface mode on port 'lec8Ex1/in_40' to 'ap_none'.
INFO: [RTGEN 206-500] Setting interface mode on port 'lec8Ex1/in_41' to 'ap_none'.
INFO: [RTGEN 206-500] Setting interface mode on port 'lec8Ex1/in_42' to 'ap_none'.
INFO: [RTGEN 206-500] Setting interface mode on port 'lec8Ex1/in_43' to 'ap_none'.
INFO: [RTGEN 206-500] Setting interface mode on port 'lec8Ex1/in_44' to 'ap_none'.
INFO: [RTGEN 206-500] Setting interface mode on port 'lec8Ex1/in_45' to 'ap_none'.
INFO: [RTGEN 206-500] Setting interface mode on port 'lec8Ex1/in_46' to 'ap_none'.
INFO: [RTGEN 206-500] Setting interface mode on port 'lec8Ex1/in_47' to 'ap_none'.
INFO: [RTGEN 206-500] Setting interface mode on port 'lec8Ex1/in_48' to 'ap_none'.
INFO: [RTGEN 206-500] Setting interface mode on port 'lec8Ex1/in_49' to 'ap_none'.
INFO: [RTGEN 206-500] Setting interface mode on port 'lec8Ex1/in_50' to 'ap_none'.
INFO: [RTGEN 206-500] Setting interface mode on port 'lec8Ex1/in_51' to 'ap_none'.
INFO: [RTGEN 206-500] Setting interface mode on port 'lec8Ex1/in_52' to 'ap_none'.
INFO: [RTGEN 206-500] Setting interface mode on port 'lec8Ex1/in_53' to 'ap_none'.
INFO: [RTGEN 206-500] Setting interface mode on port 'lec8Ex1/in_54' to 'ap_none'.
INFO: [RTGEN 206-500] Setting interface mode on port 'lec8Ex1/in_55' to 'ap_none'.
INFO: [RTGEN 206-500] Setting interface mode on port 'lec8Ex1/in_56' to 'ap_none'.
INFO: [RTGEN 206-500] Setting interface mode on port 'lec8Ex1/in_57' to 'ap_none'.
INFO: [RTGEN 206-500]