INFO: [HLS 200-10] Running '/opt/Xilinx/Vivado/2020.1/bin/unwrapped/lnx64.o/vivado_hls'
INFO: [HLS 200-10] For user 'rsimeon' on host 'cmstrigger02.hep.wisc.edu' (Linux_x86_64 version 5.4.238-1.el7.elrepo.x86_64) on Tue Apr 18 16:01:00 CDT 2023
INFO: [HLS 200-10] On os "CentOS Linux release 7.9.2009 (Core)"
INFO: [HLS 200-10] In directory '/afs/hep.wisc.edu/user/rsimeon/tac_hep_fpga/TAC-HEP-FPGA-HLS/week4/homework/no_pragma'
Sourcing Tcl script '/afs/hep.wisc.edu/user/rsimeon/tac_hep_fpga/TAC-HEP-FPGA-HLS/week4/homework/no_pragma/hw4_nopragmas/solution1/csynth.tcl'
INFO: [HLS 200-10] Opening project '/afs/hep.wisc.edu/user/rsimeon/tac_hep_fpga/TAC-HEP-FPGA-HLS/week4/homework/no_pragma/hw4_nopragmas'.
INFO: [HLS 200-10] Adding design file 'hw4.cpp' to the project
INFO: [HLS 200-10] Adding test bench file 'hw4_test.cpp' to the project
INFO: [HLS 200-10] Opening solution '/afs/hep.wisc.edu/user/rsimeon/tac_hep_fpga/TAC-HEP-FPGA-HLS/week4/homework/no_pragma/hw4_nopragmas/solution1'.
INFO: [SYN 201-201] Setting up clock 'default' with a period of 10ns.
INFO: [HLS 200-10] Setting target device to 'xc7k160t-fbg484-2'
INFO: [SYN 201-201] Setting up clock 'default' with a period of 10ns.
INFO: [SCHED 204-61] Option 'relax_ii_for_timing' is enabled, will increase II to preserve clock frequency constraints.
INFO: [HLS 200-10] Analyzing design file 'hw4.cpp' ... 
INFO: [HLS 200-111] Finished Linking Time (s): cpu = 00:00:15 ; elapsed = 00:00:15 . Memory (MB): peak = 1775.270 ; gain = 1248.910 ; free physical = 65588 ; free virtual = 101987
INFO: [HLS 200-111] Finished Checking Pragmas Time (s): cpu = 00:00:15 ; elapsed = 00:00:15 . Memory (MB): peak = 1775.270 ; gain = 1248.910 ; free physical = 65588 ; free virtual = 101987
INFO: [HLS 200-10] Starting code transformations ...
INFO: [HLS 200-111] Finished Standard Transforms Time (s): cpu = 00:00:17 ; elapsed = 00:00:17 . Memory (MB): peak = 1775.270 ; gain = 1248.910 ; free physical = 65583 ; free virtual = 101982
INFO: [HLS 200-10] Checking synthesizability ...
INFO: [HLS 200-111] Finished Checking Synthesizability Time (s): cpu = 00:00:17 ; elapsed = 00:00:17 . Memory (MB): peak = 1775.270 ; gain = 1248.910 ; free physical = 65584 ; free virtual = 101982
INFO: [HLS 200-111] Finished Pre-synthesis Time (s): cpu = 00:00:17 ; elapsed = 00:00:17 . Memory (MB): peak = 1775.270 ; gain = 1248.910 ; free physical = 65568 ; free virtual = 101967
INFO: [HLS 200-111] Finished Architecture Synthesis Time (s): cpu = 00:00:17 ; elapsed = 00:00:17 . Memory (MB): peak = 1775.270 ; gain = 1248.910 ; free physical = 65568 ; free virtual = 101967
INFO: [HLS 200-10] Starting hardware synthesis ...
INFO: [HLS 200-10] Synthesizing 'hw4' ...
WARNING: [SYN 201-107] Renaming port name 'hw4/out' to 'hw4/out_r' to avoid the conflict with HDL keywords or other object names.
INFO: [HLS 200-10] ----------------------------------------------------------------
INFO: [HLS 200-42] -- Implementing module 'hw4' 
INFO: [HLS 200-10] ----------------------------------------------------------------
INFO: [SCHED 204-11] Starting scheduling ...
INFO: [SCHED 204-11] Finished scheduling.
INFO: [HLS 200-111]  Elapsed time: 16.89 seconds; current allocated memory: 138.022 MB.
INFO: [BIND 205-100] Starting micro-architecture generation ...
INFO: [BIND 205-101] Performing variable lifetime analysis.
INFO: [BIND 205-101] Exploring resource sharing.
INFO: [BIND 205-101] Binding ...
INFO: [BIND 205-100] Finished micro-architecture generation.
INFO: [HLS 200-111]  Elapsed time: 0.04 seconds; current allocated memory: 138.132 MB.
INFO: [HLS 200-10] ----------------------------------------------------------------
INFO: [HLS 200-10] -- Generating RTL for module 'hw4' 
INFO: [HLS 200-10] ----------------------------------------------------------------
INFO: [RTGEN 206-500] Setting interface mode on port 'hw4/in_A' to 'ap_memory'.
INFO: [RTGEN 206-500] Setting interface mode on port 'hw4/in_B' to 'ap_memory'.
INFO: [RTGEN 206-500] Setting interface mode on port 'hw4/out_r' to 'ap_vld'.
INFO: [RTGEN 206-500] Setting interface mode on function 'hw4' to 'ap_ctrl_hs'.
INFO: [RTGEN 206-100] Finished creating RTL model for 'hw4'.
INFO: [HLS 200-111]  Elapsed time: 0.19 seconds; current allocated memory: 138.361 MB.
INFO: [HLS 200-790] **** Loop Constraint Status: All loop constraints were satisfied.
INFO: [HLS 200-789] **** Estimated Fmax: 122.67 MHz
INFO: [HLS 200-111] Finished generating all RTL models Time (s): cpu = 00:00:18 ; elapsed = 00:00:21 . Memory (MB): peak = 1775.270 ; gain = 1248.910 ; free physical = 65549 ; free virtual = 101949
INFO: [VHDL 208-304] Generating VHDL RTL for hw4.
INFO: [VLOG 209-307] Generating Verilog RTL for hw4.
INFO: [HLS 200-112] Total elapsed time: 20.52 seconds; peak allocated memory: 138.361 MB.
