INFO: [SIM 2] *************** CSIM start ***************
INFO: [SIM 4] CSIM will launch GCC as the compiler.
   Compiling(apcc) ../../../../ex2_tb.c in debug mode
INFO: [HLS 200-10] Running '/opt/Xilinx/Vivado/2020.1/bin/unwrapped/lnx64.o/apcc'
INFO: [HLS 200-10] For user 'rsimeon' on host 'cmstrigger02.hep.wisc.edu' (Linux_x86_64 version 5.4.240-1.el7.elrepo.x86_64) on Fri May 12 17:15:25 CDT 2023
INFO: [HLS 200-10] On os "CentOS Linux release 7.9.2009 (Core)"
INFO: [HLS 200-10] In directory '/afs/hep.wisc.edu/user/rsimeon/tac_hep_fpga/TAC-HEP-FPGA-HLS/week5/homework/Exercise2_flatten/solution1/csim/build'
INFO: [APCC 202-3] Tmp directory is /tmp/apcc_db_rsimeon/178741683929725530714
INFO: [APCC 202-1] APCC is done.
   Compiling(apcc) ../../../../ex2_flatten.c in debug mode
INFO: [HLS 200-10] Running '/opt/Xilinx/Vivado/2020.1/bin/unwrapped/lnx64.o/apcc'
INFO: [HLS 200-10] For user 'rsimeon' on host 'cmstrigger02.hep.wisc.edu' (Linux_x86_64 version 5.4.240-1.el7.elrepo.x86_64) on Fri May 12 17:15:37 CDT 2023
INFO: [HLS 200-10] On os "CentOS Linux release 7.9.2009 (Core)"
INFO: [HLS 200-10] In directory '/afs/hep.wisc.edu/user/rsimeon/tac_hep_fpga/TAC-HEP-FPGA-HLS/week5/homework/Exercise2_flatten/solution1/csim/build'
INFO: [APCC 202-3] Tmp directory is /tmp/apcc_db_rsimeon/181531683929737847710
INFO: [APCC 202-1] APCC is done.
   Generating csim.exe
Test passed !
INFO: [SIM 1] CSim done with 0 errors.
INFO: [SIM 3] *************** CSIM finish ***************
