

================================================================
== Vivado HLS Report for 'lec8Ex1'
================================================================
* Date:           Tue May  9 13:50:23 2023

* Version:        2020.1 (Build 2897737 on Wed May 27 20:21:37 MDT 2020)
* Project:        hw4_lat
* Solution:       solution1
* Product family: kintex7
* Target device:  xc7k160t-fbg484-2


================================================================
== Performance Estimates
================================================================
+ Timing: 
    * Summary: 
    +--------+----------+----------+------------+
    |  Clock |  Target  | Estimated| Uncertainty|
    +--------+----------+----------+------------+
    |ap_clk  | 10.00 ns | 7.756 ns |   1.25 ns  |
    +--------+----------+----------+------------+

+ Latency: 
    * Summary: 
    +---------+---------+----------+----------+-----+-----+---------+
    |  Latency (cycles) |  Latency (absolute) |  Interval | Pipeline|
    |   min   |   max   |    min   |    max   | min | max |   Type  |
    +---------+---------+----------+----------+-----+-----+---------+
    |      301|      301| 3.010 us | 3.010 us |  301|  301|   none  |
    +---------+---------+----------+----------+-----+-----+---------+

    + Detail: 
        * Instance: 
        N/A

        * Loop: 
        +------------+---------+---------+----------+-----------+-----------+------+----------+
        |            |  Latency (cycles) | Iteration|  Initiation Interval  | Trip |          |
        |  Loop Name |   min   |   max   |  Latency |  achieved |   target  | Count| Pipelined|
        +------------+---------+---------+----------+-----------+-----------+------+----------+
        |- for_Loop  |      300|      300|         5|          -|          -|    60|    no    |
        +------------+---------+---------+----------+-----------+-----------+------+----------+



================================================================
== Utilization Estimates
================================================================
* Summary: 
+-----------------+---------+-------+--------+--------+-----+
|       Name      | BRAM_18K| DSP48E|   FF   |   LUT  | URAM|
+-----------------+---------+-------+--------+--------+-----+
|DSP              |        -|      -|       -|       -|    -|
|Expression       |        -|      5|       0|     156|    -|
|FIFO             |        -|      -|       -|       -|    -|
|Instance         |        -|      -|       -|       -|    -|
|Memory           |        -|      -|       -|       -|    -|
|Multiplexer      |        -|      -|       -|      38|    -|
|Register         |        -|      -|     152|       -|    -|
+-----------------+---------+-------+--------+--------+-----+
|Total            |        0|      5|     152|     194|    0|
+-----------------+---------+-------+--------+--------+-----+
|Available        |      650|    600|  202800|  101400|    0|
+-----------------+---------+-------+--------+--------+-----+
|Utilization (%)  |        0|   ~0  |   ~0   |   ~0   |    0|
+-----------------+---------+-------+--------+--------+-----+

+ Detail: 
    * Instance: 
    N/A

    * DSP48E: 
    N/A

    * Memory: 
    N/A

    * FIFO: 
    N/A

    * Expression: 
    +----------------------+----------+-------+---+----+------------+------------+
    |     Variable Name    | Operation| DSP48E| FF| LUT| Bitwidth P0| Bitwidth P1|
    +----------------------+----------+-------+---+----+------------+------------+
    |mul_ln22_fu_146_p2    |     *    |      2|  0|  21|          32|          16|
    |res_fu_113_p2         |     *    |      3|  0|  21|          32|          32|
    |add_ln22_1_fu_119_p2  |     +    |      0|  0|  24|          17|           6|
    |add_ln22_fu_151_p2    |     +    |      0|  0|  32|          32|          32|
    |i_fu_135_p2           |     +    |      0|  0|  15|           6|           1|
    |out_r_d0              |     +    |      0|  0|  32|          32|          32|
    |icmp_ln14_fu_129_p2   |   icmp   |      0|  0|  11|           6|           4|
    +----------------------+----------+-------+---+----+------------+------------+
    |Total                 |          |      5|  0| 156|         157|         123|
    +----------------------+----------+-------+---+----+------------+------------+

    * Multiplexer: 
    +------------+----+-----------+-----+-----------+
    |    Name    | LUT| Input Size| Bits| Total Bits|
    +------------+----+-----------+-----+-----------+
    |ap_NS_fsm   |  29|          7|    1|          7|
    |i_0_reg_94  |   9|          2|    6|         12|
    +------------+----+-----------+-----+-----------+
    |Total       |  38|          9|    7|         19|
    +------------+----+-----------+-----+-----------+

    * Register: 
    +---------------------+----+----+-----+-----------+
    |         Name        | FF | LUT| Bits| Const Bits|
    +---------------------+----+----+-----+-----------+
    |ap_CS_fsm            |   6|   0|    6|          0|
    |i_0_reg_94           |   6|   0|    6|          0|
    |i_reg_179            |   6|   0|    6|          0|
    |mul_ln22_reg_194     |  32|   0|   32|          0|
    |res_reg_166          |  32|   0|   32|          0|
    |sext_ln22_1_reg_171  |  32|   0|   32|          0|
    |sext_ln22_reg_161    |  32|   0|   32|          0|
    |zext_ln17_reg_184    |   6|   0|   64|         58|
    +---------------------+----+----+-----+-----------+
    |Total                | 152|   0|  210|         58|
    +---------------------+----+----+-----+-----------+



================================================================
== Interface
================================================================
* Summary: 
+----------------+-----+-----+------------+--------------+--------------+
|    RTL Ports   | Dir | Bits|  Protocol  | Source Object|    C Type    |
+----------------+-----+-----+------------+--------------+--------------+
|ap_clk          |  in |    1| ap_ctrl_hs |    lec8Ex1   | return value |
|ap_rst          |  in |    1| ap_ctrl_hs |    lec8Ex1   | return value |
|ap_start        |  in |    1| ap_ctrl_hs |    lec8Ex1   | return value |
|ap_done         | out |    1| ap_ctrl_hs |    lec8Ex1   | return value |
|ap_idle         | out |    1| ap_ctrl_hs |    lec8Ex1   | return value |
|ap_ready        | out |    1| ap_ctrl_hs |    lec8Ex1   | return value |
|in_r_address0   | out |    6|  ap_memory |     in_r     |     array    |
|in_r_ce0        | out |    1|  ap_memory |     in_r     |     array    |
|in_r_q0         |  in |   32|  ap_memory |     in_r     |     array    |
|a               |  in |   16|   ap_none  |       a      |    scalar    |
|b               |  in |   16|   ap_none  |       b      |    scalar    |
|c               |  in |   32|   ap_none  |       c      |    scalar    |
|out_r_address0  | out |    6|  ap_memory |     out_r    |     array    |
|out_r_ce0       | out |    1|  ap_memory |     out_r    |     array    |
|out_r_we0       | out |    1|  ap_memory |     out_r    |     array    |
|out_r_d0        | out |   32|  ap_memory |     out_r    |     array    |
+----------------+-----+-----+------------+--------------+--------------+

