==============================================================
Vivado(TM) HLS - High-Level Synthesis from C, C++ and SystemC v2020.1 (64-bit)
Copyright 1986-2020 Xilinx, Inc. All Rights Reserved.
==============================================================
==============================================================
Vivado(TM) HLS - High-Level Synthesis from C, C++ and SystemC v2020.1 (64-bit)
Copyright 1986-2020 Xilinx, Inc. All Rights Reserved.
==============================================================
INFO: [SYN 201-201] Setting up clock 'default' with a period of 10ns.
INFO: [HLS 200-10] Setting target device to 'xc7k160t-fbg484-2'
INFO: [SYN 201-201] Setting up clock 'default' with a period of 10ns.
INFO: [SCHED 204-61] Option 'relax_ii_for_timing' is enabled, will increase II to preserve clock frequency constraints.
INFO: [HLS 200-10] Analyzing design file 'arrpart_lec8Ex1.c' ... 
INFO: [HLS 200-111] Finished Linking Time (s): cpu = 00:00:15 ; elapsed = 00:00:15 . Memory (MB): peak = 1775.270 ; gain = 1248.910 ; free physical = 65234 ; free virtual = 100090
INFO: [HLS 200-111] Finished Checking Pragmas Time (s): cpu = 00:00:15 ; elapsed = 00:00:15 . Memory (MB): peak = 1775.270 ; gain = 1248.910 ; free physical = 65234 ; free virtual = 100090
INFO: [HLS 200-10] Starting code transformations ...
INFO: [XFORM 203-603] Inlining function 'func' into 'lec8Ex1' (arrpart_lec8Ex1.c:22).
INFO: [XFORM 203-603] Inlining function 'func' into 'lec8Ex1' (arrpart_lec8Ex1.c:21).
INFO: [XFORM 203-603] Inlining function 'func' into 'lec8Ex1' (arrpart_lec8Ex1.c:20).
INFO: [XFORM 203-603] Inlining function 'squared' into 'lec8Ex1' (arrpart_lec8Ex1.c:24).
INFO: [HLS 200-111] Finished Standard Transforms Time (s): cpu = 00:00:17 ; elapsed = 00:00:17 . Memory (MB): peak = 1775.270 ; gain = 1248.910 ; free physical = 65236 ; free virtual = 100091
INFO: [HLS 200-10] Checking synthesizability ...
INFO: [HLS 200-111] Finished Checking Synthesizability Time (s): cpu = 00:00:17 ; elapsed = 00:00:17 . Memory (MB): peak = 1775.270 ; gain = 1248.910 ; free physical = 65236 ; free virtual = 100092
WARNING: [XFORM 203-104] Completely partitioning array 'in' (arrpart_lec8Ex1.c:4) accessed through non-constant indices on dimension 1 (arrpart_lec8Ex1.c:19:2), which may result in long runtime and suboptimal QoR due to large multiplexers. Please consider wrapping the array access into a function or using a register file core instead.
INFO: [XFORM 203-101] Partitioning array 'in' (arrpart_lec8Ex1.c:4) in dimension 1 completely.
WARNING: [XFORM 203-104] Completely partitioning array 'out' (arrpart_lec8Ex1.c:8) accessed through non-constant indices on dimension 1 (arrpart_lec8Ex1.c:26:2), which may result in long runtime and suboptimal QoR due to large multiplexers. Please consider wrapping the array access into a function or using a register file core instead.
INFO: [XFORM 203-101] Partitioning array 'out' (arrpart_lec8Ex1.c:8) in dimension 1 completely.
INFO: [XFORM 203-11] Balancing expressions in function 'lec8Ex1' (arrpart_lec8Ex1.c:4)...3 expression(s) balanced.
INFO: [HLS 200-111] Finished Pre-synthesis Time (s): cpu = 00:00:17 ; elapsed = 00:00:17 . Memory (MB): peak = 1775.270 ; gain = 1248.910 ; free physical = 65220 ; free virtual = 100076
INFO: [HLS 200-111] Finished Architecture Synthesis Time (s): cpu = 00:00:18 ; elapsed = 00:00:18 . Memory (MB): peak = 1775.270 ; gain = 1248.910 ; free physical = 65218 ; free virtual = 100074
INFO: [HLS 200-10] Starting hardware synthesis ...
INFO: [HLS 200-10] Synthesizing 'lec8Ex1' ...
INFO: [HLS 200-10] ----------------------------------------------------------------
INFO: [HLS 200-42] -- Implementing module 'lec8Ex1' 
INFO: [HLS 200-10] ----------------------------------------------------------------
INFO: [SCHED 204-11] Starting scheduling ...
INFO: [SCHED 204-11] Finished scheduling.
INFO: [HLS 200-111]  Elapsed time: 18.53 seconds; current allocated memory: 143.891 MB.
INFO: [BIND 205-100] Starting micro-architecture generation ...
INFO: [BIND 205-101] Performing variable lifetime analysis.
INFO: [BIND 205-101] Exploring resource sharing.
INFO: [BIND 205-101] Binding ...
INFO: [BIND 205-100] Finished micro-architecture generation.
INFO: [HLS 200-111]  Elapsed time: 0.2 seconds; current allocated memory: 145.082 MB.
INFO: [HLS 200-10] ----------------------------------------------------------------
INFO: [HLS 200-10] -- Generating RTL for module 'lec8Ex1' 
INFO: [HLS 200-10] ----------------------------------------------------------------
INFO: [RTGEN 206-500] Setting interface mode on port 'lec8Ex1/in_0' to 'ap_none'.
INFO: [RTGEN 206-500] Setting interface mode on port 'lec8Ex1/in_1' to 'ap_none'.
INFO: [RTGEN 206-500] Setting interface mode on port 'lec8Ex1/in_2' to 'ap_none'.
INFO: [RTGEN 206-500] Setting interface mode on port 'lec8Ex1/in_3' to 'ap_none'.
INFO: [RTGEN 206-500] Setting interface mode on port 'lec8Ex1/in_4' to 'ap_none'.
INFO: [RTGEN 206-500] Setting interface mode on port 'lec8Ex1/in_5' to 'ap_none'.
INFO: [RTGEN 206-500] Setting interface mode on port 'lec8Ex1/in_6' to 'ap_none'.
INFO: [RTGEN 206-500] Setting interface mode on port 'lec8Ex1/in_7' to 'ap_none'.
INFO: [RTGEN 206-500] Setting interface mode on port 'lec8Ex1/in_8' to 'ap_none'.
INFO: [RTGEN 206-500] Setting interface mode on port 'lec8Ex1/in_9' to 'ap_none'.
INFO: [RTGEN 206-500] Setting interface mode on port 'lec8Ex1/in_10' to 'ap_none'.
INFO: [RTGEN 206-500] Setting interface mode on port 'lec8Ex1/in_11' to 'ap_none'.
INFO: [RTGEN 206-500] Setting interface mode on port 'lec8Ex1/in_12' to 'ap_none'.
INFO: [RTGEN 206-500] Setting interface mode on port 'lec8Ex1/in_13' to 'ap_none'.
INFO: [RTGEN 206-500] Setting interface mode on port 'lec8Ex1/in_14' to 'ap_none'.
INFO: [RTGEN 206-500] Setting interface mode on port 'lec8Ex1/in_15' to 'ap_none'.
INFO: [RTGEN 206-500] Setting interface mode on port 'lec8Ex1/in_16' to 'ap_none'.
INFO: [RTGEN 206-500] Setting interface mode on port 'lec8Ex1/in_17' to 'ap_none'.
INFO: [RTGEN 206-500] Setting interface mode on port 'lec8Ex1/in_18' to 'ap_none'.
INFO: [RTGEN 206-500] Setting interface mode on port 'lec8Ex1/in_19' to 'ap_none'.
INFO: [RTGEN 206-500] Setting interface mode on port 'lec8Ex1/in_20' to 'ap_none'.
INFO: [RTGEN 206-500] Setting interface mode on port 'lec8Ex1/in_21' to 'ap_none'.
INFO: [RTGEN 206-500] Setting interface mode on port 'lec8Ex1/in_22' to 'ap_none'.
INFO: [RTGEN 206-500] Setting interface mode on port 'lec8Ex1/in_23' to 'ap_none'.
INFO: [RTGEN 206-500] Setting interface mode on port 'lec8Ex1/in_24' to 'ap_none'.
INFO: [RTGEN 206-500] Setting interface mode on port 'lec8Ex1/in_25' to 'ap_none'.
INFO: [RTGEN 206-500] Setting interface mode on port 'lec8Ex1/in_26' to 'ap_none'.
INFO: [RTGEN 206-500] Setting interface mode on port 'lec8Ex1/in_27' to 'ap_none'.
INFO: [RTGEN 206-500] Setting interface mode on port 'lec8Ex1/in_28' to 'ap_none'.
INFO: [RTGEN 206-500] Setting interface mode on port 'lec8Ex1/in_29' to 'ap_none'.
INFO: [RTGEN 206-500] Setting interface mode on port 'lec8Ex1/in_30' to 'ap_none'.
INFO: [RTGEN 206-500] Setting interface mode on port 'lec8Ex1/in_31' to 'ap_none'.
INFO: [RTGEN 206-500] Setting interface mode on port 'lec8Ex1/in_32' to 'ap_none'.
INFO: [RTGEN 206-500] Setting interface mode on port 'lec8Ex1/in_33' to 'ap_none'.
INFO: [RTGEN 206-500] Setting interface mode on port 'lec8Ex1/in_34' to 'ap_none'.
INFO: [RTGEN 206-500] Setting interface mode on port 'lec8Ex1/in_35' to 'ap_none'.
INFO: [RTGEN 206-500] Setting interface mode on port 'lec8Ex1/in_36' to 'ap_none'.
INFO: [RTGEN 206-500] Setting interface mode on port 'lec8Ex1/in_37' to 'ap_none'.
INFO: [RTGEN 206-500] Setting interface mode on port 'lec8Ex1/in_38' to 'ap_none'.
INFO: [RTGEN 206-500] Setting interface mode on port 'lec8Ex1/in_39' to 'ap_none'.
INFO: [RTGEN 206-500] Setting interface mode on port 'lec8Ex1/in_40' to 'ap_none'.
INFO: [RTGEN 206-500] Setting interface mode on port 'lec8Ex1/in_41' to 'ap_none'.
INFO: [RTGEN 206-500] Setting interface mode on port 'lec8Ex1/in_42' to 'ap_none'.
INFO: [RTGEN 206-500] Setting interface mode on port 'lec8Ex1/in_43' to 'ap_none'.
INFO: [RTGEN 206-500] Setting interface mode on port 'lec8Ex1/in_44' to 'ap_none'.
INFO: [RTGEN 206-500] Setting interface mode on port 'lec8Ex1/in_45' to 'ap_none'.
INFO: [RTGEN 206-500] Setting interface mode on port 'lec8Ex1/in_46' to 'ap_none'.
INFO: [RTGEN 206-500] Setting interface mode on port 'lec8Ex1/in_47' to 'ap_none'.
INFO: [RTGEN 206-500] Setting interface mode on port 'lec8Ex1/in_48' to 'ap_none'.
INFO: [RTGEN 206-500] Setting interface mode on port 'lec8Ex1/in_49' to 'ap_none'.
INFO: [RTGEN 206-500]