

================================================================
== Vivado HLS Report for 'ex4'
================================================================
* Date:           Fri May 12 18:50:45 2023

* Version:        2020.1 (Build 2897737 on Wed May 27 20:21:37 MDT 2020)
* Project:        Exercise4_array
* Solution:       solution1
* Product family: kintex7
* Target device:  xc7k160t-fbg484-2


================================================================
== Performance Estimates
================================================================
+ Timing: 
    * Summary: 
    +--------+----------+----------+------------+
    |  Clock |  Target  | Estimated| Uncertainty|
    +--------+----------+----------+------------+
    |ap_clk  | 10.00 ns | 2.662 ns |   1.25 ns  |
    +--------+----------+----------+------------+

+ Latency: 
    * Summary: 
    +---------+---------+----------+----------+-----+-----+---------+
    |  Latency (cycles) |  Latency (absolute) |  Interval | Pipeline|
    |   min   |   max   |    min   |    max   | min | max |   Type  |
    +---------+---------+----------+----------+-----+-----+---------+
    |       21|       21| 0.210 us | 0.210 us |   21|   21|   none  |
    +---------+---------+----------+----------+-----+-----+---------+

    + Detail: 
        * Instance: 
        N/A

        * Loop: 
        +----------+---------+---------+----------+-----------+-----------+------+----------+
        |          |  Latency (cycles) | Iteration|  Initiation Interval  | Trip |          |
        | Loop Name|   min   |   max   |  Latency |  achieved |   target  | Count| Pipelined|
        +----------+---------+---------+----------+-----------+-----------+------+----------+
        |- LOOP_I  |       20|       20|         2|          -|          -|    10|    no    |
        +----------+---------+---------+----------+-----------+-----------+------+----------+



================================================================
== Utilization Estimates
================================================================
* Summary: 
+-----------------+---------+-------+--------+--------+-----+
|       Name      | BRAM_18K| DSP48E|   FF   |   LUT  | URAM|
+-----------------+---------+-------+--------+--------+-----+
|DSP              |        -|      -|       -|       -|    -|
|Expression       |        -|      -|       0|      61|    -|
|FIFO             |        -|      -|       -|       -|    -|
|Instance         |        -|      -|       -|       -|    -|
|Memory           |        -|      -|       -|       -|    -|
|Multiplexer      |        -|      -|       -|      35|    -|
|Register         |        -|      -|      43|       -|    -|
+-----------------+---------+-------+--------+--------+-----+
|Total            |        0|      0|      43|      96|    0|
+-----------------+---------+-------+--------+--------+-----+
|Available        |      650|    600|  202800|  101400|    0|
+-----------------+---------+-------+--------+--------+-----+
|Utilization (%)  |        0|      0|   ~0   |   ~0   |    0|
+-----------------+---------+-------+--------+--------+-----+

+ Detail: 
    * Instance: 
    N/A

    * DSP48E: 
    N/A

    * Memory: 
    N/A

    * FIFO: 
    N/A

    * Expression: 
    +-------------------+----------+-------+---+----+------------+------------+
    |   Variable Name   | Operation| DSP48E| FF| LUT| Bitwidth P0| Bitwidth P1|
    +-------------------+----------+-------+---+----+------------+------------+
    |acc_fu_91_p2       |     +    |      0|  0|  39|          32|          32|
    |i_fu_80_p2         |     +    |      0|  0|  13|           4|           1|
    |icmp_ln7_fu_74_p2  |   icmp   |      0|  0|   9|           4|           4|
    +-------------------+----------+-------+---+----+------------+------------+
    |Total              |          |      0|  0|  61|          40|          37|
    +-------------------+----------+-------+---+----+------------+------------+

    * Multiplexer: 
    +--------------+----+-----------+-----+-----------+
    |     Name     | LUT| Input Size| Bits| Total Bits|
    +--------------+----+-----------+-----+-----------+
    |acc_0_reg_61  |   9|          2|   32|         64|
    |ap_NS_fsm     |  17|          4|    1|          4|
    |i_0_reg_50    |   9|          2|    4|          8|
    +--------------+----+-----------+-----+-----------+
    |Total         |  35|          8|   37|         76|
    +--------------+----+-----------+-----+-----------+

    * Register: 
    +--------------+----+----+-----+-----------+
    |     Name     | FF | LUT| Bits| Const Bits|
    +--------------+----+----+-----+-----------+
    |acc_0_reg_61  |  32|   0|   32|          0|
    |ap_CS_fsm     |   3|   0|    3|          0|
    |i_0_reg_50    |   4|   0|    4|          0|
    |i_reg_100     |   4|   0|    4|          0|
    +--------------+----+----+-----+-----------+
    |Total         |  43|   0|   43|          0|
    +--------------+----+----+-----+-----------+



================================================================
== Interface
================================================================
* Summary: 
+------------+-----+-----+------------+--------------+--------------+
|  RTL Ports | Dir | Bits|  Protocol  | Source Object|    C Type    |
+------------+-----+-----+------------+--------------+--------------+
|ap_clk      |  in |    1| ap_ctrl_hs |      ex4     | return value |
|ap_rst      |  in |    1| ap_ctrl_hs |      ex4     | return value |
|ap_start    |  in |    1| ap_ctrl_hs |      ex4     | return value |
|ap_done     | out |    1| ap_ctrl_hs |      ex4     | return value |
|ap_idle     | out |    1| ap_ctrl_hs |      ex4     | return value |
|ap_ready    | out |    1| ap_ctrl_hs |      ex4     | return value |
|A_address0  | out |    4|  ap_memory |       A      |     array    |
|A_ce0       | out |    1|  ap_memory |       A      |     array    |
|A_q0        |  in |   32|  ap_memory |       A      |     array    |
|B           | out |   32|   ap_vld   |       B      |    pointer   |
|B_ap_vld    | out |    1|   ap_vld   |       B      |    pointer   |
+------------+-----+-----+------------+--------------+--------------+

============================================================
+ Verbose Summary: Synthesis Manager
============================================================
InlineROM: 1
ExposeGlobal: 0
============================================================
+ Verbose Summary: CDFG Model
============================================================
IsTopModel: 1
ResetActiveHigh: 1
IsCombinational: 2
IsDatapathOnly: 2
HasWiredReturn: 1
HasMFsm: 0
HasVarLatency: 1
IsPipeline: 0
IsRtlPipelined: 0
IsInstanceOverlapped: 0
IsDontTouch: 0
HasImplIP: 0
IsGatedGlobalClock: 0


============================================================
+ Verbose Summary: Schedule
============================================================
* Number of FSM states : 3
* Pipeline : 0
* Dataflow Pipeline: 0

* FSM state transitions: 
1 --> 2 
2 --> 3 
3 --> 2 

* FSM state operations: 

State 1 <SV = 0> <Delay = 0.87>
ST_1 : Operation 4 [1/1] (0.00ns)   --->   "call void (...)* @_ssdm_op_SpecBitsMap([10 x i32]* %A) nounwind, !map !7"   --->   Operation 4 'specbitsmap' <Predicate = true> <Delay = 0.00>
ST_1 : Operation 5 [1/1] (0.00ns)   --->   "call void (...)* @_ssdm_op_SpecBitsMap(i32* %B) nounwind, !map !13"   --->   Operation 5 'specbitsmap' <Predicate = true> <Delay = 0.00>
ST_1 : Operation 6 [1/1] (0.00ns)   --->   "call void (...)* @_ssdm_op_SpecTopModule([4 x i8]* @ex4_str) nounwind"   --->   Operation 6 'spectopmodule' <Predicate = true> <Delay = 0.00>
ST_1 : Operation 7 [1/1] (0.87ns)   --->   "br label %1" [ex4arr.c:7]   --->   Operation 7 'br' <Predicate = true> <Delay = 0.87>

State 2 <SV = 1> <Delay = 1.14>
ST_2 : Operation 8 [1/1] (0.00ns)   --->   "%i_0 = phi i4 [ 0, %0 ], [ %i, %2 ]"   --->   Operation 8 'phi' 'i_0' <Predicate = true> <Delay = 0.00>
ST_2 : Operation 9 [1/1] (0.00ns)   --->   "%acc_0 = phi i32 [ 0, %0 ], [ %acc, %2 ]"   --->   Operation 9 'phi' 'acc_0' <Predicate = true> <Delay = 0.00>
ST_2 : Operation 10 [1/1] (0.86ns)   --->   "%icmp_ln7 = icmp eq i4 %i_0, -6" [ex4arr.c:7]   --->   Operation 10 'icmp' 'icmp_ln7' <Predicate = true> <Delay = 0.86> <Core = "Cmp">   --->   Core 25 'Cmp' <Latency = 0> <II = 1> <Delay = 0.86> <FuncUnit> <Opcode : 'icmp'> <InPorts = 2> <OutPorts = 1>
ST_2 : Operation 11 [1/1] (0.00ns)   --->   "%empty = call i32 (...)* @_ssdm_op_SpecLoopTripCount(i64 10, i64 10, i64 10) nounwind"   --->   Operation 11 'speclooptripcount' 'empty' <Predicate = true> <Delay = 0.00>
ST_2 : Operation 12 [1/1] (1.01ns)   --->   "%i = add i4 %i_0, 1" [ex4arr.c:7]   --->   Operation 12 'add' 'i' <Predicate = true> <Delay = 1.01> <Core = "AddSub">   --->   Core 14 'AddSub' <Latency = 0> <II = 1> <Delay = 1.01> <FuncUnit> <Opcode : 'add' 'sub'> <InPorts = 2> <OutPorts = 1>
ST_2 : Operation 13 [1/1] (0.00ns)   --->   "br i1 %icmp_ln7, label %3, label %2" [ex4arr.c:7]   --->   Operation 13 'br' <Predicate = true> <Delay = 0.00>
ST_2 : Operation 14 [1/1] (0.00ns)   --->   "%zext_ln8 = zext i4 %i_0 to i64" [ex4arr.c:8]   --->   Operation 14 'zext' 'zext_ln8' <Predicate = (!icmp_ln7)> <Delay = 0.00>
ST_2 : Operation 15 [1/1] (0.00ns)   --->   "%A_addr = getelementptr [10 x i32]* %A, i64 0, i64 %zext_ln8" [ex4arr.c:8]   --->   Operation 15 'getelementptr' 'A_addr' <Predicate = (!icmp_ln7)> <Delay = 0.00>
ST_2 : Operation 16 [2/2] (1.14ns)   --->   "%A_load = load i32* %A_addr, align 4" [ex4arr.c:8]   --->   Operation 16 'load' 'A_load' <Predicate = (!icmp_ln7)> <Delay = 1.14> <Core = "RAM">   --->   Core 37 'RAM' <Latency = 1> <II = 1> <Delay = 1.14> <Storage> <Opcode : 'load' 'store'> <Ports = 2> <Width = 32> <Depth = 10> <RAM>
ST_2 : Operation 17 [1/1] (0.00ns)   --->   "call void @_ssdm_op_Write.ap_auto.i32P(i32* %B, i32 %acc_0) nounwind" [ex4arr.c:10]   --->   Operation 17 'write' <Predicate = (icmp_ln7)> <Delay = 0.00>
ST_2 : Operation 18 [1/1] (0.00ns)   --->   "ret void" [ex4arr.c:11]   --->   Operation 18 'ret' <Predicate = (icmp_ln7)> <Delay = 0.00>

State 3 <SV = 2> <Delay = 2.66>
ST_3 : Operation 19 [1/1] (0.00ns)   --->   "call void (...)* @_ssdm_op_SpecLoopName([7 x i8]* @p_str) nounwind" [ex4arr.c:7]   --->   Operation 19 'specloopname' <Predicate = true> <Delay = 0.00>
ST_3 : Operation 20 [1/2] (1.14ns)   --->   "%A_load = load i32* %A_addr, align 4" [ex4arr.c:8]   --->   Operation 20 'load' 'A_load' <Predicate = true> <Delay = 1.14> <Core = "RAM">   --->   Core 37 'RAM' <Latency = 1> <II = 1> <Delay = 1.14> <Storage> <Opcode : 'load' 'store'> <Ports = 2> <Width = 32> <Depth = 10> <RAM>
ST_3 : Operation 21 [1/1] (1.51ns)   --->   "%acc = add nsw i32 %A_load, %acc_0" [ex4arr.c:8]   --->   Operation 21 'add' 'acc' <Predicate = true> <Delay = 1.51> <Core = "AddSub">   --->   Core 14 'AddSub' <Latency = 0> <II = 1> <Delay = 1.01> <FuncUnit> <Opcode : 'add' 'sub'> <InPorts = 2> <OutPorts = 1>
ST_3 : Operation 22 [1/1] (0.00ns)   --->   "br label %1" [ex4arr.c:7]   --->   Operation 22 'br' <Predicate = true> <Delay = 0.00>


============================================================
+ Verbose Summary: Binding
============================================================
STG Binding: 
---------------- STG Properties BEGIN ----------------
- Is combinational: 0
- Is one-state seq: 0
- Is datapath-only: 0
- Is pipelined: 0
- Is top level: 1
Port [ Return ] is wired: 1; IO mode=ap_ctrl_hs:ce=0
Port [ A]:  wired=1; compound=1; hidden=0; nouse=0; global=0; static=0; extern=0; dir=0; type=1; pingpong=0; private_global=0; MemPort=[13]; IO mode=ap_memory:ce=0
Port [ B]:  wired=1; compound=0; hidden=0; nouse=0; global=0; static=0; extern=0; dir=1; type=0; pingpong=0; private_global=0; IO mode=ap_vld:ce=0
---------------- STG Properties END ------------------

---------------- Datapath Model BEGIN ----------------

<LifeTime>
<method=bitvector/>
specbitsmap_ln0   (specbitsmap      ) [ 0000]
specbitsmap_ln0   (specbitsmap      ) [ 0000]
spectopmodule_ln0 (spectopmodule    ) [ 0000]
br_ln7            (br               ) [ 0111]
i_0               (phi              ) [ 0010]
acc_0             (phi              ) [ 0011]
icmp_ln7          (icmp             ) [ 0011]
empty             (speclooptripcount) [ 0000]
i                 (add              ) [ 0111]
br_ln7            (br               ) [ 0000]
zext_ln8          (zext             ) [ 0000]
A_addr            (getelementptr    ) [ 0001]
write_ln10        (write            ) [ 0000]
ret_ln11          (ret              ) [ 0000]
specloopname_ln7  (specloopname     ) [ 0000]
A_load            (load             ) [ 0000]
acc               (add              ) [ 0111]
br_ln7            (br               ) [ 0111]
</LifeTime>

<model>

<comp_list>
<comp id="0" class="1000" name="A">
<pin_list>
<pin id="1" dir="1" index="0" bw="1" slack="0"/>
</pin_list>
<bind>
<StgValue><ssdm name="A"/><MemPortTyVec>1 3 </MemPortTyVec>
</StgValue>
</bind>
</comp>

<comp id="2" class="1000" name="B">
<pin_list>
<pin id="3" dir="1" index="0" bw="1" slack="0"/>
</pin_list>
<bind>
<StgValue><ssdm name="B"/></StgValue>
</bind>
</comp>

<comp id="4" class="1001" name="const_4">
<pin_list>
<pin id="5" dir="1" index="0" bw="1" slack="2147483647"/>
</pin_list>
<bind>
<StgValue><ssdm name="_ssdm_op_SpecBitsMap"/></StgValue>
</bind>
</comp>

<comp id="6" class="1001" name="const_6">
<pin_list>
<pin id="7" dir="1" index="0" bw="1" slack="2147483647"/>
</pin_list>
<bind>
<StgValue><ssdm name="_ssdm_op_SpecTopModule"/></StgValue>
</bind>
</comp>

<comp id="8" class="1001" name="const_8">
<pin_list>
<pin id="9" dir="1" index="0" bw="1" slack="2147483647"/>
</pin_list>
<bind>
<StgValue><ssdm name="ex4_str"/></StgValue>
</bind>
</comp>

<comp id="10" class="1001" name="const_10">
<pin_list>
<pin id="11" dir="1" index="0" bw="1" slack="1"/>
</pin_list>
<bind>
<StgValue><ssdm name=""/></StgValue>
</bind>
</comp>

<comp id="12" class="1001" name="const_12">
<pin_list>
<pin id="13" dir="1" index="0" bw="1" slack="1"/>
</pin_list>
<bind>
<StgValue><ssdm name=""/></StgValue>
</bind>
</comp>

<comp id="14" class="1001" name="const_14">
<pin_list>
<pin id="15" dir="1" index="0" bw="1" slack="0"/>
</pin_list>
<bind>
<StgValue><ssdm name=""/></StgValue>
</bind>
</comp>

<comp id="16" class="1001" name="const_16">
<pin_list>
<pin id="17" dir="1" index="0" bw="1" slack="2147483647"/>
</pin_list>
<bind>
<StgValue><ssdm name="_ssdm_op_SpecLoopTripCount"/></StgValue>
</bind>
</comp>

<comp id="18" class="1001" name="const_18">
<pin_list>
<pin id="19" dir="1" index="0" bw="1" slack="2147483647"/>
</pin_list>
<bind>
<StgValue><ssdm name=""/></StgValue>
</bind>
</comp>

<comp id="20" class="1001" name="const_20">
<pin_list>
<pin id="21" dir="1" index="0" bw="1" slack="0"/>
</pin_list>
<bind>
<StgValue><ssdm name=""/></StgValue>
</bind>
</comp>

<comp id="22" class="1001" name="const_22">
<pin_list>
<pin id="23" dir="1" index="0" bw="1" slack="0"/>
</pin_list>
<bind>
<StgValue><ssdm name=""/></StgValue>
</bind>
</comp>

<comp id="24" class="1001" name="const_24">
<pin_list>
<pin id="25" dir="1" index="0" bw="1" slack="0"/>
</pin_list>
<bind>
<StgValue><ssdm name="_ssdm_op_Write.ap_auto.i32P"/></StgValue>
</bind>
</comp>

<comp id="26" class="1001" name="const_26">
<pin_list>
<pin id="27" dir="1" index="0" bw="1" slack="2147483647"/>
</pin_list>
<bind>
<StgValue><ssdm name="_ssdm_op_SpecLoopName"/></StgValue>
</bind>
</comp>

<comp id="28" class="1001" name="const_28">
<pin_list>
<pin id="29" dir="1" index="0" bw="1" slack="2147483647"/>
</pin_list>
<bind>
<StgValue><ssdm name="p_str"/></StgValue>
</bind>
</comp>

<comp id="30" class="1004" name="write_ln10_write_fu_30">
<pin_list>
<pin id="31" dir="0" index="0" bw="0" slack="0"/>
<pin id="32" dir="0" index="1" bw="32" slack="0"/>
<pin id="33" dir="0" index="2" bw="32" slack="0"/>
<pin id="34" dir="1" index="3" bw="0" slack="2147483647"/>
</pin_list>
<bind>
<opcode="write(1151) " fcode="write"/>
<opset="write_ln10/2 "/>
</bind>
</comp>

<comp id="37" class="1004" name="A_addr_gep_fu_37">
<pin_list>
<pin id="38" dir="0" index="0" bw="32" slack="0"/>
<pin id="39" dir="0" index="1" bw="1" slack="0"/>
<pin id="40" dir="0" index="2" bw="4" slack="0"/>
<pin id="41" dir="1" index="3" bw="4" slack="0"/>
</pin_list>
<bind>
<opcode="getelementptr(29) " fcode="getelementptr"/>
<opset="A_addr/2 "/>
</bind>
</comp>

<comp id="44" class="1004" name="grp_access_fu_44">
<pin_list>
<pin id="45" dir="0" index="0" bw="4" slack="0"/>
<pin id="46" dir="0" index="1" bw="32" slack="2147483647"/>
<pin id="47" dir="0" index="2" bw="0" slack="2147483647"/>
<pin id="48" dir="1" index="3" bw="32" slack="0"/>
</pin_list>
<bind>
<opcode="load(27) " fcode="load"/>
<opset="A_load/2 "/>
</bind>
</comp>

<comp id="50" class="1005" name="i_0_reg_50">
<pin_list>
<pin id="51" dir="0" index="0" bw="4" slack="1"/>
<pin id="52" dir="1" index="1" bw="4" slack="1"/>
</pin_list>
<bind>
<opset="i_0 (phireg) "/>
</bind>
</comp>

<comp id="54" class="1004" name="i_0_phi_fu_54">
<pin_list>
<pin id="55" dir="0" index="0" bw="1" slack="1"/>
<pin id="56" dir="0" index="1" bw="0" slack="2147483647"/>
<pin id="57" dir="0" index="2" bw="4" slack="0"/>
<pin id="58" dir="0" index="3" bw="0" slack="2147483647"/>
<pin id="59" dir="1" index="4" bw="4" slack="0"/>
</pin_list>
<bind>
<opcode="phi(47) " fcode="phi"/>
<opset="i_0/2 "/>
</bind>
</comp>

<comp id="61" class="1005" name="acc_0_reg_61">
<pin_list>
<pin id="62" dir="0" index="0" bw="32" slack="1"/>
<pin id="63" dir="1" index="1" bw="32" slack="1"/>
</pin_list>
<bind>
<opset="acc_0 (phireg) "/>
</bind>
</comp>

<comp id="65" class="1004" name="acc_0_phi_fu_65">
<pin_list>
<pin id="66" dir="0" index="0" bw="1" slack="1"/>
<pin id="67" dir="0" index="1" bw="0" slack="2147483647"/>
<pin id="68" dir="0" index="2" bw="32" slack="1"/>
<pin id="69" dir="0" index="3" bw="0" slack="2147483647"/>
<pin id="70" dir="1" index="4" bw="32" slack="0"/>
</pin_list>
<bind>
<opcode="phi(47) " fcode="phi"/>
<opset="acc_0/2 "/>
</bind>
</comp>

<comp id="74" class="1004" name="icmp_ln7_fu_74">
<pin_list>
<pin id="75" dir="0" index="0" bw="4" slack="0"/>
<pin id="76" dir="0" index="1" bw="4" slack="0"/>
<pin id="77" dir="1" index="2" bw="1" slack="2147483647"/>
</pin_list>
<bind>
<opcode="icmp(45) " fcode="icmp"/>
<opset="icmp_ln7/2 "/>
</bind>
</comp>

<comp id="80" class="1004" name="i_fu_80">
<pin_list>
<pin id="81" dir="0" index="0" bw="4" slack="0"/>
<pin id="82" dir="0" index="1" bw="1" slack="0"/>
<pin id="83" dir="1" index="2" bw="4" slack="0"/>
</pin_list>
<bind>
<opcode="add(8) " fcode="add"/>
<opset="i/2 "/>
</bind>
</comp>

<comp id="86" class="1004" name="zext_ln8_fu_86">
<pin_list>
<pin id="87" dir="0" index="0" bw="4" slack="0"/>
<pin id="88" dir="1" index="1" bw="64" slack="0"/>
</pin_list>
<bind>
<opcode="zext(34) " fcode="zext"/>
<opset="zext_ln8/2 "/>
</bind>
</comp>

<comp id="91" class="1004" name="acc_fu_91">
<pin_list>
<pin id="92" dir="0" index="0" bw="32" slack="0"/>
<pin id="93" dir="0" index="1" bw="32" slack="1"/>
<pin id="94" dir="1" index="2" bw="32" slack="1"/>
</pin_list>
<bind>
<opcode="add(8) " fcode="add"/>
<opset="acc/3 "/>
</bind>
</comp>

<comp id="100" class="1005" name="i_reg_100">
<pin_list>
<pin id="101" dir="0" index="0" bw="4" slack="0"/>
<pin id="102" dir="1" index="1" bw="4" slack="0"/>
</pin_list>
<bind>
<opset="i "/>
</bind>
</comp>

<comp id="105" class="1005" name="A_addr_reg_105">
<pin_list>
<pin id="106" dir="0" index="0" bw="4" slack="1"/>
<pin id="107" dir="1" index="1" bw="4" slack="1"/>
</pin_list>
<bind>
<opset="A_addr "/>
</bind>
</comp>

<comp id="110" class="1005" name="acc_reg_110">
<pin_list>
<pin id="111" dir="0" index="0" bw="32" slack="1"/>
<pin id="112" dir="1" index="1" bw="32" slack="1"/>
</pin_list>
<bind>
<opset="acc "/>
</bind>
</comp>

</comp_list>

<net_list>
<net id="35"><net_src comp="24" pin="0"/><net_sink comp="30" pin=0"/></net>

<net id="36"><net_src comp="2" pin="0"/><net_sink comp="30" pin=1"/></net>

<net id="42"><net_src comp="0" pin="0"/><net_sink comp="37" pin=0"/></net>

<net id="43"><net_src comp="22" pin="0"/><net_sink comp="37" pin=1"/></net>

<net id="49"><net_src comp="37" pin="3"/><net_sink comp="44" pin=0"/></net>

<net id="53"><net_src comp="10" pin="0"/><net_sink comp="50" pin=0"/></net>

<net id="60"><net_src comp="50" pin="1"/><net_sink comp="54" pin=0"/></net>

<net id="64"><net_src comp="12" pin="0"/><net_sink comp="61" pin=0"/></net>

<net id="71"><net_src comp="61" pin="1"/><net_sink comp="65" pin=0"/></net>

<net id="72"><net_src comp="65" pin="4"/><net_sink comp="30" pin=2"/></net>

<net id="73"><net_src comp="65" pin="4"/><net_sink comp="61" pin=0"/></net>

<net id="78"><net_src comp="54" pin="4"/><net_sink comp="74" pin=0"/></net>

<net id="79"><net_src comp="14" pin="0"/><net_sink comp="74" pin=1"/></net>

<net id="84"><net_src comp="54" pin="4"/><net_sink comp="80" pin=0"/></net>

<net id="85"><net_src comp="20" pin="0"/><net_sink comp="80" pin=1"/></net>

<net id="89"><net_src comp="54" pin="4"/><net_sink comp="86" pin=0"/></net>

<net id="90"><net_src comp="86" pin="1"/><net_sink comp="37" pin=2"/></net>

<net id="95"><net_src comp="44" pin="3"/><net_sink comp="91" pin=0"/></net>

<net id="96"><net_src comp="61" pin="1"/><net_sink comp="91" pin=1"/></net>

<net id="103"><net_src comp="80" pin="2"/><net_sink comp="100" pin=0"/></net>

<net id="104"><net_src comp="100" pin="1"/><net_sink comp="54" pin=2"/></net>

<net id="108"><net_src comp="37" pin="3"/><net_sink comp="105" pin=0"/></net>

<net id="109"><net_src comp="105" pin="1"/><net_sink comp="44" pin=0"/></net>

<net id="113"><net_src comp="91" pin="2"/><net_sink comp="110" pin=0"/></net>

<net id="114"><net_src comp="110" pin="1"/><net_sink comp="65" pin=2"/></net>

</net_list>

</model> 
---------------- Datapath Model END ------------------

* FSMD analyzer results:
  - Output states:
	Port: B | {2 }
 - Input state : 
	Port: ex4 : A | {2 3 }
  - Chain level:
	State 1
	State 2
		icmp_ln7 : 1
		i : 1
		br_ln7 : 2
		zext_ln8 : 1
		A_addr : 2
		A_load : 3
		write_ln10 : 1
	State 3
		acc : 1


============================================================
+ Verbose Summary: Datapath Resource usage 
============================================================

* Functional unit list:
|----------|------------------------|---------|---------|
| Operation|     Functional Unit    |    FF   |   LUT   |
|----------|------------------------|---------|---------|
|    add   |         i_fu_80        |    0    |    13   |
|          |        acc_fu_91       |    0    |    39   |
|----------|------------------------|---------|---------|
|   icmp   |     icmp_ln7_fu_74     |    0    |    9    |
|----------|------------------------|---------|---------|
|   write  | write_ln10_write_fu_30 |    0    |    0    |
|----------|------------------------|---------|---------|
|   zext   |     zext_ln8_fu_86     |    0    |    0    |
|----------|------------------------|---------|---------|
|   Total  |                        |    0    |    61   |
|----------|------------------------|---------|---------|

Memories:
N/A

* Register list:
+--------------+--------+
|              |   FF   |
+--------------+--------+
|A_addr_reg_105|    4   |
| acc_0_reg_61 |   32   |
|  acc_reg_110 |   32   |
|  i_0_reg_50  |    4   |
|   i_reg_100  |    4   |
+--------------+--------+
|     Total    |   76   |
+--------------+--------+

* Multiplexer (MUX) list: 
|------------------|------|------|------|--------||---------||---------|
|       Comp       |  Pin | Size |  BW  | S x BW ||  Delay  ||   LUT   |
|------------------|------|------|------|--------||---------||---------|
| grp_access_fu_44 |  p0  |   2  |   4  |    8   ||    9    |
|   acc_0_reg_61   |  p0  |   2  |  32  |   64   ||    9    |
|------------------|------|------|------|--------||---------||---------|
|       Total      |      |      |      |   72   ||  1.744  ||    18   |
|------------------|------|------|------|--------||---------||---------|



* Summary:
+-----------+--------+--------+--------+
|           |  Delay |   FF   |   LUT  |
+-----------+--------+--------+--------+
|  Function |    -   |    0   |   61   |
|   Memory  |    -   |    -   |    -   |
|Multiplexer|    1   |    -   |   18   |
|  Register |    -   |   76   |    -   |
+-----------+--------+--------+--------+
|   Total   |    1   |   76   |   79   |
+-----------+--------+--------+--------+
