

================================================================
== Vivado HLS Report for 'lec8Ex1'
================================================================
* Date:           Tue May  9 14:14:26 2023

* Version:        2020.1 (Build 2897737 on Wed May 27 20:21:37 MDT 2020)
* Project:        hw4_pipeline
* Solution:       solution1
* Product family: kintex7
* Target device:  xc7k160t-fbg484-2


================================================================
== Performance Estimates
================================================================
+ Timing: 
    * Summary: 
    +--------+----------+----------+------------+
    |  Clock |  Target  | Estimated| Uncertainty|
    +--------+----------+----------+------------+
    |ap_clk  | 10.00 ns | 7.756 ns |   1.25 ns  |
    +--------+----------+----------+------------+

+ Latency: 
    * Summary: 
    +---------+---------+----------+----------+-----+-----+---------+
    |  Latency (cycles) |  Latency (absolute) |  Interval | Pipeline|
    |   min   |   max   |    min   |    max   | min | max |   Type  |
    +---------+---------+----------+----------+-----+-----+---------+
    |      122|      122| 1.220 us | 1.220 us |  122|  122|   none  |
    +---------+---------+----------+----------+-----+-----+---------+

    + Detail: 
        * Instance: 
        N/A

        * Loop: 
        +------------+---------+---------+----------+-----------+-----------+------+----------+
        |            |  Latency (cycles) | Iteration|  Initiation Interval  | Trip |          |
        |  Loop Name |   min   |   max   |  Latency |  achieved |   target  | Count| Pipelined|
        +------------+---------+---------+----------+-----------+-----------+------+----------+
        |- for_Loop  |      120|      120|         3|          2|          2|    60|    yes   |
        +------------+---------+---------+----------+-----------+-----------+------+----------+

============================================================
+ Verbose Summary: Synthesis Manager
============================================================
InlineROM: 1
ExposeGlobal: 0
============================================================
+ Verbose Summary: CDFG Model
============================================================
IsTopModel: 1
ResetActiveHigh: 1
IsCombinational: 0
IsDatapathOnly: 0
HasWiredReturn: 1
HasMFsm: 0
HasVarLatency: 1
IsPipeline: 0
IsRtlPipelined: 0
IsInstanceOverlapped: 0
IsDontTouch: 0
HasImplIP: 0
IsGatedGlobalClock: 0

+ Individual pipeline summary: 
  * Pipeline-0: initiation interval (II) = 2, depth = 3


============================================================
+ Verbose Summary: Schedule
============================================================
* Number of FSM states : 5
* Pipeline : 1
  Pipeline-0 : II = 2, D = 3, States = { 2 3 4 }
* Dataflow Pipeline: 0

* FSM state transitions: 
1 --> 2 
2 --> 5 3 
3 --> 4 
4 --> 2 
5 --> 

* FSM state operations: 

State 1 <SV = 0> <Delay = 5.49>
ST_1 : Operation 6 [1/1] (0.00ns)   --->   "call void (...)* @_ssdm_op_SpecBitsMap([60 x i32]* %in_r) nounwind, !map !19"   --->   Operation 6 'specbitsmap' <Predicate = true> <Delay = 0.00>
ST_1 : Operation 7 [1/1] (0.00ns)   --->   "call void (...)* @_ssdm_op_SpecBitsMap(i16 %a) nounwind, !map !25"   --->   Operation 7 'specbitsmap' <Predicate = true> <Delay = 0.00>
ST_1 : Operation 8 [1/1] (0.00ns)   --->   "call void (...)* @_ssdm_op_SpecBitsMap(i16 %b) nounwind, !map !31"   --->   Operation 8 'specbitsmap' <Predicate = true> <Delay = 0.00>
ST_1 : Operation 9 [1/1] (0.00ns)   --->   "call void (...)* @_ssdm_op_SpecBitsMap(i32 %c) nounwind, !map !35"   --->   Operation 9 'specbitsmap' <Predicate = true> <Delay = 0.00>
ST_1 : Operation 10 [1/1] (0.00ns)   --->   "call void (...)* @_ssdm_op_SpecBitsMap([60 x i32]* %out_r) nounwind, !map !39"   --->   Operation 10 'specbitsmap' <Predicate = true> <Delay = 0.00>
ST_1 : Operation 11 [1/1] (0.00ns)   --->   "call void (...)* @_ssdm_op_SpecTopModule([8 x i8]* @lec8Ex1_str) nounwind"   --->   Operation 11 'spectopmodule' <Predicate = true> <Delay = 0.00>
ST_1 : Operation 12 [1/1] (0.00ns)   --->   "%c_read = call i32 @_ssdm_op_Read.ap_auto.i32(i32 %c) nounwind" [pipeline_lec8Ex1.c:4]   --->   Operation 12 'read' 'c_read' <Predicate = true> <Delay = 0.00>
ST_1 : Operation 13 [1/1] (0.00ns)   --->   "%b_read = call i16 @_ssdm_op_Read.ap_auto.i16(i16 %b) nounwind" [pipeline_lec8Ex1.c:4]   --->   Operation 13 'read' 'b_read' <Predicate = true> <Delay = 0.00>
ST_1 : Operation 14 [1/1] (0.00ns)   --->   "%a_read = call i16 @_ssdm_op_Read.ap_auto.i16(i16 %a) nounwind" [pipeline_lec8Ex1.c:4]   --->   Operation 14 'read' 'a_read' <Predicate = true> <Delay = 0.00>
ST_1 : Operation 15 [1/1] (0.00ns)   --->   "%sext_ln22 = sext i16 %a_read to i32" [pipeline_lec8Ex1.c:22]   --->   Operation 15 'sext' 'sext_ln22' <Predicate = true> <Delay = 0.00>
ST_1 : Operation 16 [1/1] (0.00ns)   --->   "%sext_ln31 = sext i16 %b_read to i17" [pipeline_lec8Ex1.c:31->pipeline_lec8Ex1.c:22]   --->   Operation 16 'sext' 'sext_ln31' <Predicate = true> <Delay = 0.00>
ST_1 : Operation 17 [1/1] (5.49ns)   --->   "%res = mul i32 %c_read, %c_read" [pipeline_lec8Ex1.c:31->pipeline_lec8Ex1.c:22]   --->   Operation 17 'mul' 'res' <Predicate = true> <Delay = 5.49> <Core = "Mul">   --->   Core 16 'Mul' <Latency = 0> <II = 1> <Delay = 5.49> <FuncUnit> <Opcode : 'mul'> <InPorts = 2> <OutPorts = 1>
ST_1 : Operation 18 [1/1] (1.34ns)   --->   "%add_ln22_1 = add i17 %sext_ln31, 39" [pipeline_lec8Ex1.c:22]   --->   Operation 18 'add' 'add_ln22_1' <Predicate = true> <Delay = 1.34> <Core = "AddSub">   --->   Core 14 'AddSub' <Latency = 0> <II = 1> <Delay = 1.18> <FuncUnit> <Opcode : 'add' 'sub'> <InPorts = 2> <OutPorts = 1>
ST_1 : Operation 19 [1/1] (0.00ns)   --->   "%sext_ln22_1 = sext i17 %add_ln22_1 to i32" [pipeline_lec8Ex1.c:22]   --->   Operation 19 'sext' 'sext_ln22_1' <Predicate = true> <Delay = 0.00>
ST_1 : Operation 20 [1/1] (0.87ns)   --->   "br label %1" [pipeline_lec8Ex1.c:14]   --->   Operation 20 'br' <Predicate = true> <Delay = 0.87>

State 2 <SV = 1> <Delay = 2.26>
ST_2 : Operation 21 [1/1] (0.00ns)   --->   "%i_0 = phi i6 [ 0, %0 ], [ %i, %for_Loop ]"   --->   Operation 21 'phi' 'i_0' <Predicate = true> <Delay = 0.00>
ST_2 : Operation 22 [1/1] (0.90ns)   --->   "%icmp_ln14 = icmp eq i6 %i_0, -4" [pipeline_lec8Ex1.c:14]   --->   Operation 22 'icmp' 'icmp_ln14' <Predicate = true> <Delay = 0.90> <Core = "Cmp">   --->   Core 25 'Cmp' <Latency = 0> <II = 1> <Delay = 0.90> <FuncUnit> <Opcode : 'icmp'> <InPorts = 2> <OutPorts = 1>
ST_2 : Operation 23 [1/1] (0.00ns)   --->   "%empty = call i32 (...)* @_ssdm_op_SpecLoopTripCount(i64 60, i64 60, i64 60) nounwind"   --->   Operation 23 'speclooptripcount' 'empty' <Predicate = true> <Delay = 0.00>
ST_2 : Operation 24 [1/1] (1.18ns)   --->   "%i = add i6 %i_0, 1" [pipeline_lec8Ex1.c:14]   --->   Operation 24 'add' 'i' <Predicate = true> <Delay = 1.18> <Core = "AddSub">   --->   Core 14 'AddSub' <Latency = 0> <II = 1> <Delay = 1.18> <FuncUnit> <Opcode : 'add' 'sub'> <InPorts = 2> <OutPorts = 1>
ST_2 : Operation 25 [1/1] (0.00ns)   --->   "br i1 %icmp_ln14, label %2, label %for_Loop" [pipeline_lec8Ex1.c:14]   --->   Operation 25 'br' <Predicate = true> <Delay = 0.00>
ST_2 : Operation 26 [1/1] (0.00ns)   --->   "%zext_ln17 = zext i6 %i_0 to i64" [pipeline_lec8Ex1.c:17]   --->   Operation 26 'zext' 'zext_ln17' <Predicate = (!icmp_ln14)> <Delay = 0.00>
ST_2 : Operation 27 [1/1] (0.00ns)   --->   "%in_addr = getelementptr [60 x i32]* %in_r, i64 0, i64 %zext_ln17" [pipeline_lec8Ex1.c:17]   --->   Operation 27 'getelementptr' 'in_addr' <Predicate = (!icmp_ln14)> <Delay = 0.00>
ST_2 : Operation 28 [2/2] (2.26ns)   --->   "%x = load i32* %in_addr, align 4" [pipeline_lec8Ex1.c:17]   --->   Operation 28 'load' 'x' <Predicate = (!icmp_ln14)> <Delay = 2.26> <Core = "RAM">   --->   Core 37 'RAM' <Latency = 1> <II = 1> <Delay = 2.26> <Storage> <Opcode : 'load' 'store'> <Ports = 2> <Width = 32> <Depth = 60> <RAM>

State 3 <SV = 2> <Delay = 7.75>
ST_3 : Operation 29 [1/2] (2.26ns)   --->   "%x = load i32* %in_addr, align 4" [pipeline_lec8Ex1.c:17]   --->   Operation 29 'load' 'x' <Predicate = (!icmp_ln14)> <Delay = 2.26> <Core = "RAM">   --->   Core 37 'RAM' <Latency = 1> <II = 1> <Delay = 2.26> <Storage> <Opcode : 'load' 'store'> <Ports = 2> <Width = 32> <Depth = 60> <RAM>
ST_3 : Operation 30 [1/1] (5.49ns)   --->   "%mul_ln22 = mul i32 %x, %sext_ln22" [pipeline_lec8Ex1.c:22]   --->   Operation 30 'mul' 'mul_ln22' <Predicate = (!icmp_ln14)> <Delay = 5.49> <Core = "Mul">   --->   Core 16 'Mul' <Latency = 0> <II = 1> <Delay = 5.49> <FuncUnit> <Opcode : 'mul'> <InPorts = 2> <OutPorts = 1>

State 4 <SV = 3> <Delay = 4.52>
ST_4 : Operation 31 [1/1] (0.00ns)   --->   "call void (...)* @_ssdm_op_SpecLoopName([9 x i8]* @p_str) nounwind" [pipeline_lec8Ex1.c:14]   --->   Operation 31 'specloopname' <Predicate = (!icmp_ln14)> <Delay = 0.00>
ST_4 : Operation 32 [1/1] (0.00ns)   --->   "%tmp_1 = call i32 (...)* @_ssdm_op_SpecRegionBegin([9 x i8]* @p_str) nounwind" [pipeline_lec8Ex1.c:14]   --->   Operation 32 'specregionbegin' 'tmp_1' <Predicate = (!icmp_ln14)> <Delay = 0.00>
ST_4 : Operation 33 [1/1] (0.00ns)   --->   "call void (...)* @_ssdm_op_SpecPipeline(i32 2, i32 1, i32 1, i32 0, [1 x i8]* @p_str1) nounwind" [pipeline_lec8Ex1.c:15]   --->   Operation 33 'specpipeline' <Predicate = (!icmp_ln14)> <Delay = 0.00>
ST_4 : Operation 34 [1/1] (0.00ns) (grouped into TernaryAdder)   --->   "%add_ln22 = add i32 %mul_ln22, %res" [pipeline_lec8Ex1.c:22]   --->   Operation 34 'add' 'add_ln22' <Predicate = (!icmp_ln14)> <Delay = 0.00> <Core = "TAddSub">   --->   Core 83 'TAddSub' <Latency = 0> <II = 1> <Delay = 1.12> <IPBlock> <Opcode : 'add' 'sub'> <InPorts = 3> <OutPorts = 1> <Sync> <CReg>
ST_4 : Operation 35 [1/1] (2.25ns) (root node of TernaryAdder)   --->   "%y = add i32 %sext_ln22_1, %add_ln22" [pipeline_lec8Ex1.c:22]   --->   Operation 35 'add' 'y' <Predicate = (!icmp_ln14)> <Delay = 2.25> <Core = "TAddSub">   --->   Core 83 'TAddSub' <Latency = 0> <II = 1> <Delay = 1.12> <IPBlock> <Opcode : 'add' 'sub'> <InPorts = 3> <OutPorts = 1> <Sync> <CReg>
ST_4 : Operation 36 [1/1] (0.00ns)   --->   "%out_addr = getelementptr [60 x i32]* %out_r, i64 0, i64 %zext_ln17" [pipeline_lec8Ex1.c:24]   --->   Operation 36 'getelementptr' 'out_addr' <Predicate = (!icmp_ln14)> <Delay = 0.00>
ST_4 : Operation 37 [1/1] (2.26ns)   --->   "store i32 %y, i32* %out_addr, align 4" [pipeline_lec8Ex1.c:24]   --->   Operation 37 'store' <Predicate = (!icmp_ln14)> <Delay = 2.26> <Core = "RAM">   --->   Core 37 'RAM' <Latency = 1> <II = 1> <Delay = 2.26> <Storage> <Opcode : 'load' 'store'> <Ports = 2> <Width = 32> <Depth = 60> <RAM>
ST_4 : Operation 38 [1/1] (0.00ns)   --->   "%empty_2 = call i32 (...)* @_ssdm_op_SpecRegionEnd([9 x i8]* @p_str, i32 %tmp_1) nounwind" [pipeline_lec8Ex1.c:25]   --->   Operation 38 'specregionend' 'empty_2' <Predicate = (!icmp_ln14)> <Delay = 0.00>
ST_4 : Operation 39 [1/1] (0.00ns)   --->   "br label %1" [pipeline_lec8Ex1.c:14]   --->   Operation 39 'br' <Predicate = (!icmp_ln14)> <Delay = 0.00>

State 5 <SV = 2> <Delay = 0.00>
ST_5 : Operation 40 [1/1] (0.00ns)   --->   "ret void" [pipeline_lec8Ex1.c:26]   --->   Operation 40 'ret' <Predicate = true> <Delay = 0.00>


============================================================
+ Verbose Summary: Binding
============================================================
STG Binding: 
---------------- STG Properties BEGIN ----------------
- Is combinational: 0
- Is one-state seq: 0
- Is datapath-only: 0
- Is pipelined: 0
- Is top level: 1
Port [ Return ] is wired: 1; IO mode=ap_ctrl_hs:ce=0
Port [ in_r]:  wired=1; compound=1; hidden=0; nouse=0; global=0; static=0; extern=0; dir=0; type=1; pingpong=0; private_global=0; MemPort=[13]; IO mode=ap_memory:ce=0
Port [ a]:  wired=1; compound=0; hidden=0; nouse=0; global=0; static=0; extern=0; dir=0; type=0; pingpong=0; private_global=0; IO mode=ap_none:ce=0
Port [ b]:  wired=1; compound=0; hidden=0; nouse=0; global=0; static=0; extern=0; dir=0; type=0; pingpong=0; private_global=0; IO mode=ap_none:ce=0
Port [ c]:  wired=1; compound=0; hidden=0; nouse=0; global=0; static=0; extern=0; dir=0; type=0; pingpong=0; private_global=0; IO mode=ap_none:ce=0
Port [ out_r]:  wired=1; compound=1; hidden=0; nouse=0; global=0; static=0; extern=0; dir=1; type=1; pingpong=0; private_global=0; MemPort=[03]; IO mode=ap_memory:ce=0
---------------- STG Properties END ------------------

---------------- Datapath Model BEGIN ----------------

<LifeTime>
<method=bitvector/>
specbitsmap_ln0   (specbitsmap      ) [ 000000]
specbitsmap_ln0   (specbitsmap      ) [ 000000]
specbitsmap_ln0   (specbitsmap      ) [ 000000]
specbitsmap_ln0   (specbitsmap      ) [ 000000]
specbitsmap_ln0   (specbitsmap      ) [ 000000]
spectopmodule_ln0 (spectopmodule    ) [ 000000]
c_read            (read             ) [ 000000]
b_read            (read             ) [ 000000]
a_read            (read             ) [ 000000]
sext_ln22         (sext             ) [ 001110]
sext_ln31         (sext             ) [ 000000]
res               (mul              ) [ 001110]
add_ln22_1        (add              ) [ 000000]
sext_ln22_1       (sext             ) [ 001110]
br_ln14           (br               ) [ 011110]
i_0               (phi              ) [ 001000]
icmp_ln14         (icmp             ) [ 001110]
empty             (speclooptripcount) [ 000000]
i                 (add              ) [ 011110]
br_ln14           (br               ) [ 000000]
zext_ln17         (zext             ) [ 001110]
in_addr           (getelementptr    ) [ 000100]
x                 (load             ) [ 000000]
mul_ln22          (mul              ) [ 001010]
specloopname_ln14 (specloopname     ) [ 000000]
tmp_1             (specregionbegin  ) [ 000000]
specpipeline_ln15 (specpipeline     ) [ 000000]
add_ln22          (add              ) [ 000000]
y                 (add              ) [ 000000]
out_addr          (getelementptr    ) [ 000000]
store_ln24        (store            ) [ 000000]
empty_2           (specregionend    ) [ 000000]
br_ln14           (br               ) [ 011110]
ret_ln26          (ret              ) [ 000000]
</LifeTime>

<model>

<comp_list>
<comp id="0" class="1000" name="in_r">
<pin_list>
<pin id="1" dir="1" index="0" bw="1" slack="0"/>
</pin_list>
<bind>
<StgValue><ssdm name="in_r"/><MemPortTyVec>1 3 </MemPortTyVec>
</StgValue>
</bind>
</comp>

<comp id="2" class="1000" name="a">
<pin_list>
<pin id="3" dir="1" index="0" bw="1" slack="0"/>
</pin_list>
<bind>
<StgValue><ssdm name="a"/></StgValue>
</bind>
</comp>

<comp id="4" class="1000" name="b">
<pin_list>
<pin id="5" dir="1" index="0" bw="1" slack="0"/>
</pin_list>
<bind>
<StgValue><ssdm name="b"/></StgValue>
</bind>
</comp>

<comp id="6" class="1000" name="c">
<pin_list>
<pin id="7" dir="1" index="0" bw="1" slack="0"/>
</pin_list>
<bind>
<StgValue><ssdm name="c"/></StgValue>
</bind>
</comp>

<comp id="8" class="1000" name="out_r">
<pin_list>
<pin id="9" dir="1" index="0" bw="1" slack="0"/>
</pin_list>
<bind>
<StgValue><ssdm name="out_r"/><MemPortTyVec>0 3 </MemPortTyVec>
</StgValue>
</bind>
</comp>

<comp id="10" class="1001" name="const_10">
<pin_list>
<pin id="11" dir="1" index="0" bw="1" slack="2147483647"/>
</pin_list>
<bind>
<StgValue><ssdm name="_ssdm_op_SpecBitsMap"/></StgValue>
</bind>
</comp>

<comp id="12" class="1001" name="const_12">
<pin_list>
<pin id="13" dir="1" index="0" bw="1" slack="2147483647"/>
</pin_list>
<bind>
<StgValue><ssdm name="_ssdm_op_SpecTopModule"/></StgValue>
</bind>
</comp>

<comp id="14" class="1001" name="const_14">
<pin_list>
<pin id="15" dir="1" index="0" bw="1" slack="2147483647"/>
</pin_list>
<bind>
<StgValue><ssdm name="lec8Ex1_str"/></StgValue>
</bind>
</comp>

<comp id="16" class="1001" name="const_16">
<pin_list>
<pin id="17" dir="1" index="0" bw="1" slack="0"/>
</pin_list>
<bind>
<StgValue><ssdm name="_ssdm_op_Read.ap_auto.i32"/></StgValue>
</bind>
</comp>

<comp id="18" class="1001" name="const_18">
<pin_list>
<pin id="19" dir="1" index="0" bw="1" slack="0"/>
</pin_list>
<bind>
<StgValue><ssdm name="_ssdm_op_Read.ap_auto.i16"/></StgValue>
</bind>
</comp>

<comp id="20" class="1001" name="const_20">
<pin_list>
<pin id="21" dir="1" index="0" bw="1" slack="0"/>
</pin_list>
<bind>
<StgValue><ssdm name=""/></StgValue>
</bind>
</comp>

<comp id="22" class="1001" name="const_22">
<pin_list>
<pin id="23" dir="1" index="0" bw="1" slack="1"/>
</pin_list>
<bind>
<StgValue><ssdm name=""/></StgValue>
</bind>
</comp>

<comp id="24" class="1001" name="const_24">
<pin_list>
<pin id="25" dir="1" index="0" bw="1" slack="0"/>
</pin_list>
<bind>
<StgValue><ssdm name=""/></StgValue>
</bind>
</comp>

<comp id="26" class="1001" name="const_26">
<pin_list>
<pin id="27" dir="1" index="0" bw="1" slack="2147483647"/>
</pin_list>
<bind>
<StgValue><ssdm name="_ssdm_op_SpecLoopTripCount"/></StgValue>
</bind>
</comp>

<comp id="28" class="1001" name="const_28">
<pin_list>
<pin id="29" dir="1" index="0" bw="1" slack="2147483647"/>
</pin_list>
<bind>
<StgValue><ssdm name=""/></StgValue>
</bind>
</comp>

<comp id="30" class="1001" name="const_30">
<pin_list>
<pin id="31" dir="1" index="0" bw="1" slack="0"/>
</pin_list>
<bind>
<StgValue><ssdm name=""/></StgValue>
</bind>
</comp>

<comp id="32" class="1001" name="const_32">
<pin_list>
<pin id="33" dir="1" index="0" bw="1" slack="0"/>
</pin_list>
<bind>
<StgValue><ssdm name=""/></StgValue>
</bind>
</comp>

<comp id="34" class="1001" name="const_34">
<pin_list>
<pin id="35" dir="1" index="0" bw="1" slack="2147483647"/>
</pin_list>
<bind>
<StgValue><ssdm name="_ssdm_op_SpecLoopName"/></StgValue>
</bind>
</comp>

<comp id="36" class="1001" name="const_36">
<pin_list>
<pin id="37" dir="1" index="0" bw="1" slack="2147483647"/>
</pin_list>
<bind>
<StgValue><ssdm name="p_str"/></StgValue>
</bind>
</comp>

<comp id="38" class="1001" name="const_38">
<pin_list>
<pin id="39" dir="1" index="0" bw="1" slack="2147483647"/>
</pin_list>
<bind>
<StgValue><ssdm name="_ssdm_op_SpecRegionBegin"/></StgValue>
</bind>
</comp>

<comp id="40" class="1001" name="const_40">
<pin_list>
<pin id="41" dir="1" index="0" bw="1" slack="2147483647"/>
</pin_list>
<bind>
<StgValue><ssdm name="_ssdm_op_SpecPipeline"/></StgValue>
</bind>
</comp>

<comp id="42" class="1001" name="const_42">
<pin_list>
<pin id="43" dir="1" index="0" bw="1" slack="2147483647"/>
</pin_list>
<bind>
<StgValue><ssdm name=""/></StgValue>
</bind>
</comp>

<comp id="44" class="1001" name="const_44">
<pin_list>
<pin id="45" dir="1" index="0" bw="1" slack="2147483647"/>
</pin_list>
<bind>
<StgValue><ssdm name=""/></StgValue>
</bind>
</comp>

<comp id="46" class="1001" name="const_46">
<pin_list>
<pin id="47" dir="1" index="0" bw="1" slack="2147483647"/>
</pin_list>
<bind>
<StgValue><ssdm name=""/></StgValue>
</bind>
</comp>

<comp id="48" class="1001" name="const_48">
<pin_list>
<pin id="49" dir="1" index="0" bw="1" slack="2147483647"/>
</pin_list>
<bind>
<StgValue><ssdm name="p_str1"/></StgValue>
</bind>
</comp>

<comp id="50" class="1001" name="const_50">
<pin_list>
<pin id="51" dir="1" index="0" bw="1" slack="2147483647"/>
</pin_list>
<bind>
<StgValue><ssdm name="_ssdm_op_SpecRegionEnd"/></StgValue>
</bind>
</comp>

<comp id="52" class="1004" name="c_read_read_fu_52">
<pin_list>
<pin id="53" dir="0" index="0" bw="32" slack="0"/>
<pin id="54" dir="0" index="1" bw="32" slack="0"/>
<pin id="55" dir="1" index="2" bw="32" slack="0"/>
</pin_list>
<bind>
<opcode="read(1150) " fcode="read"/>
<opset="c_read/1 "/>
</bind>
</comp>

<comp id="58" class="1004" name="b_read_read_fu_58">
<pin_list>
<pin id="59" dir="0" index="0" bw="16" slack="0"/>
<pin id="60" dir="0" index="1" bw="16" slack="0"/>
<pin id="61" dir="1" index="2" bw="16" slack="0"/>
</pin_list>
<bind>
<opcode="read(1150) " fcode="read"/>
<opset="b_read/1 "/>
</bind>
</comp>

<comp id="64" class="1004" name="a_read_read_fu_64">
<pin_list>
<pin id="65" dir="0" index="0" bw="16" slack="0"/>
<pin id="66" dir="0" index="1" bw="16" slack="0"/>
<pin id="67" dir="1" index="2" bw="16" slack="0"/>
</pin_list>
<bind>
<opcode="read(1150) " fcode="read"/>
<opset="a_read/1 "/>
</bind>
</comp>

<comp id="70" class="1004" name="in_addr_gep_fu_70">
<pin_list>
<pin id="71" dir="0" index="0" bw="32" slack="0"/>
<pin id="72" dir="0" index="1" bw="1" slack="0"/>
<pin id="73" dir="0" index="2" bw="6" slack="0"/>
<pin id="74" dir="1" index="3" bw="6" slack="0"/>
</pin_list>
<bind>
<opcode="getelementptr(29) " fcode="getelementptr"/>
<opset="in_addr/2 "/>
</bind>
</comp>

<comp id="77" class="1004" name="grp_access_fu_77">
<pin_list>
<pin id="78" dir="0" index="0" bw="6" slack="0"/>
<pin id="79" dir="0" index="1" bw="32" slack="2147483647"/>
<pin id="80" dir="0" index="2" bw="0" slack="2147483647"/>
<pin id="81" dir="1" index="3" bw="32" slack="0"/>
</pin_list>
<bind>
<opcode="load(27) " fcode="load"/>
<opset="x/2 "/>
</bind>
</comp>

<comp id="83" class="1004" name="out_addr_gep_fu_83">
<pin_list>
<pin id="84" dir="0" index="0" bw="32" slack="0"/>
<pin id="85" dir="0" index="1" bw="1" slack="0"/>
<pin id="86" dir="0" index="2" bw="6" slack="2"/>
<pin id="87" dir="1" index="3" bw="6" slack="0"/>
</pin_list>
<bind>
<opcode="getelementptr(29) " fcode="getelementptr"/>
<opset="out_addr/4 "/>
</bind>
</comp>

<comp id="90" class="1004" name="store_ln24_access_fu_90">
<pin_list>
<pin id="91" dir="0" index="0" bw="6" slack="0"/>
<pin id="92" dir="0" index="1" bw="32" slack="0"/>
<pin id="93" dir="0" index="2" bw="0" slack="2147483647"/>
<pin id="94" dir="1" index="3" bw="32" slack="2147483647"/>
</pin_list>
<bind>
<opcode="store(28) " fcode="store"/>
<opset="store_ln24/4 "/>
</bind>
</comp>

<comp id="96" class="1005" name="i_0_reg_96">
<pin_list>
<pin id="97" dir="0" index="0" bw="6" slack="1"/>
<pin id="98" dir="1" index="1" bw="6" slack="1"/>
</pin_list>
<bind>
<opset="i_0 (phireg) "/>
</bind>
</comp>

<comp id="100" class="1004" name="i_0_phi_fu_100">
<pin_list>
<pin id="101" dir="0" index="0" bw="1" slack="1"/>
<pin id="102" dir="0" index="1" bw="0" slack="2147483647"/>
<pin id="103" dir="0" index="2" bw="6" slack="0"/>
<pin id="104" dir="0" index="3" bw="0" slack="2147483647"/>
<pin id="105" dir="1" index="4" bw="6" slack="0"/>
</pin_list>
<bind>
<opcode="phi(47) " fcode="phi"/>
<opset="i_0/2 "/>
</bind>
</comp>

<comp id="107" class="1004" name="sext_ln22_fu_107">
<pin_list>
<pin id="108" dir="0" index="0" bw="16" slack="0"/>
<pin id="109" dir="1" index="1" bw="32" slack="2"/>
</pin_list>
<bind>
<opcode="sext(35) " fcode="sext"/>
<opset="sext_ln22/1 "/>
</bind>
</comp>

<comp id="111" class="1004" name="sext_ln31_fu_111">
<pin_list>
<pin id="112" dir="0" index="0" bw="16" slack="0"/>
<pin id="113" dir="1" index="1" bw="17" slack="0"/>
</pin_list>
<bind>
<opcode="sext(35) " fcode="sext"/>
<opset="sext_ln31/1 "/>
</bind>
</comp>

<comp id="115" class="1004" name="res_fu_115">
<pin_list>
<pin id="116" dir="0" index="0" bw="32" slack="0"/>
<pin id="117" dir="0" index="1" bw="32" slack="0"/>
<pin id="118" dir="1" index="2" bw="32" slack="3"/>
</pin_list>
<bind>
<opcode="mul(12) " fcode="mul"/>
<opset="res/1 "/>
</bind>
</comp>

<comp id="121" class="1004" name="add_ln22_1_fu_121">
<pin_list>
<pin id="122" dir="0" index="0" bw="16" slack="0"/>
<pin id="123" dir="0" index="1" bw="7" slack="0"/>
<pin id="124" dir="1" index="2" bw="17" slack="0"/>
</pin_list>
<bind>
<opcode="add(8) " fcode="add"/>
<opset="add_ln22_1/1 "/>
</bind>
</comp>

<comp id="127" class="1004" name="sext_ln22_1_fu_127">
<pin_list>
<pin id="128" dir="0" index="0" bw="17" slack="0"/>
<pin id="129" dir="1" index="1" bw="32" slack="3"/>
</pin_list>
<bind>
<opcode="sext(35) " fcode="sext"/>
<opset="sext_ln22_1/1 "/>
</bind>
</comp>

<comp id="131" class="1004" name="icmp_ln14_fu_131">
<pin_list>
<pin id="132" dir="0" index="0" bw="6" slack="0"/>
<pin id="133" dir="0" index="1" bw="3" slack="0"/>
<pin id="134" dir="1" index="2" bw="1" slack="1"/>
</pin_list>
<bind>
<opcode="icmp(45) " fcode="icmp"/>
<opset="icmp_ln14/2 "/>
</bind>
</comp>

<comp id="137" class="1004" name="i_fu_137">
<pin_list>
<pin id="138" dir="0" index="0" bw="6" slack="0"/>
<pin id="139" dir="0" index="1" bw="1" slack="0"/>
<pin id="140" dir="1" index="2" bw="6" slack="0"/>
</pin_list>
<bind>
<opcode="add(8) " fcode="add"/>
<opset="i/2 "/>
</bind>
</comp>

<comp id="143" class="1004" name="zext_ln17_fu_143">
<pin_list>
<pin id="144" dir="0" index="0" bw="6" slack="0"/>
<pin id="145" dir="1" index="1" bw="64" slack="0"/>
</pin_list>
<bind>
<opcode="zext(34) " fcode="zext"/>
<opset="zext_ln17/2 "/>
</bind>
</comp>

<comp id="148" class="1004" name="mul_ln22_fu_148">
<pin_list>
<pin id="149" dir="0" index="0" bw="32" slack="0"/>
<pin id="150" dir="0" index="1" bw="16" slack="2"/>
<pin id="151" dir="1" index="2" bw="32" slack="1"/>
</pin_list>
<bind>
<opcode="mul(12) " fcode="mul"/>
<opset="mul_ln22/3 "/>
</bind>
</comp>

<comp id="153" class="1004" name="add_ln22_fu_153">
<pin_list>
<pin id="154" dir="0" index="0" bw="32" slack="1"/>
<pin id="155" dir="0" index="1" bw="32" slack="3"/>
<pin id="156" dir="1" index="2" bw="32" slack="0"/>
</pin_list>
<bind>
<opcode="add(8) " fcode="add"/>
<opset="add_ln22/4 "/>
</bind>
</comp>

<comp id="157" class="1004" name="y_fu_157">
<pin_list>
<pin id="158" dir="0" index="0" bw="17" slack="3"/>
<pin id="159" dir="0" index="1" bw="32" slack="0"/>
<pin id="160" dir="1" index="2" bw="32" slack="0"/>
</pin_list>
<bind>
<opcode="add(8) " fcode="add"/>
<opset="y/4 "/>
</bind>
</comp>

<comp id="163" class="1005" name="sext_ln22_reg_163">
<pin_list>
<pin id="164" dir="0" index="0" bw="32" slack="2"/>
<pin id="165" dir="1" index="1" bw="32" slack="2"/>
</pin_list>
<bind>
<opset="sext_ln22 "/>
</bind>
</comp>

<comp id="168" class="1005" name="res_reg_168">
<pin_list>
<pin id="169" dir="0" index="0" bw="32" slack="3"/>
<pin id="170" dir="1" index="1" bw="32" slack="3"/>
</pin_list>
<bind>
<opset="res "/>
</bind>
</comp>

<comp id="173" class="1005" name="sext_ln22_1_reg_173">
<pin_list>
<pin id="174" dir="0" index="0" bw="32" slack="3"/>
<pin id="175" dir="1" index="1" bw="32" slack="3"/>
</pin_list>
<bind>
<opset="sext_ln22_1 "/>
</bind>
</comp>

<comp id="178" class="1005" name="icmp_ln14_reg_178">
<pin_list>
<pin id="179" dir="0" index="0" bw="1" slack="1"/>
<pin id="180" dir="1" index="1" bw="1" slack="2147483647"/>
</pin_list>
<bind>
<opset="icmp_ln14 "/>
</bind>
</comp>

<comp id="182" class="1005" name="i_reg_182">
<pin_list>
<pin id="183" dir="0" index="0" bw="6" slack="0"/>
<pin id="184" dir="1" index="1" bw="6" slack="0"/>
</pin_list>
<bind>
<opset="i "/>
</bind>
</comp>

<comp id="187" class="1005" name="zext_ln17_reg_187">
<pin_list>
<pin id="188" dir="0" index="0" bw="64" slack="2"/>
<pin id="189" dir="1" index="1" bw="64" slack="2"/>
</pin_list>
<bind>
<opset="zext_ln17 "/>
</bind>
</comp>

<comp id="192" class="1005" name="in_addr_reg_192">
<pin_list>
<pin id="193" dir="0" index="0" bw="6" slack="1"/>
<pin id="194" dir="1" index="1" bw="6" slack="1"/>
</pin_list>
<bind>
<opset="in_addr "/>
</bind>
</comp>

<comp id="197" class="1005" name="mul_ln22_reg_197">
<pin_list>
<pin id="198" dir="0" index="0" bw="32" slack="1"/>
<pin id="199" dir="1" index="1" bw="32" slack="1"/>
</pin_list>
<bind>
<opset="mul_ln22 "/>
</bind>
</comp>

</comp_list>

<net_list>
<net id="56"><net_src comp="16" pin="0"/><net_sink comp="52" pin=0"/></net>

<net id="57"><net_src comp="6" pin="0"/><net_sink comp="52" pin=1"/></net>

<net id="62"><net_src comp="18" pin="0"/><net_sink comp="58" pin=0"/></net>

<net id="63"><net_src comp="4" pin="0"/><net_sink comp="58" pin=1"/></net>

<net id="68"><net_src comp="18" pin="0"/><net_sink comp="64" pin=0"/></net>

<net id="69"><net_src comp="2" pin="0"/><net_sink comp="64" pin=1"/></net>

<net id="75"><net_src comp="0" pin="0"/><net_sink comp="70" pin=0"/></net>

<net id="76"><net_src comp="32" pin="0"/><net_sink comp="70" pin=1"/></net>

<net id="82"><net_src comp="70" pin="3"/><net_sink comp="77" pin=0"/></net>

<net id="88"><net_src comp="8" pin="0"/><net_sink comp="83" pin=0"/></net>

<net id="89"><net_src comp="32" pin="0"/><net_sink comp="83" pin=1"/></net>

<net id="95"><net_src comp="83" pin="3"/><net_sink comp="90" pin=0"/></net>

<net id="99"><net_src comp="22" pin="0"/><net_sink comp="96" pin=0"/></net>

<net id="106"><net_src comp="96" pin="1"/><net_sink comp="100" pin=0"/></net>

<net id="110"><net_src comp="64" pin="2"/><net_sink comp="107" pin=0"/></net>

<net id="114"><net_src comp="58" pin="2"/><net_sink comp="111" pin=0"/></net>

<net id="119"><net_src comp="52" pin="2"/><net_sink comp="115" pin=0"/></net>

<net id="120"><net_src comp="52" pin="2"/><net_sink comp="115" pin=1"/></net>

<net id="125"><net_src comp="111" pin="1"/><net_sink comp="121" pin=0"/></net>

<net id="126"><net_src comp="20" pin="0"/><net_sink comp="121" pin=1"/></net>

<net id="130"><net_src comp="121" pin="2"/><net_sink comp="127" pin=0"/></net>

<net id="135"><net_src comp="100" pin="4"/><net_sink comp="131" pin=0"/></net>

<net id="136"><net_src comp="24" pin="0"/><net_sink comp="131" pin=1"/></net>

<net id="141"><net_src comp="100" pin="4"/><net_sink comp="137" pin=0"/></net>

<net id="142"><net_src comp="30" pin="0"/><net_sink comp="137" pin=1"/></net>

<net id="146"><net_src comp="100" pin="4"/><net_sink comp="143" pin=0"/></net>

<net id="147"><net_src comp="143" pin="1"/><net_sink comp="70" pin=2"/></net>

<net id="152"><net_src comp="77" pin="3"/><net_sink comp="148" pin=0"/></net>

<net id="161"><net_src comp="153" pin="2"/><net_sink comp="157" pin=1"/></net>

<net id="162"><net_src comp="157" pin="2"/><net_sink comp="90" pin=1"/></net>

<net id="166"><net_src comp="107" pin="1"/><net_sink comp="163" pin=0"/></net>

<net id="167"><net_src comp="163" pin="1"/><net_sink comp="148" pin=1"/></net>

<net id="171"><net_src comp="115" pin="2"/><net_sink comp="168" pin=0"/></net>

<net id="172"><net_src comp="168" pin="1"/><net_sink comp="153" pin=1"/></net>

<net id="176"><net_src comp="127" pin="1"/><net_sink comp="173" pin=0"/></net>

<net id="177"><net_src comp="173" pin="1"/><net_sink comp="157" pin=0"/></net>

<net id="181"><net_src comp="131" pin="2"/><net_sink comp="178" pin=0"/></net>

<net id="185"><net_src comp="137" pin="2"/><net_sink comp="182" pin=0"/></net>

<net id="186"><net_src comp="182" pin="1"/><net_sink comp="100" pin=2"/></net>

<net id="190"><net_src comp="143" pin="1"/><net_sink comp="187" pin=0"/></net>

<net id="191"><net_src comp="187" pin="1"/><net_sink comp="83" pin=2"/></net>

<net id="195"><net_src comp="70" pin="3"/><net_sink comp="192" pin=0"/></net>

<net id="196"><net_src comp="192" pin="1"/><net_sink comp="77" pin=0"/></net>

<net id="200"><net_src comp="148" pin="2"/><net_sink comp="197" pin=0"/></net>

<net id="201"><net_src comp="197" pin="1"/><net_sink comp="153" pin=0"/></net>

</net_list>

</model> 
---------------- Datapath Model END ------------------

* FSMD analyzer results:
  - Output states:
	Port: out_r | {4 }
 - Input state : 
	Port: lec8Ex1 : in_r | {2 3 }
	Port: lec8Ex1 : a | {1 }
	Port: lec8Ex1 : b | {1 }
	Port: lec8Ex1 : c | {1 }
  - Chain level:
	State 1
		add_ln22_1 : 1
		sext_ln22_1 : 2
	State 2
		icmp_ln14 : 1
		i : 1
		br_ln14 : 2
		zext_ln17 : 1
		in_addr : 2
		x : 3
	State 3
		mul_ln22 : 1
	State 4
		y : 1
		store_ln24 : 2
		empty_2 : 1
	State 5


============================================================
+ Verbose Summary: Datapath Resource usage 
============================================================

* Functional unit list:
|----------|--------------------|---------|---------|---------|
| Operation|   Functional Unit  |  DSP48E |    FF   |   LUT   |
|----------|--------------------|---------|---------|---------|
|          |  add_ln22_1_fu_121 |    0    |    0    |    23   |
|    add   |      i_fu_137      |    0    |    0    |    15   |
|          |   add_ln22_fu_153  |    0    |    0    |    32   |
|          |      y_fu_157      |    0    |    0    |    32   |
|----------|--------------------|---------|---------|---------|
|    mul   |     res_fu_115     |    3    |    0    |    21   |
|          |   mul_ln22_fu_148  |    2    |    0    |    21   |
|----------|--------------------|---------|---------|---------|
|   icmp   |  icmp_ln14_fu_131  |    0    |    0    |    11   |
|----------|--------------------|---------|---------|---------|
|          |  c_read_read_fu_52 |    0    |    0    |    0    |
|   read   |  b_read_read_fu_58 |    0    |    0    |    0    |
|          |  a_read_read_fu_64 |    0    |    0    |    0    |
|----------|--------------------|---------|---------|---------|
|          |  sext_ln22_fu_107  |    0    |    0    |    0    |
|   sext   |  sext_ln31_fu_111  |    0    |    0    |    0    |
|          | sext_ln22_1_fu_127 |    0    |    0    |    0    |
|----------|--------------------|---------|---------|---------|
|   zext   |  zext_ln17_fu_143  |    0    |    0    |    0    |
|----------|--------------------|---------|---------|---------|
|   Total  |                    |    5    |    0    |   155   |
|----------|--------------------|---------|---------|---------|

Memories:
N/A

* Register list:
+-------------------+--------+
|                   |   FF   |
+-------------------+--------+
|     i_0_reg_96    |    6   |
|     i_reg_182     |    6   |
| icmp_ln14_reg_178 |    1   |
|  in_addr_reg_192  |    6   |
|  mul_ln22_reg_197 |   32   |
|    res_reg_168    |   32   |
|sext_ln22_1_reg_173|   32   |
| sext_ln22_reg_163 |   32   |
| zext_ln17_reg_187 |   64   |
+-------------------+--------+
|       Total       |   211  |
+-------------------+--------+

* Multiplexer (MUX) list: 
|------------------|------|------|------|--------||---------||---------|
|       Comp       |  Pin | Size |  BW  | S x BW ||  Delay  ||   LUT   |
|------------------|------|------|------|--------||---------||---------|
| grp_access_fu_77 |  p0  |   2  |   6  |   12   ||    9    |
|------------------|------|------|------|--------||---------||---------|
|       Total      |      |      |      |   12   ||  0.872  ||    9    |
|------------------|------|------|------|--------||---------||---------|



* Summary:
+-----------+--------+--------+--------+--------+
|           | DSP48E |  Delay |   FF   |   LUT  |
+-----------+--------+--------+--------+--------+
|  Function |    5   |    -   |    0   |   155  |
|   Memory  |    -   |    -   |    -   |    -   |
|Multiplexer|    -   |    0   |    -   |    9   |
|  Register |    -   |    -   |   211  |    -   |
+-----------+--------+--------+--------+--------+
|   Total   |    5   |    0   |   211  |   164  |
+-----------+--------+--------+--------+--------+
