

================================================================
== Vivado HLS Report for 'lec5Ex1'
================================================================
* Date:           Tue Apr 11 12:57:56 2023

* Version:        2020.1 (Build 2897737 on Wed May 27 20:21:37 MDT 2020)
* Project:        lec5Ex2
* Solution:       solution1
* Product family: kintex7
* Target device:  xc7k160t-fbg484-2


================================================================
== Performance Estimates
================================================================
+ Timing: 
    * Summary: 
    +--------+----------+----------+------------+
    |  Clock |  Target  | Estimated| Uncertainty|
    +--------+----------+----------+------------+
    |ap_clk  | 10.00 ns | 8.152 ns |   1.25 ns  |
    +--------+----------+----------+------------+

+ Latency: 
    * Summary: 
    +---------+---------+----------+----------+-----+-----+---------+
    |  Latency (cycles) |  Latency (absolute) |  Interval | Pipeline|
    |   min   |   max   |    min   |    max   | min | max |   Type  |
    +---------+---------+----------+----------+-----+-----+---------+
    |       34|       34| 0.340 us | 0.340 us |   34|   34|   none  |
    +---------+---------+----------+----------+-----+-----+---------+

    + Detail: 
        * Instance: 
        N/A

        * Loop: 
        +----------+---------+---------+----------+-----------+-----------+------+----------+
        |          |  Latency (cycles) | Iteration|  Initiation Interval  | Trip |          |
        | Loop Name|   min   |   max   |  Latency |  achieved |   target  | Count| Pipelined|
        +----------+---------+---------+----------+-----------+-----------+------+----------+
        |- Loop    |       33|       33|         3|          -|          -|    11|    no    |
        +----------+---------+---------+----------+-----------+-----------+------+----------+



================================================================
== Utilization Estimates
================================================================
* Summary: 
+-----------------+---------+-------+--------+--------+-----+
|       Name      | BRAM_18K| DSP48E|   FF   |   LUT  | URAM|
+-----------------+---------+-------+--------+--------+-----+
|DSP              |        -|      -|       -|       -|    -|
|Expression       |        -|      3|       0|      86|    -|
|FIFO             |        -|      -|       -|       -|    -|
|Instance         |        -|      -|       -|       -|    -|
|Memory           |        0|      -|      64|       6|    0|
|Multiplexer      |        -|      -|       -|      91|    -|
|Register         |        -|      -|     111|       -|    -|
+-----------------+---------+-------+--------+--------+-----+
|Total            |        0|      3|     175|     183|    0|
+-----------------+---------+-------+--------+--------+-----+
|Available        |      650|    600|  202800|  101400|    0|
+-----------------+---------+-------+--------+--------+-----+
|Utilization (%)  |        0|   ~0  |   ~0   |   ~0   |    0|
+-----------------+---------+-------+--------+--------+-----+

+ Detail: 
    * Instance: 
    N/A

    * DSP48E: 
    N/A

    * Memory: 
    +-------+-------------+---------+----+----+-----+------+-----+------+-------------+
    | Memory|    Module   | BRAM_18K| FF | LUT| URAM| Words| Bits| Banks| W*Bits*Banks|
    +-------+-------------+---------+----+----+-----+------+-----+------+-------------+
    |arr_U  |lec5Ex1_arr  |        0|  64|   6|    0|    11|   32|     1|          352|
    +-------+-------------+---------+----+----+-----+------+-----+------+-------------+
    |Total  |             |        0|  64|   6|    0|    11|   32|     1|          352|
    +-------+-------------+---------+----+----+-----+------+-----+------+-------------+

    * FIFO: 
    N/A

    * Expression: 
    +---------------------+----------+-------+---+----+------------+------------+
    |    Variable Name    | Operation| DSP48E| FF| LUT| Bitwidth P0| Bitwidth P1|
    +---------------------+----------+-------+---+----+------------+------------+
    |mul_ln23_fu_163_p2   |     *    |      3|  0|  21|          32|          32|
    |grp_fu_125_p2        |     +    |      0|  0|  15|           5|           2|
    |sum_fu_169_p2        |     +    |      0|  0|  39|          32|          32|
    |icmp_ln16_fu_144_p2  |   icmp   |      0|  0|  11|           5|           1|
    +---------------------+----------+-------+---+----+------------+------------+
    |Total                |          |      3|  0|  86|          74|          67|
    +---------------------+----------+-------+---+----+------------+------------+

    * Multiplexer: 
    +----------------+----+-----------+-----+-----------+
    |      Name      | LUT| Input Size| Bits| Total Bits|
    +----------------+----+-----------+-----+-----------+
    |ap_NS_fsm       |  21|          5|    1|          5|
    |arr_address0    |  17|          4|    4|         16|
    |arr_d0          |  13|          3|   32|         96|
    |data_0_reg_116  |   9|          2|   32|         64|
    |grp_fu_125_p0   |  13|          3|    5|         15|
    |i_0_reg_104     |   9|          2|    5|         10|
    |sum_0_reg_91    |   9|          2|   32|         64|
    +----------------+----+-----------+-----+-----------+
    |Total           |  91|         21|  111|        270|
    +----------------+----+-----------+-----+-----------+

    * Register: 
    +-------------------+----+----+-----+-----------+
    |        Name       | FF | LUT| Bits| Const Bits|
    +-------------------+----+----+-----+-----------+
    |ap_CS_fsm          |   4|   0|    4|          0|
    |data_0_reg_116     |  32|   0|   32|          0|
    |i_0_reg_104        |   5|   0|    5|          0|
    |i_reg_209          |   5|   0|    5|          0|
    |icmp_ln16_reg_190  |   1|   0|    1|          0|
    |sext_ln15_reg_181  |  32|   0|   32|          0|
    |sum_0_reg_91       |  32|   0|   32|          0|
    +-------------------+----+----+-----+-----------+
    |Total              | 111|   0|  111|          0|
    +-------------------+----+----+-----+-----------+



================================================================
== Interface
================================================================
* Summary: 
+------------+-----+-----+------------+--------------+--------------+
|  RTL Ports | Dir | Bits|  Protocol  | Source Object|    C Type    |
+------------+-----+-----+------------+--------------+--------------+
|ap_clk      |  in |    1| ap_ctrl_hs |    lec5Ex1   | return value |
|ap_rst      |  in |    1| ap_ctrl_hs |    lec5Ex1   | return value |
|ap_start    |  in |    1| ap_ctrl_hs |    lec5Ex1   | return value |
|ap_done     | out |    1| ap_ctrl_hs |    lec5Ex1   | return value |
|ap_idle     | out |    1| ap_ctrl_hs |    lec5Ex1   | return value |
|ap_ready    | out |    1| ap_ctrl_hs |    lec5Ex1   | return value |
|y           | out |   32|   ap_vld   |       y      |    pointer   |
|y_ap_vld    | out |    1|   ap_vld   |       y      |    pointer   |
|c_address0  | out |    4|  ap_memory |       c      |     array    |
|c_ce0       | out |    1|  ap_memory |       c      |     array    |
|c_q0        |  in |   32|  ap_memory |       c      |     array    |
|x           |  in |   32|   ap_none  |       x      |    scalar    |
+------------+-----+-----+------------+--------------+--------------+

