

================================================================
== Vivado HLS Report for 'ex2'
================================================================
* Date:           Fri May 12 17:20:12 2023

* Version:        2020.1 (Build 2897737 on Wed May 27 20:21:37 MDT 2020)
* Project:        Exercise2_unroll
* Solution:       solution1
* Product family: kintex7
* Target device:  xc7k160t-fbg484-2


================================================================
== Performance Estimates
================================================================
+ Timing: 
    * Summary: 
    +--------+----------+----------+------------+
    |  Clock |  Target  | Estimated| Uncertainty|
    +--------+----------+----------+------------+
    |ap_clk  | 10.00 ns | 5.494 ns |   1.25 ns  |
    +--------+----------+----------+------------+

+ Latency: 
    * Summary: 
    +---------+---------+----------+----------+-----+-----+---------+
    |  Latency (cycles) |  Latency (absolute) |  Interval | Pipeline|
    |   min   |   max   |    min   |    max   | min | max |   Type  |
    +---------+---------+----------+----------+-----+-----+---------+
    |       78|       78| 0.780 us | 0.780 us |   78|   78|   none  |
    +---------+---------+----------+----------+-----+-----+---------+

    + Detail: 
        * Instance: 
        N/A

        * Loop: 
        +----------+---------+---------+----------+-----------+-----------+------+----------+
        |          |  Latency (cycles) | Iteration|  Initiation Interval  | Trip |          |
        | Loop Name|   min   |   max   |  Latency |  achieved |   target  | Count| Pipelined|
        +----------+---------+---------+----------+-----------+-----------+------+----------+
        |- LOOP_J  |       12|       12|         2|          -|          -|     6|    no    |
        |- LOOP_J  |       12|       12|         2|          -|          -|     6|    no    |
        |- LOOP_J  |       12|       12|         2|          -|          -|     6|    no    |
        |- LOOP_J  |       12|       12|         2|          -|          -|     6|    no    |
        |- LOOP_J  |       12|       12|         2|          -|          -|     6|    no    |
        |- LOOP_J  |       12|       12|         2|          -|          -|     6|    no    |
        +----------+---------+---------+----------+-----------+-----------+------+----------+



================================================================
== Utilization Estimates
================================================================
* Summary: 
+-----------------+---------+-------+--------+--------+-----+
|       Name      | BRAM_18K| DSP48E|   FF   |   LUT  | URAM|
+-----------------+---------+-------+--------+--------+-----+
|DSP              |        -|      -|       -|       -|    -|
|Expression       |        -|      0|       0|     544|    -|
|FIFO             |        -|      -|       -|       -|    -|
|Instance         |        -|      -|       -|       -|    -|
|Memory           |        -|      -|       -|       -|    -|
|Multiplexer      |        -|      -|       -|     301|    -|
|Register         |        -|      -|     187|       -|    -|
+-----------------+---------+-------+--------+--------+-----+
|Total            |        0|      0|     187|     845|    0|
+-----------------+---------+-------+--------+--------+-----+
|Available        |      650|    600|  202800|  101400|    0|
+-----------------+---------+-------+--------+--------+-----+
|Utilization (%)  |        0|      0|   ~0   |   ~0   |    0|
+-----------------+---------+-------+--------+--------+-----+

+ Detail: 
    * Instance: 
    N/A

    * DSP48E: 
    N/A

    * Memory: 
    N/A

    * FIFO: 
    N/A

    * Expression: 
    +-----------------------+----------+-------+---+----+------------+------------+
    |     Variable Name     | Operation| DSP48E| FF| LUT| Bitwidth P0| Bitwidth P1|
    +-----------------------+----------+-------+---+----+------------+------------+
    |mul_ln11_1_fu_444_p2   |     *    |      0|  0|  17|           5|           5|
    |mul_ln11_2_fu_537_p2   |     *    |      0|  0|  17|           5|           5|
    |mul_ln11_3_fu_630_p2   |     *    |      0|  0|  17|           5|           5|
    |mul_ln11_4_fu_717_p2   |     *    |      0|  0|  17|           5|           5|
    |mul_ln11_5_fu_805_p2   |     *    |      0|  0|  17|           5|           5|
    |mul_ln11_fu_356_p2     |     *    |      0|  0|  17|           5|           5|
    |add_ln10_1_fu_399_p2   |     +    |      0|  0|  12|           3|           1|
    |add_ln10_2_fu_492_p2   |     +    |      0|  0|  12|           3|           1|
    |add_ln10_3_fu_585_p2   |     +    |      0|  0|  12|           3|           1|
    |add_ln10_4_fu_678_p2   |     +    |      0|  0|  12|           3|           1|
    |add_ln10_5_fu_762_p2   |     +    |      0|  0|  12|           3|           1|
    |add_ln10_fu_325_p2     |     +    |      0|  0|  12|           3|           1|
    |add_ln11_1_fu_461_p2   |     +    |      0|  0|  19|          12|          12|
    |add_ln11_2_fu_554_p2   |     +    |      0|  0|  19|          12|          12|
    |add_ln11_3_fu_647_p2   |     +    |      0|  0|  19|          12|          12|
    |add_ln11_4_fu_734_p2   |     +    |      0|  0|  19|          12|          12|
    |add_ln11_5_fu_823_p2   |     +    |      0|  0|  19|          12|          12|
    |add_ln11_6_fu_414_p2   |     +    |      0|  0|  13|           3|           4|
    |add_ln11_7_fu_507_p2   |     +    |      0|  0|  15|           4|           5|
    |add_ln11_8_fu_600_p2   |     +    |      0|  0|  15|           5|           5|
    |add_ln11_9_fu_777_p2   |     +    |      0|  0|  15|           5|           6|
    |add_ln11_fu_373_p2     |     +    |      0|  0|  19|          12|          12|
    |add_ln13_1_fu_471_p2   |     +    |      0|  0|  15|           6|           6|
    |add_ln13_2_fu_564_p2   |     +    |      0|  0|  15|           6|           6|
    |add_ln13_3_fu_657_p2   |     +    |      0|  0|  15|           6|           6|
    |add_ln13_4_fu_744_p2   |     +    |      0|  0|  15|           6|           6|
    |add_ln13_5_fu_834_p2   |     +    |      0|  0|  15|           6|           6|
    |add_ln13_fu_383_p2     |     +    |      0|  0|  15|           6|           6|
    |icmp_ln10_1_fu_393_p2  |   icmp   |      0|  0|   9|           3|           3|
    |icmp_ln10_2_fu_486_p2  |   icmp   |      0|  0|   9|           3|           3|
    |icmp_ln10_3_fu_579_p2  |   icmp   |      0|  0|   9|           3|           3|
    |icmp_ln10_4_fu_672_p2  |   icmp   |      0|  0|   9|           3|           3|
    |icmp_ln10_5_fu_756_p2  |   icmp   |      0|  0|   9|           3|           3|
    |icmp_ln10_fu_319_p2    |   icmp   |      0|  0|   9|           3|           3|
    |icmp_ln12_1_fu_425_p2  |   icmp   |      0|  0|   9|           3|           3|
    |icmp_ln12_2_fu_518_p2  |   icmp   |      0|  0|   9|           3|           3|
    |icmp_ln12_3_fu_611_p2  |   icmp   |      0|  0|   9|           3|           3|
    |icmp_ln12_4_fu_698_p2  |   icmp   |      0|  0|   9|           3|           3|
    |icmp_ln12_5_fu_788_p2  |   icmp   |      0|  0|   9|           3|           3|
    |icmp_ln12_fu_337_p2    |   icmp   |      0|  0|   9|           3|           3|
    +-----------------------+----------+-------+---+----+------------+------------+
    |Total                  |          |      0|  0| 544|         209|         200|
    +-----------------------+----------+-------+---+----+------------+------------+

    * Multiplexer: 
    +---------------+----+-----------+-----+-----------+
    |      Name     | LUT| Input Size| Bits| Total Bits|
    +---------------+----+-----------+-----+-----------+
    |A_address0     |  29|          7|    6|         42|
    |B_address0     |  29|          7|    3|         21|
    |C_address0     |  29|          7|    3|         21|
    |C_d0           |  29|          7|    6|         42|
    |acc_1_0_fu_62  |   9|          2|   12|         24|
    |acc_1_1_fu_66  |  13|          3|   12|         36|
    |acc_1_2_fu_70  |  13|          3|   12|         36|
    |acc_1_3_fu_74  |  13|          3|   12|         36|
    |acc_1_4_fu_78  |  13|          3|   12|         36|
    |acc_1_5_fu_82  |  13|          3|   12|         36|
    |ap_NS_fsm      |  57|         14|    1|         14|
    |j_0_0_reg_245  |   9|          2|    3|          6|
    |j_0_1_reg_256  |   9|          2|    3|          6|
    |j_0_2_reg_267  |   9|          2|    3|          6|
    |j_0_3_reg_278  |   9|          2|    3|          6|
    |j_0_4_reg_289  |   9|          2|    3|          6|
    |j_0_5_reg_300  |   9|          2|    3|          6|
    +---------------+----+-----------+-----+-----------+
    |Total          | 301|         71|  109|        380|
    +---------------+----+-----------+-----+-----------+

    * Register: 
    +-----------------------+----+----+-----+-----------+
    |          Name         | FF | LUT| Bits| Const Bits|
    +-----------------------+----+----+-----+-----------+
    |acc_1_0_fu_62          |  12|   0|   12|          0|
    |acc_1_0_load_reg_858   |  12|   0|   12|          0|
    |acc_1_1_fu_66          |  12|   0|   12|          0|
    |acc_1_1_load_reg_899   |  12|   0|   12|          0|
    |acc_1_2_fu_70          |  12|   0|   12|          0|
    |acc_1_2_load_reg_940   |  12|   0|   12|          0|
    |acc_1_3_fu_74          |  12|   0|   12|          0|
    |acc_1_3_load_reg_981   |  12|   0|   12|          0|
    |acc_1_4_fu_78          |  12|   0|   12|          0|
    |acc_1_4_load_reg_1022  |  12|   0|   12|          0|
    |acc_1_5_fu_82          |  12|   0|   12|          0|
    |add_ln10_1_reg_908     |   3|   0|    3|          0|
    |add_ln10_2_reg_949     |   3|   0|    3|          0|
    |add_ln10_3_reg_990     |   3|   0|    3|          0|
    |add_ln10_4_reg_1031    |   3|   0|    3|          0|
    |add_ln10_5_reg_1066    |   3|   0|    3|          0|
    |add_ln10_reg_867       |   3|   0|    3|          0|
    |ap_CS_fsm              |  13|   0|   13|          0|
    |icmp_ln12_1_reg_923    |   1|   0|    1|          0|
    |icmp_ln12_2_reg_964    |   1|   0|    1|          0|
    |icmp_ln12_3_reg_1005   |   1|   0|    1|          0|
    |icmp_ln12_4_reg_1046   |   1|   0|    1|          0|
    |icmp_ln12_5_reg_1081   |   1|   0|    1|          0|
    |icmp_ln12_reg_882      |   1|   0|    1|          0|
    |j_0_0_reg_245          |   3|   0|    3|          0|
    |j_0_1_reg_256          |   3|   0|    3|          0|
    |j_0_2_reg_267          |   3|   0|    3|          0|
    |j_0_3_reg_278          |   3|   0|    3|          0|
    |j_0_4_reg_289          |   3|   0|    3|          0|
    |j_0_5_reg_300          |   3|   0|    3|          0|
    +-----------------------+----+----+-----+-----------+
    |Total                  | 187|   0|  187|          0|
    +-----------------------+----+----+-----+-----------+



================================================================
== Interface
================================================================
* Summary: 
+------------+-----+-----+------------+--------------+--------------+
|  RTL Ports | Dir | Bits|  Protocol  | Source Object|    C Type    |
+------------+-----+-----+------------+--------------+--------------+
|ap_clk      |  in |    1| ap_ctrl_hs |      ex2     | return value |
|ap_rst      |  in |    1| ap_ctrl_hs |      ex2     | return value |
|ap_start    |  in |    1| ap_ctrl_hs |      ex2     | return value |
|ap_done     | out |    1| ap_ctrl_hs |      ex2     | return value |
|ap_idle     | out |    1| ap_ctrl_hs |      ex2     | return value |
|ap_ready    | out |    1| ap_ctrl_hs |      ex2     | return value |
|A_address0  | out |    6|  ap_memory |       A      |     array    |
|A_ce0       | out |    1|  ap_memory |       A      |     array    |
|A_q0        |  in |    5|  ap_memory |       A      |     array    |
|B_address0  | out |    3|  ap_memory |       B      |     array    |
|B_ce0       | out |    1|  ap_memory |       B      |     array    |
|B_q0        |  in |    5|  ap_memory |       B      |     array    |
|C_address0  | out |    3|  ap_memory |       C      |     array    |
|C_ce0       | out |    1|  ap_memory |       C      |     array    |
|C_we0       | out |    1|  ap_memory |       C      |     array    |
|C_d0        | out |    6|  ap_memory |       C      |     array    |
+------------+-----+-----+------------+--------------+--------------+

