

================================================================
== Vivado HLS Report for 'ex3'
================================================================
* Date:           Fri May 12 18:13:13 2023

* Version:        2020.1 (Build 2897737 on Wed May 27 20:21:37 MDT 2020)
* Project:        Exercise3_apint
* Solution:       solution1
* Product family: kintex7
* Target device:  xc7k160t-fbg484-2


================================================================
== Performance Estimates
================================================================
+ Timing: 
    * Summary: 
    +--------+----------+----------+------------+
    |  Clock |  Target  | Estimated| Uncertainty|
    +--------+----------+----------+------------+
    |ap_clk  | 10.00 ns | 6.811 ns |   1.25 ns  |
    +--------+----------+----------+------------+

+ Latency: 
    * Summary: 
    +---------+---------+-----------+-----------+-----+-----+---------+
    |  Latency (cycles) |   Latency (absolute)  |  Interval | Pipeline|
    |   min   |   max   |    min    |    max    | min | max |   Type  |
    +---------+---------+-----------+-----------+-----+-----+---------+
    |        9|        9| 90.000 ns | 90.000 ns |    9|    9|   none  |
    +---------+---------+-----------+-----------+-----+-----+---------+

    + Detail: 
        * Instance: 
        N/A

        * Loop: 
        N/A



================================================================
== Utilization Estimates
================================================================
* Summary: 
+-----------------+---------+-------+--------+--------+-----+
|       Name      | BRAM_18K| DSP48E|   FF   |   LUT  | URAM|
+-----------------+---------+-------+--------+--------+-----+
|DSP              |        -|      1|       -|       -|    -|
|Expression       |        -|      -|       0|      15|    -|
|FIFO             |        -|      -|       -|       -|    -|
|Instance         |        -|      -|      82|      34|    -|
|Memory           |        -|      -|       -|       -|    -|
|Multiplexer      |        -|      -|       -|      45|    -|
|Register         |        -|      -|      10|       -|    -|
+-----------------+---------+-------+--------+--------+-----+
|Total            |        0|      1|      92|      94|    0|
+-----------------+---------+-------+--------+--------+-----+
|Available        |      650|    600|  202800|  101400|    0|
+-----------------+---------+-------+--------+--------+-----+
|Utilization (%)  |        0|   ~0  |   ~0   |   ~0   |    0|
+-----------------+---------+-------+--------+--------+-----+

+ Detail: 
    * Instance: 
    +-------------------------+----------------------+---------+-------+----+----+-----+
    |         Instance        |        Module        | BRAM_18K| DSP48E| FF | LUT| URAM|
    +-------------------------+----------------------+---------+-------+----+----+-----+
    |ex3_sdiv_6s_6ns_6bkb_U1  |ex3_sdiv_6s_6ns_6bkb  |        0|      0|  82|  34|    0|
    +-------------------------+----------------------+---------+-------+----+----+-----+
    |Total                    |                      |        0|      0|  82|  34|    0|
    +-------------------------+----------------------+---------+-------+----+----+-----+

    * DSP48E: 
    +-------------------------+----------------------+--------------+
    |         Instance        |        Module        |  Expression  |
    +-------------------------+----------------------+--------------+
    |ex3_mac_muladd_6scud_U2  |ex3_mac_muladd_6scud  | i0 * i1 + i2 |
    +-------------------------+----------------------+--------------+

    * Memory: 
    N/A

    * FIFO: 
    N/A

    * Expression: 
    +--------------+----------+-------+---+----+------------+------------+
    | Variable Name| Operation| DSP48E| FF| LUT| Bitwidth P0| Bitwidth P1|
    +--------------+----------+-------+---+----+------------+------------+
    |grp_fu_45_p2  |     -    |      0|  0|  15|           6|           6|
    +--------------+----------+-------+---+----+------------+------------+
    |Total         |          |      0|  0|  15|           6|           6|
    +--------------+----------+-------+---+----+------------+------------+

    * Multiplexer: 
    +-----------+----+-----------+-----+-----------+
    |    Name   | LUT| Input Size| Bits| Total Bits|
    +-----------+----+-----------+-----+-----------+
    |ap_NS_fsm  |  45|         11|    1|         11|
    +-----------+----+-----------+-----+-----------+
    |Total      |  45|         11|    1|         11|
    +-----------+----+-----------+-----+-----------+

    * Register: 
    +-----------+----+----+-----+-----------+
    |    Name   | FF | LUT| Bits| Const Bits|
    +-----------+----+----+-----+-----------+
    |ap_CS_fsm  |  10|   0|   10|          0|
    +-----------+----+----+-----+-----------+
    |Total      |  10|   0|   10|          0|
    +-----------+----+----+-----+-----------+



================================================================
== Interface
================================================================
* Summary: 
+------------+-----+-----+------------+--------------+--------------+
|  RTL Ports | Dir | Bits|  Protocol  | Source Object|    C Type    |
+------------+-----+-----+------------+--------------+--------------+
|ap_clk      |  in |    1| ap_ctrl_hs |      ex3     | return value |
|ap_rst      |  in |    1| ap_ctrl_hs |      ex3     | return value |
|ap_start    |  in |    1| ap_ctrl_hs |      ex3     | return value |
|ap_done     | out |    1| ap_ctrl_hs |      ex3     | return value |
|ap_idle     | out |    1| ap_ctrl_hs |      ex3     | return value |
|ap_ready    | out |    1| ap_ctrl_hs |      ex3     | return value |
|a_V         |  in |    6|   ap_none  |      a_V     |    scalar    |
|b_V         |  in |    6|   ap_none  |      b_V     |    scalar    |
|c_V         | out |    6|   ap_vld   |      c_V     |    pointer   |
|c_V_ap_vld  | out |    1|   ap_vld   |      c_V     |    pointer   |
+------------+-----+-----+------------+--------------+--------------+

