

================================================================
== Vivado HLS Report for 'lec8Ex1'
================================================================
* Date:           Tue May  9 14:14:27 2023

* Version:        2020.1 (Build 2897737 on Wed May 27 20:21:37 MDT 2020)
* Project:        hw4_pipeline
* Solution:       solution1
* Product family: kintex7
* Target device:  xc7k160t-fbg484-2


================================================================
== Performance Estimates
================================================================
+ Timing: 
    * Summary: 
    +--------+----------+----------+------------+
    |  Clock |  Target  | Estimated| Uncertainty|
    +--------+----------+----------+------------+
    |ap_clk  | 10.00 ns | 7.756 ns |   1.25 ns  |
    +--------+----------+----------+------------+

+ Latency: 
    * Summary: 
    +---------+---------+----------+----------+-----+-----+---------+
    |  Latency (cycles) |  Latency (absolute) |  Interval | Pipeline|
    |   min   |   max   |    min   |    max   | min | max |   Type  |
    +---------+---------+----------+----------+-----+-----+---------+
    |      122|      122| 1.220 us | 1.220 us |  122|  122|   none  |
    +---------+---------+----------+----------+-----+-----+---------+

    + Detail: 
        * Instance: 
        N/A

        * Loop: 
        +------------+---------+---------+----------+-----------+-----------+------+----------+
        |            |  Latency (cycles) | Iteration|  Initiation Interval  | Trip |          |
        |  Loop Name |   min   |   max   |  Latency |  achieved |   target  | Count| Pipelined|
        +------------+---------+---------+----------+-----------+-----------+------+----------+
        |- for_Loop  |      120|      120|         3|          2|          2|    60|    yes   |
        +------------+---------+---------+----------+-----------+-----------+------+----------+



================================================================
== Utilization Estimates
================================================================
* Summary: 
+-----------------+---------+-------+--------+--------+-----+
|       Name      | BRAM_18K| DSP48E|   FF   |   LUT  | URAM|
+-----------------+---------+-------+--------+--------+-----+
|DSP              |        -|      -|       -|       -|    -|
|Expression       |        -|      5|       0|     158|    -|
|FIFO             |        -|      -|       -|       -|    -|
|Instance         |        -|      -|       -|       -|    -|
|Memory           |        -|      -|       -|       -|    -|
|Multiplexer      |        -|      -|       -|      48|    -|
|Register         |        -|      -|     153|       -|    -|
+-----------------+---------+-------+--------+--------+-----+
|Total            |        0|      5|     153|     206|    0|
+-----------------+---------+-------+--------+--------+-----+
|Available        |      650|    600|  202800|  101400|    0|
+-----------------+---------+-------+--------+--------+-----+
|Utilization (%)  |        0|   ~0  |   ~0   |   ~0   |    0|
+-----------------+---------+-------+--------+--------+-----+

+ Detail: 
    * Instance: 
    N/A

    * DSP48E: 
    N/A

    * Memory: 
    N/A

    * FIFO: 
    N/A

    * Expression: 
    +----------------------+----------+-------+---+----+------------+------------+
    |     Variable Name    | Operation| DSP48E| FF| LUT| Bitwidth P0| Bitwidth P1|
    +----------------------+----------+-------+---+----+------------+------------+
    |mul_ln22_fu_148_p2    |     *    |      2|  0|  21|          32|          16|
    |res_fu_115_p2         |     *    |      3|  0|  21|          32|          32|
    |add_ln22_1_fu_121_p2  |     +    |      0|  0|  24|          17|           6|
    |add_ln22_fu_153_p2    |     +    |      0|  0|  32|          32|          32|
    |i_fu_137_p2           |     +    |      0|  0|  15|           6|           1|
    |out_r_d0              |     +    |      0|  0|  32|          32|          32|
    |icmp_ln14_fu_131_p2   |   icmp   |      0|  0|  11|           6|           4|
    |ap_enable_pp0         |    xor   |      0|  0|   2|           1|           2|
    +----------------------+----------+-------+---+----+------------+------------+
    |Total                 |          |      5|  0| 158|         158|         125|
    +----------------------+----------+-------+---+----+------------+------------+

    * Multiplexer: 
    +------------------------------+----+-----------+-----+-----------+
    |             Name             | LUT| Input Size| Bits| Total Bits|
    +------------------------------+----+-----------+-----+-----------+
    |ap_NS_fsm                     |  21|          5|    1|          5|
    |ap_enable_reg_pp0_iter1       |   9|          2|    1|          2|
    |ap_phi_mux_i_0_phi_fu_100_p4  |   9|          2|    6|         12|
    |i_0_reg_96                    |   9|          2|    6|         12|
    +------------------------------+----+-----------+-----+-----------+
    |Total                         |  48|         11|   14|         31|
    +------------------------------+----+-----------+-----+-----------+

    * Register: 
    +-------------------------+----+----+-----+-----------+
    |           Name          | FF | LUT| Bits| Const Bits|
    +-------------------------+----+----+-----+-----------+
    |ap_CS_fsm                |   4|   0|    4|          0|
    |ap_enable_reg_pp0_iter0  |   1|   0|    1|          0|
    |ap_enable_reg_pp0_iter1  |   1|   0|    1|          0|
    |i_0_reg_96               |   6|   0|    6|          0|
    |i_reg_182                |   6|   0|    6|          0|
    |icmp_ln14_reg_178        |   1|   0|    1|          0|
    |mul_ln22_reg_197         |  32|   0|   32|          0|
    |res_reg_168              |  32|   0|   32|          0|
    |sext_ln22_1_reg_173      |  32|   0|   32|          0|
    |sext_ln22_reg_163        |  32|   0|   32|          0|
    |zext_ln17_reg_187        |   6|   0|   64|         58|
    +-------------------------+----+----+-----+-----------+
    |Total                    | 153|   0|  211|         58|
    +-------------------------+----+----+-----+-----------+



================================================================
== Interface
================================================================
* Summary: 
+----------------+-----+-----+------------+--------------+--------------+
|    RTL Ports   | Dir | Bits|  Protocol  | Source Object|    C Type    |
+----------------+-----+-----+------------+--------------+--------------+
|ap_clk          |  in |    1| ap_ctrl_hs |    lec8Ex1   | return value |
|ap_rst          |  in |    1| ap_ctrl_hs |    lec8Ex1   | return value |
|ap_start        |  in |    1| ap_ctrl_hs |    lec8Ex1   | return value |
|ap_done         | out |    1| ap_ctrl_hs |    lec8Ex1   | return value |
|ap_idle         | out |    1| ap_ctrl_hs |    lec8Ex1   | return value |
|ap_ready        | out |    1| ap_ctrl_hs |    lec8Ex1   | return value |
|in_r_address0   | out |    6|  ap_memory |     in_r     |     array    |
|in_r_ce0        | out |    1|  ap_memory |     in_r     |     array    |
|in_r_q0         |  in |   32|  ap_memory |     in_r     |     array    |
|a               |  in |   16|   ap_none  |       a      |    scalar    |
|b               |  in |   16|   ap_none  |       b      |    scalar    |
|c               |  in |   32|   ap_none  |       c      |    scalar    |
|out_r_address0  | out |    6|  ap_memory |     out_r    |     array    |
|out_r_ce0       | out |    1|  ap_memory |     out_r    |     array    |
|out_r_we0       | out |    1|  ap_memory |     out_r    |     array    |
|out_r_d0        | out |   32|  ap_memory |     out_r    |     array    |
+----------------+-----+-----+------------+--------------+--------------+

