

================================================================
== Vivado HLS Report for 'lec5Ex1'
================================================================
* Date:           Tue Apr 11 14:53:49 2023

* Version:        2020.1 (Build 2897737 on Wed May 27 20:21:37 MDT 2020)
* Project:        lec5Ex2_vhighsamples
* Solution:       solution1
* Product family: kintex7
* Target device:  xc7k160t-fbg484-2


================================================================
== Performance Estimates
================================================================
+ Timing: 
    * Summary: 
    +--------+----------+----------+------------+
    |  Clock |  Target  | Estimated| Uncertainty|
    +--------+----------+----------+------------+
    |ap_clk  | 10.00 ns | 8.152 ns |   1.25 ns  |
    +--------+----------+----------+------------+

+ Latency: 
    * Summary: 
    +---------+---------+----------+----------+-----+-----+---------+
    |  Latency (cycles) |  Latency (absolute) |  Interval | Pipeline|
    |   min   |   max   |    min   |    max   | min | max |   Type  |
    +---------+---------+----------+----------+-----+-----+---------+
    |       34|       34| 0.340 us | 0.340 us |   34|   34|   none  |
    +---------+---------+----------+----------+-----+-----+---------+

    + Detail: 
        * Instance: 
        N/A

        * Loop: 
        +----------+---------+---------+----------+-----------+-----------+------+----------+
        |          |  Latency (cycles) | Iteration|  Initiation Interval  | Trip |          |
        | Loop Name|   min   |   max   |  Latency |  achieved |   target  | Count| Pipelined|
        +----------+---------+---------+----------+-----------+-----------+------+----------+
        |- Loop    |       33|       33|         3|          -|          -|    11|    no    |
        +----------+---------+---------+----------+-----------+-----------+------+----------+

============================================================
+ Verbose Summary: Synthesis Manager
============================================================
InlineROM: 1
ExposeGlobal: 0
============================================================
+ Verbose Summary: CDFG Model
============================================================
IsTopModel: 1
ResetActiveHigh: 1
IsCombinational: 0
IsDatapathOnly: 0
HasWiredReturn: 1
HasMFsm: 0
HasVarLatency: 1
IsPipeline: 0
IsRtlPipelined: 0
IsInstanceOverlapped: 0
IsDontTouch: 0
HasImplIP: 0
IsGatedGlobalClock: 0


============================================================
+ Verbose Summary: Schedule
============================================================
* Number of FSM states : 4
* Pipeline : 0
* Dataflow Pipeline: 0

* FSM state transitions: 
1 --> 2 
2 --> 3 
3 --> 4 
4 --> 2 

* FSM state operations: 

State 1 <SV = 0> <Delay = 0.87>
ST_1 : Operation 5 [1/1] (0.00ns)   --->   "call void (...)* @_ssdm_op_SpecBitsMap(i32* %y) nounwind, !map !7"   --->   Operation 5 'specbitsmap' <Predicate = true> <Delay = 0.00>
ST_1 : Operation 6 [1/1] (0.00ns)   --->   "call void (...)* @_ssdm_op_SpecBitsMap([11 x i32]* %c) nounwind, !map !13"   --->   Operation 6 'specbitsmap' <Predicate = true> <Delay = 0.00>
ST_1 : Operation 7 [1/1] (0.00ns)   --->   "call void (...)* @_ssdm_op_SpecBitsMap(i32 %x) nounwind, !map !19"   --->   Operation 7 'specbitsmap' <Predicate = true> <Delay = 0.00>
ST_1 : Operation 8 [1/1] (0.00ns)   --->   "call void (...)* @_ssdm_op_SpecTopModule([8 x i8]* @lec5Ex1_str) nounwind"   --->   Operation 8 'spectopmodule' <Predicate = true> <Delay = 0.00>
ST_1 : Operation 9 [1/1] (0.00ns)   --->   "%x_read = call i32 @_ssdm_op_Read.ap_auto.i32(i32 %x) nounwind" [lec5Ex1.c:4]   --->   Operation 9 'read' 'x_read' <Predicate = true> <Delay = 0.00>
ST_1 : Operation 10 [1/1] (0.87ns)   --->   "br label %1" [lec5Ex1.c:15]   --->   Operation 10 'br' <Predicate = true> <Delay = 0.87>

State 2 <SV = 1> <Delay = 2.25>
ST_2 : Operation 11 [1/1] (0.00ns)   --->   "%sum_0 = phi i32 [ 0, %0 ], [ %sum, %5 ]"   --->   Operation 11 'phi' 'sum_0' <Predicate = true> <Delay = 0.00>
ST_2 : Operation 12 [1/1] (0.00ns)   --->   "%i_0 = phi i5 [ 10, %0 ], [ %i, %5 ]"   --->   Operation 12 'phi' 'i_0' <Predicate = true> <Delay = 0.00>
ST_2 : Operation 13 [1/1] (0.00ns)   --->   "%sext_ln15 = sext i5 %i_0 to i32" [lec5Ex1.c:15]   --->   Operation 13 'sext' 'sext_ln15' <Predicate = true> <Delay = 0.00>
ST_2 : Operation 14 [1/1] (0.00ns)   --->   "%tmp = call i1 @_ssdm_op_BitSelect.i1.i5.i32(i5 %i_0, i32 4)" [lec5Ex1.c:15]   --->   Operation 14 'bitselect' 'tmp' <Predicate = true> <Delay = 0.00>
ST_2 : Operation 15 [1/1] (0.00ns)   --->   "%empty = call i32 (...)* @_ssdm_op_SpecLoopTripCount(i64 11, i64 11, i64 11) nounwind"   --->   Operation 15 'speclooptripcount' 'empty' <Predicate = true> <Delay = 0.00>
ST_2 : Operation 16 [1/1] (0.00ns)   --->   "br i1 %tmp, label %6, label %2" [lec5Ex1.c:15]   --->   Operation 16 'br' <Predicate = true> <Delay = 0.00>
ST_2 : Operation 17 [1/1] (0.00ns)   --->   "call void (...)* @_ssdm_op_SpecLoopName([5 x i8]* @p_str) nounwind" [lec5Ex1.c:15]   --->   Operation 17 'specloopname' <Predicate = (!tmp)> <Delay = 0.00>
ST_2 : Operation 18 [1/1] (0.88ns)   --->   "%icmp_ln16 = icmp eq i5 %i_0, 0" [lec5Ex1.c:16]   --->   Operation 18 'icmp' 'icmp_ln16' <Predicate = (!tmp)> <Delay = 0.88> <Core = "Cmp">   --->   Core 25 'Cmp' <Latency = 0> <II = 1> <Delay = 0.88> <FuncUnit> <Opcode : 'icmp'> <InPorts = 2> <OutPorts = 1>
ST_2 : Operation 19 [1/1] (0.00ns)   --->   "br i1 %icmp_ln16, label %3, label %4" [lec5Ex1.c:16]   --->   Operation 19 'br' <Predicate = (!tmp)> <Delay = 0.00>
ST_2 : Operation 20 [1/1] (1.10ns)   --->   "%add_ln20 = add i5 %i_0, -1" [lec5Ex1.c:20]   --->   Operation 20 'add' 'add_ln20' <Predicate = (!tmp & !icmp_ln16)> <Delay = 1.10> <Core = "AddSub">   --->   Core 14 'AddSub' <Latency = 0> <II = 1> <Delay = 1.10> <FuncUnit> <Opcode : 'add' 'sub'> <InPorts = 2> <OutPorts = 1>
ST_2 : Operation 21 [1/1] (0.00ns)   --->   "%zext_ln20 = zext i5 %add_ln20 to i64" [lec5Ex1.c:20]   --->   Operation 21 'zext' 'zext_ln20' <Predicate = (!tmp & !icmp_ln16)> <Delay = 0.00>
ST_2 : Operation 22 [1/1] (0.00ns)   --->   "%arr_addr = getelementptr inbounds [11 x i32]* @arr, i64 0, i64 %zext_ln20" [lec5Ex1.c:20]   --->   Operation 22 'getelementptr' 'arr_addr' <Predicate = (!tmp & !icmp_ln16)> <Delay = 0.00>
ST_2 : Operation 23 [2/2] (1.14ns)   --->   "%data = load i32* %arr_addr, align 4" [lec5Ex1.c:20]   --->   Operation 23 'load' 'data' <Predicate = (!tmp & !icmp_ln16)> <Delay = 1.14> <Core = "RAM">   --->   Core 37 'RAM' <Latency = 1> <II = 1> <Delay = 1.14> <Storage> <Opcode : 'load' 'store'> <Ports = 2> <Width = 32> <Depth = 11> <RAM>
ST_2 : Operation 24 [1/1] (1.14ns)   --->   "store i32 %x_read, i32* getelementptr inbounds ([11 x i32]* @arr, i64 0, i64 0), align 16" [lec5Ex1.c:17]   --->   Operation 24 'store' <Predicate = (!tmp & icmp_ln16)> <Delay = 1.14> <Core = "RAM">   --->   Core 37 'RAM' <Latency = 1> <II = 1> <Delay = 1.14> <Storage> <Opcode : 'load' 'store'> <Ports = 2> <Width = 32> <Depth = 11> <RAM>
ST_2 : Operation 25 [1/1] (0.87ns)   --->   "br label %5" [lec5Ex1.c:19]   --->   Operation 25 'br' <Predicate = (!tmp & icmp_ln16)> <Delay = 0.87>
ST_2 : Operation 26 [1/1] (0.00ns)   --->   "call void @_ssdm_op_Write.ap_auto.i32P(i32* %y, i32 %sum_0) nounwind" [lec5Ex1.c:25]   --->   Operation 26 'write' <Predicate = (tmp)> <Delay = 0.00>
ST_2 : Operation 27 [1/1] (0.00ns)   --->   "ret void" [lec5Ex1.c:26]   --->   Operation 27 'ret' <Predicate = (tmp)> <Delay = 0.00>

State 3 <SV = 2> <Delay = 2.29>
ST_3 : Operation 28 [1/2] (1.14ns)   --->   "%data = load i32* %arr_addr, align 4" [lec5Ex1.c:20]   --->   Operation 28 'load' 'data' <Predicate = (!icmp_ln16)> <Delay = 1.14> <Core = "RAM">   --->   Core 37 'RAM' <Latency = 1> <II = 1> <Delay = 1.14> <Storage> <Opcode : 'load' 'store'> <Ports = 2> <Width = 32> <Depth = 11> <RAM>
ST_3 : Operation 29 [1/1] (0.00ns)   --->   "%zext_ln20_1 = zext i32 %sext_ln15 to i64" [lec5Ex1.c:20]   --->   Operation 29 'zext' 'zext_ln20_1' <Predicate = (!icmp_ln16)> <Delay = 0.00>
ST_3 : Operation 30 [1/1] (0.00ns)   --->   "%arr_addr_1 = getelementptr inbounds [11 x i32]* @arr, i64 0, i64 %zext_ln20_1" [lec5Ex1.c:20]   --->   Operation 30 'getelementptr' 'arr_addr_1' <Predicate = (!icmp_ln16)> <Delay = 0.00>
ST_3 : Operation 31 [1/1] (1.14ns)   --->   "store i32 %data, i32* %arr_addr_1, align 4" [lec5Ex1.c:20]   --->   Operation 31 'store' <Predicate = (!icmp_ln16)> <Delay = 1.14> <Core = "RAM">   --->   Core 37 'RAM' <Latency = 1> <II = 1> <Delay = 1.14> <Storage> <Opcode : 'load' 'store'> <Ports = 2> <Width = 32> <Depth = 11> <RAM>
ST_3 : Operation 32 [1/1] (0.87ns)   --->   "br label %5"   --->   Operation 32 'br' <Predicate = (!icmp_ln16)> <Delay = 0.87>
ST_3 : Operation 33 [1/1] (0.00ns)   --->   "%zext_ln23 = zext i32 %sext_ln15 to i64" [lec5Ex1.c:23]   --->   Operation 33 'zext' 'zext_ln23' <Predicate = true> <Delay = 0.00>
ST_3 : Operation 34 [1/1] (0.00ns)   --->   "%c_addr = getelementptr [11 x i32]* %c, i64 0, i64 %zext_ln23" [lec5Ex1.c:23]   --->   Operation 34 'getelementptr' 'c_addr' <Predicate = true> <Delay = 0.00>
ST_3 : Operation 35 [2/2] (1.14ns)   --->   "%c_load = load i32* %c_addr, align 4" [lec5Ex1.c:23]   --->   Operation 35 'load' 'c_load' <Predicate = true> <Delay = 1.14> <Core = "RAM">   --->   Core 37 'RAM' <Latency = 1> <II = 1> <Delay = 1.14> <Storage> <Opcode : 'load' 'store'> <Ports = 2> <Width = 32> <Depth = 11> <RAM>
ST_3 : Operation 36 [1/1] (1.10ns)   --->   "%i = add i5 %i_0, -1" [lec5Ex1.c:15]   --->   Operation 36 'add' 'i' <Predicate = true> <Delay = 1.10> <Core = "AddSub">   --->   Core 14 'AddSub' <Latency = 0> <II = 1> <Delay = 1.10> <FuncUnit> <Opcode : 'add' 'sub'> <InPorts = 2> <OutPorts = 1>

State 4 <SV = 3> <Delay = 8.15>
ST_4 : Operation 37 [1/1] (0.00ns)   --->   "%data_0 = phi i32 [ %x_read, %3 ], [ %data, %4 ]"   --->   Operation 37 'phi' 'data_0' <Predicate = true> <Delay = 0.00>
ST_4 : Operation 38 [1/2] (1.14ns)   --->   "%c_load = load i32* %c_addr, align 4" [lec5Ex1.c:23]   --->   Operation 38 'load' 'c_load' <Predicate = true> <Delay = 1.14> <Core = "RAM">   --->   Core 37 'RAM' <Latency = 1> <II = 1> <Delay = 1.14> <Storage> <Opcode : 'load' 'store'> <Ports = 2> <Width = 32> <Depth = 11> <RAM>
ST_4 : Operation 39 [1/1] (5.49ns)   --->   "%mul_ln23 = mul nsw i32 %c_load, %data_0" [lec5Ex1.c:23]   --->   Operation 39 'mul' 'mul_ln23' <Predicate = true> <Delay = 5.49> <Core = "Mul">   --->   Core 16 'Mul' <Latency = 0> <II = 1> <Delay = 5.49> <FuncUnit> <Opcode : 'mul'> <InPorts = 2> <OutPorts = 1>
ST_4 : Operation 40 [1/1] (1.51ns)   --->   "%sum = add nsw i32 %mul_ln23, %sum_0" [lec5Ex1.c:23]   --->   Operation 40 'add' 'sum' <Predicate = true> <Delay = 1.51> <Core = "AddSub">   --->   Core 14 'AddSub' <Latency = 0> <II = 1> <Delay = 1.10> <FuncUnit> <Opcode : 'add' 'sub'> <InPorts = 2> <OutPorts = 1>
ST_4 : Operation 41 [1/1] (0.00ns)   --->   "br label %1" [lec5Ex1.c:15]   --->   Operation 41 'br' <Predicate = true> <Delay = 0.00>


============================================================
+ Verbose Summary: Timing violations
============================================================
Target clock period: 10ns, clock uncertainty: 1.25ns.

 <State 1>: 0.872ns
The critical path consists of the following:
	multiplexor before 'phi' operation ('sum') with incoming values : ('sum', lec5Ex1.c:23) [13]  (0.872 ns)

 <State 2>: 2.25ns
The critical path consists of the following:
	'phi' operation ('i') with incoming values : ('i', lec5Ex1.c:15) [14]  (0 ns)
	'add' operation ('add_ln20', lec5Ex1.c:20) [24]  (1.1 ns)
	'getelementptr' operation ('arr_addr', lec5Ex1.c:20) [26]  (0 ns)
	'load' operation ('data', lec5Ex1.c:20) on array 'arr' [27]  (1.15 ns)

 <State 3>: 2.3ns
The critical path consists of the following:
	'load' operation ('data', lec5Ex1.c:20) on array 'arr' [27]  (1.15 ns)
	'store' operation ('store_ln20', lec5Ex1.c:20) of variable 'data', lec5Ex1.c:20 on array 'arr' [30]  (1.15 ns)

 <State 4>: 8.15ns
The critical path consists of the following:
	'load' operation ('c_load', lec5Ex1.c:23) on array 'c' [39]  (1.15 ns)
	'mul' operation ('mul_ln23', lec5Ex1.c:23) [40]  (5.49 ns)
	'add' operation ('sum', lec5Ex1.c:23) [41]  (1.51 ns)


============================================================
+ Verbose Summary: Binding
============================================================
N/A
* FSMD analyzer results:
  - Output states:
 - Input state : 
  - Chain level:
	State 1
	State 2
	State 3
	State 4


============================================================
+ Verbose Summary: Datapath Resource usage 
============================================================
N/A
