INFO-FLOW: Workspace /afs/hep.wisc.edu/user/rsimeon/tac_hep_fpga/TAC-HEP-FPGA-HLS/week3/Week3b_HW/solution1 opened at Thu Apr 13 17:32:09 CDT 2023
Execute     config_clock -quiet -name default -period 10 -default=false 
INFO: [SYN 201-201] Setting up clock 'default' with a period of 10ns.
Execute     open_platform DefaultPlatform 
Execute     import_lib /opt/Xilinx/Vivado/2020.1/common/technology/xilinx/kintex7/kintex7 
Execute       source /opt/Xilinx/Vivado/2020.1/common/technology/xilinx/common/xilinx.lib 
Execute         source /opt/Xilinx/Vivado/2020.1/common/technology/xilinx/interface/xilinx_interface.lib 
Execute           source /opt/Xilinx/Vivado/2020.1/common/technology/xilinx/interface/plb46.lib 
Execute           source /opt/Xilinx/Vivado/2020.1/common/technology/xilinx/interface/fsl.lib 
Execute           source /opt/Xilinx/Vivado/2020.1/common/technology/xilinx/interface/axi4.lib 
Execute           source /opt/Xilinx/Vivado/2020.1/common/technology/xilinx/interface/maxi.lib 
Execute           source /opt/Xilinx/Vivado/2020.1/common/technology/xilinx/interface/saxilite.lib 
Execute         source /opt/Xilinx/Vivado/2020.1/common/technology/xilinx/common/dsp48.lib 
Execute         source /opt/Xilinx/Vivado/2020.1/common/technology/xilinx/ip/xfft.lib 
Execute         source /opt/Xilinx/Vivado/2020.1/common/technology/xilinx/ip/xfir.lib 
Execute         source /opt/Xilinx/Vivado/2020.1/common/technology/xilinx/ip/dds_compiler.lib 
Execute       source /opt/Xilinx/Vivado/2020.1/common/technology/xilinx/common/xilinx.hlp 
Execute         source /opt/Xilinx/Vivado/2020.1/common/technology/xilinx/common/target_info.tcl 
Execute         source /opt/Xilinx/Vivado/2020.1/common/technology/xilinx/interface/xilinx_interface.hlp 
Execute           source /opt/Xilinx/Vivado/2020.1/common/technology/xilinx/interface/maxi.hlp 
Execute           source /opt/Xilinx/Vivado/2020.1/common/technology/xilinx/interface/saxilite.hlp 
Execute         source /opt/Xilinx/Vivado/2020.1/common/technology/xilinx/common/dsp48.hlp 
Execute       source /opt/Xilinx/Vivado/2020.1/common/technology/xilinx/kintex7/dsp48e1.hlp 
Execute       source /opt/Xilinx/Vivado/2020.1/common/technology/xilinx/common/xilinx.hlp 
Execute         source /opt/Xilinx/Vivado/2020.1/common/technology/xilinx/common/target_info.tcl 
Execute         source /opt/Xilinx/Vivado/2020.1/common/technology/xilinx/interface/xilinx_interface.hlp 
Execute           source /opt/Xilinx/Vivado/2020.1/common/technology/xilinx/interface/maxi.hlp 
Execute           source /opt/Xilinx/Vivado/2020.1/common/technology/xilinx/interface/saxilite.hlp 
Execute         source /opt/Xilinx/Vivado/2020.1/common/technology/xilinx/common/dsp48.hlp 
Execute     source /opt/Xilinx/Vivado/2020.1/common/technology/xilinx/kintex7/kintex7.gen 
Execute       source /opt/Xilinx/Vivado/2020.1/common/technology/xilinx/common/xilinx.gen 
Execute         source /opt/Xilinx/Vivado/2020.1/common/technology/xilinx/interface/plb46.gen 
Execute         source /opt/Xilinx/Vivado/2020.1/common/technology/xilinx/interface/fsl.gen 
Execute         source /opt/Xilinx/Vivado/2020.1/common/technology/xilinx/interface/axi4.gen 
Execute         source /opt/Xilinx/Vivado/2020.1/common/technology/xilinx/interface/nativeAXI4.gen 
Execute           source /opt/Xilinx/Vivado/2020.1/common/technology/xilinx/interface/saxilite.gen 
Execute           source /opt/Xilinx/Vivado/2020.1/common/technology/xilinx/interface/maxi.gen 
Execute         source /opt/Xilinx/Vivado/2020.1/common/technology/xilinx/scripts/xilinxcoregen.gen 
Execute         source /opt/Xilinx/Vivado/2020.1/common/technology/xilinx/interface/XilEDKCoreGen.gen 
Execute         source /opt/Xilinx/Vivado/2020.1/common/technology/xilinx/ip/dds_compiler.gen 
Execute         source /opt/Xilinx/Vivado/2020.1/common/technology/xilinx/ip/util.gen 
Execute         source /opt/Xilinx/Vivado/2020.1/common/technology/xilinx/ip/xfft.gen 
Command         ap_source done; 0.12 sec.
Execute         source /opt/Xilinx/Vivado/2020.1/common/technology/xilinx/ip/xfir.gen 
Execute         source /opt/Xilinx/Vivado/2020.1/common/technology/xilinx/common/dsp48.gen 
Command       ap_source done; 0.17 sec.
Command     ap_source done; 0.17 sec.
Execute     open_platform DefaultPlatform 
Execute     import_lib /opt/Xilinx/Vivado/2020.1/common/technology/xilinx/kintex7/kintex7_fpv6 
Execute       source /opt/Xilinx/Vivado/2020.1/common/technology/xilinx/common/xilinx_fp.lib 
Execute       source /opt/Xilinx/Vivado/2020.1/common/technology/xilinx/common/xilinx_fp.hlp 
Execute         source /opt/Xilinx/Vivado/2020.1/common/technology/xilinx/common/xilinx.hlp 
Execute           source /opt/Xilinx/Vivado/2020.1/common/technology/xilinx/common/target_info.tcl 
Execute           source /opt/Xilinx/Vivado/2020.1/common/technology/xilinx/interface/xilinx_interface.hlp 
Execute             source /opt/Xilinx/Vivado/2020.1/common/technology/xilinx/interface/maxi.hlp 
Execute             source /opt/Xilinx/Vivado/2020.1/common/technology/xilinx/interface/saxilite.hlp 
Execute           source /opt/Xilinx/Vivado/2020.1/common/technology/xilinx/common/dsp48.hlp 
Execute     source /opt/Xilinx/Vivado/2020.1/common/technology/xilinx/kintex7/kintex7_fpv6.gen 
Execute       source /opt/Xilinx/Vivado/2020.1/common/technology/xilinx/common/xilinx_fp.gen 
Execute     set_part xc7k160t-fbg484-2 
Execute       ap_part_info -name xc7k160t-fbg484-2 -data single -quiet 
Command       ap_part_info done; 2.76 sec.
Execute       ap_part_info -name xc7k160t-fbg484-2 -data info 
Execute       add_library xilinx/kintex7/kintex7:xc7k160t:-fbg484:-2 
Execute         get_default_platform 
Execute         ap_part_info -data single -name xc7k160t-fbg484-2 
Execute         ap_part_info -name xc7k160t-fbg484-2 -data resources 
Execute         ap_part_info -name xc7k160t-fbg484-2 -data info 
Execute         ap_part_info -name xc7k160t-fbg484-2 -data info 
Execute         config_chip_info -quiet -resource {SLICE 25350} {LUT 101400} {FF 202800} {DSP48E 600} {BRAM 650} {URAM 0} 
Execute         ap_part_info -name xc7k160t-fbg484-2 -data info 
Execute         config_chip_info -quiet -speed medium 
Execute       add_library xilinx/kintex7/kintex7_fpv6 
Execute         get_default_platform 
INFO: [HLS 200-10] Setting target device to 'xc7k160t-fbg484-2'
Execute       ap_part_info -name xc7k160t-fbg484-2 -data info 
Execute       get_default_platform 
Command     set_part done; 2.98 sec.
Execute     ap_part_info -data single -name xc7k160t-fbg484-2 
Execute     ap_part_info -name xc7k160t-fbg484-2 -data resources 
Execute     ap_part_info -name xc7k160t-fbg484-2 -data info 
Execute     ap_part_info -name xc7k160t-fbg484-2 -data info 
Execute     config_chip_info -quiet -resource {SLICE 25350} {LUT 101400} {FF 202800} {DSP48E 600} {BRAM 650} {URAM 0} 
Execute     ap_part_info -name xc7k160t-fbg484-2 -data info 
Execute     config_chip_info -quiet -speed medium 
Command   open_solution done; 3.26 sec.
Execute   set_part xc7k160tfbg484-2 
Execute     ap_part_info -name xc7k160tfbg484-2 -data single -quiet 
Execute     ap_part_info -name xc7k160tfbg484-2 -data info 
Execute     add_library xilinx/kintex7/kintex7:xc7k160t:-fbg484:-2 
Execute       get_default_platform 
Execute       ap_part_info -data single -name xc7k160t-fbg484-2 
Execute       ap_part_info -name xc7k160t-fbg484-2 -data resources 
Execute       ap_part_info -name xc7k160t-fbg484-2 -data info 
Execute       ap_part_info -name xc7k160t-fbg484-2 -data info 
Execute       config_chip_info -quiet -resource {SLICE 25350} {LUT 101400} {FF 202800} {DSP48E 600} {BRAM 650} {URAM 0} 
Execute       ap_part_info -name xc7k160t-fbg484-2 -data info 
Execute       config_chip_info -quiet -speed medium 
Execute     add_library xilinx/kintex7/kintex7_fpv6 
Execute       get_default_platform 
Execute     ap_part_info -name xc7k160t-fbg484-2 -data info 
Execute     get_default_platform 
Command   set_part done; 0.18 sec.
Execute   create_clock -period 10 -name default 
Execute     config_clock -quiet -name default -period 10 -default=false 
INFO: [SYN 201-201] Setting up clock 'default' with a period of 10ns.
Execute   csynth_design 
Execute     get_config_compile -dump_cfg 
Execute     get_config_compile -effort 
Execute     get_config_compile -enable_clang39 
Execute     get_config_compile -g 
Execute     get_config_compile -ng 
Execute     get_config_compile -opt_fp 
Execute     get_config_compile -skip_cdt 
Execute     get_config_compile -skip_syncheck 
Execute     get_config_compile -skip_transform 
Execute     get_config_compile -keep_printf 
Execute     elaborate -effort=medium -skip_syncheck=0 -keep_printf=0 -skip_cdt=0 -skip_transform=0 -ng=0 -g=0 -opt_fp=0 -from_csynth_design=1 
Execute       get_config_schedule -relax_ii_for_timing 
INFO: [SCHED 204-61] Option 'relax_ii_for_timing' is enabled, will increase II to preserve clock frequency constraints.
Execute       get_config_schedule -suppress_dependence_error_break 
INFO: [HLS 200-10] Analyzing design file 'lec6Ex2a.cpp' ... 
INFO-FLOW: Compiling one TU...
Execute       is_m_axi_addr64 
INFO-FLOW: Handling lec6Ex2a.cpp as C++
Execute       ap_part_info -name xc7k160t-fbg484-2 -data info 
Execute       is_encrypted lec6Ex2a.cpp 
Execute       ap_part_info -name xc7k160t-fbg484-2 -data info 
INFO-FLOW: Running: GCC PP
INFO-FLOW: Source preprocessing
Execute       clang  -fno-limit-debug-info -gcc-toolchain "/opt/Xilinx/Vivado/2020.1/lnx64/tools/gcc" -hls  -fno-exceptions  -D__llvm__  -E "lec6Ex2a.cpp"     -fno-math-errno -c -emit-llvm -O0  -mllvm -disable-llvm-optzns -fno-threadsafe-statics  -fno-use-cxa-atexit  -fno-threadsafe-statics -fno-use-cxa-atexit -D__CLANG_3_1__ -DAESL_SYN -D__SYNTHESIS__ -D__HLS_SYN__ -I "/opt/Xilinx/Vivado/2020.1/common/technology/autopilot" -I "/opt/Xilinx/Vivado/2020.1/common/technology/autopilot/ap_sysc" -include etc/autopilot_ssdm_op.h -D__DSP48E1__  -o "/afs/hep.wisc.edu/user/rsimeon/tac_hep_fpga/TAC-HEP-FPGA-HLS/week3/Week3b_HW/solution1/.autopilot/db/lec6Ex2a.pp.0.cpp" 
INFO-FLOW: exec /opt/Xilinx/Vivado/2020.1/lnx64/tools/clang/bin/clang -fno-limit-debug-info -gcc-toolchain /opt/Xilinx/Vivado/2020.1/lnx64/tools/gcc -hls -fno-exceptions -D__llvm__ -E lec6Ex2a.cpp -fno-math-errno -c -emit-llvm -O0 -mllvm -disable-llvm-optzns -fno-threadsafe-statics -fno-use-cxa-atexit -fno-threadsafe-statics -fno-use-cxa-atexit -D__CLANG_3_1__ -DAESL_SYN -D__SYNTHESIS__ -D__HLS_SYN__ -I /opt/Xilinx/Vivado/2020.1/common/technology/autopilot -I /opt/Xilinx/Vivado/2020.1/common/technology/autopilot/ap_sysc -include etc/autopilot_ssdm_op.h -D__DSP48E1__ -o /afs/hep.wisc.edu/user/rsimeon/tac_hep_fpga/TAC-HEP-FPGA-HLS/week3/Week3b_HW/solution1/.autopilot/db/lec6Ex2a.pp.0.cpp
Command       clang done; 2.31 sec.
Execute       tidy_31 xilinx-xfmat-array-geometry /afs/hep.wisc.edu/user/rsimeon/tac_hep_fpga/TAC-HEP-FPGA-HLS/week3/Week3b_HW/solution1/.autopilot/db/lec6Ex2a.pp.0.cpp std=gnu++98 
INFO-FLOW: exec /opt/Xilinx/Vivado/2020.1/lnx64/tools/clang-3.9-csynth/bin/tidy-3.1 -header-filter=.* -checks=-*,xilinx-xfmat-array-geometry -quiet -fix /afs/hep.wisc.edu/user/rsimeon/tac_hep_fpga/TAC-HEP-FPGA-HLS/week3/Week3b_HW/solution1/.autopilot/db/lec6Ex2a.pp.0.cpp -- -std=gnu++98 -fhls -ferror-limit=0
Command       tidy_31 done; 1.88 sec.
INFO-FLOW: Syntax Checking before pre-processing...
Execute       clang -syntaxcheck -src /afs/hep.wisc.edu/user/rsimeon/tac_hep_fpga/TAC-HEP-FPGA-HLS/week3/Week3b_HW/solution1/.autopilot/db/lec6Ex2a.pp.0.cpp  -fno-limit-debug-info -gcc-toolchain "/opt/Xilinx/Vivado/2020.1/lnx64/tools/gcc" -hls    -fno-math-errno -c -emit-llvm -O0  -mllvm -disable-llvm-optzns -fno-threadsafe-statics  -fno-use-cxa-atexit  -fno-threadsafe-statics -fno-use-cxa-atexit -D__CLANG_3_1__ -DAESL_SYN -D__SYNTHESIS__ -D__HLS_SYN__ -I "/opt/Xilinx/Vivado/2020.1/common/technology/autopilot" -I "/opt/Xilinx/Vivado/2020.1/common/technology/autopilot/ap_sysc" -include etc/autopilot_ssdm_op.h -D__DSP48E1__  "/afs/hep.wisc.edu/user/rsimeon/tac_hep_fpga/TAC-HEP-FPGA-HLS/week3/Week3b_HW/solution1/.autopilot/db/lec6Ex2a.pp.0.cpp"  -o "/afs/hep.wisc.edu/user/rsimeon/tac_hep_fpga/TAC-HEP-FPGA-HLS/week3/Week3b_HW/solution1/.autopilot/db/useless.bc"  
INFO-FLOW: exec /opt/Xilinx/Vivado/2020.1/lnx64/tools/clang/bin/clang -fno-limit-debug-info -gcc-toolchain /opt/Xilinx/Vivado/2020.1/lnx64/tools/gcc -hls -fno-math-errno -c -emit-llvm -O0 -mllvm -disable-llvm-optzns -fno-threadsafe-statics -fno-use-cxa-atexit -fno-threadsafe-statics -fno-use-cxa-atexit -D__CLANG_3_1__ -DAESL_SYN -D__SYNTHESIS__ -D__HLS_SYN__ -I /opt/Xilinx/Vivado/2020.1/common/technology/autopilot -I /opt/Xilinx/Vivado/2020.1/common/technology/autopilot/ap_sysc -include etc/autopilot_ssdm_op.h -D__DSP48E1__ /afs/hep.wisc.edu/user/rsimeon/tac_hep_fpga/TAC-HEP-FPGA-HLS/week3/Week3b_HW/solution1/.autopilot/db/lec6Ex2a.pp.0.cpp -o /afs/hep.wisc.edu/user/rsimeon/tac_hep_fpga/TAC-HEP-FPGA-HLS/week3/Week3b_HW/solution1/.autopilot/db/useless.bc
Command       clang done; 3.82 sec.
INFO-FLOW: Done: GCC PP time: 8 seconds per iteration
Execute       source /opt/Xilinx/Vivado/2020.1/tps/tcl/tcllib1.11.1/yaml/huddle.tcl 
Execute       source /opt/Xilinx/Vivado/2020.1/tps/tcl/tcllib1.11.1/yaml/json2huddle.tcl 
Execute         source /opt/Xilinx/Vivado/2020.1/tps/tcl/tcllib1.11.1/try/try.tcl 
Execute       list_core -type functional_unit 
Execute       tidy_31 xilinx-systemc-detector /afs/hep.wisc.edu/user/rsimeon/tac_hep_fpga/TAC-HEP-FPGA-HLS/week3/Week3b_HW/solution1/.autopilot/db/lec6Ex2a.pp.0.cpp std=gnu++98 -directive=/afs/hep.wisc.edu/user/rsimeon/tac_hep_fpga/TAC-HEP-FPGA-HLS/week3/Week3b_HW/solution1/.autopilot/db/.systemc_flag 
INFO-FLOW: exec /opt/Xilinx/Vivado/2020.1/lnx64/tools/clang-3.9-csynth/bin/tidy-3.1 -header-filter=.* -checks=-*,xilinx-systemc-detector -import-directive=/afs/hep.wisc.edu/user/rsimeon/tac_hep_fpga/TAC-HEP-FPGA-HLS/week3/Week3b_HW/solution1/.autopilot/db/.systemc_flag -quiet -fix-errors /afs/hep.wisc.edu/user/rsimeon/tac_hep_fpga/TAC-HEP-FPGA-HLS/week3/Week3b_HW/solution1/.autopilot/db/lec6Ex2a.pp.0.cpp -- -std=gnu++98 -fhls -ferror-limit=0
Command       tidy_31 done; 1.51 sec.
INFO-FLOW: Running: tidy-3.1 CDT preprocess
Execute       tidy_31 xilinx-directive2pragma /afs/hep.wisc.edu/user/rsimeon/tac_hep_fpga/TAC-HEP-FPGA-HLS/week3/Week3b_HW/solution1/.autopilot/db/lec6Ex2a.pp.0.cpp std=gnu++98 -directive=/afs/hep.wisc.edu/user/rsimeon/tac_hep_fpga/TAC-HEP-FPGA-HLS/week3/Week3b_HW/solution1/.autopilot/db/all.directive.json 
INFO-FLOW: exec /opt/Xilinx/Vivado/2020.1/lnx64/tools/clang-3.9-csynth/bin/tidy-3.1 -header-filter=.* -checks=-*,xilinx-directive2pragma -import-directive=/afs/hep.wisc.edu/user/rsimeon/tac_hep_fpga/TAC-HEP-FPGA-HLS/week3/Week3b_HW/solution1/.autopilot/db/all.directive.json -quiet -fix-errors /afs/hep.wisc.edu/user/rsimeon/tac_hep_fpga/TAC-HEP-FPGA-HLS/week3/Week3b_HW/solution1/.autopilot/db/lec6Ex2a.pp.0.cpp -- -std=gnu++98 -fhls -ferror-limit=0
Command       tidy_31 done; 1.48 sec.
Execute       get_config_dataflow -strict_mode 
Execute       ap_eval exec -ignorestderr /opt/Xilinx/Vivado/2020.1/lnx64/tools/clang-3.9-csynth/bin/xilinx-dataflow-lawyer -export-fixes=/afs/hep.wisc.edu/user/rsimeon/tac_hep_fpga/TAC-HEP-FPGA-HLS/week3/Week3b_HW/solution1/.autopilot/db/xilinx-dataflow-lawyer.lec6Ex2a.pp.0.cpp.diag.yml /afs/hep.wisc.edu/user/rsimeon/tac_hep_fpga/TAC-HEP-FPGA-HLS/week3/Week3b_HW/solution1/.autopilot/db/lec6Ex2a.pp.0.cpp -- -std=gnu++98 -fhls -ferror-limit=0 -fstrict-dataflow > /afs/hep.wisc.edu/user/rsimeon/tac_hep_fpga/TAC-HEP-FPGA-HLS/week3/Week3b_HW/solution1/.autopilot/db/xilinx-dataflow-lawyer.lec6Ex2a.pp.0.cpp.out.log 2> /afs/hep.wisc.edu/user/rsimeon/tac_hep_fpga/TAC-HEP-FPGA-HLS/week3/Week3b_HW/solution1/.autopilot/db/xilinx-dataflow-lawyer.lec6Ex2a.pp.0.cpp.err.log 
Command       ap_eval done; 1.63 sec.
Execute       tidy_31 -errorcheck xilinx-constantarray-param,xilinx-resource-pragma-transformer,xilinx-xfmat-array-geometry /afs/hep.wisc.edu/user/rsimeon/tac_hep_fpga/TAC-HEP-FPGA-HLS/week3/Week3b_HW/solution1/.autopilot/db/lec6Ex2a.pp.0.cpp std=gnu++98 
Execute         ap_eval exec -ignorestderr /opt/Xilinx/Vivado/2020.1/lnx64/tools/clang-3.9-csynth/bin/tidy-3.1 -export-fixes=/afs/hep.wisc.edu/user/rsimeon/tac_hep_fpga/TAC-HEP-FPGA-HLS/week3/Week3b_HW/solution1/.autopilot/db/tidy-3.1.lec6Ex2a.pp.0.cpp.diag.yml -header-filter=.* -checks=-*,xilinx-constantarray-param,xilinx-resource-pragma-transformer,xilinx-xfmat-array-geometry -quiet -fix-errors /afs/hep.wisc.edu/user/rsimeon/tac_hep_fpga/TAC-HEP-FPGA-HLS/week3/Week3b_HW/solution1/.autopilot/db/lec6Ex2a.pp.0.cpp -- -std=gnu++98 -fhls -ferror-limit=0 > /afs/hep.wisc.edu/user/rsimeon/tac_hep_fpga/TAC-HEP-FPGA-HLS/week3/Week3b_HW/solution1/.autopilot/db/tidy-3.1.lec6Ex2a.pp.0.cpp.out.log 2> /afs/hep.wisc.edu/user/rsimeon/tac_hep_fpga/TAC-HEP-FPGA-HLS/week3/Week3b_HW/solution1/.autopilot/db/tidy-3.1.lec6Ex2a.pp.0.cpp.err.log 
Command         ap_eval done; 2.34 sec.
Execute         source /opt/Xilinx/Vivado/2020.1/tps/tcl/tcllib1.11.1/yaml/yaml.tcl 
Execute           source /opt/Xilinx/Vivado/2020.1/tps/tcl/tcllib1.11.1/cmdline/cmdline.tcl 
Execute         ap_eval exec -ignorestderr /opt/Xilinx/Vivado/2020.1/lnx64/tools/clang-3.9-csynth/bin/xilinx-legacy-rewriter /afs/hep.wisc.edu/user/rsimeon/tac_hep_fpga/TAC-HEP-FPGA-HLS/week3/Week3b_HW/solution1/.autopilot/db/lec6Ex2a.pp.0.cpp -- -std=gnu++98 -fhls -ferror-limit=0 > /afs/hep.wisc.edu/user/rsimeon/tac_hep_fpga/TAC-HEP-FPGA-HLS/week3/Week3b_HW/solution1/.autopilot/db/xilinx-legacy-rewriter.lec6Ex2a.pp.0.cpp.out.log 2> /afs/hep.wisc.edu/user/rsimeon/tac_hep_fpga/TAC-HEP-FPGA-HLS/week3/Week3b_HW/solution1/.autopilot/db/xilinx-legacy-rewriter.lec6Ex2a.pp.0.cpp.err.log 
Command         ap_eval done; 1.4 sec.
Command       tidy_31 done; 4.01 sec.
INFO-FLOW: Done: tidy-3.1 CDT preprocess time: 7.1 seconds per iteration
INFO-FLOW: Pragma Handling...
Execute       tidy_31 xilinx-ssdm-intrinsics-arguments /afs/hep.wisc.edu/user/rsimeon/tac_hep_fpga/TAC-HEP-FPGA-HLS/week3/Week3b_HW/solution1/.autopilot/db/lec6Ex2a.pragma.1.cpp std=gnu++98 
INFO-FLOW: exec /opt/Xilinx/Vivado/2020.1/lnx64/tools/clang-3.9-csynth/bin/tidy-3.1 -header-filter=.* -checks=-*,xilinx-ssdm-intrinsics-arguments -quiet -fix-errors /afs/hep.wisc.edu/user/rsimeon/tac_hep_fpga/TAC-HEP-FPGA-HLS/week3/Week3b_HW/solution1/.autopilot/db/lec6Ex2a.pragma.1.cpp -- -std=gnu++98 -fhls -ferror-limit=0
Command       tidy_31 done; 2.42 sec.
Execute       ap_part_info -name xc7k160t-fbg484-2 -data info 
INFO-FLOW: Processing labels
Execute       clang -src /afs/hep.wisc.edu/user/rsimeon/tac_hep_fpga/TAC-HEP-FPGA-HLS/week3/Week3b_HW/solution1/.autopilot/db/lec6Ex2a.pragma.2.cpp  -fno-limit-debug-info -gcc-toolchain /opt/Xilinx/Vivado/2020.1/lnx64/tools/gcc -hls -hls-analyze-label -hls-analyze-pragma -fno-exceptions  -D__llvm__  -w  "/afs/hep.wisc.edu/user/rsimeon/tac_hep_fpga/TAC-HEP-FPGA-HLS/week3/Week3b_HW/solution1/.autopilot/db/lec6Ex2a.pragma.2.cpp"    -fno-math-errno -c -emit-llvm -O0  -mllvm -disable-llvm-optzns -fno-threadsafe-statics  -fno-use-cxa-atexit -DAESL_SYN -D__SYNTHESIS__ -D__HLS_SYN__ -I "/opt/Xilinx/Vivado/2020.1/common/technology/autopilot" -I "/opt/Xilinx/Vivado/2020.1/common/technology/autopilot/ap_sysc" -include etc/autopilot_ssdm_op.h -D__DSP48E1__ -g -o "/afs/hep.wisc.edu/user/rsimeon/tac_hep_fpga/TAC-HEP-FPGA-HLS/week3/Week3b_HW/solution1/.autopilot/db/lec6Ex2a.bc" 
INFO-FLOW: exec /opt/Xilinx/Vivado/2020.1/lnx64/tools/clang/bin/clang -fno-limit-debug-info -gcc-toolchain /opt/Xilinx/Vivado/2020.1/lnx64/tools/gcc -hls -hls-analyze-label -hls-analyze-pragma -fno-exceptions -D__llvm__ -w /afs/hep.wisc.edu/user/rsimeon/tac_hep_fpga/TAC-HEP-FPGA-HLS/week3/Week3b_HW/solution1/.autopilot/db/lec6Ex2a.pragma.2.cpp -fno-math-errno -c -emit-llvm -O0 -mllvm -disable-llvm-optzns -fno-threadsafe-statics -fno-use-cxa-atexit -DAESL_SYN -D__SYNTHESIS__ -D__HLS_SYN__ -I /opt/Xilinx/Vivado/2020.1/common/technology/autopilot -I /opt/Xilinx/Vivado/2020.1/common/technology/autopilot/ap_sysc -include etc/autopilot_ssdm_op.h -D__DSP48E1__ -g -o /afs/hep.wisc.edu/user/rsimeon/tac_hep_fpga/TAC-HEP-FPGA-HLS/week3/Week3b_HW/solution1/.autopilot/db/lec6Ex2a.bc
Command       clang done; 3.87 sec.
INFO-FLOW: Linking Debug ...
Execute       llvm-ld /afs/hep.wisc.edu/user/rsimeon/tac_hep_fpga/TAC-HEP-FPGA-HLS/week3/Week3b_HW/solution1/.autopilot/db/lec6Ex2a.g.bc -hls-opt -except-internalize lec6Ex2a -L/opt/Xilinx/Vivado/2020.1/lnx64/lib -lhlsm -lhlsmc++ -o /afs/hep.wisc.edu/user/rsimeon/tac_hep_fpga/TAC-HEP-FPGA-HLS/week3/Week3b_HW/solution1/.autopilot/db/a.g 
Command       llvm-ld done; 1.56 sec.
INFO: [HLS 200-111] Finished Linking Time (s): cpu = 00:00:27 ; elapsed = 00:00:29 . Memory (MB): peak = 1775.270 ; gain = 1248.910 ; free physical = 78144 ; free virtual = 106778
INFO: [HLS 200-111] Finished Checking Pragmas Time (s): cpu = 00:00:27 ; elapsed = 00:00:29 . Memory (MB): peak = 1775.270 ; gain = 1248.910 ; free physical = 78144 ; free virtual = 106778
Execute       get_config_sdx -target 
Execute       opt_and_import_c a -opt_level=2 -skip_syncheck=0 -ng=0 -keep_printf=0 
Execute         cleanup_all_models 
INFO: [HLS 200-10] Starting code transformations ...
Execute         transform -promote-dbg-pointer /afs/hep.wisc.edu/user/rsimeon/tac_hep_fpga/TAC-HEP-FPGA-HLS/week3/Week3b_HW/solution1/.autopilot/db/a.pp.bc -o /afs/hep.wisc.edu/user/rsimeon/tac_hep_fpga/TAC-HEP-FPGA-HLS/week3/Week3b_HW/solution1/.autopilot/db/a.pp.0.bc -f 
Execute         llvm-ld /afs/hep.wisc.edu/user/rsimeon/tac_hep_fpga/TAC-HEP-FPGA-HLS/week3/Week3b_HW/solution1/.autopilot/db/a.pp.0.bc -disable-opt -L/opt/Xilinx/Vivado/2020.1/lnx64/lib -lfloatconversion -o /afs/hep.wisc.edu/user/rsimeon/tac_hep_fpga/TAC-HEP-FPGA-HLS/week3/Week3b_HW/solution1/.autopilot/db/a.g.0 
Command         llvm-ld done; 1.51 sec.
INFO-FLOW: Running Standard Transforms...
Execute         transform -hls -share-std-xform -demangle-name -inline-byval-memcpy -always-inline -stream-depth-lower -promote-dbg-pointer -interface-preproc -mem2reg -scalarrepl -mem2reg -keep-read-access -instcombine -dce -promote-dbg-pointer -bitop-raise -loop-simplify -indvarspre -indvars -loop-simplify -xunroll -constprop -instcombine -simplifycfg -indvars -simplifycfg -dce -globaldce -basicaa -simplifycfg -mem2reg -globalopt -global-constprop -deadargelim -instcombine -simplifycfg -prune-eh -simplifycfg -scalarrepl -instcombine -reassociate -licm -simplifycfg -loop-simplify -indvars -instcombine -simplifycfg -mem2reg -loop-simplify -indvars -instcombine -gvn -gvn -instcombine -adce -break-crit-edges -simplifycfg -loop-delete -global-array-opt -dce -dse -adce -find-syn-modules -top lec6Ex2a -deadargelim -mem2reg -instcombine -dce -presyn-prepare -auto-rom-infer -interface-preproc -syn-check -check-rec-only -find-region -simplifycfg -func-extr -function-inline -globaldce -mem2reg -instcombine -dce -gvn -globaldce -adce -adse -constprop -instcombine -bit-constprop -instcombine -dce -simplifycfg -bitop-raise -simplifycfg -dce -loop-delete -reassociate -globalopt -global-privatize -mem2reg -dce -global-constprop -pointer-simplify -constprop -dce -func-inst -deadargelim -auto-shift-reg-idiom -promote-dbg-pointer -norm-name /afs/hep.wisc.edu/user/rsimeon/tac_hep_fpga/TAC-HEP-FPGA-HLS/week3/Week3b_HW/solution1/.autopilot/db/a.g.0.bc -o /afs/hep.wisc.edu/user/rsimeon/tac_hep_fpga/TAC-HEP-FPGA-HLS/week3/Week3b_HW/solution1/.autopilot/db/a.g.1.bc -f -phase std-opt 
INFO: [XFORM 203-603] Inlining function 'squared' into 'lec6Ex2a' (lec6Ex2a.cpp:25).
INFO: [HLS 200-111] Finished Standard Transforms Time (s): cpu = 00:00:29 ; elapsed = 00:00:30 . Memory (MB): peak = 1775.270 ; gain = 1248.910 ; free physical = 77990 ; free virtual = 106625
INFO: [HLS 200-10] Checking synthesizability ...
INFO-FLOW: Checking Synthesizability 1/2..
Execute         transform -hls -syn-check -check-rec-only -disaggr -scalarrepl -norm-name -dce -mem2reg -instcombine -function-uniquify -directive-preproc -mem2reg -dse -dce -auto-rom-infer -dce -pag -array-normalize -instcombine -dce -warn-fifo-pointer -array-seg-normalize -instcombine -dce -array-flatten -instcombine -dce -array-burst -dce -deadargelim -promote-global-argument -simplifycfg -mem2reg -globaldce -dce -deadargelim -dce -instcombine -function-inline -globaldce -dce -doublePtrSimplify -doublePtrElim -dce -doublePtrSimplify -promote-dbg-pointer -dce -scalarrepl -dse -adse -instcombine -ptrLegalization -simplifycfg -dce -instcombine -pointer-simplify -ptrArgReplace -dce -instcombine -resolve-double-ptr -disaggr -scalarrepl -norm-name -dce -mem2reg -instcombine -ptrLegalization -simplifycfg -deadargelim -instcombine -dce -inst-simplify -function-uniquify -directive-preproc -mem2reg -dse -dce -globaldce -check-dspbuiltin /afs/hep.wisc.edu/user/rsimeon/tac_hep_fpga/TAC-HEP-FPGA-HLS/week3/Week3b_HW/solution1/.autopilot/db/a.g.1.bc -o /afs/hep.wisc.edu/user/rsimeon/tac_hep_fpga/TAC-HEP-FPGA-HLS/week3/Week3b_HW/solution1/.autopilot/db/a.g.2.prechk.bc -f 
INFO-FLOW: Checking Synthesizability 2/2..
Execute         transform -syn-check /afs/hep.wisc.edu/user/rsimeon/tac_hep_fpga/TAC-HEP-FPGA-HLS/week3/Week3b_HW/solution1/.autopilot/db/a.g.2.prechk.bc -o /afs/hep.wisc.edu/user/rsimeon/tac_hep_fpga/TAC-HEP-FPGA-HLS/week3/Week3b_HW/solution1/.autopilot/db/a.g.2.bc -f -phase syn-check 
INFO: [HLS 200-111] Finished Checking Synthesizability Time (s): cpu = 00:00:29 ; elapsed = 00:00:31 . Memory (MB): peak = 1775.270 ; gain = 1248.910 ; free physical = 77985 ; free virtual = 106621
INFO-FLOW: Compiler optimizing ...
INFO-FLOW: Share syncheck's 1.bc for syn flow: copy /afs/hep.wisc.edu/user/rsimeon/tac_hep_fpga/TAC-HEP-FPGA-HLS/week3/Week3b_HW/solution1/.autopilot/db/a.g.1.bc to /afs/hep.wisc.edu/user/rsimeon/tac_hep_fpga/TAC-HEP-FPGA-HLS/week3/Week3b_HW/solution1/.autopilot/db/a.o.1.bc
INFO-FLOW: Presyn 1...
Execute         transform -hls -tmp /afs/hep.wisc.edu/user/rsimeon/tac_hep_fpga/TAC-HEP-FPGA-HLS/week3/Week3b_HW/solution1/.autopilot/db -interface-port-rename -type-info -function-uniquify -directive-preproc -mem2reg -dse -dce -disaggr -scalarrepl -norm-name -deadargelim -mem2reg -instcombine -dce -simplifycfg -auto-rom-infer -dce -function-uniquify -resource-proc -clib-intrinsic-prepare -dce -func-buffer -dce -pag -array-normalize -func-legal -instcombine -gvn -constprop -dce -simplifycfg -mem2reg -globaldce -resolve-double-ptr -dce -deadargelim -dce -instcombine -ptrArgReplace -mem2reg -dce -array-seg-normalize -deadargelim -instcombine -dce -pointer-simplify -dce -port-alignment -dce -interface-preproc -data-pack -instcombine -dce -basicaa -aggr-aa -aggrmodref-aa -aggr-aa -gvn -gvn -basicaa -aggr-aa -aggrmodref-aa -aggr-aa -dse -adse -adce -loop-simplify -indvars -instcombine -gvn -loop-simplify -mem2reg -dce -find-region -instcombine -auto-loop-pipeline -inst-simplify -interface-preproc -cfgopt -instcombine -indvars -auto-loop-unroll -loop-simplify -loop-bound -xunroll -constprop -instcombine -simplifycfg -indvars -simplifycfg -dce -globaldce -clean-region -attach-range -gvn -inst-simplify -constprop -simplifycfg -dce -pointer-simplify -dce -globalopt -constprop -dce -array-promote -constprop -dce -ptrArgReplace -mem2reg -simplifycfg -dce -auto-par -instcombine -dce -array-transform-check -array-reshape -instcombine -simplifycfg -dce -ptrArgReplace -deadargelim -mem2reg -instcombine -simplifycfg -dce -indvars -loop-simplify -loop-bound -xunroll -constprop -instcombine -simplifycfg -indvars -simplifycfg -dce -globaldce -basicaa -aggr-aa -aggrmodref-aa -aggr-aa -dse -duplicate-dataflow-processes -globaldce -instcombine -array-partition -instcombine -simplifycfg -dce -ptrArgReplace -global-constprop -deadargelim -mem2reg -func-legal -dce -global-constprop -deadargelim -mem2reg -simplifycfg -dce -merge-param -deadargelim -globalopt -constprop -dce -array-promote -constprop -dce -ptrArgReplace -mem2reg -simplifycfg -dce -mem-intrinsic-preproc -dce -global-internalize -global-privatize -mem2reg -globaldce -promote-global-argument -ptrArgReplace -mem2reg -dce -globalopt -mergereturn -simplify-global-access -mem2reg -dce -pointer-simplify -dce -functionattrs -basicaa -aggr-aa -aggrmodref-aa -aggr-aa -gvn -gvn -basicaa -aggr-aa -aggrmodref-aa -aggr-aa -dse -adse -adce -dce -norm-name -function-inline -complex-op-raise -inst-simplify -globaldce -func-inst -constprop -instcombine -simplifycfg -dce -func-legal -dce -loop-bound -arraycheck -bitwidthmin -on-by-dataflow -loop-delete -instcombine -simplifycfg -globaldce -dce -gvn -deadargelim -dce -loop-simplify -clean-region -simplifycfg -propagate-stable-arguments -loop-stream -instcombine -simplifycfg -dce -globaldce -duplicate-dataflow-processes -stream-intrinsic-preproc -dce -check-ap-stream -loop-simplify -eliminate-keepreads -extract-dataflow-in-loop -loop-simplify -dce -gvn -deadargelim -dse -check-dataflow-syntax -legalize-stream-variable -legalize-global -extract-subproc -dce -dead-channel-elimination -canonicalize-gep -globaldce -dce -gvn -deadargelim -annotate-dataflow-channels -scalar-propagation -deadargelim -globaldce -mem2reg -check-dataflow-channels -function-stream -dce -globaldce -prop-fifo-spec -internal-stream-gen -canonicalize-gep -globaldce -dce -gvn -deadargelim -mergereturn -indvars -loop-simplify -instcombine -array-stream -array-seg-normalize -array-partition -func-legal -instcombine -simplifycfg -dce -bundle-memfifo-ops -deadargelim -function-uniquify -directive-preproc -mem2reg -dse -dce -group-axi-access -licm -simplifycfg -dce -loop-delete -norm-name /afs/hep.wisc.edu/user/rsimeon/tac_hep_fpga/TAC-HEP-FPGA-HLS/week3/Week3b_HW/solution1/.autopilot/db/a.o.1.bc -o /afs/hep.wisc.edu/user/rsimeon/tac_hep_fpga/TAC-HEP-FPGA-HLS/week3/Week3b_HW/solution1/.autopilot/db/a.o.1.tmp.bc -f 
INFO: [XFORM 203-101] Partitioning array 'in.V' (lec6Ex2a.cpp:4) in dimension 1 completely.
WARNING: [XFORM 203-104] Completely partitioning array 'out.V' (lec6Ex2a.cpp:8) accessed through non-constant indices on dimension 1 (lec6Ex2a.cpp:26:6), which may result in long runtime and suboptimal QoR due to large multiplexers. Please consider wrapping the array access into a function or using a register file core instead.
INFO: [XFORM 203-101] Partitioning array 'out.V' (lec6Ex2a.cpp:8) in dimension 1 completely.
Command         transform done; 0.41 sec.
INFO-FLOW: Presyn 2...
Execute         transform -hls -keep-callgraph -scalarrepl -mem2reg -port-alignment -attach-range -dce -pipe-mux-gen -indvars -loop-bound -inst-simplify -instcombine -dce -merge-array-access -mem2reg -dce -clean-region -mergereturn -if-conv -instcombine -dce -constprop -basicaa -aggr-aa -aggrmodref-aa -aggr-aa -gvn -gvn -basicaa -aggr-aa -aggrmodref-aa -aggr-aa -dse -adse -adce -scalarrepl -mem2reg -global-constprop -deadargelim -deadargelim -instcombine -dce -simplifycfg -ptrArgReplace -mem2reg -function-inline -globaldce -mem2reg -instcombine -dce -expr-balance -instcombine -dce -bitwidthmin -interface-preproc -directive-preproc -inst-rectify -instcombine -dce -functionattrs -constprop -instcombine -bit-constprop -simplify-global-access -globalopt -globaldce -inst-simplify -instcombine -elimdeaddata -dce -loop-delete -simplifycfg -loop-simplify -auto-burst -norm-name /afs/hep.wisc.edu/user/rsimeon/tac_hep_fpga/TAC-HEP-FPGA-HLS/week3/Week3b_HW/solution1/.autopilot/db/a.o.1.tmp.bc -o /afs/hep.wisc.edu/user/rsimeon/tac_hep_fpga/TAC-HEP-FPGA-HLS/week3/Week3b_HW/solution1/.autopilot/db/a.o.2.bc -f -phase presyn 
Command         transform done; 0.35 sec.
INFO: [HLS 200-111] Finished Pre-synthesis Time (s): cpu = 00:00:30 ; elapsed = 00:00:31 . Memory (MB): peak = 1775.270 ; gain = 1248.910 ; free physical = 77997 ; free virtual = 106634
INFO-FLOW: Building ssdm...
Execute         transform -hls -function-uniquify -auto-function-inline -globaldce -ptrArgReplace -mem2reg -dce -reset-lda -loop-simplify -indvars -licm -loop-dep -loop-bound -licm -loop-simplify -flattenloopnest -array-flatten -gvn -instcombine -dce -array-map -dce -func-legal -gvn -adce -instcombine -cfgopt -simplifycfg -loop-simplify -array-burst -promote-global-argument -dce -ptrLegalization -axi4-lower -array-seg-normalize -basicaa -aggrmodref-aa -globalsmodref-aa -aggr-aa -gvn -gvn -basicaa -aggrmodref-aa -globalsmodref-aa -aggr-aa -dse -adse -adce -licm -inst-simplify -dce -globaldce -instcombine -array-stream -eliminate-keepreads -instcombine -dce -deadargelim -doublePtrSimplify -doublePtrElim -dce -doublePtrSimplify -promote-dbg-pointer -dce -scalarrepl -mem2reg -disaggr -norm-name -mem2reg -instcombine -dse -adse -adce -ptrLegalization -dce -auto-rom-infer -array-flatten -dce -instcombine -check-doubleptr -loop-rot -constprop -cfgopt -simplifycfg -loop-simplify -indvars -pointer-simplify -dce -loop-bound -loop-simplify -loop-preproc -constprop -global-constprop -gvn -mem2reg -instcombine -dce -loop-bound -loop-merge -dce -bitwidthmin -deadargelim -dce -canonicalize-dataflow -dce -scalar-propagation -deadargelim -globaldce -mem2reg -read-loop-dep -interface-preproc -directive-preproc -interface-gen -bram-byte-enable -deadargelim -inst-simplify -dce -gvn -mem2reg -instcombine -dce -adse -loop-bound -instcombine -cfgopt -simplifycfg -loop-simplify -clean-region -io-protocol -find-region -mem2reg -bitop-raise -complex-op-raise -inst-simplify -inst-rectify -instcombine -adce -deadargelim -loop-simplify -phi-opt -bitop-raise -cfgopt -simplifycfg -strip-dead-prototypes -interface-lower -bitop-lower -intrinsic-lower -auto-function-inline -basicaa -aggrmodref-aa -globalsmodref-aa -aggr-aa -inst-simplify -simplifycfg -loop-simplify -mergereturn -inst-simplify -inst-rectify -dce -load-elim -bitop-lower -loop-rewind -pointer-simplify -dce -cfgopt -dce -loop-bound -loop-dep -read-loop-dep -dce -check-stream -norm-name -legalize -validate-dataflow -inst-clarity -bitwidth -dump-loop-dep-to-ir -check-all-ssdm -cdfg-build /afs/hep.wisc.edu/user/rsimeon/tac_hep_fpga/TAC-HEP-FPGA-HLS/week3/Week3b_HW/solution1/.autopilot/db/a.o.2.bc -o /afs/hep.wisc.edu/user/rsimeon/tac_hep_fpga/TAC-HEP-FPGA-HLS/week3/Week3b_HW/solution1/.autopilot/db/a.o.3.bc -f -phase build-ssdm 
Command         transform done; 0.99 sec.
INFO: [HLS 200-111] Finished Architecture Synthesis Time (s): cpu = 00:00:31 ; elapsed = 00:00:32 . Memory (MB): peak = 1775.270 ; gain = 1248.910 ; free physical = 77939 ; free virtual = 106577
INFO-FLOW: Finish building internal data model.
Command       opt_and_import_c done; 3.55 sec.
Command     elaborate done; 28.56 sec.
Execute     autosyn -from_csynth_design=1 
INFO: [HLS 200-10] Starting hardware synthesis ...
INFO-FLOW: Synthesizing C/C++ design ...
INFO: [HLS 200-10] Synthesizing 'lec6Ex2a' ...
Execute       ap_set_top_model lec6Ex2a 
Execute       get_model_list lec6Ex2a -filter all-wo-channel -topdown 
Execute       preproc_iomode -model lec6Ex2a 
Execute       get_model_list lec6Ex2a -filter all-wo-channel 
INFO-FLOW: Model list for configure: lec6Ex2a
INFO-FLOW: Configuring Module : lec6Ex2a ...
Execute       set_default_model lec6Ex2a 
Execute       apply_spec_resource_limit lec6Ex2a 
INFO-FLOW: Model list for preprocess: lec6Ex2a
INFO-FLOW: Preprocessing Module: lec6Ex2a ...
Execute       set_default_model lec6Ex2a 
Execute       cdfg_preprocess -model lec6Ex2a 
Execute       rtl_gen_preprocess lec6Ex2a 
INFO-FLOW: Model list for synthesis: lec6Ex2a
INFO: [HLS 200-10] ----------------------------------------------------------------
INFO: [HLS 200-42] -- Implementing module 'lec6Ex2a' 
INFO: [HLS 200-10] ----------------------------------------------------------------
Execute       set_default_model lec6Ex2a 
Execute       schedule -model lec6Ex2a 
INFO: [SCHED 204-11] Starting scheduling ...
INFO: [SCHED 204-11] Finished scheduling.
Command       schedule done; 0.21 sec.
INFO: [HLS 200-111]  Elapsed time: 32.61 seconds; current allocated memory: 167.150 MB.
Execute       syn_report -verbosereport -o /afs/hep.wisc.edu/user/rsimeon/tac_hep_fpga/TAC-HEP-FPGA-HLS/week3/Week3b_HW/solution1/.autopilot/db/lec6Ex2a.verbose.sched.rpt 
Command       syn_report done; 0.11 sec.
Execute       db_write -o /afs/hep.wisc.edu/user/rsimeon/tac_hep_fpga/TAC-HEP-FPGA-HLS/week3/Week3b_HW/solution1/.autopilot/db/lec6Ex2a.sched.adb -f 
Command       db_write done; 0.16 sec.
INFO-FLOW: Finish scheduling lec6Ex2a.
Execute       set_default_model lec6Ex2a 
Execute       bind -model lec6Ex2a 
BIND OPTION: model=lec6Ex2a
INFO: [BIND 205-100] Starting micro-architecture generation ...
INFO: [BIND 205-101] Performing variable lifetime analysis.
INFO: [BIND 205-101] Exploring resource sharing.
INFO: [BIND 205-101] Binding ...
INFO: [BIND 205-100] Finished micro-architecture generation.
INFO: [HLS 200-111]  Elapsed time: 0.3 seconds; current allocated memory: 168.709 MB.
Execute       syn_report -verbosereport -o /afs/hep.wisc.edu/user/rsimeon/tac_hep_fpga/TAC-HEP-FPGA-HLS/week3/Week3b_HW/solution1/.autopilot/db/lec6Ex2a.verbose.bind.rpt 
Command       syn_report done; 0.13 sec.
Execute       db_write -o /afs/hep.wisc.edu/user/rsimeon/tac_hep_fpga/TAC-HEP-FPGA-HLS/week3/Week3b_HW/solution1/.autopilot/db/lec6Ex2a.bind.adb -f 
Command       db_write done; 0.34 sec.
INFO-FLOW: Finish binding lec6Ex2a.
Execute       get_model_list lec6Ex2a -filter all-wo-channel 
INFO-FLOW: Preprocessing for RTLGen ...
Execute       rtl_gen_preprocess lec6Ex2a 
INFO-FLOW: Model list for RTL generation: lec6Ex2a
INFO: [HLS 200-10] ----------------------------------------------------------------
INFO: [HLS 200-10] -- Generating RTL for module 'lec6Ex2a' 
INFO: [HLS 200-10] ----------------------------------------------------------------
Execute       get_config_rtl -module_prefix 
Execute       get_config_rtl -module_auto_prefix 
Execute       create_rtl_model lec6Ex2a -vendor xilinx -mg_file /afs/hep.wisc.edu/user/rsimeon/tac_hep_fpga/TAC-HEP-FPGA-HLS/week3/Week3b_HW/solution1/.autopilot/db/lec6Ex2a.compgen.tcl 
INFO: [RTGEN 206-500] Setting interface mode on port 'lec6Ex2a/in_0_V' to 'ap_none'.
INFO: [RTGEN 206-500] Setting interface mode on port 'lec6Ex2a/in_1_V' to 'ap_none'.
INFO: [RTGEN 206-500] Setting interface mode on port 'lec6Ex2a/in_2_V' to 'ap_none'.
INFO: [RTGEN 206-500] Setting interface mode on port 'lec6Ex2a/in_3_V' to 'ap_none'.
INFO: [RTGEN 206-500] Setting interface mode on port 'lec6Ex2a/in_4_V' to 'ap_none'.
INFO: [RTGEN 206-500] Setting interface mode on port 'lec6Ex2a/in_5_V' to 'ap_none'.
INFO: [RTGEN 206-500] Setting interface mode on port 'lec6Ex2a/in_6_V' to 'ap_none'.
INFO: [RTGEN 206-500] Setting interface mode on port 'lec6Ex2a/in_7_V' to 'ap_none'.
INFO: [RTGEN 206-500] Setting interface mode on port 'lec6Ex2a/in_8_V' to 'ap_none'.
INFO: [RTGEN 206-500] Setting interface mode on port 'lec6Ex2a/in_9_V' to 'ap_none'.
INFO: [RTGEN 206-500] Setting interface mode on port 'lec6Ex2a/in_10_V' to 'ap_none'.
INFO: [RTGEN 206-500] Setting interface mode on port 'lec6Ex2a/in_11_V' to 'ap_none'.
INFO: [RTGEN 206-500] Setting interface mode on port 'lec6Ex2a/in_12_V' to 'ap_none'.
INFO: [RTGEN 206-500] Setting interface mode on port 'lec6Ex2a/in_13_V' to 'ap_none'.
INFO: [RTGEN 206-500] Setting interface mode on port 'lec6Ex2a/in_14_V' to 'ap_none'.
INFO: [RTGEN 206-500] Setting interface mode on port 'lec6Ex2a/in_15_V' to 'ap_none'.
INFO: [RTGEN 206-500] Setting interface mode on port 'lec6Ex2a/in_16_V' to 'ap_none'.
INFO: [RTGEN 206-500] Setting interface mode on port 'lec6Ex2a/in_17_V' to 'ap_none'.
INFO: [RTGEN 206-500] Setting interface mode on port 'lec6Ex2a/in_18_V' to 'ap_none'.
INFO: [RTGEN 206-500] Setting interface mode on port 'lec6Ex2a/in_19_V' to 'ap_none'.
INFO: [RTGEN 206-500] Setting interface mode on port 'lec6Ex2a/in_20_V' to 'ap_none'.
INFO: [RTGEN 206-500] Setting interface mode on port 'lec6Ex2a/in_21_V' to 'ap_none'.
INFO: [RTGEN 206-500] Setting interface mode on port 'lec6Ex2a/in_22_V' to 'ap_none'.
INFO: [RTGEN 206-500] Setting interface mode on port 'lec6Ex2a/in_23_V' to 'ap_none'.
INFO: [RTGEN 206-500] Setting interface mode on port 'lec6Ex2a/in_24_V' to 'ap_none'.
INFO: [RTGEN 206-500] Setting interface mode on port 'lec6Ex2a/in_25_V' to 'ap_none'.
INFO: [RTGEN 206-500] Setting interface mode on port 'lec6Ex2a/in_26_V' to 'ap_none'.
INFO: [RTGEN 206-500] Setting interface mode on port 'lec6Ex2a/in_27_V' to 'ap_none'.
INFO: [RTGEN 206-500] Setting interface mode on port 'lec6Ex2a/in_28_V' to 'ap_none'.
INFO: [RTGEN 206-500] Setting interface mode on port 'lec6Ex2a/in_29_V' to 'ap_none'.
INFO: [RTGEN 206-500] Setting interface mode on port 'lec6Ex2a/a_V' to 'ap_none'.
INFO: [RTGEN 206-500] Setting interface mode on port 'lec6Ex2a/b_V' to 'ap_none'.
INFO: [RTGEN 206-500] Setting interface mode on port 'lec6Ex2a/c_V' to 'ap_none'.
INFO: [RTGEN 206-500] Setting interface mode on port 'lec6Ex2a/out_0_V' to 'ap_vld'.
INFO: [RTGEN 206-500] Setting interface mode on port 'lec6Ex2a/out_1_V' to 'ap_vld'.
INFO: [RTGEN 206-500] Setting interface mode on port 'lec6Ex2a/out_2_V' to 'ap_vld'.
INFO: [RTGEN 206-500] Setting interface mode on port 'lec6Ex2a/out_3_V' to 'ap_vld'.
INFO: [RTGEN 206-500] Setting interface mode on port 'lec6Ex2a/out_4_V' to 'ap_vld'.
INFO: [RTGEN 206-500] Setting interface mode on port 'lec6Ex2a/out_5_V' to 'ap_vld'.
INFO: [RTGEN 206-500] Setting interface mode on port 'lec6Ex2a/out_6_V' to 'ap_vld'.
INFO: [RTGEN 206-500] Setting interface mode on port 'lec6Ex2a/out_7_V' to 'ap_vld'.
INFO: [RTGEN 206-500] Setting interface mode on port 'lec6Ex2a/out_8_V' to 'ap_vld'.
INFO: [RTGEN 206-500] Setting interface mode on port 'lec6Ex2a/out_9_V' to 'ap_vld'.
INFO: [RTGEN 206-500] Setting interface mode on port 'lec6Ex2a/out_10_V' to 'ap_vld'.
INFO: [RTGEN 206-500] Setting interface mode on port 'lec6Ex2a/out_11_V' to 'ap_vld'.
INFO: [RTGEN 206-500] Setting interface mode on port 'lec6Ex2a/out_12_V' to 'ap_vld'.
INFO: [RTGEN 206-500] Setting interface mode on port 'lec6Ex2a/out_13_V' to 'ap_vld'.
INFO: [RTGEN 206-500] Setting interface mode on port 'lec6Ex2a/out_14_V' to 'ap_vld'.
INFO: [RTGEN 206-500] Setting interface mode on port 'lec6Ex2a/out_15_V' to 'ap_vld'.
INFO: [RTGEN 206-500] Setting interface mode on port 'lec6Ex2a/out_16_V' to 'ap_vld'.
INFO: [RTGEN 206-500] Setting interface mode on port 'lec6Ex2a/out_17_V' to 'ap_vld'.
INFO: [RTGEN 206-500] Setting interface mode on port 'lec6Ex2a/out_18_V' to 'ap_vld'.
INFO: [RTGEN 206-500] Setting interface mode on port 'lec6Ex2a/out_19_V' to 'ap_vld'.
INFO: [RTGEN 206-500] Setting interface mode on port 'lec6Ex2a/out_20_V' to 'ap_vld'.
INFO: [RTGEN 206-500] Setting interface mode on port 'lec6Ex2a/out_21_V' to 'ap_vld'.
INFO: [RTGEN 206-500] Setting interface mode on port 'lec6Ex2a/out_22_V' to 'ap_vld'.
INFO: [RTGEN 206-500] Setting interface mode on port 'lec6Ex2a/out_23_V' to 'ap_vld'.
INFO: [RTGEN 206-500] Setting interface mode on port 'lec6Ex2a/out_24_V' to 'ap_vld'.
INFO: [RTGEN 206-500] Setting interface mode on port 'lec6Ex2a/out_25_V' to 'ap_vld'.
INFO: [RTGEN 206-500] Setting interface mode on port 'lec6Ex2a/out_26_V' to 'ap_vld'.
INFO: [RTGEN 206-500] Setting interface mode on port 'lec6Ex2a/out_27_V' to 'ap_vld'.
INFO: [RTGEN 206-500] Setting interface mode on port 'lec6Ex2a/out_28_V' to 'ap_vld'.
INFO: [RTGEN 206-500] Setting interface mode on port 'lec6Ex2a/out_29_V' to 'ap_vld'.
INFO: [RTGEN 206-500] Setting interface mode on port 'lec6Ex2a/out_30_V' to 'ap_vld'.
INFO: [RTGEN 206-500] Setting interface mode on port 'lec6Ex2a/out_31_V' to 'ap_vld'.
INFO: [RTGEN 206-500] Setting interface mode on port 'lec6Ex2a/out_32_V' to 'ap_vld'.
INFO: [RTGEN 206-500] Setting interface mode on port 'lec6Ex2a/out_33_V' to 'ap_vld'.
INFO: [RTGEN 206-500] Setting interface mode on port 'lec6Ex2a/out_34_V' to 'ap_vld'.
INFO: [RTGEN 206-500] Setting interface mode on port 'lec6Ex2a/out_35_V' to 'ap_vld'.
INFO: [RTGEN 206-500] Setting interface mode on port 'lec6Ex2a/out_36_V' to 'ap_vld'.
INFO: [RTGEN 206-500] Setting interface mode on port 'lec6Ex2a/out_37_V' to 'ap_vld'.
INFO: [RTGEN 206-500] Setting interface mode on port 'lec6Ex2a/out_38_V' to 'ap_vld'.
INFO: [RTGEN 206-500] Setting interface mode on port 'lec6Ex2a/out_39_V' to 'ap_vld'.
INFO: [RTGEN 206-500] Setting interface mode on port 'lec6Ex2a/out_40_V' to 'ap_vld'.
INFO: [RTGEN 206-500] Setting interface mode on port 'lec6Ex2a/out_41_V' to 'ap_vld'.
INFO: [RTGEN 206-500] Setting interface mode on port 'lec6Ex2a/out_42_V' to 'ap_vld'.
INFO: [RTGEN 206-500] Setting interface mode on port 'lec6Ex2a/out_43_V' to 'ap_vld'.
INFO: [RTGEN 206-500] Setting interface mode on port 'lec6Ex2a/out_44_V' to 'ap_vld'.
INFO: [RTGEN 206-500] Setting interface mode on port 'lec6Ex2a/out_45_V' to 'ap_vld'.
INFO: [RTGEN 206-500] Setting interface mode on port 'lec6Ex2a/out_46_V' to 'ap_vld'.
INFO: [RTGEN 206-500] Setting interface mode on port 'lec6Ex2a/out_47_V' to 'ap_vld'.
INFO: [RTGEN 206-500] Setting interface mode on port 'lec6Ex2a/out_48_V' to 'ap_vld'.
INFO: [RTGEN 206-500] Setting interface mode on port 'lec6Ex2a/out_49_V' to 'ap_vld'.
INFO: [RTGEN 206-500] Setting interface mode on port 'lec6Ex2a/out_50_V' to 'ap_vld'.
INFO: [RTGEN 206-500] Setting interface mode on port 'lec6Ex2a/out_51_V' to 'ap_vld'.
INFO: [RTGEN 206-500] Setting interface mode on port 'lec6Ex2a/out_52_V' to 'ap_vld'.
INFO: [RTGEN 206-500] Setting interface mode on port 'lec6Ex2a/out_53_V' to 'ap_vld'.
INFO: [RTGEN 206-500] Setting interface mode on port 'lec6Ex2a/out_54_V' to 'ap_vld'.
INFO: [RTGEN 206-500] Setting interface mode on port 'lec6Ex2a/out_55_V' to 'ap_vld'.
INFO: [RTGEN 206-500] Setting interface mode on port 'lec6Ex2a/out_56_V' to 'ap_vld'.
INFO: [RTGEN 206-500] Setting interface mode on port 'lec6Ex2a/out_57_V' to 'ap_vld'.
INFO: [RTGEN 206-500] Setting interface mode on port 'lec6Ex2a/out_58_V' to 'ap_vld'.
INFO: [RTGEN 206-500] Setting interface mode on port 'lec6Ex2a/out_59_V' to 'ap_vld'.
INFO: [RTGEN 206-500] Setting interface mode on port 'lec6Ex2a/out_60_V' to 'ap_vld'.
INFO: [RTGEN 206-500] Setting interface mode on port 'lec6Ex2a/out_61_V' to 'ap_vld'.
INFO: [RTGEN 206-500] Setting interface mode on port 'lec6Ex2a/out_62_V' to 'ap_vld'.
INFO: [RTGEN 206-500] Setting interface mode on port 'lec6Ex2a/out_63_V' to 'ap_vld'.
INFO: [RTGEN 206-500] Setting interface mode on port 'lec6Ex2a/out_64_V' to 'ap_vld'.
INFO: [RTGEN 206-500] Setting interface mode on port 'lec6Ex2a/out_65_V' to 'ap_vld'.
INFO: [RTGEN 206-500] Setting interface mode on port 'lec6Ex2a/out_66_V' to 'ap_vld'.
INFO: [RTGEN 206-500] Setting interface mode on port 'lec6Ex2a/out_67_V' to 'ap_vld'.
INFO: [RTGEN 206-500] Setting interface mode on port 'lec6Ex2a/out_68_V' to 'ap_vld'.
INFO: [RTGEN 206-500] Setting interface mode on port 'lec6Ex2a/out_69_V' to 'ap_vld'.
INFO: [RTGEN 206-500] Setting interface mode on port 'lec6Ex2a/out_70_V' to 'ap_vld'.
INFO: [RTGEN 206-500] Setting interface mode on port 'lec6Ex2a/out_71_V' to 'ap_vld'.
INFO: [RTGEN 206-500] Setting interface mode on port 'lec6Ex2a/out_72_V' to 'ap_vld'.
INFO: [RTGEN 206-500] Setting interface mode on port 'lec6Ex2a/out_73_V' to 'ap_vld'.
INFO: [RTGEN 206-500] Setting interface mode on port 'lec6Ex2a/out_74_V' to 'ap_vld'.
INFO: [RTGEN 206-500] Setting interface mode on port 'lec6Ex2a/out_75_V' to 'ap_vld'.
INFO: [RTGEN 206-500] Setting interface mode on port 'lec6Ex2a/out_76_V' to 'ap_vld'.
INFO: [RTGEN 206-500] Setting interface mode on port 'lec6Ex2a/out_77_V' to 'ap_vld'.
INFO: [RTGEN 206-500] Setting interface mode on port 'lec6Ex2a/out_78_V' to 'ap_vld'.
INFO: [RTGEN 206-500] Setting interface mode on port 'lec6Ex2a/out_79_V' to 'ap_vld'.
INFO: [RTGEN 206-500] Setting interface mode on port 'lec6Ex2a/out_80_V' to 'ap_vld'.
INFO: [RTGEN 206-500] Setting interface mode on port 'lec6Ex2a/out_81_V' to 'ap_vld'.
INFO: [RTGEN 206-500] Setting interface mode on port 'lec6Ex2a/out_82_V' to 'ap_vld'.
INFO: [RTGEN 206-500] Setting interface mode on port 'lec6Ex2a/out_83_V' to 'ap_vld'.
INFO: [RTGEN 206-500] Setting interface mode on port 'lec6Ex2a/out_84_V' to 'ap_vld'.
INFO: [RTGEN 206-500] Setting interface mode on port 'lec6Ex2a/out_85_V' to 'ap_vld'.
INFO: [RTGEN 206-500] Setting interface mode on port 'lec6Ex2a/out_86_V' to 'ap_vld'.
INFO: [RTGEN 206-500] Setting interface mode on port 'lec6Ex2a/out_87_V' to 'ap_vld'.
INFO: [RTGEN 206-500] Setting interface mode on port 'lec6Ex2a/out_88_V' to 'ap_vld'.
INFO: [RTGEN 206-500] Setting interface mode on port 'lec6Ex2a/out_89_V' to 'ap_vld'.
INFO: [RTGEN 206-500] Setting interface mode on function 'lec6Ex2a' to 'ap_ctrl_hs'.
INFO: [SYN 201-210] Renamed object name 'lec6Ex2a_mux_42_8_1_1' to 'lec6Ex2a_mux_42_8bkb' due to the length limit 20
INFO: [SYN 201-210] Renamed object name 'lec6Ex2a_mux_305_8_1_1' to 'lec6Ex2a_mux_305_cud' due to the length limit 20
INFO: [SYN 201-210] Renamed object name 'lec6Ex2a_mac_muladd_8s_2ns_8ns_8_1_1' to 'lec6Ex2a_mac_muladEe' due to the length limit 20
INFO: [RTGEN 206-100] Generating core module 'lec6Ex2a_mac_muladEe': 1 instance(s).
INFO: [RTGEN 206-100] Generating core module 'lec6Ex2a_mux_305_cud': 1 instance(s).
INFO: [RTGEN 206-100] Generating core module 'lec6Ex2a_mux_42_8bkb': 1 instance(s).
INFO: [RTGEN 206-100] Finished creating RTL model for 'lec6Ex2a'.
Command       create_rtl_model done; 0.53 sec.
INFO: [HLS 200-111]  Elapsed time: 1.01 seconds; current allocated memory: 170.151 MB.
Execute       source /afs/hep.wisc.edu/user/rsimeon/tac_hep_fpga/TAC-HEP-FPGA-HLS/week3/Week3b_HW/solution1/.autopilot/db/lec6Ex2a.rtl_wrap.cfg.tcl 
Execute       gen_rtl lec6Ex2a -istop -style xilinx -tracefl mytrace -tracefmt vcd -traceopt all -f -lang sc -o /afs/hep.wisc.edu/user/rsimeon/tac_hep_fpga/TAC-HEP-FPGA-HLS/week3/Week3b_HW/solution1/syn/systemc/lec6Ex2a -synmodules lec6Ex2a 
Execute       gen_rtl lec6Ex2a -istop -style xilinx -f -lang vhdl -o /afs/hep.wisc.edu/user/rsimeon/tac_hep_fpga/TAC-HEP-FPGA-HLS/week3/Week3b_HW/solution1/syn/vhdl/lec6Ex2a 
Execute       gen_rtl lec6Ex2a -istop -style xilinx -f -lang vlog -o /afs/hep.wisc.edu/user/rsimeon/tac_hep_fpga/TAC-HEP-FPGA-HLS/week3/Week3b_HW/solution1/syn/verilog/lec6Ex2a 
Execute       syn_report -csynth -model lec6Ex2a -o /afs/hep.wisc.edu/user/rsimeon/tac_hep_fpga/TAC-HEP-FPGA-HLS/week3/Week3b_HW/solution1/syn/report/lec6Ex2a_csynth.rpt 
Execute       syn_report -rtlxml -model lec6Ex2a -o /afs/hep.wisc.edu/user/rsimeon/tac_hep_fpga/TAC-HEP-FPGA-HLS/week3/Week3b_HW/solution1/syn/report/lec6Ex2a_csynth.xml 
Execute       syn_report -verbosereport -model lec6Ex2a -o /afs/hep.wisc.edu/user/rsimeon/tac_hep_fpga/TAC-HEP-FPGA-HLS/week3/Week3b_HW/solution1/.autopilot/db/lec6Ex2a.verbose.rpt 
Command       syn_report done; 0.16 sec.
Execute       db_write -model lec6Ex2a -f -o /afs/hep.wisc.edu/user/rsimeon/tac_hep_fpga/TAC-HEP-FPGA-HLS/week3/Week3b_HW/solution1/.autopilot/db/lec6Ex2a.adb 
Command       db_write done; 0.33 sec.
Execute       gen_tb_info lec6Ex2a -p /afs/hep.wisc.edu/user/rsimeon/tac_hep_fpga/TAC-HEP-FPGA-HLS/week3/Week3b_HW/solution1/.autopilot/db -o /afs/hep.wisc.edu/user/rsimeon/tac_hep_fpga/TAC-HEP-FPGA-HLS/week3/Week3b_HW/solution1/.autopilot/db/lec6Ex2a 
Execute       export_constraint_db -f -tool general -o /afs/hep.wisc.edu/user/rsimeon/tac_hep_fpga/TAC-HEP-FPGA-HLS/week3/Week3b_HW/solution1/.autopilot/db/lec6Ex2a.constraint.tcl 
Execute       syn_report -designview -model lec6Ex2a -o /afs/hep.wisc.edu/user/rsimeon/tac_hep_fpga/TAC-HEP-FPGA-HLS/week3/Week3b_HW/solution1/.autopilot/db/lec6Ex2a.design.xml 
Execute       get_config_rtl -disable_wave_debug 
Execute       syn_report -wcfg -model lec6Ex2a -o /afs/hep.wisc.edu/user/rsimeon/tac_hep_fpga/TAC-HEP-FPGA-HLS/week3/Week3b_HW/solution1/.autopilot/db/lec6Ex2a_dataflow_ana.wcfg 
Execute       syn_report -protoinst -model lec6Ex2a -o /afs/hep.wisc.edu/user/rsimeon/tac_hep_fpga/TAC-HEP-FPGA-HLS/week3/Week3b_HW/solution1/.autopilot/db/lec6Ex2a.protoinst 
Execute       get_config_debug -directory 
Execute       sc_get_clocks lec6Ex2a 
Execute       get_config_export -vivado_clock 
Execute       sc_get_portdomain lec6Ex2a 
INFO-FLOW: Model list for RTL component generation: lec6Ex2a
INFO-FLOW: Handling components in module [lec6Ex2a] ... 
Execute       source /afs/hep.wisc.edu/user/rsimeon/tac_hep_fpga/TAC-HEP-FPGA-HLS/week3/Week3b_HW/solution1/.autopilot/db/lec6Ex2a.compgen.tcl 
INFO-FLOW: Found component lec6Ex2a_mux_42_8bkb.
INFO-FLOW: Append model lec6Ex2a_mux_42_8bkb
INFO-FLOW: Found component lec6Ex2a_mux_305_cud.
INFO-FLOW: Append model lec6Ex2a_mux_305_cud
INFO-FLOW: Found component lec6Ex2a_mac_muladEe.
INFO-FLOW: Append model lec6Ex2a_mac_muladEe
INFO-FLOW: Append model lec6Ex2a
INFO-FLOW: Generating RTL model list ...
INFO-FLOW: All models in this session: lec6Ex2a_mux_42_8bkb lec6Ex2a_mux_305_cud lec6Ex2a_mac_muladEe lec6Ex2a
INFO-FLOW: To file: write model lec6Ex2a_mux_42_8bkb
INFO-FLOW: To file: write model lec6Ex2a_mux_305_cud
INFO-FLOW: To file: write model lec6Ex2a_mac_muladEe
INFO-FLOW: To file: write model lec6Ex2a
INFO-FLOW: Finished generating RTL model list.


INFO-FLOW: RTL Generation done.
INFO-FLOW: CAS Generation done.
INFO-FLOW: CBC Generation done.
Execute       syn_report -model lec6Ex2a -printsummary 
INFO: [HLS 200-790] **** Loop Constraint Status: All loop constraints were satisfied.
INFO: [HLS 200-789] **** Estimated Fmax: 121.78 MHz
INFO-FLOW: DBG:CMD: auto_generate_csynth_design
INFO-FLOW: DBG:CMD:     auto_generate --sim-model -phase csynth_design -d /afs/hep.wisc.edu/user/rsimeon/tac_hep_fpga/TAC-HEP-FPGA-HLS/week3/Week3b_HW/solution1
Execute       source /afs/hep.wisc.edu/user/rsimeon/tac_hep_fpga/TAC-HEP-FPGA-HLS/week3/Week3b_HW/solution1/.autopilot/db/global.setting.tcl 
INFO-FLOW: DBG:CMD: read_platform_lib /afs/hep.wisc.edu/user/rsimeon/tac_hep_fpga/TAC-HEP-FPGA-HLS/week3/Week3b_HW/solution1/.autopilot/db/global.setting.tcl
Execute       source /opt/Xilinx/Vivado/2020.1/common/technology/generic/autopilot/common.gen 
Execute         source /opt/Xilinx/Vivado/2020.1/common/technology/generic/autopilot/APCoreGen.gen 
Execute       source /opt/Xilinx/Vivado/2020.1/common/technology/generic/autopilot/op.gen 
Execute       source /opt/Xilinx/Vivado/2020.1/common/technology/generic/autopilot/op_simcore.gen 
Execute       source /opt/Xilinx/Vivado/2020.1/common/technology/generic/autopilot/interface.gen 
Execute       source /afs/hep.wisc.edu/user/rsimeon/tac_hep_fpga/TAC-HEP-FPGA-HLS/week3/Week3b_HW/solution1/.autopilot/db/global.setting.tcl 
Execute       source /opt/Xilinx/Vivado/2020.1/common/technology/xilinx/kintex7/kintex7.gen 
Execute         source /opt/Xilinx/Vivado/2020.1/common/technology/xilinx/common/xilinx.gen 
Execute           source /opt/Xilinx/Vivado/2020.1/common/technology/xilinx/interface/plb46.gen 
Execute           source /opt/Xilinx/Vivado/2020.1/common/technology/xilinx/interface/fsl.gen 
Execute           source /opt/Xilinx/Vivado/2020.1/common/technology/xilinx/interface/axi4.gen 
Execute           source /opt/Xilinx/Vivado/2020.1/common/technology/xilinx/interface/nativeAXI4.gen 
Execute             source /opt/Xilinx/Vivado/2020.1/common/technology/xilinx/interface/saxilite.gen 
Execute             source /opt/Xilinx/Vivado/2020.1/common/technology/xilinx/interface/maxi.gen 
Execute           source /opt/Xilinx/Vivado/2020.1/common/technology/xilinx/scripts/xilinxcoregen.gen 
Execute           source /opt/Xilinx/Vivado/2020.1/common/technology/xilinx/interface/XilEDKCoreGen.gen 
Execute           source /opt/Xilinx/Vivado/2020.1/common/technology/xilinx/ip/dds_compiler.gen 
Execute           source /opt/Xilinx/Vivado/2020.1/common/technology/xilinx/ip/util.gen 
Execute           source /opt/Xilinx/Vivado/2020.1/common/technology/xilinx/ip/xfft.gen 
Command           ap_source done; 0.12 sec.
Execute           source /opt/Xilinx/Vivado/2020.1/common/technology/xilinx/ip/xfir.gen 
Execute           source /opt/Xilinx/Vivado/2020.1/common/technology/xilinx/common/dsp48.gen 
Command         ap_source done; 0.17 sec.
Command       ap_source done; 0.17 sec.
Execute       source /opt/Xilinx/Vivado/2020.1/common/technology/xilinx/kintex7/kintex7_fpv6.gen 
Execute         source /opt/Xilinx/Vivado/2020.1/common/technology/xilinx/common/xilinx_fp.gen 
INFO-FLOW: DBG:CMD:   using AESL_AUTOCG::g_clock_period=10.000 (was NA)
INFO-FLOW: DBG:CMD:       generate_ip_cores sim=1 export=0 expOnly=0 dstVlogDir=syn/verilog
Execute       source /afs/hep.wisc.edu/user/rsimeon/tac_hep_fpga/TAC-HEP-FPGA-HLS/week3/Week3b_HW/solution1/.autopilot/db/global.setting.tcl 
Execute       ap_part_info -name xc7k160t-fbg484-2 -data names -quiet 
Execute       ap_part_info -name xc7k160t-fbg484-2 -data info -quiet 
Execute       source /afs/hep.wisc.edu/user/rsimeon/tac_hep_fpga/TAC-HEP-FPGA-HLS/week3/Week3b_HW/solution1/.autopilot/db/global.setting.tcl 
Execute       source /afs/hep.wisc.edu/user/rsimeon/tac_hep_fpga/TAC-HEP-FPGA-HLS/week3/Week3b_HW/solution1/.autopilot/db/global.setting.tcl 
Execute       source /afs/hep.wisc.edu/user/rsimeon/tac_hep_fpga/TAC-HEP-FPGA-HLS/week3/Week3b_HW/solution1/.autopilot/db/lec6Ex2a.compgen.tcl 
Execute         ap_part_info -name xc7k160t-fbg484-2 -data names -quiet 
Execute         ap_part_info -name xc7k160t-fbg484-2 -data info -quiet 
Execute         ap_part_info -name xc7k160t-fbg484-2 -data names -quiet 
Execute         ap_part_info -name xc7k160t-fbg484-2 -data info -quiet 
Execute         ap_part_info -name xc7k160t-fbg484-2 -data names -quiet 
Execute         ap_part_info -name xc7k160t-fbg484-2 -data info -quiet 
Execute         ap_part_info -name xc7k160t-fbg484-2 -data info 
Command       ap_source done; 0.12 sec.
INFO-FLOW: DBG:CMD:     auto_generate -export -impltomg_flag -rtl both -tool Vivado -pcore_version 1.00.a -phase csynth_design -d /afs/hep.wisc.edu/user/rsimeon/tac_hep_fpga/TAC-HEP-FPGA-HLS/week3/Week3b_HW/solution1
Execute       source /afs/hep.wisc.edu/user/rsimeon/tac_hep_fpga/TAC-HEP-FPGA-HLS/week3/Week3b_HW/solution1/.autopilot/db/global.setting.tcl 
INFO-FLOW: DBG:CMD: read_platform_lib /afs/hep.wisc.edu/user/rsimeon/tac_hep_fpga/TAC-HEP-FPGA-HLS/week3/Week3b_HW/solution1/.autopilot/db/global.setting.tcl
Execute       source /opt/Xilinx/Vivado/2020.1/common/technology/generic/autopilot/common.gen 
Execute         source /opt/Xilinx/Vivado/2020.1/common/technology/generic/autopilot/APCoreGen.gen 
Execute       source /opt/Xilinx/Vivado/2020.1/common/technology/generic/autopilot/op.gen 
Execute       source /opt/Xilinx/Vivado/2020.1/common/technology/generic/autopilot/op_simcore.gen 
Execute       source /opt/Xilinx/Vivado/2020.1/common/technology/generic/autopilot/interface.gen 
Execute       source /afs/hep.wisc.edu/user/rsimeon/tac_hep_fpga/TAC-HEP-FPGA-HLS/week3/Week3b_HW/solution1/.autopilot/db/global.setting.tcl 
Execute       source /opt/Xilinx/Vivado/2020.1/common/technology/xilinx/kintex7/kintex7.gen 
Execute         source /opt/Xilinx/Vivado/2020.1/common/technology/xilinx/common/xilinx.gen 
Execute           source /opt/Xilinx/Vivado/2020.1/common/technology/xilinx/interface/plb46.gen 
Execute           source /opt/Xilinx/Vivado/2020.1/common/technology/xilinx/interface/fsl.gen 
Execute           source /opt/Xilinx/Vivado/2020.1/common/technology/xilinx/interface/axi4.gen 
Execute           source /opt/Xilinx/Vivado/2020.1/common/technology/xilinx/interface/nativeAXI4.gen 
Execute             source /opt/Xilinx/Vivado/2020.1/common/technology/xilinx/interface/saxilite.gen 
Execute             source /opt/Xilinx/Vivado/2020.1/common/technology/xilinx/interface/maxi.gen 
Execute           source /opt/Xilinx/Vivado/2020.1/common/technology/xilinx/scripts/xilinxcoregen.gen 
Execute           source /opt/Xilinx/Vivado/2020.1/common/technology/xilinx/interface/XilEDKCoreGen.gen 
Execute           source /opt/Xilinx/Vivado/2020.1/common/technology/xilinx/ip/dds_compiler.gen 
Execute           source /opt/Xilinx/Vivado/2020.1/common/technology/xilinx/ip/util.gen 
Execute           source /opt/Xilinx/Vivado/2020.1/common/technology/xilinx/ip/xfft.gen 
Command           ap_source done; 0.11 sec.
Execute           source /opt/Xilinx/Vivado/2020.1/common/technology/xilinx/ip/xfir.gen 
Execute           source /opt/Xilinx/Vivado/2020.1/common/technology/xilinx/common/dsp48.gen 
Command         ap_source done; 0.18 sec.
Command       ap_source done; 0.18 sec.
Execute       source /opt/Xilinx/Vivado/2020.1/common/technology/xilinx/kintex7/kintex7_fpv6.gen 
Execute         source /opt/Xilinx/Vivado/2020.1/common/technology/xilinx/common/xilinx_fp.gen 
INFO-FLOW: DBG:CMD:       initCTypeInfo top_module=lec6Ex2a xml_exists=0
Execute       source /afs/hep.wisc.edu/user/rsimeon/tac_hep_fpga/TAC-HEP-FPGA-HLS/week3/Week3b_HW/solution1/.autopilot/db/lec6Ex2a.rtl_wrap.cfg.tcl 
Execute       source /afs/hep.wisc.edu/user/rsimeon/tac_hep_fpga/TAC-HEP-FPGA-HLS/week3/Week3b_HW/solution1/.autopilot/db/lec6Ex2a.rtl_wrap.cfg.tcl 
Execute       source /afs/hep.wisc.edu/user/rsimeon/tac_hep_fpga/TAC-HEP-FPGA-HLS/week3/Week3b_HW/solution1/.autopilot/db/lec6Ex2a.rtl_wrap.cfg.tcl 
Execute       source /afs/hep.wisc.edu/user/rsimeon/tac_hep_fpga/TAC-HEP-FPGA-HLS/week3/Week3b_HW/solution1/.autopilot/db/lec6Ex2a.tbgen.tcl 
Execute       source /afs/hep.wisc.edu/user/rsimeon/tac_hep_fpga/TAC-HEP-FPGA-HLS/week3/Week3b_HW/solution1/.autopilot/db/lec6Ex2a.tbgen.tcl 
INFO-FLOW: DBG:CMD:       export_impl_rtl
INFO-FLOW: DBG:CMD:       generate_ip_cores sim=0 export=0 expOnly=0 dstVlogDir=impl/.verilog
Execute       source /afs/hep.wisc.edu/user/rsimeon/tac_hep_fpga/TAC-HEP-FPGA-HLS/week3/Week3b_HW/solution1/.autopilot/db/global.setting.tcl 
Execute       source /afs/hep.wisc.edu/user/rsimeon/tac_hep_fpga/TAC-HEP-FPGA-HLS/week3/Week3b_HW/solution1/.autopilot/db/lec6Ex2a.compgen.tcl 
INFO-FLOW: DBG:CMD:       generate_ip_cores sim=0 export=1 expOnly=1 dstVlogDir=impl/.pcores/verilog
Execute       source /afs/hep.wisc.edu/user/rsimeon/tac_hep_fpga/TAC-HEP-FPGA-HLS/week3/Week3b_HW/solution1/.autopilot/db/global.setting.tcl 
Execute       source /afs/hep.wisc.edu/user/rsimeon/tac_hep_fpga/TAC-HEP-FPGA-HLS/week3/Week3b_HW/solution1/.autopilot/db/lec6Ex2a.compgen.tcl 
Execute         ap_part_info -name xc7k160t-fbg484-2 -data names -quiet 
Execute         ap_part_info -name xc7k160t-fbg484-2 -data info -quiet 
Execute         ap_part_info -name xc7k160t-fbg484-2 -data names -quiet 
Execute         ap_part_info -name xc7k160t-fbg484-2 -data info -quiet 
Execute         ap_part_info -name xc7k160t-fbg484-2 -data names -quiet 
Execute         ap_part_info -name xc7k160t-fbg484-2 -data info -quiet 
Execute         ap_part_info -name xc7k160t-fbg484-2 -data names -quiet 
Execute         ap_part_info -name xc7k160t-fbg484-2 -data info -quiet 
Execute         ap_part_info -name xc7k160t-fbg484-2 -data names -quiet 
Execute         ap_part_info -name xc7k160t-fbg484-2 -data info -quiet 
Execute         ap_part_info -name xc7k160t-fbg484-2 -data names -quiet 
Execute         ap_part_info -name xc7k160t-fbg484-2 -data info -quiet 
Execute         ap_part_info -name xc7k160t-fbg484-2 -data names -quiet 
Execute         ap_part_info -name xc7k160t-fbg484-2 -data info -quiet 
Execute         ap_part_info -name xc7k160t-fbg484-2 -data names -quiet 
Execute         ap_part_info -name xc7k160t-fbg484-2 -data info -quiet 
Execute         ap_part_info -name xc7k160t-fbg484-2 -data names -quiet 
Execute         ap_part_info -name xc7k160t-fbg484-2 -data info -quiet 
Execute         ap_part_info -name xc7k160t-fbg484-2 -data names -quiet 
Execute         ap_part_info -name xc7k160t-fbg484-2 -data info -quiet 
Execute         ap_part_info -name xc7k160t-fbg484-2 -data names -quiet 
Execute         ap_part_info -name xc7k160t-fbg484-2 -data info -quiet 
Execute         ap_part_info -name xc7k160t-fbg484-2 -data names -quiet 
Execute         ap_part_info -name xc7k160t-fbg484-2 -data info -quiet 
Execute         ap_part_info -name xc7k160t-fbg484-2 -data names -quiet 
Execute         ap_part_info -name xc7k160t-fbg484-2 -data info -quiet 
Execute         ap_part_info -name xc7k160t-fbg484-2 -data names -quiet 
Execute         ap_part_info -name xc7k160t-fbg484-2 -data info -quiet 
Execute         ap_part_info -name xc7k160t-fbg484-2 -data names -quiet 
Execute         ap_part_info -name xc7k160t-fbg484-2 -data info -quiet 
Execute         ap_part_info -name xc7k160t-fbg484-2 -data names -quiet 
Execute         ap_part_info -name xc7k160t-fbg484-2 -data info -quiet 
Execute         ap_part_info -name xc7k160t-fbg484-2 -data names -quiet 
Execute         ap_part_info -name xc7k160t-fbg484-2 -data info -quiet 
Execute         ap_part_info -name xc7k160t-fbg484-2 -data names -quiet 
Execute         ap_part_info -name xc7k160t-fbg484-2 -data info -quiet 
Execute         ap_part_info -name xc7k160t-fbg484-2 -data names -quiet 
Execute         ap_part_info -name xc7k160t-fbg484-2 -data info -quiet 
Execute         ap_part_info -name xc7k160t-fbg484-2 -data names -quiet 
Execute         ap_part_info -name xc7k160t-fbg484-2 -data info -quiet 
Execute         ap_part_info -name xc7k160t-fbg484-2 -data names -quiet 
Execute         ap_part_info -name xc7k160t-fbg484-2 -data info -quiet 
Execute         ap_part_info -name xc7k160t-fbg484-2 -data names -quiet 
Execute         ap_part_info -name xc7k160t-fbg484-2 -data info -quiet 
Execute         ap_part_info -name xc7k160t-fbg484-2 -data names -quiet 
Execute         ap_part_info -name xc7k160t-fbg484-2 -data info -quiet 
Execute         ap_part_info -name xc7k160t-fbg484-2 -data names -quiet 
Execute         ap_part_info -name xc7k160t-fbg484-2 -data info -quiet 
Execute         ap_part_info -name xc7k160t-fbg484-2 -data names -quiet 
Execute         ap_part_info -name xc7k160t-fbg484-2 -data info -quiet 
Execute         ap_part_info -name xc7k160t-fbg484-2 -data names -quiet 
Execute         ap_part_info -name xc7k160t-fbg484-2 -data info -quiet 
Execute         ap_part_info -name xc7k160t-fbg484-2 -data names -quiet 
Execute         ap_part_info -name xc7k160t-fbg484-2 -data info -quiet 
Execute         ap_part_info -name xc7k160t-fbg484-2 -data names -quiet 
Execute         ap_part_info -name xc7k160t-fbg484-2 -data info -quiet 
Execute         ap_part_info -name xc7k160t-fbg484-2 -data names -quiet 
Execute         ap_part_info -name xc7k160t-fbg484-2 -data info -quiet 
Execute         ap_part_info -name xc7k160t-fbg484-2 -data names -quiet 
Execute         ap_part_info -name xc7k160t-fbg484-2 -data info -quiet 
Execute         ap_part_info -name xc7k160t-fbg484-2 -data names -quiet 
Execute         ap_part_info -name xc7k160t-fbg484-2 -data info -quiet 
Execute         ap_part_info -name xc7k160t-fbg484-2 -data names -quiet 
Execute         ap_part_info -name xc7k160t-fbg484-2 -data info -quiet 
Execute         ap_part_info -name xc7k160t-fbg484-2 -data names -quiet 
Execute         ap_part_info -name xc7k160t-fbg484-2 -data info -quiet 
Execute         ap_part_info -name xc7k160t-fbg484-2 -data names -quiet 
Execute         ap_part_info -name xc7k160t-fbg484-2 -data info -quiet 
Execute         ap_part_info -name xc7k160t-fbg484-2 -data names -quiet 
Execute         ap_part_info -name xc7k160t-fbg484-2 -data info -quiet 
Execute         ap_part_info -name xc7k160t-fbg484-2 -data names -quiet 
Execute         ap_part_info -name xc7k160t-fbg484-2 -data info -quiet 
Execute         ap_part_info -name xc7k160t-fbg484-2 -data names -quiet 
Execute         ap_part_info -name xc7k160t-fbg484-2 -data info -quiet 
Execute         ap_part_info -name xc7k160t-fbg484-2 -data names -quiet 
Execute         ap_part_info -name xc7k160t-fbg484-2 -data info -quiet 
Execute         ap_part_info -name xc7k160t-fbg484-2 -data names -quiet 
Execute         ap_part_info -name xc7k160t-fbg484-2 -data info -quiet 
Execute         ap_part_info -name xc7k160t-fbg484-2 -data names -quiet 
Execute         ap_part_info -name xc7k160t-fbg484-2 -data info -quiet 
Execute         ap_part_info -name xc7k160t-fbg484-2 -data names -quiet 
Execute         ap_part_info -name xc7k160t-fbg484-2 -data info -quiet 
Execute         ap_part_info -name xc7k160t-fbg484-2 -data names -quiet 
Execute         ap_part_info -name xc7k160t-fbg484-2 -data info -quiet 
Execute         ap_part_info -name xc7k160t-fbg484-2 -data names -quiet 
Execute         ap_part_info -name xc7k160t-fbg484-2 -data info -quiet 
Execute         ap_part_info -name xc7k160t-fbg484-2 -data names -quiet 
Execute         ap_part_info -name xc7k160t-fbg484-2 -data info -quiet 
Execute         ap_part_info -name xc7k160t-fbg484-2 -data names -quiet 
Execute         ap_part_info -name xc7k160t-fbg484-2 -data info -quiet 
Execute         ap_part_info -name xc7k160t-fbg484-2 -data names -quiet 
Execute         ap_part_info -name xc7k160t-fbg484-2 -data info -quiet 
Execute         ap_part_info -name xc7k160t-fbg484-2 -data names -quiet 
Execute         ap_part_info -name xc7k160t-fbg484-2 -data info -quiet 
Execute         ap_part_info -name xc7k160t-fbg484-2 -data names -quiet 
Execute         ap_part_info -name xc7k160t-fbg484-2 -data info -quiet 
Execute         ap_part_info -name xc7k160t-fbg484-2 -data names -quiet 
Execute         ap_part_info -name xc7k160t-fbg484-2 -data info -quiet 
Execute         ap_part_info -name xc7k160t-fbg484-2 -data names -quiet 
Execute         ap_part_info -name xc7k160t-fbg484-2 -data info -quiet 
Execute         ap_part_info -name xc7k160t-fbg484-2 -data names -quiet 
Execute         ap_part_info -name xc7k160t-fbg484-2 -data info -quiet 
Execute         ap_part_info -name xc7k160t-fbg484-2 -data names -quiet 
Execute         ap_part_info -name xc7k160t-fbg484-2 -data info -quiet 
Execute         ap_part_info -name xc7k160t-fbg484-2 -data names -quiet 
Execute         ap_part_info -name xc7k160t-fbg484-2 -data info -quiet 
Execute         ap_part_info -name xc7k160t-fbg484-2 -data names -quiet 
Execute         ap_part_info -name xc7k160t-fbg484-2 -data info -quiet 
Execute         ap_part_info -name xc7k160t-fbg484-2 -data names -quiet 
Execute         ap_part_info -name xc7k160t-fbg484-2 -data info -quiet 
Execute         ap_part_info -name xc7k160t-fbg484-2 -data names -quiet 
Execute         ap_part_info -name xc7k160t-fbg484-2 -data info -quiet 
Execute         ap_part_info -name xc7k160t-fbg484-2 -data names -quiet 
Execute         ap_part_info -name xc7k160t-fbg484-2 -data info -quiet 
Execute         ap_part_info -name xc7k160t-fbg484-2 -data names -quiet 
Execute         ap_part_info -name xc7k160t-fbg484-2 -data info -quiet 
Execute         ap_part_info -name xc7k160t-fbg484-2 -data names -quiet 
Execute         ap_part_info -name xc7k160t-fbg484-2 -data info -quiet 
Execute         ap_part_info -name xc7k160t-fbg484-2 -data names -quiet 
Execute         ap_part_info -name xc7k160t-fbg484-2 -data info -quiet 
Execute         ap_part_info -name xc7k160t-fbg484-2 -data names -quiet 
Execute         ap_part_info -name xc7k160t-fbg484-2 -data info -quiet 
Execute         ap_part_info -name xc7k160t-fbg484-2 -data names -quiet 
Execute         ap_part_info -name xc7k160t-fbg484-2 -data info -quiet 
Execute         ap_part_info -name xc7k160t-fbg484-2 -data names -quiet 
Execute         ap_part_info -name xc7k160t-fbg484-2 -data info -quiet 
Execute         ap_part_info -name xc7k160t-fbg484-2 -data names -quiet 
Execute         ap_part_info -name xc7k160t-fbg484-2 -data info -quiet 
Execute         ap_part_info -name xc7k160t-fbg484-2 -data names -quiet 
Execute         ap_part_info -name xc7k160t-fbg484-2 -data info -quiet 
Execute         ap_part_info -name xc7k160t-fbg484-2 -data names -quiet 
Execute         ap_part_info -name xc7k160t-fbg484-2 -data info -quiet 
Execute         ap_part_info -name xc7k160t-fbg484-2 -data names -quiet 
Execute         ap_part_info -name xc7k160t-fbg484-2 -data info -quiet 
Execute         ap_part_info -name xc7k160t-fbg484-2 -data names -quiet 
Execute         ap_part_info -name xc7k160t-fbg484-2 -data info -quiet 
Execute         ap_part_info -name xc7k160t-fbg484-2 -data names -quiet 
Execute         ap_part_info -name xc7k160t-fbg484-2 -data info -quiet 
Execute         ap_part_info -name xc7k160t-fbg484-2 -data names -quiet 
Execute         ap_part_info -name xc7k160t-fbg484-2 -data info -quiet 
Execute         ap_part_info -name xc7k160t-fbg484-2 -data names -quiet 
Execute         ap_part_info -name xc7k160t-fbg484-2 -data info -quiet 
Execute         ap_part_info -name xc7k160t-fbg484-2 -data names -quiet 
Execute         ap_part_info -name xc7k160t-fbg484-2 -data info -quiet 
Execute         ap_part_info -name xc7k160t-fbg484-2 -data names -quiet 
Execute         ap_part_info -name xc7k160t-fbg484-2 -data info -quiet 
Execute         ap_part_info -name xc7k160t-fbg484-2 -data names -quiet 
Execute         ap_part_info -name xc7k160t-fbg484-2 -data info -quiet 
Execute         ap_part_info -name xc7k160t-fbg484-2 -data names -quiet 
Execute         ap_part_info -name xc7k160t-fbg484-2 -data info -quiet 
Execute         ap_part_info -name xc7k160t-fbg484-2 -data names -quiet 
Execute         ap_part_info -name xc7k160t-fbg484-2 -data info -quiet 
Execute         ap_part_info -name xc7k160t-fbg484-2 -data names -quiet 
Execute         ap_part_info -name xc7k160t-fbg484-2 -data info -quiet 
Execute         ap_part_info -name xc7k160t-fbg484-2 -data names -quiet 
Execute         ap_part_info -name xc7k160t-fbg484-2 -data info -quiet 
Execute         ap_part_info -name xc7k160t-fbg484-2 -data names -quiet 
Execute         ap_part_info -name xc7k160t-fbg484-2 -data info -quiet 
Execute         ap_part_info -name xc7k160t-fbg484-2 -data names -quiet 
Execute         ap_part_info -name xc7k160t-fbg484-2 -data info -quiet 
Execute         ap_part_info -name xc7k160t-fbg484-2 -data names -quiet 
Execute         ap_part_info -name xc7k160t-fbg484-2 -data info -quiet 
Execute         ap_part_info -name xc7k160t-fbg484-2 -data names -quiet 
Execute         ap_part_info -name xc7k160t-fbg484-2 -data info -quiet 
Execute         ap_part_info -name xc7k160t-fbg484-2 -data names -quiet 
Execute         ap_part_info -name xc7k160t-fbg484-2 -data info -quiet 
Execute         ap_part_info -name xc7k160t-fbg484-2 -data names -quiet 
Execute         ap_part_info -name xc7k160t-fbg484-2 -data info -quiet 
Execute         ap_part_info -name xc7k160t-fbg484-2 -data names -quiet 
Execute         ap_part_info -name xc7k160t-fbg484-2 -data info -quiet 
Execute         ap_part_info -name xc7k160t-fbg484-2 -data names -quiet 
Execute         ap_part_info -name xc7k160t-fbg484-2 -data info -quiet 
Execute         ap_part_info -name xc7k160t-fbg484-2 -data names -quiet 
Execute         ap_part_info -name xc7k160t-fbg484-2 -data info -quiet 
Execute         ap_part_info -name xc7k160t-fbg484-2 -data names -quiet 
Execute         ap_part_info -name xc7k160t-fbg484-2 -data info -quiet 
Execute         ap_part_info -name xc7k160t-fbg484-2 -data names -quiet 
Execute         ap_part_info -name xc7k160t-fbg484-2 -data info -quiet 
Execute         ap_part_info -name xc7k160t-fbg484-2 -data names -quiet 
Execute         ap_part_info -name xc7k160t-fbg484-2 -data info -quiet 
Execute         ap_part_info -name xc7k160t-fbg484-2 -data names -quiet 
Execute         ap_part_info -name xc7k160t-fbg484-2 -data info -quiet 
Execute         ap_part_info -name xc7k160t-fbg484-2 -data names -quiet 
Execute         ap_part_info -name xc7k160t-fbg484-2 -data info -quiet 
Execute         ap_part_info -name xc7k160t-fbg484-2 -data names -quiet 
Execute         ap_part_info -name xc7k160t-fbg484-2 -data info -quiet 
Execute         ap_part_info -name xc7k160t-fbg484-2 -data names -quiet 
Execute         ap_part_info -name xc7k160t-fbg484-2 -data info -quiet 
Execute         ap_part_info -name xc7k160t-fbg484-2 -data names -quiet 
Execute         ap_part_info -name xc7k160t-fbg484-2 -data info -quiet 
Execute         ap_part_info -name xc7k160t-fbg484-2 -data names -quiet 
Execute         ap_part_info -name xc7k160t-fbg484-2 -data info -quiet 
Execute         ap_part_info -name xc7k160t-fbg484-2 -data names -quiet 
Execute         ap_part_info -name xc7k160t-fbg484-2 -data info -quiet 
Execute         ap_part_info -name xc7k160t-fbg484-2 -data names -quiet 
Execute         ap_part_info -name xc7k160t-fbg484-2 -data info -quiet 
Execute         ap_part_info -name xc7k160t-fbg484-2 -data names -quiet 
Execute         ap_part_info -name xc7k160t-fbg484-2 -data info -quiet 
Execute         ap_part_info -name xc7k160t-fbg484-2 -data names -quiet 
Execute         ap_part_info -name xc7k160t-fbg484-2 -data info -quiet 
Execute         ap_part_info -name xc7k160t-fbg484-2 -data names -quiet 
Execute         ap_part_info -name xc7k160t-fbg484-2 -data info -quiet 
Execute         ap_part_info -name xc7k160t-fbg484-2 -data names -quiet 
Execute         ap_part_info -name xc7k160t-fbg484-2 -data info -quiet 
Execute         ap_part_info -name xc7k160t-fbg484-2 -data names -quiet 
Execute         ap_part_info -name xc7k160t-fbg484-2 -data info -quiet 
Execute         ap_part_info -name xc7k160t-fbg484-2 -data names -quiet 
Execute         ap_part_info -name xc7k160t-fbg484-2 -data info -quiet 
Execute         ap_part_info -name xc7k160t-fbg484-2 -data names -quiet 
Execute         ap_part_info -name xc7k160t-fbg484-2 -data info -quiet 
Execute         ap_part_info -name xc7k160t-fbg484-2 -data names -quiet 
Execute         ap_part_info -name xc7k160t-fbg484-2 -data info -quiet 
Execute         ap_part_info -name xc7k160t-fbg484-2 -data names -quiet 
Execute         ap_part_info -name xc7k160t-fbg484-2 -data info -quiet 
Execute         ap_part_info -name xc7k160t-fbg484-2 -data names -quiet 
Execute         ap_part_info -name xc7k160t-fbg484-2 -data info -quiet 
Execute         ap_part_info -name xc7k160t-fbg484-2 -data names -quiet 
Execute         ap_part_info -name xc7k160t-fbg484-2 -data info -quiet 
Execute         ap_part_info -name xc7k160t-fbg484-2 -data names -quiet 
Execute         ap_part_info -name xc7k160t-fbg484-2 -data info -quiet 
Execute         ap_part_info -name xc7k160t-fbg484-2 -data names -quiet 
Execute         ap_part_info -name xc7k160t-fbg484-2 -data info -quiet 
Execute         ap_part_info -name xc7k160t-fbg484-2 -data names -quiet 
Execute         ap_part_info -name xc7k160t-fbg484-2 -data info -quiet 
Execute         ap_part_info -name xc7k160t-fbg484-2 -data names -quiet 
Execute         ap_part_info -name xc7k160t-fbg484-2 -data info -quiet 
Execute         ap_part_info -name xc7k160t-fbg484-2 -data names -quiet 
Execute         ap_part_info -name xc7k160t-fbg484-2 -data info -quiet 
Execute         ap_part_info -name xc7k160t-fbg484-2 -data names -quiet 
Execute         ap_part_info -name xc7k160t-fbg484-2 -data info -quiet 
Execute         ap_part_info -name xc7k160t-fbg484-2 -data names -quiet 
Execute         ap_part_info -name xc7k160t-fbg484-2 -data info -quiet 
Execute         ap_part_info -name xc7k160t-fbg484-2 -data names -quiet 
Execute         ap_part_info -name xc7k160t-fbg484-2 -data info -quiet 
Execute         ap_part_info -name xc7k160t-fbg484-2 -data names -quiet 
Execute         ap_part_info -name xc7k160t-fbg484-2 -data info -quiet 
Execute         ap_part_info -name xc7k160t-fbg484-2 -data names -quiet 
Execute         ap_part_info -name xc7k160t-fbg484-2 -data info -quiet 
Execute         ap_part_info -name xc7k160t-fbg484-2 -data names -quiet 
Execute         ap_part_info -name xc7k160t-fbg484-2 -data info -quiet 
Execute         ap_part_info -name xc7k160t-fbg484-2 -data names -quiet 
Execute         ap_part_info -name xc7k160t-fbg484-2 -data info -quiet 
Execute         ap_part_info -name xc7k160t-fbg484-2 -data names -quiet 
Execute         ap_part_info -name xc7k160t-fbg484-2 -data info -quiet 
Execute         ap_part_info -name xc7k160t-fbg484-2 -data names -quiet 
Execute         ap_part_info -name xc7k160t-fbg484-2 -data info -quiet 
Execute         ap_part_info -name xc7k160t-fbg484-2 -data names -quiet 
Execute         ap_part_info -name xc7k160t-fbg484-2 -data info -quiet 
Execute         ap_part_info -name xc7k160t-fbg484-2 -data names -quiet 
Execute         ap_part_info -name xc7k160t-fbg484-2 -data info -quiet 
Execute         ap_part_info -name xc7k160t-fbg484-2 -data names -quiet 
Execute         ap_part_info -name xc7k160t-fbg484-2 -data info -quiet 
Execute         ap_part_info -name xc7k160t-fbg484-2 -data names -quiet 
Execute         ap_part_info -name xc7k160t-fbg484-2 -data info -quiet 
Execute         ap_part_info -name xc7k160t-fbg484-2 -data names -quiet 
Execute         ap_part_info -name xc7k160t-fbg484-2 -data info -quiet 
Execute         ap_part_info -name xc7k160t-fbg484-2 -data names -quiet 
Execute         ap_part_info -name xc7k160t-fbg484-2 -data info -quiet 
Execute         ap_part_info -name xc7k160t-fbg484-2 -data names -quiet 
Execute         ap_part_info -name xc7k160t-fbg484-2 -data info -quiet 
Command       ap_source done; 2.39 sec.
Execute       ap_part_info -name xc7k160t-fbg484-2 -data names -quiet 
Execute       ap_part_info -name xc7k160t-fbg484-2 -data info -quiet 
INFO-FLOW: DBG:CMD:       generate_ip_cores sim=0 export=0 expOnly=0 dstVlogDir=impl/.pcores/verilog_sim
Execute       source /afs/hep.wisc.edu/user/rsimeon/tac_hep_fpga/TAC-HEP-FPGA-HLS/week3/Week3b_HW/solution1/.autopilot/db/global.setting.tcl 
Execute       source /afs/hep.wisc.edu/user/rsimeon/tac_hep_fpga/TAC-HEP-FPGA-HLS/week3/Week3b_HW/solution1/.autopilot/db/lec6Ex2a.compgen.tcl 
Execute       ap_part_info -name xc7k160t-fbg484-2 -data names -quiet 
Execute       ap_part_info -name xc7k160t-fbg484-2 -data info -quiet 
Execute       ap_part_info -name xc7k160t-fbg484-2 -data names -quiet 
Execute       ap_part_info -name xc7k160t-fbg484-2 -data info -quiet 
Execute       source /afs/hep.wisc.edu/user/rsimeon/tac_hep_fpga/TAC-HEP-FPGA-HLS/week3/Week3b_HW/solution1/.autopilot/db/global.setting.tcl 
Execute       ap_part_info -name xc7k160t-fbg484-2 -data names -quiet 
Execute       ap_part_info -name xc7k160t-fbg484-2 -data info -quiet 
Execute       source /afs/hep.wisc.edu/user/rsimeon/tac_hep_fpga/TAC-HEP-FPGA-HLS/week3/Week3b_HW/solution1/.autopilot/db/lec6Ex2a.constraint.tcl 
Execute       source /afs/hep.wisc.edu/user/rsimeon/tac_hep_fpga/TAC-HEP-FPGA-HLS/week3/Week3b_HW/solution1/.autopilot/db/lec6Ex2a.tbgen.tcl 
INFO-FLOW: DBG:CMD:       hasPcoreIpAdapter=false #gSsdmPorts=248
INFO-FLOW: DBG:CMD: Skipping loadAnalyze_DB, #g_database=123
INFO-FLOW: DBG:CMD:       generate_json is_phase_csynth=1 g_has_adaptors=false generate_bd_files=0 #modelList=4 #gSsdmPorts=248
Execute       source /opt/Xilinx/Vivado/2020.1/tps/tcl/tcllib1.11.1/fileutil/fileutil.tcl 
Execute       source /afs/hep.wisc.edu/user/rsimeon/tac_hep_fpga/TAC-HEP-FPGA-HLS/week3/Week3b_HW/solution1/.autopilot/db/global.setting.tcl 
Execute       source /afs/hep.wisc.edu/user/rsimeon/tac_hep_fpga/TAC-HEP-FPGA-HLS/week3/Week3b_HW/solution1/.autopilot/db/global.setting.tcl 
Execute       get_config_export -xo 
Execute       source /afs/hep.wisc.edu/user/rsimeon/tac_hep_fpga/TAC-HEP-FPGA-HLS/week3/Week3b_HW/solution1/.autopilot/db/lec6Ex2a.tbgen.tcl 
Execute       source /afs/hep.wisc.edu/user/rsimeon/tac_hep_fpga/TAC-HEP-FPGA-HLS/week3/Week3b_HW/solution1/.autopilot/db/lec6Ex2a.tbgen.tcl 
Execute       source /afs/hep.wisc.edu/user/rsimeon/tac_hep_fpga/TAC-HEP-FPGA-HLS/week3/Week3b_HW/solution1/.autopilot/db/lec6Ex2a.tbgen.tcl 
Execute       source /afs/hep.wisc.edu/user/rsimeon/tac_hep_fpga/TAC-HEP-FPGA-HLS/week3/Week3b_HW/solution1/.autopilot/db/lec6Ex2a.tbgen.tcl 
Execute       source /afs/hep.wisc.edu/user/rsimeon/tac_hep_fpga/TAC-HEP-FPGA-HLS/week3/Week3b_HW/solution1/.autopilot/db/lec6Ex2a.tbgen.tcl 
Execute       source /afs/hep.wisc.edu/user/rsimeon/tac_hep_fpga/TAC-HEP-FPGA-HLS/week3/Week3b_HW/solution1/.autopilot/db/lec6Ex2a.tbgen.tcl 
Execute       source /afs/hep.wisc.edu/user/rsimeon/tac_hep_fpga/TAC-HEP-FPGA-HLS/week3/Week3b_HW/solution1/.autopilot/db/lec6Ex2a.tbgen.tcl 
Execute       source /afs/hep.wisc.edu/user/rsimeon/tac_hep_fpga/TAC-HEP-FPGA-HLS/week3/Week3b_HW/solution1/.autopilot/db/lec6Ex2a.tbgen.tcl 
Execute       source /afs/hep.wisc.edu/user/rsimeon/tac_hep_fpga/TAC-HEP-FPGA-HLS/week3/Week3b_HW/solution1/.autopilot/db/lec6Ex2a.tbgen.tcl 
Execute       source /afs/hep.wisc.edu/user/rsimeon/tac_hep_fpga/TAC-HEP-FPGA-HLS/week3/Week3b_HW/solution1/.autopilot/db/lec6Ex2a.tbgen.tcl 
Execute       source /afs/hep.wisc.edu/user/rsimeon/tac_hep_fpga/TAC-HEP-FPGA-HLS/week3/Week3b_HW/solution1/.autopilot/db/lec6Ex2a.tbgen.tcl 
Execute       source /afs/hep.wisc.edu/user/rsimeon/tac_hep_fpga/TAC-HEP-FPGA-HLS/week3/Week3b_HW/solution1/.autopilot/db/lec6Ex2a.tbgen.tcl 
Execute       source /afs/hep.wisc.edu/user/rsimeon/tac_hep_fpga/TAC-HEP-FPGA-HLS/week3/Week3b_HW/solution1/.autopilot/db/lec6Ex2a.tbgen.tcl 
Execute       source /afs/hep.wisc.edu/user/rsimeon/tac_hep_fpga/TAC-HEP-FPGA-HLS/week3/Week3b_HW/solution1/.autopilot/db/lec6Ex2a.tbgen.tcl 
Execute       source /afs/hep.wisc.edu/user/rsimeon/tac_hep_fpga/TAC-HEP-FPGA-HLS/week3/Week3b_HW/solution1/.autopilot/db/lec6Ex2a.tbgen.tcl 
Execute       source /afs/hep.wisc.edu/user/rsimeon/tac_hep_fpga/TAC-HEP-FPGA-HLS/week3/Week3b_HW/solution1/.autopilot/db/lec6Ex2a.tbgen.tcl 
Execute       source /afs/hep.wisc.edu/user/rsimeon/tac_hep_fpga/TAC-HEP-FPGA-HLS/week3/Week3b_HW/solution1/.autopilot/db/lec6Ex2a.tbgen.tcl 
Execute       source /afs/hep.wisc.edu/user/rsimeon/tac_hep_fpga/TAC-HEP-FPGA-HLS/week3/Week3b_HW/solution1/.autopilot/db/lec6Ex2a.tbgen.tcl 
Execute       source /afs/hep.wisc.edu/user/rsimeon/tac_hep_fpga/TAC-HEP-FPGA-HLS/week3/Week3b_HW/solution1/.autopilot/db/lec6Ex2a.tbgen.tcl 
Execute       source /afs/hep.wisc.edu/user/rsimeon/tac_hep_fpga/TAC-HEP-FPGA-HLS/week3/Week3b_HW/solution1/.autopilot/db/lec6Ex2a.tbgen.tcl 
Execute       source /afs/hep.wisc.edu/user/rsimeon/tac_hep_fpga/TAC-HEP-FPGA-HLS/week3/Week3b_HW/solution1/.autopilot/db/lec6Ex2a.tbgen.tcl 
Execute       source /afs/hep.wisc.edu/user/rsimeon/tac_hep_fpga/TAC-HEP-FPGA-HLS/week3/Week3b_HW/solution1/.autopilot/db/lec6Ex2a.tbgen.tcl 
Execute       source /afs/hep.wisc.edu/user/rsimeon/tac_hep_fpga/TAC-HEP-FPGA-HLS/week3/Week3b_HW/solution1/.autopilot/db/lec6Ex2a.tbgen.tcl 
Execute       source /afs/hep.wisc.edu/user/rsimeon/tac_hep_fpga/TAC-HEP-FPGA-HLS/week3/Week3b_HW/solution1/.autopilot/db/lec6Ex2a.tbgen.tcl 
Execute       source /afs/hep.wisc.edu/user/rsimeon/tac_hep_fpga/TAC-HEP-FPGA-HLS/week3/Week3b_HW/solution1/.autopilot/db/lec6Ex2a.tbgen.tcl 
Execute       source /afs/hep.wisc.edu/user/rsimeon/tac_hep_fpga/TAC-HEP-FPGA-HLS/week3/Week3b_HW/solution1/.autopilot/db/lec6Ex2a.tbgen.tcl 
Execute       source /afs/hep.wisc.edu/user/rsimeon/tac_hep_fpga/TAC-HEP-FPGA-HLS/week3/Week3b_HW/solution1/.autopilot/db/lec6Ex2a.tbgen.tcl 
Execute       source /afs/hep.wisc.edu/user/rsimeon/tac_hep_fpga/TAC-HEP-FPGA-HLS/week3/Week3b_HW/solution1/.autopilot/db/lec6Ex2a.tbgen.tcl 
Execute       source /afs/hep.wisc.edu/user/rsimeon/tac_hep_fpga/TAC-HEP-FPGA-HLS/week3/Week3b_HW/solution1/.autopilot/db/lec6Ex2a.tbgen.tcl 
Execute       source /afs/hep.wisc.edu/user/rsimeon/tac_hep_fpga/TAC-HEP-FPGA-HLS/week3/Week3b_HW/solution1/.autopilot/db/lec6Ex2a.tbgen.tcl 
Execute       source /afs/hep.wisc.edu/user/rsimeon/tac_hep_fpga/TAC-HEP-FPGA-HLS/week3/Week3b_HW/solution1/.autopilot/db/lec6Ex2a.tbgen.tcl 
Execute       source /afs/hep.wisc.edu/user/rsimeon/tac_hep_fpga/TAC-HEP-FPGA-HLS/week3/Week3b_HW/solution1/.autopilot/db/lec6Ex2a.tbgen.tcl 
Execute       source /afs/hep.wisc.edu/user/rsimeon/tac_hep_fpga/TAC-HEP-FPGA-HLS/week3/Week3b_HW/solution1/.autopilot/db/lec6Ex2a.tbgen.tcl 
Execute       source /afs/hep.wisc.edu/user/rsimeon/tac_hep_fpga/TAC-HEP-FPGA-HLS/week3/Week3b_HW/solution1/.autopilot/db/lec6Ex2a.tbgen.tcl 
Execute       source /afs/hep.wisc.edu/user/rsimeon/tac_hep_fpga/TAC-HEP-FPGA-HLS/week3/Week3b_HW/solution1/.autopilot/db/lec6Ex2a.tbgen.tcl 
Execute       source /afs/hep.wisc.edu/user/rsimeon/tac_hep_fpga/TAC-HEP-FPGA-HLS/week3/Week3b_HW/solution1/.autopilot/db/lec6Ex2a.tbgen.tcl 
Execute       source /afs/hep.wisc.edu/user/rsimeon/tac_hep_fpga/TAC-HEP-FPGA-HLS/week3/Week3b_HW/solution1/.autopilot/db/lec6Ex2a.tbgen.tcl 
Execute       source /afs/hep.wisc.edu/user/rsimeon/tac_hep_fpga/TAC-HEP-FPGA-HLS/week3/Week3b_HW/solution1/.autopilot/db/lec6Ex2a.tbgen.tcl 
Execute       source /afs/hep.wisc.edu/user/rsimeon/tac_hep_fpga/TAC-HEP-FPGA-HLS/week3/Week3b_HW/solution1/.autopilot/db/lec6Ex2a.tbgen.tcl 
Execute       source /afs/hep.wisc.edu/user/rsimeon/tac_hep_fpga/TAC-HEP-FPGA-HLS/week3/Week3b_HW/solution1/.autopilot/db/lec6Ex2a.tbgen.tcl 
Execute       source /afs/hep.wisc.edu/user/rsimeon/tac_hep_fpga/TAC-HEP-FPGA-HLS/week3/Week3b_HW/solution1/.autopilot/db/lec6Ex2a.tbgen.tcl 
Execute       source /afs/hep.wisc.edu/user/rsimeon/tac_hep_fpga/TAC-HEP-FPGA-HLS/week3/Week3b_HW/solution1/.autopilot/db/lec6Ex2a.tbgen.tcl 
Execute       source /afs/hep.wisc.edu/user/rsimeon/tac_hep_fpga/TAC-HEP-FPGA-HLS/week3/Week3b_HW/solution1/.autopilot/db/lec6Ex2a.tbgen.tcl 
Execute       source /afs/hep.wisc.edu/user/rsimeon/tac_hep_fpga/TAC-HEP-FPGA-HLS/week3/Week3b_HW/solution1/.autopilot/db/lec6Ex2a.tbgen.tcl 
Execute       source /afs/hep.wisc.edu/user/rsimeon/tac_hep_fpga/TAC-HEP-FPGA-HLS/week3/Week3b_HW/solution1/.autopilot/db/lec6Ex2a.tbgen.tcl 
Execute       source /afs/hep.wisc.edu/user/rsimeon/tac_hep_fpga/TAC-HEP-FPGA-HLS/week3/Week3b_HW/solution1/.autopilot/db/lec6Ex2a.tbgen.tcl 
Execute       source /afs/hep.wisc.edu/user/rsimeon/tac_hep_fpga/TAC-HEP-FPGA-HLS/week3/Week3b_HW/solution1/.autopilot/db/lec6Ex2a.tbgen.tcl 
Execute       source /afs/hep.wisc.edu/user/rsimeon/tac_hep_fpga/TAC-HEP-FPGA-HLS/week3/Week3b_HW/solution1/.autopilot/db/lec6Ex2a.tbgen.tcl 
Execute       source /afs/hep.wisc.edu/user/rsimeon/tac_hep_fpga/TAC-HEP-FPGA-HLS/week3/Week3b_HW/solution1/.autopilot/db/lec6Ex2a.tbgen.tcl 
Execute       source /afs/hep.wisc.edu/user/rsimeon/tac_hep_fpga/TAC-HEP-FPGA-HLS/week3/Week3b_HW/solution1/.autopilot/db/lec6Ex2a.tbgen.tcl 
Execute       source /afs/hep.wisc.edu/user/rsimeon/tac_hep_fpga/TAC-HEP-FPGA-HLS/week3/Week3b_HW/solution1/.autopilot/db/lec6Ex2a.tbgen.tcl 
Execute       source /afs/hep.wisc.edu/user/rsimeon/tac_hep_fpga/TAC-HEP-FPGA-HLS/week3/Week3b_HW/solution1/.autopilot/db/lec6Ex2a.tbgen.tcl 
Execute       source /afs/hep.wisc.edu/user/rsimeon/tac_hep_fpga/TAC-HEP-FPGA-HLS/week3/Week3b_HW/solution1/.autopilot/db/lec6Ex2a.tbgen.tcl 
Execute       source /afs/hep.wisc.edu/user/rsimeon/tac_hep_fpga/TAC-HEP-FPGA-HLS/week3/Week3b_HW/solution1/.autopilot/db/lec6Ex2a.tbgen.tcl 
Execute       source /afs/hep.wisc.edu/user/rsimeon/tac_hep_fpga/TAC-HEP-FPGA-HLS/week3/Week3b_HW/solution1/.autopilot/db/lec6Ex2a.tbgen.tcl 
Execute       source /afs/hep.wisc.edu/user/rsimeon/tac_hep_fpga/TAC-HEP-FPGA-HLS/week3/Week3b_HW/solution1/.autopilot/db/lec6Ex2a.tbgen.tcl 
Execute       source /afs/hep.wisc.edu/user/rsimeon/tac_hep_fpga/TAC-HEP-FPGA-HLS/week3/Week3b_HW/solution1/.autopilot/db/lec6Ex2a.tbgen.tcl 
Execute       source /afs/hep.wisc.edu/user/rsimeon/tac_hep_fpga/TAC-HEP-FPGA-HLS/week3/Week3b_HW/solution1/.autopilot/db/lec6Ex2a.tbgen.tcl 
Execute       source /afs/hep.wisc.edu/user/rsimeon/tac_hep_fpga/TAC-HEP-FPGA-HLS/week3/Week3b_HW/solution1/.autopilot/db/lec6Ex2a.tbgen.tcl 
Execute       source /afs/hep.wisc.edu/user/rsimeon/tac_hep_fpga/TAC-HEP-FPGA-HLS/week3/Week3b_HW/solution1/.autopilot/db/lec6Ex2a.tbgen.tcl 
Execute       source /afs/hep.wisc.edu/user/rsimeon/tac_hep_fpga/TAC-HEP-FPGA-HLS/week3/Week3b_HW/solution1/.autopilot/db/lec6Ex2a.tbgen.tcl 
Execute       source /afs/hep.wisc.edu/user/rsimeon/tac_hep_fpga/TAC-HEP-FPGA-HLS/week3/Week3b_HW/solution1/.autopilot/db/lec6Ex2a.tbgen.tcl 
Execute       source /afs/hep.wisc.edu/user/rsimeon/tac_hep_fpga/TAC-HEP-FPGA-HLS/week3/Week3b_HW/solution1/.autopilot/db/lec6Ex2a.tbgen.tcl 
Execute       source /afs/hep.wisc.edu/user/rsimeon/tac_hep_fpga/TAC-HEP-FPGA-HLS/week3/Week3b_HW/solution1/.autopilot/db/lec6Ex2a.tbgen.tcl 
Execute       source /afs/hep.wisc.edu/user/rsimeon/tac_hep_fpga/TAC-HEP-FPGA-HLS/week3/Week3b_HW/solution1/.autopilot/db/lec6Ex2a.tbgen.tcl 
Execute       source /afs/hep.wisc.edu/user/rsimeon/tac_hep_fpga/TAC-HEP-FPGA-HLS/week3/Week3b_HW/solution1/.autopilot/db/lec6Ex2a.tbgen.tcl 
Execute       source /afs/hep.wisc.edu/user/rsimeon/tac_hep_fpga/TAC-HEP-FPGA-HLS/week3/Week3b_HW/solution1/.autopilot/db/lec6Ex2a.tbgen.tcl 
Execute       source /afs/hep.wisc.edu/user/rsimeon/tac_hep_fpga/TAC-HEP-FPGA-HLS/week3/Week3b_HW/solution1/.autopilot/db/lec6Ex2a.tbgen.tcl 
Execute       source /afs/hep.wisc.edu/user/rsimeon/tac_hep_fpga/TAC-HEP-FPGA-HLS/week3/Week3b_HW/solution1/.autopilot/db/lec6Ex2a.tbgen.tcl 
Execute       source /afs/hep.wisc.edu/user/rsimeon/tac_hep_fpga/TAC-HEP-FPGA-HLS/week3/Week3b_HW/solution1/.autopilot/db/lec6Ex2a.tbgen.tcl 
Execute       source /afs/hep.wisc.edu/user/rsimeon/tac_hep_fpga/TAC-HEP-FPGA-HLS/week3/Week3b_HW/solution1/.autopilot/db/lec6Ex2a.tbgen.tcl 
Execute       source /afs/hep.wisc.edu/user/rsimeon/tac_hep_fpga/TAC-HEP-FPGA-HLS/week3/Week3b_HW/solution1/.autopilot/db/lec6Ex2a.tbgen.tcl 
Execute       source /afs/hep.wisc.edu/user/rsimeon/tac_hep_fpga/TAC-HEP-FPGA-HLS/week3/Week3b_HW/solution1/.autopilot/db/lec6Ex2a.tbgen.tcl 
Execute       source /afs/hep.wisc.edu/user/rsimeon/tac_hep_fpga/TAC-HEP-FPGA-HLS/week3/Week3b_HW/solution1/.autopilot/db/lec6Ex2a.tbgen.tcl 
Execute       source /afs/hep.wisc.edu/user/rsimeon/tac_hep_fpga/TAC-HEP-FPGA-HLS/week3/Week3b_HW/solution1/.autopilot/db/lec6Ex2a.tbgen.tcl 
Execute       source /afs/hep.wisc.edu/user/rsimeon/tac_hep_fpga/TAC-HEP-FPGA-HLS/week3/Week3b_HW/solution1/.autopilot/db/lec6Ex2a.tbgen.tcl 
Execute       source /afs/hep.wisc.edu/user/rsimeon/tac_hep_fpga/TAC-HEP-FPGA-HLS/week3/Week3b_HW/solution1/.autopilot/db/lec6Ex2a.tbgen.tcl 
Execute       source /afs/hep.wisc.edu/user/rsimeon/tac_hep_fpga/TAC-HEP-FPGA-HLS/week3/Week3b_HW/solution1/.autopilot/db/lec6Ex2a.tbgen.tcl 
Execute       source /afs/hep.wisc.edu/user/rsimeon/tac_hep_fpga/TAC-HEP-FPGA-HLS/week3/Week3b_HW/solution1/.autopilot/db/lec6Ex2a.tbgen.tcl 
Execute       source /afs/hep.wisc.edu/user/rsimeon/tac_hep_fpga/TAC-HEP-FPGA-HLS/week3/Week3b_HW/solution1/.autopilot/db/lec6Ex2a.tbgen.tcl 
Execute       source /afs/hep.wisc.edu/user/rsimeon/tac_hep_fpga/TAC-HEP-FPGA-HLS/week3/Week3b_HW/solution1/.autopilot/db/lec6Ex2a.tbgen.tcl 
Execute       source /afs/hep.wisc.edu/user/rsimeon/tac_hep_fpga/TAC-HEP-FPGA-HLS/week3/Week3b_HW/solution1/.autopilot/db/lec6Ex2a.tbgen.tcl 
Execute       source /afs/hep.wisc.edu/user/rsimeon/tac_hep_fpga/TAC-HEP-FPGA-HLS/week3/Week3b_HW/solution1/.autopilot/db/lec6Ex2a.tbgen.tcl 
Execute       source /afs/hep.wisc.edu/user/rsimeon/tac_hep_fpga/TAC-HEP-FPGA-HLS/week3/Week3b_HW/solution1/.autopilot/db/lec6Ex2a.tbgen.tcl 
Execute       source /afs/hep.wisc.edu/user/rsimeon/tac_hep_fpga/TAC-HEP-FPGA-HLS/week3/Week3b_HW/solution1/.autopilot/db/lec6Ex2a.tbgen.tcl 
Execute       source /afs/hep.wisc.edu/user/rsimeon/tac_hep_fpga/TAC-HEP-FPGA-HLS/week3/Week3b_HW/solution1/.autopilot/db/lec6Ex2a.tbgen.tcl 
Execute       source /afs/hep.wisc.edu/user/rsimeon/tac_hep_fpga/TAC-HEP-FPGA-HLS/week3/Week3b_HW/solution1/.autopilot/db/lec6Ex2a.tbgen.tcl 
Execute       source /afs/hep.wisc.edu/user/rsimeon/tac_hep_fpga/TAC-HEP-FPGA-HLS/week3/Week3b_HW/solution1/.autopilot/db/lec6Ex2a.tbgen.tcl 
Execute       source /afs/hep.wisc.edu/user/rsimeon/tac_hep_fpga/TAC-HEP-FPGA-HLS/week3/Week3b_HW/solution1/.autopilot/db/lec6Ex2a.tbgen.tcl 
Execute       source /afs/hep.wisc.edu/user/rsimeon/tac_hep_fpga/TAC-HEP-FPGA-HLS/week3/Week3b_HW/solution1/.autopilot/db/lec6Ex2a.tbgen.tcl 
Execute       source /afs/hep.wisc.edu/user/rsimeon/tac_hep_fpga/TAC-HEP-FPGA-HLS/week3/Week3b_HW/solution1/.autopilot/db/lec6Ex2a.tbgen.tcl 
Execute       source /afs/hep.wisc.edu/user/rsimeon/tac_hep_fpga/TAC-HEP-FPGA-HLS/week3/Week3b_HW/solution1/.autopilot/db/lec6Ex2a.tbgen.tcl 
Execute       source /afs/hep.wisc.edu/user/rsimeon/tac_hep_fpga/TAC-HEP-FPGA-HLS/week3/Week3b_HW/solution1/.autopilot/db/global.setting.tcl 
Execute       get_config_sdx -target 
Execute       source /afs/hep.wisc.edu/user/rsimeon/tac_hep_fpga/TAC-HEP-FPGA-HLS/week3/Week3b_HW/solution1/.autopilot/db/lec6Ex2a.rtl_wrap.cfg.tcl 
Execute       source /afs/hep.wisc.edu/user/rsimeon/tac_hep_fpga/TAC-HEP-FPGA-HLS/week3/Week3b_HW/solution1/.autopilot/db/lec6Ex2a.compgen.dataonly.tcl 
Execute       source /afs/hep.wisc.edu/user/rsimeon/tac_hep_fpga/TAC-HEP-FPGA-HLS/week3/Week3b_HW/solution1/.autopilot/db/global.setting.tcl 
Execute       ap_part_info -name xc7k160t-fbg484-2 -data names -quiet 
Execute       ap_part_info -name xc7k160t-fbg484-2 -data info -quiet 
Execute       source /afs/hep.wisc.edu/user/rsimeon/tac_hep_fpga/TAC-HEP-FPGA-HLS/week3/Week3b_HW/solution1/.autopilot/db/lec6Ex2a.constraint.tcl 
Execute       sc_get_clocks lec6Ex2a 
Execute       ap_part_info -name xc7k160t-fbg484-2 -data names -quiet 
Execute       ap_part_info -name xc7k160t-fbg484-2 -data info -quiet 
Execute       source /afs/hep.wisc.edu/user/rsimeon/tac_hep_fpga/TAC-HEP-FPGA-HLS/week3/Week3b_HW/solution1/.autopilot/db/global.setting.tcl 
Execute       get_config_debug -directory 
Execute       source /afs/hep.wisc.edu/user/rsimeon/tac_hep_fpga/TAC-HEP-FPGA-HLS/week3/Week3b_HW/solution1/.autopilot/db/lec6Ex2a.tbgen.tcl 
Execute       get_config_sdx -target 
Execute       get_config_sdx -profile 
Execute       get_config_rtl -kernel_profile 
Execute       get_config_rtl -stall_sig_gen 
Execute       get_config_rtl -profile 
INFO-FLOW: DBG:CMD: add_json_sdx_info kernel file does not exist, skipping opencl info: /afs/hep.wisc.edu/user/rsimeon/tac_hep_fpga/TAC-HEP-FPGA-HLS/week3/Week3b_HW/solution1/.autopilot/db/kernel.internal.xml
INFO-FLOW: DBG:CMD:       delete-temp-dirs (skipped for debug)
INFO: [HLS 200-111] Finished generating all RTL models Time (s): cpu = 00:00:37 ; elapsed = 00:00:43 . Memory (MB): peak = 1775.270 ; gain = 1248.910 ; free physical = 77069 ; free virtual = 105675
INFO: [VHDL 208-304] Generating VHDL RTL for lec6Ex2a.
INFO: [VLOG 209-307] Generating Verilog RTL for lec6Ex2a.
Command     autosyn done; 11.02 sec.
Command   csynth_design done; 39.59 sec.
Command ap_source done; 43.05 sec.
Execute cleanup_all 
