

================================================================
== Vivado HLS Report for 'lec8Ex1'
================================================================
* Date:           Tue May  9 14:54:28 2023

* Version:        2020.1 (Build 2897737 on Wed May 27 20:21:37 MDT 2020)
* Project:        hw4_arrpartcyclic
* Solution:       solution1
* Product family: kintex7
* Target device:  xc7k160t-fbg484-2


================================================================
== Performance Estimates
================================================================
+ Timing: 
    * Summary: 
    +--------+----------+----------+------------+
    |  Clock |  Target  | Estimated| Uncertainty|
    +--------+----------+----------+------------+
    |ap_clk  | 10.00 ns | 7.130 ns |   1.25 ns  |
    +--------+----------+----------+------------+

+ Latency: 
    * Summary: 
    +---------+---------+----------+----------+-----+-----+---------+
    |  Latency (cycles) |  Latency (absolute) |  Interval | Pipeline|
    |   min   |   max   |    min   |    max   | min | max |   Type  |
    +---------+---------+----------+----------+-----+-----+---------+
    |      181|      181| 1.810 us | 1.810 us |  181|  181|   none  |
    +---------+---------+----------+----------+-----+-----+---------+

    + Detail: 
        * Instance: 
        N/A

        * Loop: 
        +------------+---------+---------+----------+-----------+-----------+------+----------+
        |            |  Latency (cycles) | Iteration|  Initiation Interval  | Trip |          |
        |  Loop Name |   min   |   max   |  Latency |  achieved |   target  | Count| Pipelined|
        +------------+---------+---------+----------+-----------+-----------+------+----------+
        |- for_Loop  |      180|      180|         3|          -|          -|    60|    no    |
        +------------+---------+---------+----------+-----------+-----------+------+----------+

============================================================
+ Verbose Summary: Synthesis Manager
============================================================
InlineROM: 1
ExposeGlobal: 0
============================================================
+ Verbose Summary: CDFG Model
============================================================
IsTopModel: 1
ResetActiveHigh: 1
IsCombinational: 0
IsDatapathOnly: 0
HasWiredReturn: 1
HasMFsm: 0
HasVarLatency: 1
IsPipeline: 0
IsRtlPipelined: 0
IsInstanceOverlapped: 0
IsDontTouch: 0
HasImplIP: 0
IsGatedGlobalClock: 0


============================================================
+ Verbose Summary: Schedule
============================================================
* Number of FSM states : 4
* Pipeline : 0
* Dataflow Pipeline: 0

* FSM state transitions: 
1 --> 2 
2 --> 3 
3 --> 4 
4 --> 2 

* FSM state operations: 

State 1 <SV = 0> <Delay = 5.49>
ST_1 : Operation 5 [1/1] (0.00ns)   --->   "call void (...)* @_ssdm_op_SpecBitsMap([20 x i32]* %out_2), !map !19"   --->   Operation 5 'specbitsmap' <Predicate = true> <Delay = 0.00>
ST_1 : Operation 6 [1/1] (0.00ns)   --->   "call void (...)* @_ssdm_op_SpecBitsMap([20 x i32]* %out_1), !map !25"   --->   Operation 6 'specbitsmap' <Predicate = true> <Delay = 0.00>
ST_1 : Operation 7 [1/1] (0.00ns)   --->   "call void (...)* @_ssdm_op_SpecBitsMap([20 x i32]* %out_0), !map !31"   --->   Operation 7 'specbitsmap' <Predicate = true> <Delay = 0.00>
ST_1 : Operation 8 [1/1] (0.00ns)   --->   "call void (...)* @_ssdm_op_SpecBitsMap([30 x i32]* %in_1), !map !37"   --->   Operation 8 'specbitsmap' <Predicate = true> <Delay = 0.00>
ST_1 : Operation 9 [1/1] (0.00ns)   --->   "call void (...)* @_ssdm_op_SpecBitsMap([30 x i32]* %in_0), !map !43"   --->   Operation 9 'specbitsmap' <Predicate = true> <Delay = 0.00>
ST_1 : Operation 10 [1/1] (0.00ns)   --->   "call void (...)* @_ssdm_op_SpecBitsMap(i16 %a) nounwind, !map !49"   --->   Operation 10 'specbitsmap' <Predicate = true> <Delay = 0.00>
ST_1 : Operation 11 [1/1] (0.00ns)   --->   "call void (...)* @_ssdm_op_SpecBitsMap(i16 %b) nounwind, !map !55"   --->   Operation 11 'specbitsmap' <Predicate = true> <Delay = 0.00>
ST_1 : Operation 12 [1/1] (0.00ns)   --->   "call void (...)* @_ssdm_op_SpecBitsMap(i32 %c) nounwind, !map !59"   --->   Operation 12 'specbitsmap' <Predicate = true> <Delay = 0.00>
ST_1 : Operation 13 [1/1] (0.00ns)   --->   "call void (...)* @_ssdm_op_SpecTopModule([8 x i8]* @lec8Ex1_str) nounwind"   --->   Operation 13 'spectopmodule' <Predicate = true> <Delay = 0.00>
ST_1 : Operation 14 [1/1] (0.00ns)   --->   "%c_read = call i32 @_ssdm_op_Read.ap_auto.i32(i32 %c)" [arrpartcyclic_lec8Ex1.c:4]   --->   Operation 14 'read' 'c_read' <Predicate = true> <Delay = 0.00>
ST_1 : Operation 15 [1/1] (0.00ns)   --->   "%b_read = call i16 @_ssdm_op_Read.ap_auto.i16(i16 %b)" [arrpartcyclic_lec8Ex1.c:4]   --->   Operation 15 'read' 'b_read' <Predicate = true> <Delay = 0.00>
ST_1 : Operation 16 [1/1] (0.00ns)   --->   "%a_read = call i16 @_ssdm_op_Read.ap_auto.i16(i16 %a)" [arrpartcyclic_lec8Ex1.c:4]   --->   Operation 16 'read' 'a_read' <Predicate = true> <Delay = 0.00>
ST_1 : Operation 17 [1/1] (0.00ns)   --->   "%sext_ln24 = sext i16 %a_read to i32" [arrpartcyclic_lec8Ex1.c:24]   --->   Operation 17 'sext' 'sext_ln24' <Predicate = true> <Delay = 0.00>
ST_1 : Operation 18 [1/1] (0.00ns)   --->   "%sext_ln34 = sext i16 %b_read to i17" [arrpartcyclic_lec8Ex1.c:34->arrpartcyclic_lec8Ex1.c:24]   --->   Operation 18 'sext' 'sext_ln34' <Predicate = true> <Delay = 0.00>
ST_1 : Operation 19 [1/1] (5.49ns)   --->   "%res = mul i32 %c_read, %c_read" [arrpartcyclic_lec8Ex1.c:34->arrpartcyclic_lec8Ex1.c:24]   --->   Operation 19 'mul' 'res' <Predicate = true> <Delay = 5.49> <Core = "Mul">   --->   Core 16 'Mul' <Latency = 0> <II = 1> <Delay = 5.49> <FuncUnit> <Opcode : 'mul'> <InPorts = 2> <OutPorts = 1>
ST_1 : Operation 20 [1/1] (1.34ns)   --->   "%add_ln24_1 = add i17 %sext_ln34, 39" [arrpartcyclic_lec8Ex1.c:24]   --->   Operation 20 'add' 'add_ln24_1' <Predicate = true> <Delay = 1.34> <Core = "AddSub">   --->   Core 14 'AddSub' <Latency = 0> <II = 1> <Delay = 1.18> <FuncUnit> <Opcode : 'add' 'sub'> <InPorts = 2> <OutPorts = 1>
ST_1 : Operation 21 [1/1] (0.00ns)   --->   "%sext_ln24_1 = sext i17 %add_ln24_1 to i32" [arrpartcyclic_lec8Ex1.c:24]   --->   Operation 21 'sext' 'sext_ln24_1' <Predicate = true> <Delay = 0.00>
ST_1 : Operation 22 [1/1] (0.87ns)   --->   "br label %1" [arrpartcyclic_lec8Ex1.c:17]   --->   Operation 22 'br' <Predicate = true> <Delay = 0.87>

State 2 <SV = 1> <Delay = 1.35>
ST_2 : Operation 23 [1/1] (0.00ns)   --->   "%i_0 = phi i6 [ 0, %0 ], [ %i, %2 ]"   --->   Operation 23 'phi' 'i_0' <Predicate = true> <Delay = 0.00>
ST_2 : Operation 24 [1/1] (0.00ns)   --->   "%phi_mul = phi i13 [ 0, %0 ], [ %add_ln26, %2 ]" [arrpartcyclic_lec8Ex1.c:26]   --->   Operation 24 'phi' 'phi_mul' <Predicate = true> <Delay = 0.00>
ST_2 : Operation 25 [1/1] (0.00ns)   --->   "%phi_urem = phi i6 [ 0, %0 ], [ %select_ln17, %2 ]" [arrpartcyclic_lec8Ex1.c:17]   --->   Operation 25 'phi' 'phi_urem' <Predicate = true> <Delay = 0.00>
ST_2 : Operation 26 [1/1] (0.90ns)   --->   "%icmp_ln17 = icmp eq i6 %i_0, -4" [arrpartcyclic_lec8Ex1.c:17]   --->   Operation 26 'icmp' 'icmp_ln17' <Predicate = true> <Delay = 0.90> <Core = "Cmp">   --->   Core 25 'Cmp' <Latency = 0> <II = 1> <Delay = 0.90> <FuncUnit> <Opcode : 'icmp'> <InPorts = 2> <OutPorts = 1>
ST_2 : Operation 27 [1/1] (0.00ns)   --->   "%empty = call i32 (...)* @_ssdm_op_SpecLoopTripCount(i64 60, i64 60, i64 60) nounwind"   --->   Operation 27 'speclooptripcount' 'empty' <Predicate = true> <Delay = 0.00>
ST_2 : Operation 28 [1/1] (1.18ns)   --->   "%i = add i6 %i_0, 1" [arrpartcyclic_lec8Ex1.c:17]   --->   Operation 28 'add' 'i' <Predicate = true> <Delay = 1.18> <Core = "AddSub">   --->   Core 14 'AddSub' <Latency = 0> <II = 1> <Delay = 1.18> <FuncUnit> <Opcode : 'add' 'sub'> <InPorts = 2> <OutPorts = 1>
ST_2 : Operation 29 [1/1] (0.00ns)   --->   "br i1 %icmp_ln17, label %3, label %_ifconv" [arrpartcyclic_lec8Ex1.c:17]   --->   Operation 29 'br' <Predicate = true> <Delay = 0.00>
ST_2 : Operation 30 [1/1] (0.00ns)   --->   "%trunc_ln19 = trunc i6 %i_0 to i1" [arrpartcyclic_lec8Ex1.c:19]   --->   Operation 30 'trunc' 'trunc_ln19' <Predicate = (!icmp_ln17)> <Delay = 0.00>
ST_2 : Operation 31 [1/1] (0.00ns)   --->   "%lshr_ln = call i5 @_ssdm_op_PartSelect.i5.i6.i32.i32(i6 %i_0, i32 1, i32 5)" [arrpartcyclic_lec8Ex1.c:19]   --->   Operation 31 'partselect' 'lshr_ln' <Predicate = (!icmp_ln17)> <Delay = 0.00>
ST_2 : Operation 32 [1/1] (0.00ns)   --->   "%zext_ln19 = zext i5 %lshr_ln to i64" [arrpartcyclic_lec8Ex1.c:19]   --->   Operation 32 'zext' 'zext_ln19' <Predicate = (!icmp_ln17)> <Delay = 0.00>
ST_2 : Operation 33 [1/1] (0.00ns)   --->   "%in_0_addr = getelementptr [30 x i32]* %in_0, i64 0, i64 %zext_ln19" [arrpartcyclic_lec8Ex1.c:19]   --->   Operation 33 'getelementptr' 'in_0_addr' <Predicate = (!icmp_ln17)> <Delay = 0.00>
ST_2 : Operation 34 [1/1] (0.00ns)   --->   "%in_1_addr = getelementptr [30 x i32]* %in_1, i64 0, i64 %zext_ln19" [arrpartcyclic_lec8Ex1.c:19]   --->   Operation 34 'getelementptr' 'in_1_addr' <Predicate = (!icmp_ln17)> <Delay = 0.00>
ST_2 : Operation 35 [2/2] (1.14ns)   --->   "%in_1_load = load i32* %in_1_addr, align 4" [arrpartcyclic_lec8Ex1.c:19]   --->   Operation 35 'load' 'in_1_load' <Predicate = (!icmp_ln17)> <Delay = 1.14> <Core = "RAM">   --->   Core 37 'RAM' <Latency = 1> <II = 1> <Delay = 1.14> <Storage> <Opcode : 'load' 'store'> <Ports = 2> <Width = 32> <Depth = 20> <RAM>
ST_2 : Operation 36 [2/2] (1.14ns)   --->   "%in_0_load = load i32* %in_0_addr, align 4" [arrpartcyclic_lec8Ex1.c:19]   --->   Operation 36 'load' 'in_0_load' <Predicate = (!icmp_ln17)> <Delay = 1.14> <Core = "RAM">   --->   Core 37 'RAM' <Latency = 1> <II = 1> <Delay = 1.14> <Storage> <Opcode : 'load' 'store'> <Ports = 2> <Width = 32> <Depth = 20> <RAM>
ST_2 : Operation 37 [1/1] (1.35ns)   --->   "%add_ln26 = add i13 86, %phi_mul" [arrpartcyclic_lec8Ex1.c:26]   --->   Operation 37 'add' 'add_ln26' <Predicate = (!icmp_ln17)> <Delay = 1.35> <Core = "AddSub">   --->   Core 14 'AddSub' <Latency = 0> <II = 1> <Delay = 1.18> <FuncUnit> <Opcode : 'add' 'sub'> <InPorts = 2> <OutPorts = 1>
ST_2 : Operation 38 [1/1] (0.00ns)   --->   "%tmp = call i5 @_ssdm_op_PartSelect.i5.i13.i32.i32(i13 %phi_mul, i32 8, i32 12)" [arrpartcyclic_lec8Ex1.c:26]   --->   Operation 38 'partselect' 'tmp' <Predicate = (!icmp_ln17)> <Delay = 0.00>
ST_2 : Operation 39 [1/1] (0.00ns)   --->   "ret void" [arrpartcyclic_lec8Ex1.c:28]   --->   Operation 39 'ret' <Predicate = (icmp_ln17)> <Delay = 0.00>

State 3 <SV = 2> <Delay = 7.13>
ST_3 : Operation 40 [1/2] (1.14ns)   --->   "%in_1_load = load i32* %in_1_addr, align 4" [arrpartcyclic_lec8Ex1.c:19]   --->   Operation 40 'load' 'in_1_load' <Predicate = true> <Delay = 1.14> <Core = "RAM">   --->   Core 37 'RAM' <Latency = 1> <II = 1> <Delay = 1.14> <Storage> <Opcode : 'load' 'store'> <Ports = 2> <Width = 32> <Depth = 20> <RAM>
ST_3 : Operation 41 [1/2] (1.14ns)   --->   "%in_0_load = load i32* %in_0_addr, align 4" [arrpartcyclic_lec8Ex1.c:19]   --->   Operation 41 'load' 'in_0_load' <Predicate = true> <Delay = 1.14> <Core = "RAM">   --->   Core 37 'RAM' <Latency = 1> <II = 1> <Delay = 1.14> <Storage> <Opcode : 'load' 'store'> <Ports = 2> <Width = 32> <Depth = 20> <RAM>
ST_3 : Operation 42 [1/1] (0.49ns)   --->   "%x = select i1 %trunc_ln19, i32 %in_1_load, i32 %in_0_load" [arrpartcyclic_lec8Ex1.c:19]   --->   Operation 42 'select' 'x' <Predicate = true> <Delay = 0.49> <Core = "Sel">   --->   Core 26 'Sel' <Latency = 0> <II = 1> <Delay = 0.52> <FuncUnit> <Opcode : 'select'> <InPorts = 3> <OutPorts = 1>
ST_3 : Operation 43 [1/1] (5.49ns)   --->   "%mul_ln24 = mul i32 %x, %sext_ln24" [arrpartcyclic_lec8Ex1.c:24]   --->   Operation 43 'mul' 'mul_ln24' <Predicate = true> <Delay = 5.49> <Core = "Mul">   --->   Core 16 'Mul' <Latency = 0> <II = 1> <Delay = 5.49> <FuncUnit> <Opcode : 'mul'> <InPorts = 2> <OutPorts = 1>

State 4 <SV = 3> <Delay = 3.40>
ST_4 : Operation 44 [1/1] (0.00ns)   --->   "call void (...)* @_ssdm_op_SpecLoopName([9 x i8]* @p_str2) nounwind" [arrpartcyclic_lec8Ex1.c:17]   --->   Operation 44 'specloopname' <Predicate = true> <Delay = 0.00>
ST_4 : Operation 45 [1/1] (0.00ns) (grouped into TernaryAdder)   --->   "%add_ln24 = add i32 %res, %mul_ln24" [arrpartcyclic_lec8Ex1.c:24]   --->   Operation 45 'add' 'add_ln24' <Predicate = true> <Delay = 0.00> <Core = "TAddSub">   --->   Core 83 'TAddSub' <Latency = 0> <II = 1> <Delay = 1.12> <IPBlock> <Opcode : 'add' 'sub'> <InPorts = 3> <OutPorts = 1> <Sync> <CReg>
ST_4 : Operation 46 [1/1] (2.25ns) (root node of TernaryAdder)   --->   "%y = add i32 %sext_ln24_1, %add_ln24" [arrpartcyclic_lec8Ex1.c:24]   --->   Operation 46 'add' 'y' <Predicate = true> <Delay = 2.25> <Core = "TAddSub">   --->   Core 83 'TAddSub' <Latency = 0> <II = 1> <Delay = 1.12> <IPBlock> <Opcode : 'add' 'sub'> <InPorts = 3> <OutPorts = 1> <Sync> <CReg>
ST_4 : Operation 47 [1/1] (0.00ns)   --->   "%trunc_ln26 = trunc i6 %phi_urem to i3" [arrpartcyclic_lec8Ex1.c:26]   --->   Operation 47 'trunc' 'trunc_ln26' <Predicate = true> <Delay = 0.00>
ST_4 : Operation 48 [1/1] (0.00ns)   --->   "%zext_ln26 = zext i5 %tmp to i64" [arrpartcyclic_lec8Ex1.c:26]   --->   Operation 48 'zext' 'zext_ln26' <Predicate = true> <Delay = 0.00>
ST_4 : Operation 49 [1/1] (0.00ns)   --->   "%out_0_addr = getelementptr [20 x i32]* %out_0, i64 0, i64 %zext_ln26" [arrpartcyclic_lec8Ex1.c:26]   --->   Operation 49 'getelementptr' 'out_0_addr' <Predicate = true> <Delay = 0.00>
ST_4 : Operation 50 [1/1] (0.00ns)   --->   "%out_1_addr = getelementptr [20 x i32]* %out_1, i64 0, i64 %zext_ln26" [arrpartcyclic_lec8Ex1.c:26]   --->   Operation 50 'getelementptr' 'out_1_addr' <Predicate = true> <Delay = 0.00>
ST_4 : Operation 51 [1/1] (0.00ns)   --->   "%out_2_addr = getelementptr [20 x i32]* %out_2, i64 0, i64 %zext_ln26" [arrpartcyclic_lec8Ex1.c:26]   --->   Operation 51 'getelementptr' 'out_2_addr' <Predicate = true> <Delay = 0.00>
ST_4 : Operation 52 [1/1] (0.68ns)   --->   "switch i3 %trunc_ln26, label %branch2 [
    i3 0, label %branch07
    i3 1, label %branch18
  ]" [arrpartcyclic_lec8Ex1.c:26]   --->   Operation 52 'switch' <Predicate = true> <Delay = 0.68>
ST_4 : Operation 53 [1/1] (1.14ns)   --->   "store i32 %y, i32* %out_1_addr, align 4" [arrpartcyclic_lec8Ex1.c:26]   --->   Operation 53 'store' <Predicate = (trunc_ln26 == 1)> <Delay = 1.14> <Core = "RAM">   --->   Core 37 'RAM' <Latency = 1> <II = 1> <Delay = 1.14> <Storage> <Opcode : 'load' 'store'> <Ports = 2> <Width = 32> <Depth = 20> <RAM>
ST_4 : Operation 54 [1/1] (0.00ns)   --->   "br label %2" [arrpartcyclic_lec8Ex1.c:26]   --->   Operation 54 'br' <Predicate = (trunc_ln26 == 1)> <Delay = 0.00>
ST_4 : Operation 55 [1/1] (1.14ns)   --->   "store i32 %y, i32* %out_0_addr, align 4" [arrpartcyclic_lec8Ex1.c:26]   --->   Operation 55 'store' <Predicate = (trunc_ln26 == 0)> <Delay = 1.14> <Core = "RAM">   --->   Core 37 'RAM' <Latency = 1> <II = 1> <Delay = 1.14> <Storage> <Opcode : 'load' 'store'> <Ports = 2> <Width = 32> <Depth = 20> <RAM>
ST_4 : Operation 56 [1/1] (0.00ns)   --->   "br label %2" [arrpartcyclic_lec8Ex1.c:26]   --->   Operation 56 'br' <Predicate = (trunc_ln26 == 0)> <Delay = 0.00>
ST_4 : Operation 57 [1/1] (1.14ns)   --->   "store i32 %y, i32* %out_2_addr, align 4" [arrpartcyclic_lec8Ex1.c:26]   --->   Operation 57 'store' <Predicate = (trunc_ln26 != 0 & trunc_ln26 != 1)> <Delay = 1.14> <Core = "RAM">   --->   Core 37 'RAM' <Latency = 1> <II = 1> <Delay = 1.14> <Storage> <Opcode : 'load' 'store'> <Ports = 2> <Width = 32> <Depth = 20> <RAM>
ST_4 : Operation 58 [1/1] (0.00ns)   --->   "br label %2" [arrpartcyclic_lec8Ex1.c:26]   --->   Operation 58 'br' <Predicate = (trunc_ln26 != 0 & trunc_ln26 != 1)> <Delay = 0.00>
ST_4 : Operation 59 [1/1] (1.18ns)   --->   "%add_ln17_1 = add i6 %phi_urem, 1" [arrpartcyclic_lec8Ex1.c:17]   --->   Operation 59 'add' 'add_ln17_1' <Predicate = true> <Delay = 1.18> <Core = "AddSub">   --->   Core 14 'AddSub' <Latency = 0> <II = 1> <Delay = 1.18> <FuncUnit> <Opcode : 'add' 'sub'> <InPorts = 2> <OutPorts = 1>
ST_4 : Operation 60 [1/1] (0.90ns)   --->   "%icmp_ln17_1 = icmp ult i6 %add_ln17_1, 3" [arrpartcyclic_lec8Ex1.c:17]   --->   Operation 60 'icmp' 'icmp_ln17_1' <Predicate = true> <Delay = 0.90> <Core = "Cmp">   --->   Core 25 'Cmp' <Latency = 0> <II = 1> <Delay = 0.90> <FuncUnit> <Opcode : 'icmp'> <InPorts = 2> <OutPorts = 1>
ST_4 : Operation 61 [1/1] (0.52ns)   --->   "%select_ln17 = select i1 %icmp_ln17_1, i6 %add_ln17_1, i6 0" [arrpartcyclic_lec8Ex1.c:17]   --->   Operation 61 'select' 'select_ln17' <Predicate = true> <Delay = 0.52> <Core = "Sel">   --->   Core 26 'Sel' <Latency = 0> <II = 1> <Delay = 0.52> <FuncUnit> <Opcode : 'select'> <InPorts = 3> <OutPorts = 1>
ST_4 : Operation 62 [1/1] (0.00ns)   --->   "br label %1" [arrpartcyclic_lec8Ex1.c:17]   --->   Operation 62 'br' <Predicate = true> <Delay = 0.00>


============================================================
+ Verbose Summary: Binding
============================================================
STG Binding: 
---------------- STG Properties BEGIN ----------------
- Is combinational: 0
- Is one-state seq: 0
- Is datapath-only: 0
- Is pipelined: 0
- Is top level: 1
Port [ Return ] is wired: 1; IO mode=ap_ctrl_hs:ce=0
Port [ in_0]:  wired=1; compound=1; hidden=0; nouse=0; global=0; static=0; extern=0; dir=0; type=1; pingpong=0; private_global=0; MemPort=[13]; IO mode=ap_memory:ce=0
Port [ in_1]:  wired=1; compound=1; hidden=0; nouse=0; global=0; static=0; extern=0; dir=0; type=1; pingpong=0; private_global=0; MemPort=[13]; IO mode=ap_memory:ce=0
Port [ a]:  wired=1; compound=0; hidden=0; nouse=0; global=0; static=0; extern=0; dir=0; type=0; pingpong=0; private_global=0; IO mode=ap_none:ce=0
Port [ b]:  wired=1; compound=0; hidden=0; nouse=0; global=0; static=0; extern=0; dir=0; type=0; pingpong=0; private_global=0; IO mode=ap_none:ce=0
Port [ c]:  wired=1; compound=0; hidden=0; nouse=0; global=0; static=0; extern=0; dir=0; type=0; pingpong=0; private_global=0; IO mode=ap_none:ce=0
Port [ out_0]:  wired=1; compound=1; hidden=0; nouse=0; global=0; static=0; extern=0; dir=1; type=1; pingpong=0; private_global=0; MemPort=[03]; IO mode=ap_memory:ce=0
Port [ out_1]:  wired=1; compound=1; hidden=0; nouse=0; global=0; static=0; extern=0; dir=1; type=1; pingpong=0; private_global=0; MemPort=[03]; IO mode=ap_memory:ce=0
Port [ out_2]:  wired=1; compound=1; hidden=0; nouse=0; global=0; static=0; extern=0; dir=1; type=1; pingpong=0; private_global=0; MemPort=[03]; IO mode=ap_memory:ce=0
---------------- STG Properties END ------------------

---------------- Datapath Model BEGIN ----------------

<LifeTime>
<method=bitvector/>
specbitsmap_ln0   (specbitsmap      ) [ 00000]
specbitsmap_ln0   (specbitsmap      ) [ 00000]
specbitsmap_ln0   (specbitsmap      ) [ 00000]
specbitsmap_ln0   (specbitsmap      ) [ 00000]
specbitsmap_ln0   (specbitsmap      ) [ 00000]
specbitsmap_ln0   (specbitsmap      ) [ 00000]
specbitsmap_ln0   (specbitsmap      ) [ 00000]
specbitsmap_ln0   (specbitsmap      ) [ 00000]
spectopmodule_ln0 (spectopmodule    ) [ 00000]
c_read            (read             ) [ 00000]
b_read            (read             ) [ 00000]
a_read            (read             ) [ 00000]
sext_ln24         (sext             ) [ 00111]
sext_ln34         (sext             ) [ 00000]
res               (mul              ) [ 00111]
add_ln24_1        (add              ) [ 00000]
sext_ln24_1       (sext             ) [ 00111]
br_ln17           (br               ) [ 01111]
i_0               (phi              ) [ 00100]
phi_mul           (phi              ) [ 00100]
phi_urem          (phi              ) [ 00111]
icmp_ln17         (icmp             ) [ 00111]
empty             (speclooptripcount) [ 00000]
i                 (add              ) [ 01111]
br_ln17           (br               ) [ 00000]
trunc_ln19        (trunc            ) [ 00010]
lshr_ln           (partselect       ) [ 00000]
zext_ln19         (zext             ) [ 00000]
in_0_addr         (getelementptr    ) [ 00010]
in_1_addr         (getelementptr    ) [ 00010]
add_ln26          (add              ) [ 01111]
tmp               (partselect       ) [ 00011]
ret_ln28          (ret              ) [ 00000]
in_1_load         (load             ) [ 00000]
in_0_load         (load             ) [ 00000]
x                 (select           ) [ 00000]
mul_ln24          (mul              ) [ 00001]
specloopname_ln17 (specloopname     ) [ 00000]
add_ln24          (add              ) [ 00000]
y                 (add              ) [ 00000]
trunc_ln26        (trunc            ) [ 00111]
zext_ln26         (zext             ) [ 00000]
out_0_addr        (getelementptr    ) [ 00000]
out_1_addr        (getelementptr    ) [ 00000]
out_2_addr        (getelementptr    ) [ 00000]
switch_ln26       (switch           ) [ 00000]
store_ln26        (store            ) [ 00000]
br_ln26           (br               ) [ 00000]
store_ln26        (store            ) [ 00000]
br_ln26           (br               ) [ 00000]
store_ln26        (store            ) [ 00000]
br_ln26           (br               ) [ 00000]
add_ln17_1        (add              ) [ 00000]
icmp_ln17_1       (icmp             ) [ 00000]
select_ln17       (select           ) [ 01111]
br_ln17           (br               ) [ 01111]
</LifeTime>

<model>

<comp_list>
<comp id="0" class="1000" name="in_0">
<pin_list>
<pin id="1" dir="1" index="0" bw="1" slack="0"/>
</pin_list>
<bind>
<StgValue><ssdm name="in_0"/><MemPortTyVec>1 3 </MemPortTyVec>
</StgValue>
</bind>
</comp>

<comp id="2" class="1000" name="in_1">
<pin_list>
<pin id="3" dir="1" index="0" bw="1" slack="0"/>
</pin_list>
<bind>
<StgValue><ssdm name="in_1"/><MemPortTyVec>1 3 </MemPortTyVec>
</StgValue>
</bind>
</comp>

<comp id="4" class="1000" name="a">
<pin_list>
<pin id="5" dir="1" index="0" bw="1" slack="0"/>
</pin_list>
<bind>
<StgValue><ssdm name="a"/></StgValue>
</bind>
</comp>

<comp id="6" class="1000" name="b">
<pin_list>
<pin id="7" dir="1" index="0" bw="1" slack="0"/>
</pin_list>
<bind>
<StgValue><ssdm name="b"/></StgValue>
</bind>
</comp>

<comp id="8" class="1000" name="c">
<pin_list>
<pin id="9" dir="1" index="0" bw="1" slack="0"/>
</pin_list>
<bind>
<StgValue><ssdm name="c"/></StgValue>
</bind>
</comp>

<comp id="10" class="1000" name="out_0">
<pin_list>
<pin id="11" dir="1" index="0" bw="1" slack="0"/>
</pin_list>
<bind>
<StgValue><ssdm name="out_0"/><MemPortTyVec>0 3 </MemPortTyVec>
</StgValue>
</bind>
</comp>

<comp id="12" class="1000" name="out_1">
<pin_list>
<pin id="13" dir="1" index="0" bw="1" slack="0"/>
</pin_list>
<bind>
<StgValue><ssdm name="out_1"/><MemPortTyVec>0 3 </MemPortTyVec>
</StgValue>
</bind>
</comp>

<comp id="14" class="1000" name="out_2">
<pin_list>
<pin id="15" dir="1" index="0" bw="1" slack="0"/>
</pin_list>
<bind>
<StgValue><ssdm name="out_2"/><MemPortTyVec>0 3 </MemPortTyVec>
</StgValue>
</bind>
</comp>

<comp id="16" class="1001" name="const_16">
<pin_list>
<pin id="17" dir="1" index="0" bw="1" slack="2147483647"/>
</pin_list>
<bind>
<StgValue><ssdm name="_ssdm_op_SpecBitsMap"/></StgValue>
</bind>
</comp>

<comp id="18" class="1001" name="const_18">
<pin_list>
<pin id="19" dir="1" index="0" bw="1" slack="2147483647"/>
</pin_list>
<bind>
<StgValue><ssdm name="_ssdm_op_SpecTopModule"/></StgValue>
</bind>
</comp>

<comp id="20" class="1001" name="const_20">
<pin_list>
<pin id="21" dir="1" index="0" bw="1" slack="2147483647"/>
</pin_list>
<bind>
<StgValue><ssdm name="lec8Ex1_str"/></StgValue>
</bind>
</comp>

<comp id="22" class="1001" name="const_22">
<pin_list>
<pin id="23" dir="1" index="0" bw="1" slack="0"/>
</pin_list>
<bind>
<StgValue><ssdm name="_ssdm_op_Read.ap_auto.i32"/></StgValue>
</bind>
</comp>

<comp id="24" class="1001" name="const_24">
<pin_list>
<pin id="25" dir="1" index="0" bw="1" slack="0"/>
</pin_list>
<bind>
<StgValue><ssdm name="_ssdm_op_Read.ap_auto.i16"/></StgValue>
</bind>
</comp>

<comp id="26" class="1001" name="const_26">
<pin_list>
<pin id="27" dir="1" index="0" bw="1" slack="0"/>
</pin_list>
<bind>
<StgValue><ssdm name=""/></StgValue>
</bind>
</comp>

<comp id="28" class="1001" name="const_28">
<pin_list>
<pin id="29" dir="1" index="0" bw="1" slack="0"/>
</pin_list>
<bind>
<StgValue><ssdm name=""/></StgValue>
</bind>
</comp>

<comp id="30" class="1001" name="const_30">
<pin_list>
<pin id="31" dir="1" index="0" bw="1" slack="1"/>
</pin_list>
<bind>
<StgValue><ssdm name=""/></StgValue>
</bind>
</comp>

<comp id="32" class="1001" name="const_32">
<pin_list>
<pin id="33" dir="1" index="0" bw="1" slack="0"/>
</pin_list>
<bind>
<StgValue><ssdm name=""/></StgValue>
</bind>
</comp>

<comp id="34" class="1001" name="const_34">
<pin_list>
<pin id="35" dir="1" index="0" bw="1" slack="2147483647"/>
</pin_list>
<bind>
<StgValue><ssdm name="_ssdm_op_SpecLoopTripCount"/></StgValue>
</bind>
</comp>

<comp id="36" class="1001" name="const_36">
<pin_list>
<pin id="37" dir="1" index="0" bw="1" slack="2147483647"/>
</pin_list>
<bind>
<StgValue><ssdm name=""/></StgValue>
</bind>
</comp>

<comp id="38" class="1001" name="const_38">
<pin_list>
<pin id="39" dir="1" index="0" bw="1" slack="0"/>
</pin_list>
<bind>
<StgValue><ssdm name=""/></StgValue>
</bind>
</comp>

<comp id="40" class="1001" name="const_40">
<pin_list>
<pin id="41" dir="1" index="0" bw="1" slack="0"/>
</pin_list>
<bind>
<StgValue><ssdm name="_ssdm_op_PartSelect.i5.i6.i32.i32"/></StgValue>
</bind>
</comp>

<comp id="42" class="1001" name="const_42">
<pin_list>
<pin id="43" dir="1" index="0" bw="1" slack="0"/>
</pin_list>
<bind>
<StgValue><ssdm name=""/></StgValue>
</bind>
</comp>

<comp id="44" class="1001" name="const_44">
<pin_list>
<pin id="45" dir="1" index="0" bw="1" slack="0"/>
</pin_list>
<bind>
<StgValue><ssdm name=""/></StgValue>
</bind>
</comp>

<comp id="46" class="1001" name="const_46">
<pin_list>
<pin id="47" dir="1" index="0" bw="1" slack="0"/>
</pin_list>
<bind>
<StgValue><ssdm name=""/></StgValue>
</bind>
</comp>

<comp id="48" class="1001" name="const_48">
<pin_list>
<pin id="49" dir="1" index="0" bw="1" slack="0"/>
</pin_list>
<bind>
<StgValue><ssdm name=""/></StgValue>
</bind>
</comp>

<comp id="50" class="1001" name="const_50">
<pin_list>
<pin id="51" dir="1" index="0" bw="1" slack="0"/>
</pin_list>
<bind>
<StgValue><ssdm name="_ssdm_op_PartSelect.i5.i13.i32.i32"/></StgValue>
</bind>
</comp>

<comp id="52" class="1001" name="const_52">
<pin_list>
<pin id="53" dir="1" index="0" bw="1" slack="0"/>
</pin_list>
<bind>
<StgValue><ssdm name=""/></StgValue>
</bind>
</comp>

<comp id="54" class="1001" name="const_54">
<pin_list>
<pin id="55" dir="1" index="0" bw="1" slack="0"/>
</pin_list>
<bind>
<StgValue><ssdm name=""/></StgValue>
</bind>
</comp>

<comp id="56" class="1001" name="const_56">
<pin_list>
<pin id="57" dir="1" index="0" bw="1" slack="2147483647"/>
</pin_list>
<bind>
<StgValue><ssdm name="_ssdm_op_SpecLoopName"/></StgValue>
</bind>
</comp>

<comp id="58" class="1001" name="const_58">
<pin_list>
<pin id="59" dir="1" index="0" bw="1" slack="2147483647"/>
</pin_list>
<bind>
<StgValue><ssdm name="p_str2"/></StgValue>
</bind>
</comp>

<comp id="60" class="1001" name="const_60">
<pin_list>
<pin id="61" dir="1" index="0" bw="1" slack="2147483647"/>
</pin_list>
<bind>
<StgValue><ssdm name=""/></StgValue>
</bind>
</comp>

<comp id="62" class="1001" name="const_62">
<pin_list>
<pin id="63" dir="1" index="0" bw="1" slack="2147483647"/>
</pin_list>
<bind>
<StgValue><ssdm name=""/></StgValue>
</bind>
</comp>

<comp id="64" class="1001" name="const_64">
<pin_list>
<pin id="65" dir="1" index="0" bw="1" slack="0"/>
</pin_list>
<bind>
<StgValue><ssdm name=""/></StgValue>
</bind>
</comp>

<comp id="66" class="1004" name="c_read_read_fu_66">
<pin_list>
<pin id="67" dir="0" index="0" bw="32" slack="0"/>
<pin id="68" dir="0" index="1" bw="32" slack="0"/>
<pin id="69" dir="1" index="2" bw="32" slack="0"/>
</pin_list>
<bind>
<opcode="read(1150) " fcode="read"/>
<opset="c_read/1 "/>
</bind>
</comp>

<comp id="72" class="1004" name="b_read_read_fu_72">
<pin_list>
<pin id="73" dir="0" index="0" bw="16" slack="0"/>
<pin id="74" dir="0" index="1" bw="16" slack="0"/>
<pin id="75" dir="1" index="2" bw="16" slack="0"/>
</pin_list>
<bind>
<opcode="read(1150) " fcode="read"/>
<opset="b_read/1 "/>
</bind>
</comp>

<comp id="78" class="1004" name="a_read_read_fu_78">
<pin_list>
<pin id="79" dir="0" index="0" bw="16" slack="0"/>
<pin id="80" dir="0" index="1" bw="16" slack="0"/>
<pin id="81" dir="1" index="2" bw="16" slack="0"/>
</pin_list>
<bind>
<opcode="read(1150) " fcode="read"/>
<opset="a_read/1 "/>
</bind>
</comp>

<comp id="84" class="1004" name="in_0_addr_gep_fu_84">
<pin_list>
<pin id="85" dir="0" index="0" bw="32" slack="0"/>
<pin id="86" dir="0" index="1" bw="1" slack="0"/>
<pin id="87" dir="0" index="2" bw="5" slack="0"/>
<pin id="88" dir="1" index="3" bw="5" slack="0"/>
</pin_list>
<bind>
<opcode="getelementptr(29) " fcode="getelementptr"/>
<opset="in_0_addr/2 "/>
</bind>
</comp>

<comp id="91" class="1004" name="in_1_addr_gep_fu_91">
<pin_list>
<pin id="92" dir="0" index="0" bw="32" slack="0"/>
<pin id="93" dir="0" index="1" bw="1" slack="0"/>
<pin id="94" dir="0" index="2" bw="5" slack="0"/>
<pin id="95" dir="1" index="3" bw="5" slack="0"/>
</pin_list>
<bind>
<opcode="getelementptr(29) " fcode="getelementptr"/>
<opset="in_1_addr/2 "/>
</bind>
</comp>

<comp id="98" class="1004" name="grp_access_fu_98">
<pin_list>
<pin id="99" dir="0" index="0" bw="5" slack="0"/>
<pin id="100" dir="0" index="1" bw="32" slack="2147483647"/>
<pin id="101" dir="0" index="2" bw="0" slack="2147483647"/>
<pin id="102" dir="1" index="3" bw="32" slack="0"/>
</pin_list>
<bind>
<opcode="load(27) " fcode="load"/>
<opset="in_1_load/2 "/>
</bind>
</comp>

<comp id="104" class="1004" name="grp_access_fu_104">
<pin_list>
<pin id="105" dir="0" index="0" bw="5" slack="0"/>
<pin id="106" dir="0" index="1" bw="32" slack="2147483647"/>
<pin id="107" dir="0" index="2" bw="0" slack="2147483647"/>
<pin id="108" dir="1" index="3" bw="32" slack="0"/>
</pin_list>
<bind>
<opcode="load(27) " fcode="load"/>
<opset="in_0_load/2 "/>
</bind>
</comp>

<comp id="110" class="1004" name="out_0_addr_gep_fu_110">
<pin_list>
<pin id="111" dir="0" index="0" bw="32" slack="0"/>
<pin id="112" dir="0" index="1" bw="1" slack="0"/>
<pin id="113" dir="0" index="2" bw="5" slack="0"/>
<pin id="114" dir="1" index="3" bw="5" slack="0"/>
</pin_list>
<bind>
<opcode="getelementptr(29) " fcode="getelementptr"/>
<opset="out_0_addr/4 "/>
</bind>
</comp>

<comp id="117" class="1004" name="out_1_addr_gep_fu_117">
<pin_list>
<pin id="118" dir="0" index="0" bw="32" slack="0"/>
<pin id="119" dir="0" index="1" bw="1" slack="0"/>
<pin id="120" dir="0" index="2" bw="5" slack="0"/>
<pin id="121" dir="1" index="3" bw="5" slack="0"/>
</pin_list>
<bind>
<opcode="getelementptr(29) " fcode="getelementptr"/>
<opset="out_1_addr/4 "/>
</bind>
</comp>

<comp id="124" class="1004" name="out_2_addr_gep_fu_124">
<pin_list>
<pin id="125" dir="0" index="0" bw="32" slack="0"/>
<pin id="126" dir="0" index="1" bw="1" slack="0"/>
<pin id="127" dir="0" index="2" bw="5" slack="0"/>
<pin id="128" dir="1" index="3" bw="5" slack="0"/>
</pin_list>
<bind>
<opcode="getelementptr(29) " fcode="getelementptr"/>
<opset="out_2_addr/4 "/>
</bind>
</comp>

<comp id="131" class="1004" name="store_ln26_access_fu_131">
<pin_list>
<pin id="132" dir="0" index="0" bw="5" slack="0"/>
<pin id="133" dir="0" index="1" bw="32" slack="0"/>
<pin id="134" dir="0" index="2" bw="0" slack="2147483647"/>
<pin id="135" dir="1" index="3" bw="32" slack="2147483647"/>
</pin_list>
<bind>
<opcode="store(28) " fcode="store"/>
<opset="store_ln26/4 "/>
</bind>
</comp>

<comp id="137" class="1004" name="store_ln26_access_fu_137">
<pin_list>
<pin id="138" dir="0" index="0" bw="5" slack="0"/>
<pin id="139" dir="0" index="1" bw="32" slack="0"/>
<pin id="140" dir="0" index="2" bw="0" slack="2147483647"/>
<pin id="141" dir="1" index="3" bw="32" slack="2147483647"/>
</pin_list>
<bind>
<opcode="store(28) " fcode="store"/>
<opset="store_ln26/4 "/>
</bind>
</comp>

<comp id="143" class="1004" name="store_ln26_access_fu_143">
<pin_list>
<pin id="144" dir="0" index="0" bw="5" slack="0"/>
<pin id="145" dir="0" index="1" bw="32" slack="0"/>
<pin id="146" dir="0" index="2" bw="0" slack="2147483647"/>
<pin id="147" dir="1" index="3" bw="32" slack="2147483647"/>
</pin_list>
<bind>
<opcode="store(28) " fcode="store"/>
<opset="store_ln26/4 "/>
</bind>
</comp>

<comp id="149" class="1005" name="i_0_reg_149">
<pin_list>
<pin id="150" dir="0" index="0" bw="6" slack="1"/>
<pin id="151" dir="1" index="1" bw="6" slack="1"/>
</pin_list>
<bind>
<opset="i_0 (phireg) "/>
</bind>
</comp>

<comp id="153" class="1004" name="i_0_phi_fu_153">
<pin_list>
<pin id="154" dir="0" index="0" bw="1" slack="1"/>
<pin id="155" dir="0" index="1" bw="0" slack="2147483647"/>
<pin id="156" dir="0" index="2" bw="6" slack="0"/>
<pin id="157" dir="0" index="3" bw="0" slack="2147483647"/>
<pin id="158" dir="1" index="4" bw="6" slack="0"/>
</pin_list>
<bind>
<opcode="phi(47) " fcode="phi"/>
<opset="i_0/2 "/>
</bind>
</comp>

<comp id="160" class="1005" name="phi_mul_reg_160">
<pin_list>
<pin id="161" dir="0" index="0" bw="13" slack="1"/>
<pin id="162" dir="1" index="1" bw="13" slack="1"/>
</pin_list>
<bind>
<opset="phi_mul (phireg) "/>
</bind>
</comp>

<comp id="164" class="1004" name="phi_mul_phi_fu_164">
<pin_list>
<pin id="165" dir="0" index="0" bw="1" slack="1"/>
<pin id="166" dir="0" index="1" bw="0" slack="2147483647"/>
<pin id="167" dir="0" index="2" bw="13" slack="0"/>
<pin id="168" dir="0" index="3" bw="0" slack="2147483647"/>
<pin id="169" dir="1" index="4" bw="13" slack="0"/>
</pin_list>
<bind>
<opcode="phi(47) " fcode="phi"/>
<opset="phi_mul/2 "/>
</bind>
</comp>

<comp id="171" class="1005" name="phi_urem_reg_171">
<pin_list>
<pin id="172" dir="0" index="0" bw="6" slack="1"/>
<pin id="173" dir="1" index="1" bw="6" slack="1"/>
</pin_list>
<bind>
<opset="phi_urem (phireg) "/>
</bind>
</comp>

<comp id="175" class="1004" name="phi_urem_phi_fu_175">
<pin_list>
<pin id="176" dir="0" index="0" bw="1" slack="1"/>
<pin id="177" dir="0" index="1" bw="0" slack="2147483647"/>
<pin id="178" dir="0" index="2" bw="6" slack="1"/>
<pin id="179" dir="0" index="3" bw="0" slack="2147483647"/>
<pin id="180" dir="1" index="4" bw="6" slack="2"/>
</pin_list>
<bind>
<opcode="phi(47) " fcode="phi"/>
<opset="phi_urem/2 "/>
</bind>
</comp>

<comp id="183" class="1004" name="sext_ln24_fu_183">
<pin_list>
<pin id="184" dir="0" index="0" bw="16" slack="0"/>
<pin id="185" dir="1" index="1" bw="32" slack="2"/>
</pin_list>
<bind>
<opcode="sext(35) " fcode="sext"/>
<opset="sext_ln24/1 "/>
</bind>
</comp>

<comp id="187" class="1004" name="sext_ln34_fu_187">
<pin_list>
<pin id="188" dir="0" index="0" bw="16" slack="0"/>
<pin id="189" dir="1" index="1" bw="17" slack="0"/>
</pin_list>
<bind>
<opcode="sext(35) " fcode="sext"/>
<opset="sext_ln34/1 "/>
</bind>
</comp>

<comp id="191" class="1004" name="res_fu_191">
<pin_list>
<pin id="192" dir="0" index="0" bw="32" slack="0"/>
<pin id="193" dir="0" index="1" bw="32" slack="0"/>
<pin id="194" dir="1" index="2" bw="32" slack="3"/>
</pin_list>
<bind>
<opcode="mul(12) " fcode="mul"/>
<opset="res/1 "/>
</bind>
</comp>

<comp id="197" class="1004" name="add_ln24_1_fu_197">
<pin_list>
<pin id="198" dir="0" index="0" bw="16" slack="0"/>
<pin id="199" dir="0" index="1" bw="7" slack="0"/>
<pin id="200" dir="1" index="2" bw="17" slack="0"/>
</pin_list>
<bind>
<opcode="add(8) " fcode="add"/>
<opset="add_ln24_1/1 "/>
</bind>
</comp>

<comp id="203" class="1004" name="sext_ln24_1_fu_203">
<pin_list>
<pin id="204" dir="0" index="0" bw="17" slack="0"/>
<pin id="205" dir="1" index="1" bw="32" slack="3"/>
</pin_list>
<bind>
<opcode="sext(35) " fcode="sext"/>
<opset="sext_ln24_1/1 "/>
</bind>
</comp>

<comp id="207" class="1004" name="icmp_ln17_fu_207">
<pin_list>
<pin id="208" dir="0" index="0" bw="6" slack="0"/>
<pin id="209" dir="0" index="1" bw="3" slack="0"/>
<pin id="210" dir="1" index="2" bw="1" slack="2147483647"/>
</pin_list>
<bind>
<opcode="icmp(45) " fcode="icmp"/>
<opset="icmp_ln17/2 "/>
</bind>
</comp>

<comp id="213" class="1004" name="i_fu_213">
<pin_list>
<pin id="214" dir="0" index="0" bw="6" slack="0"/>
<pin id="215" dir="0" index="1" bw="1" slack="0"/>
<pin id="216" dir="1" index="2" bw="6" slack="0"/>
</pin_list>
<bind>
<opcode="add(8) " fcode="add"/>
<opset="i/2 "/>
</bind>
</comp>

<comp id="219" class="1004" name="trunc_ln19_fu_219">
<pin_list>
<pin id="220" dir="0" index="0" bw="6" slack="0"/>
<pin id="221" dir="1" index="1" bw="1" slack="1"/>
</pin_list>
<bind>
<opcode="trunc(33) " fcode="trunc"/>
<opset="trunc_ln19/2 "/>
</bind>
</comp>

<comp id="223" class="1004" name="lshr_ln_fu_223">
<pin_list>
<pin id="224" dir="0" index="0" bw="5" slack="0"/>
<pin id="225" dir="0" index="1" bw="6" slack="0"/>
<pin id="226" dir="0" index="2" bw="1" slack="0"/>
<pin id="227" dir="0" index="3" bw="4" slack="0"/>
<pin id="228" dir="1" index="4" bw="5" slack="0"/>
</pin_list>
<bind>
<opcode="partselect(1002) " fcode="partselect"/>
<opset="lshr_ln/2 "/>
</bind>
</comp>

<comp id="233" class="1004" name="zext_ln19_fu_233">
<pin_list>
<pin id="234" dir="0" index="0" bw="5" slack="0"/>
<pin id="235" dir="1" index="1" bw="64" slack="0"/>
</pin_list>
<bind>
<opcode="zext(34) " fcode="zext"/>
<opset="zext_ln19/2 "/>
</bind>
</comp>

<comp id="239" class="1004" name="add_ln26_fu_239">
<pin_list>
<pin id="240" dir="0" index="0" bw="8" slack="0"/>
<pin id="241" dir="0" index="1" bw="13" slack="0"/>
<pin id="242" dir="1" index="2" bw="13" slack="0"/>
</pin_list>
<bind>
<opcode="add(8) " fcode="add"/>
<opset="add_ln26/2 "/>
</bind>
</comp>

<comp id="245" class="1004" name="tmp_fu_245">
<pin_list>
<pin id="246" dir="0" index="0" bw="5" slack="0"/>
<pin id="247" dir="0" index="1" bw="13" slack="0"/>
<pin id="248" dir="0" index="2" bw="5" slack="0"/>
<pin id="249" dir="0" index="3" bw="5" slack="0"/>
<pin id="250" dir="1" index="4" bw="5" slack="2"/>
</pin_list>
<bind>
<opcode="partselect(1002) " fcode="partselect"/>
<opset="tmp/2 "/>
</bind>
</comp>

<comp id="255" class="1004" name="x_fu_255">
<pin_list>
<pin id="256" dir="0" index="0" bw="1" slack="1"/>
<pin id="257" dir="0" index="1" bw="32" slack="0"/>
<pin id="258" dir="0" index="2" bw="32" slack="0"/>
<pin id="259" dir="1" index="3" bw="32" slack="0"/>
</pin_list>
<bind>
<opcode="select(49) " fcode="select"/>
<opset="x/3 "/>
</bind>
</comp>

<comp id="262" class="1004" name="mul_ln24_fu_262">
<pin_list>
<pin id="263" dir="0" index="0" bw="32" slack="0"/>
<pin id="264" dir="0" index="1" bw="16" slack="2"/>
<pin id="265" dir="1" index="2" bw="32" slack="1"/>
</pin_list>
<bind>
<opcode="mul(12) " fcode="mul"/>
<opset="mul_ln24/3 "/>
</bind>
</comp>

<comp id="267" class="1004" name="add_ln24_fu_267">
<pin_list>
<pin id="268" dir="0" index="0" bw="32" slack="3"/>
<pin id="269" dir="0" index="1" bw="32" slack="1"/>
<pin id="270" dir="1" index="2" bw="32" slack="0"/>
</pin_list>
<bind>
<opcode="add(8) " fcode="add"/>
<opset="add_ln24/4 "/>
</bind>
</comp>

<comp id="271" class="1004" name="y_fu_271">
<pin_list>
<pin id="272" dir="0" index="0" bw="17" slack="3"/>
<pin id="273" dir="0" index="1" bw="32" slack="0"/>
<pin id="274" dir="1" index="2" bw="32" slack="0"/>
</pin_list>
<bind>
<opcode="add(8) " fcode="add"/>
<opset="y/4 "/>
</bind>
</comp>

<comp id="279" class="1004" name="trunc_ln26_fu_279">
<pin_list>
<pin id="280" dir="0" index="0" bw="6" slack="2"/>
<pin id="281" dir="1" index="1" bw="3" slack="2147483647"/>
</pin_list>
<bind>
<opcode="trunc(33) " fcode="trunc"/>
<opset="trunc_ln26/4 "/>
</bind>
</comp>

<comp id="283" class="1004" name="zext_ln26_fu_283">
<pin_list>
<pin id="284" dir="0" index="0" bw="5" slack="2"/>
<pin id="285" dir="1" index="1" bw="64" slack="0"/>
</pin_list>
<bind>
<opcode="zext(34) " fcode="zext"/>
<opset="zext_ln26/4 "/>
</bind>
</comp>

<comp id="289" class="1004" name="add_ln17_1_fu_289">
<pin_list>
<pin id="290" dir="0" index="0" bw="6" slack="2"/>
<pin id="291" dir="0" index="1" bw="1" slack="0"/>
<pin id="292" dir="1" index="2" bw="6" slack="0"/>
</pin_list>
<bind>
<opcode="add(8) " fcode="add"/>
<opset="add_ln17_1/4 "/>
</bind>
</comp>

<comp id="295" class="1004" name="icmp_ln17_1_fu_295">
<pin_list>
<pin id="296" dir="0" index="0" bw="6" slack="0"/>
<pin id="297" dir="0" index="1" bw="3" slack="0"/>
<pin id="298" dir="1" index="2" bw="1" slack="0"/>
</pin_list>
<bind>
<opcode="icmp(45) " fcode="icmp"/>
<opset="icmp_ln17_1/4 "/>
</bind>
</comp>

<comp id="301" class="1004" name="select_ln17_fu_301">
<pin_list>
<pin id="302" dir="0" index="0" bw="1" slack="0"/>
<pin id="303" dir="0" index="1" bw="6" slack="0"/>
<pin id="304" dir="0" index="2" bw="1" slack="0"/>
<pin id="305" dir="1" index="3" bw="6" slack="1"/>
</pin_list>
<bind>
<opcode="select(49) " fcode="select"/>
<opset="select_ln17/4 "/>
</bind>
</comp>

<comp id="309" class="1005" name="sext_ln24_reg_309">
<pin_list>
<pin id="310" dir="0" index="0" bw="32" slack="2"/>
<pin id="311" dir="1" index="1" bw="32" slack="2"/>
</pin_list>
<bind>
<opset="sext_ln24 "/>
</bind>
</comp>

<comp id="314" class="1005" name="res_reg_314">
<pin_list>
<pin id="315" dir="0" index="0" bw="32" slack="3"/>
<pin id="316" dir="1" index="1" bw="32" slack="3"/>
</pin_list>
<bind>
<opset="res "/>
</bind>
</comp>

<comp id="319" class="1005" name="sext_ln24_1_reg_319">
<pin_list>
<pin id="320" dir="0" index="0" bw="32" slack="3"/>
<pin id="321" dir="1" index="1" bw="32" slack="3"/>
</pin_list>
<bind>
<opset="sext_ln24_1 "/>
</bind>
</comp>

<comp id="327" class="1005" name="i_reg_327">
<pin_list>
<pin id="328" dir="0" index="0" bw="6" slack="0"/>
<pin id="329" dir="1" index="1" bw="6" slack="0"/>
</pin_list>
<bind>
<opset="i "/>
</bind>
</comp>

<comp id="332" class="1005" name="trunc_ln19_reg_332">
<pin_list>
<pin id="333" dir="0" index="0" bw="1" slack="1"/>
<pin id="334" dir="1" index="1" bw="1" slack="1"/>
</pin_list>
<bind>
<opset="trunc_ln19 "/>
</bind>
</comp>

<comp id="337" class="1005" name="in_0_addr_reg_337">
<pin_list>
<pin id="338" dir="0" index="0" bw="5" slack="1"/>
<pin id="339" dir="1" index="1" bw="5" slack="1"/>
</pin_list>
<bind>
<opset="in_0_addr "/>
</bind>
</comp>

<comp id="342" class="1005" name="in_1_addr_reg_342">
<pin_list>
<pin id="343" dir="0" index="0" bw="5" slack="1"/>
<pin id="344" dir="1" index="1" bw="5" slack="1"/>
</pin_list>
<bind>
<opset="in_1_addr "/>
</bind>
</comp>

<comp id="347" class="1005" name="add_ln26_reg_347">
<pin_list>
<pin id="348" dir="0" index="0" bw="13" slack="0"/>
<pin id="349" dir="1" index="1" bw="13" slack="0"/>
</pin_list>
<bind>
<opset="add_ln26 "/>
</bind>
</comp>

<comp id="352" class="1005" name="tmp_reg_352">
<pin_list>
<pin id="353" dir="0" index="0" bw="5" slack="2"/>
<pin id="354" dir="1" index="1" bw="5" slack="2"/>
</pin_list>
<bind>
<opset="tmp "/>
</bind>
</comp>

<comp id="357" class="1005" name="mul_ln24_reg_357">
<pin_list>
<pin id="358" dir="0" index="0" bw="32" slack="1"/>
<pin id="359" dir="1" index="1" bw="32" slack="1"/>
</pin_list>
<bind>
<opset="mul_ln24 "/>
</bind>
</comp>

<comp id="365" class="1005" name="select_ln17_reg_365">
<pin_list>
<pin id="366" dir="0" index="0" bw="6" slack="1"/>
<pin id="367" dir="1" index="1" bw="6" slack="1"/>
</pin_list>
<bind>
<opset="select_ln17 "/>
</bind>
</comp>

</comp_list>

<net_list>
<net id="70"><net_src comp="22" pin="0"/><net_sink comp="66" pin=0"/></net>

<net id="71"><net_src comp="8" pin="0"/><net_sink comp="66" pin=1"/></net>

<net id="76"><net_src comp="24" pin="0"/><net_sink comp="72" pin=0"/></net>

<net id="77"><net_src comp="6" pin="0"/><net_sink comp="72" pin=1"/></net>

<net id="82"><net_src comp="24" pin="0"/><net_sink comp="78" pin=0"/></net>

<net id="83"><net_src comp="4" pin="0"/><net_sink comp="78" pin=1"/></net>

<net id="89"><net_src comp="0" pin="0"/><net_sink comp="84" pin=0"/></net>

<net id="90"><net_src comp="46" pin="0"/><net_sink comp="84" pin=1"/></net>

<net id="96"><net_src comp="2" pin="0"/><net_sink comp="91" pin=0"/></net>

<net id="97"><net_src comp="46" pin="0"/><net_sink comp="91" pin=1"/></net>

<net id="103"><net_src comp="91" pin="3"/><net_sink comp="98" pin=0"/></net>

<net id="109"><net_src comp="84" pin="3"/><net_sink comp="104" pin=0"/></net>

<net id="115"><net_src comp="10" pin="0"/><net_sink comp="110" pin=0"/></net>

<net id="116"><net_src comp="46" pin="0"/><net_sink comp="110" pin=1"/></net>

<net id="122"><net_src comp="12" pin="0"/><net_sink comp="117" pin=0"/></net>

<net id="123"><net_src comp="46" pin="0"/><net_sink comp="117" pin=1"/></net>

<net id="129"><net_src comp="14" pin="0"/><net_sink comp="124" pin=0"/></net>

<net id="130"><net_src comp="46" pin="0"/><net_sink comp="124" pin=1"/></net>

<net id="136"><net_src comp="117" pin="3"/><net_sink comp="131" pin=0"/></net>

<net id="142"><net_src comp="110" pin="3"/><net_sink comp="137" pin=0"/></net>

<net id="148"><net_src comp="124" pin="3"/><net_sink comp="143" pin=0"/></net>

<net id="152"><net_src comp="28" pin="0"/><net_sink comp="149" pin=0"/></net>

<net id="159"><net_src comp="149" pin="1"/><net_sink comp="153" pin=0"/></net>

<net id="163"><net_src comp="30" pin="0"/><net_sink comp="160" pin=0"/></net>

<net id="170"><net_src comp="160" pin="1"/><net_sink comp="164" pin=0"/></net>

<net id="174"><net_src comp="28" pin="0"/><net_sink comp="171" pin=0"/></net>

<net id="181"><net_src comp="171" pin="1"/><net_sink comp="175" pin=0"/></net>

<net id="182"><net_src comp="175" pin="4"/><net_sink comp="171" pin=0"/></net>

<net id="186"><net_src comp="78" pin="2"/><net_sink comp="183" pin=0"/></net>

<net id="190"><net_src comp="72" pin="2"/><net_sink comp="187" pin=0"/></net>

<net id="195"><net_src comp="66" pin="2"/><net_sink comp="191" pin=0"/></net>

<net id="196"><net_src comp="66" pin="2"/><net_sink comp="191" pin=1"/></net>

<net id="201"><net_src comp="187" pin="1"/><net_sink comp="197" pin=0"/></net>

<net id="202"><net_src comp="26" pin="0"/><net_sink comp="197" pin=1"/></net>

<net id="206"><net_src comp="197" pin="2"/><net_sink comp="203" pin=0"/></net>

<net id="211"><net_src comp="153" pin="4"/><net_sink comp="207" pin=0"/></net>

<net id="212"><net_src comp="32" pin="0"/><net_sink comp="207" pin=1"/></net>

<net id="217"><net_src comp="153" pin="4"/><net_sink comp="213" pin=0"/></net>

<net id="218"><net_src comp="38" pin="0"/><net_sink comp="213" pin=1"/></net>

<net id="222"><net_src comp="153" pin="4"/><net_sink comp="219" pin=0"/></net>

<net id="229"><net_src comp="40" pin="0"/><net_sink comp="223" pin=0"/></net>

<net id="230"><net_src comp="153" pin="4"/><net_sink comp="223" pin=1"/></net>

<net id="231"><net_src comp="42" pin="0"/><net_sink comp="223" pin=2"/></net>

<net id="232"><net_src comp="44" pin="0"/><net_sink comp="223" pin=3"/></net>

<net id="236"><net_src comp="223" pin="4"/><net_sink comp="233" pin=0"/></net>

<net id="237"><net_src comp="233" pin="1"/><net_sink comp="84" pin=2"/></net>

<net id="238"><net_src comp="233" pin="1"/><net_sink comp="91" pin=2"/></net>

<net id="243"><net_src comp="48" pin="0"/><net_sink comp="239" pin=0"/></net>

<net id="244"><net_src comp="164" pin="4"/><net_sink comp="239" pin=1"/></net>

<net id="251"><net_src comp="50" pin="0"/><net_sink comp="245" pin=0"/></net>

<net id="252"><net_src comp="164" pin="4"/><net_sink comp="245" pin=1"/></net>

<net id="253"><net_src comp="52" pin="0"/><net_sink comp="245" pin=2"/></net>

<net id="254"><net_src comp="54" pin="0"/><net_sink comp="245" pin=3"/></net>

<net id="260"><net_src comp="98" pin="3"/><net_sink comp="255" pin=1"/></net>

<net id="261"><net_src comp="104" pin="3"/><net_sink comp="255" pin=2"/></net>

<net id="266"><net_src comp="255" pin="3"/><net_sink comp="262" pin=0"/></net>

<net id="275"><net_src comp="267" pin="2"/><net_sink comp="271" pin=1"/></net>

<net id="276"><net_src comp="271" pin="2"/><net_sink comp="131" pin=1"/></net>

<net id="277"><net_src comp="271" pin="2"/><net_sink comp="137" pin=1"/></net>

<net id="278"><net_src comp="271" pin="2"/><net_sink comp="143" pin=1"/></net>

<net id="282"><net_src comp="171" pin="1"/><net_sink comp="279" pin=0"/></net>

<net id="286"><net_src comp="283" pin="1"/><net_sink comp="110" pin=2"/></net>

<net id="287"><net_src comp="283" pin="1"/><net_sink comp="117" pin=2"/></net>

<net id="288"><net_src comp="283" pin="1"/><net_sink comp="124" pin=2"/></net>

<net id="293"><net_src comp="171" pin="1"/><net_sink comp="289" pin=0"/></net>

<net id="294"><net_src comp="38" pin="0"/><net_sink comp="289" pin=1"/></net>

<net id="299"><net_src comp="289" pin="2"/><net_sink comp="295" pin=0"/></net>

<net id="300"><net_src comp="64" pin="0"/><net_sink comp="295" pin=1"/></net>

<net id="306"><net_src comp="295" pin="2"/><net_sink comp="301" pin=0"/></net>

<net id="307"><net_src comp="289" pin="2"/><net_sink comp="301" pin=1"/></net>

<net id="308"><net_src comp="28" pin="0"/><net_sink comp="301" pin=2"/></net>

<net id="312"><net_src comp="183" pin="1"/><net_sink comp="309" pin=0"/></net>

<net id="313"><net_src comp="309" pin="1"/><net_sink comp="262" pin=1"/></net>

<net id="317"><net_src comp="191" pin="2"/><net_sink comp="314" pin=0"/></net>

<net id="318"><net_src comp="314" pin="1"/><net_sink comp="267" pin=0"/></net>

<net id="322"><net_src comp="203" pin="1"/><net_sink comp="319" pin=0"/></net>

<net id="323"><net_src comp="319" pin="1"/><net_sink comp="271" pin=0"/></net>

<net id="330"><net_src comp="213" pin="2"/><net_sink comp="327" pin=0"/></net>

<net id="331"><net_src comp="327" pin="1"/><net_sink comp="153" pin=2"/></net>

<net id="335"><net_src comp="219" pin="1"/><net_sink comp="332" pin=0"/></net>

<net id="336"><net_src comp="332" pin="1"/><net_sink comp="255" pin=0"/></net>

<net id="340"><net_src comp="84" pin="3"/><net_sink comp="337" pin=0"/></net>

<net id="341"><net_src comp="337" pin="1"/><net_sink comp="104" pin=0"/></net>

<net id="345"><net_src comp="91" pin="3"/><net_sink comp="342" pin=0"/></net>

<net id="346"><net_src comp="342" pin="1"/><net_sink comp="98" pin=0"/></net>

<net id="350"><net_src comp="239" pin="2"/><net_sink comp="347" pin=0"/></net>

<net id="351"><net_src comp="347" pin="1"/><net_sink comp="164" pin=2"/></net>

<net id="355"><net_src comp="245" pin="4"/><net_sink comp="352" pin=0"/></net>

<net id="356"><net_src comp="352" pin="1"/><net_sink comp="283" pin=0"/></net>

<net id="360"><net_src comp="262" pin="2"/><net_sink comp="357" pin=0"/></net>

<net id="361"><net_src comp="357" pin="1"/><net_sink comp="267" pin=1"/></net>

<net id="368"><net_src comp="301" pin="3"/><net_sink comp="365" pin=0"/></net>

<net id="369"><net_src comp="365" pin="1"/><net_sink comp="175" pin=2"/></net>

</net_list>

</model> 
---------------- Datapath Model END ------------------

* FSMD analyzer results:
  - Output states:
	Port: out_0 | {4 }
	Port: out_1 | {4 }
	Port: out_2 | {4 }
 - Input state : 
	Port: lec8Ex1 : in_0 | {2 3 }
	Port: lec8Ex1 : in_1 | {2 3 }
	Port: lec8Ex1 : a | {1 }
	Port: lec8Ex1 : b | {1 }
	Port: lec8Ex1 : c | {1 }
  - Chain level:
	State 1
		add_ln24_1 : 1
		sext_ln24_1 : 2
	State 2
		icmp_ln17 : 1
		i : 1
		br_ln17 : 2
		trunc_ln19 : 1
		lshr_ln : 1
		zext_ln19 : 2
		in_0_addr : 3
		in_1_addr : 3
		in_1_load : 4
		in_0_load : 4
		add_ln26 : 1
		tmp : 1
	State 3
		x : 1
		mul_ln24 : 2
	State 4
		y : 1
		out_0_addr : 1
		out_1_addr : 1
		out_2_addr : 1
		switch_ln26 : 1
		store_ln26 : 2
		store_ln26 : 2
		store_ln26 : 2
		icmp_ln17_1 : 1
		select_ln17 : 2


============================================================
+ Verbose Summary: Datapath Resource usage 
============================================================

* Functional unit list:
|----------|--------------------|---------|---------|---------|
| Operation|   Functional Unit  |  DSP48E |    FF   |   LUT   |
|----------|--------------------|---------|---------|---------|
|          |  add_ln24_1_fu_197 |    0    |    0    |    23   |
|          |      i_fu_213      |    0    |    0    |    15   |
|    add   |   add_ln26_fu_239  |    0    |    0    |    20   |
|          |   add_ln24_fu_267  |    0    |    0    |    32   |
|          |      y_fu_271      |    0    |    0    |    32   |
|          |  add_ln17_1_fu_289 |    0    |    0    |    15   |
|----------|--------------------|---------|---------|---------|
|    mul   |     res_fu_191     |    3    |    0    |    21   |
|          |   mul_ln24_fu_262  |    2    |    0    |    21   |
|----------|--------------------|---------|---------|---------|
|  select  |      x_fu_255      |    0    |    0    |    32   |
|          | select_ln17_fu_301 |    0    |    0    |    6    |
|----------|--------------------|---------|---------|---------|
|   icmp   |  icmp_ln17_fu_207  |    0    |    0    |    11   |
|          | icmp_ln17_1_fu_295 |    0    |    0    |    11   |
|----------|--------------------|---------|---------|---------|
|          |  c_read_read_fu_66 |    0    |    0    |    0    |
|   read   |  b_read_read_fu_72 |    0    |    0    |    0    |
|          |  a_read_read_fu_78 |    0    |    0    |    0    |
|----------|--------------------|---------|---------|---------|
|          |  sext_ln24_fu_183  |    0    |    0    |    0    |
|   sext   |  sext_ln34_fu_187  |    0    |    0    |    0    |
|          | sext_ln24_1_fu_203 |    0    |    0    |    0    |
|----------|--------------------|---------|---------|---------|
|   trunc  |  trunc_ln19_fu_219 |    0    |    0    |    0    |
|          |  trunc_ln26_fu_279 |    0    |    0    |    0    |
|----------|--------------------|---------|---------|---------|
|partselect|   lshr_ln_fu_223   |    0    |    0    |    0    |
|          |     tmp_fu_245     |    0    |    0    |    0    |
|----------|--------------------|---------|---------|---------|
|   zext   |  zext_ln19_fu_233  |    0    |    0    |    0    |
|          |  zext_ln26_fu_283  |    0    |    0    |    0    |
|----------|--------------------|---------|---------|---------|
|   Total  |                    |    5    |    0    |   239   |
|----------|--------------------|---------|---------|---------|

Memories:
N/A

* Register list:
+-------------------+--------+
|                   |   FF   |
+-------------------+--------+
|  add_ln26_reg_347 |   13   |
|    i_0_reg_149    |    6   |
|     i_reg_327     |    6   |
| in_0_addr_reg_337 |    5   |
| in_1_addr_reg_342 |    5   |
|  mul_ln24_reg_357 |   32   |
|  phi_mul_reg_160  |   13   |
|  phi_urem_reg_171 |    6   |
|    res_reg_314    |   32   |
|select_ln17_reg_365|    6   |
|sext_ln24_1_reg_319|   32   |
| sext_ln24_reg_309 |   32   |
|    tmp_reg_352    |    5   |
| trunc_ln19_reg_332|    1   |
+-------------------+--------+
|       Total       |   194  |
+-------------------+--------+

* Multiplexer (MUX) list: 
|-------------------|------|------|------|--------||---------||---------|
|        Comp       |  Pin | Size |  BW  | S x BW ||  Delay  ||   LUT   |
|-------------------|------|------|------|--------||---------||---------|
|  grp_access_fu_98 |  p0  |   2  |   5  |   10   ||    9    |
| grp_access_fu_104 |  p0  |   2  |   5  |   10   ||    9    |
|  phi_urem_reg_171 |  p0  |   2  |   6  |   12   ||    9    |
|-------------------|------|------|------|--------||---------||---------|
|       Total       |      |      |      |   32   ||  2.616  ||    27   |
|-------------------|------|------|------|--------||---------||---------|



* Summary:
+-----------+--------+--------+--------+--------+
|           | DSP48E |  Delay |   FF   |   LUT  |
+-----------+--------+--------+--------+--------+
|  Function |    5   |    -   |    0   |   239  |
|   Memory  |    -   |    -   |    -   |    -   |
|Multiplexer|    -   |    2   |    -   |   27   |
|  Register |    -   |    -   |   194  |    -   |
+-----------+--------+--------+--------+--------+
|   Total   |    5   |    2   |   194  |   266  |
+-----------+--------+--------+--------+--------+
