

================================================================
== Vivado HLS Report for 'ex4'
================================================================
* Date:           Fri May 12 19:09:58 2023

* Version:        2020.1 (Build 2897737 on Wed May 27 20:21:37 MDT 2020)
* Project:        Exercise4_struct
* Solution:       solution1
* Product family: kintex7
* Target device:  xc7k160t-fbg484-2


================================================================
== Performance Estimates
================================================================
+ Timing: 
    * Summary: 
    +--------+----------+----------+------------+
    |  Clock |  Target  | Estimated| Uncertainty|
    +--------+----------+----------+------------+
    |ap_clk  | 10.00 ns | 6.777 ns |   1.25 ns  |
    +--------+----------+----------+------------+

+ Latency: 
    * Summary: 
    +---------+---------+----------+----------+-----+-----+---------+
    |  Latency (cycles) |  Latency (absolute) |  Interval | Pipeline|
    |   min   |   max   |    min   |    max   | min | max |   Type  |
    +---------+---------+----------+----------+-----+-----+---------+
    |        0|        0|   0 ns   |   0 ns   |    0|    0|   none  |
    +---------+---------+----------+----------+-----+-----+---------+

    + Detail: 
        * Instance: 
        N/A

        * Loop: 
        N/A



================================================================
== Utilization Estimates
================================================================
* Summary: 
+-----------------+---------+-------+--------+--------+-----+
|       Name      | BRAM_18K| DSP48E|   FF   |   LUT  | URAM|
+-----------------+---------+-------+--------+--------+-----+
|DSP              |        -|      -|       -|       -|    -|
|Expression       |        -|      -|       0|     295|    -|
|FIFO             |        -|      -|       -|       -|    -|
|Instance         |        -|      -|       -|       -|    -|
|Memory           |        -|      -|       -|       -|    -|
|Multiplexer      |        -|      -|       -|       -|    -|
|Register         |        -|      -|       -|       -|    -|
+-----------------+---------+-------+--------+--------+-----+
|Total            |        0|      0|       0|     295|    0|
+-----------------+---------+-------+--------+--------+-----+
|Available        |      650|    600|  202800|  101400|    0|
+-----------------+---------+-------+--------+--------+-----+
|Utilization (%)  |        0|      0|       0|   ~0   |    0|
+-----------------+---------+-------+--------+--------+-----+

+ Detail: 
    * Instance: 
    N/A

    * DSP48E: 
    N/A

    * Memory: 
    N/A

    * FIFO: 
    N/A

    * Expression: 
    +----------------------+----------+-------+---+----+------------+------------+
    |     Variable Name    | Operation| DSP48E| FF| LUT| Bitwidth P0| Bitwidth P1|
    +----------------------+----------+-------+---+----+------------+------------+
    |B                     |     +    |      0|  0|  32|          32|          32|
    |add_ln16_1_fu_105_p2  |     +    |      0|  0|  32|          32|          32|
    |add_ln16_2_fu_111_p2  |     +    |      0|  0|  32|          32|          32|
    |add_ln16_3_fu_117_p2  |     +    |      0|  0|  32|          32|          32|
    |add_ln16_4_fu_123_p2  |     +    |      0|  0|  32|          32|          32|
    |add_ln16_5_fu_129_p2  |     +    |      0|  0|  32|          32|          32|
    |add_ln16_6_fu_135_p2  |     +    |      0|  0|  32|          32|          32|
    |add_ln16_7_fu_141_p2  |     +    |      0|  0|  32|          32|          32|
    |add_ln16_fu_99_p2     |     +    |      0|  0|  39|          32|          32|
    +----------------------+----------+-------+---+----+------------+------------+
    |Total                 |          |      0|  0| 295|         288|         288|
    +----------------------+----------+-------+---+----+------------+------------+

    * Multiplexer: 
    N/A

    * Register: 
    N/A



================================================================
== Interface
================================================================
* Summary: 
+----------+-----+-----+------------+--------------+--------------+
| RTL Ports| Dir | Bits|  Protocol  | Source Object|    C Type    |
+----------+-----+-----+------------+--------------+--------------+
|ap_start  |  in |    1| ap_ctrl_hs |      ex4     | return value |
|ap_done   | out |    1| ap_ctrl_hs |      ex4     | return value |
|ap_idle   | out |    1| ap_ctrl_hs |      ex4     | return value |
|ap_ready  | out |    1| ap_ctrl_hs |      ex4     | return value |
|A_A1      |  in |   32|   ap_none  |     A_A1     |    scalar    |
|A_A2      |  in |   32|   ap_none  |     A_A2     |    scalar    |
|A_A3      |  in |   32|   ap_none  |     A_A3     |    scalar    |
|A_A4      |  in |   32|   ap_none  |     A_A4     |    scalar    |
|A_A5      |  in |   32|   ap_none  |     A_A5     |    scalar    |
|A_A6      |  in |   32|   ap_none  |     A_A6     |    scalar    |
|A_A7      |  in |   32|   ap_none  |     A_A7     |    scalar    |
|A_A8      |  in |   32|   ap_none  |     A_A8     |    scalar    |
|A_A9      |  in |   32|   ap_none  |     A_A9     |    scalar    |
|A_A10     |  in |   32|   ap_none  |     A_A10    |    scalar    |
|B         | out |   32|   ap_vld   |       B      |    pointer   |
|B_ap_vld  | out |    1|   ap_vld   |       B      |    pointer   |
+----------+-----+-----+------------+--------------+--------------+

