

================================================================
== Vivado HLS Report for 'hw4'
================================================================
* Date:           Tue May  9 13:08:08 2023

* Version:        2020.1 (Build 2897737 on Wed May 27 20:21:37 MDT 2020)
* Project:        hw4_maxpragma
* Solution:       solution1
* Product family: kintex7
* Target device:  xc7k160t-fbg484-2


================================================================
== Performance Estimates
================================================================
+ Timing: 
    * Summary: 
    +--------+----------+----------+------------+
    |  Clock |  Target  | Estimated| Uncertainty|
    +--------+----------+----------+------------+
    |ap_clk  | 10.00 ns | 8.644 ns |   1.25 ns  |
    +--------+----------+----------+------------+

+ Latency: 
    * Summary: 
    +---------+---------+----------+----------+-----+-----+---------+
    |  Latency (cycles) |  Latency (absolute) |  Interval | Pipeline|
    |   min   |   max   |    min   |    max   | min | max |   Type  |
    +---------+---------+----------+----------+-----+-----+---------+
    |       13|       13| 0.130 us | 0.130 us |   13|   13|   none  |
    +---------+---------+----------+----------+-----+-----+---------+

    + Detail: 
        * Instance: 
        N/A

        * Loop: 
        +----------+---------+---------+----------+-----------+-----------+------+----------+
        |          |  Latency (cycles) | Iteration|  Initiation Interval  | Trip |          |
        | Loop Name|   min   |   max   |  Latency |  achieved |   target  | Count| Pipelined|
        +----------+---------+---------+----------+-----------+-----------+------+----------+
        |- Loop_j  |       12|       12|         2|          -|          -|     6|    no    |
        +----------+---------+---------+----------+-----------+-----------+------+----------+



================================================================
== Utilization Estimates
================================================================
* Summary: 
+-----------------+---------+-------+--------+--------+-----+
|       Name      | BRAM_18K| DSP48E|   FF   |   LUT  | URAM|
+-----------------+---------+-------+--------+--------+-----+
|DSP              |        -|      -|       -|       -|    -|
|Expression       |        -|      3|       0|     137|    -|
|FIFO             |        -|      -|       -|       -|    -|
|Instance         |        -|      -|       -|       -|    -|
|Memory           |        -|      -|       -|       -|    -|
|Multiplexer      |        -|      -|       -|      35|    -|
|Register         |        -|      -|      42|       -|    -|
+-----------------+---------+-------+--------+--------+-----+
|Total            |        0|      3|      42|     172|    0|
+-----------------+---------+-------+--------+--------+-----+
|Available        |      650|    600|  202800|  101400|    0|
+-----------------+---------+-------+--------+--------+-----+
|Utilization (%)  |        0|   ~0  |   ~0   |   ~0   |    0|
+-----------------+---------+-------+--------+--------+-----+

+ Detail: 
    * Instance: 
    N/A

    * DSP48E: 
    N/A

    * Memory: 
    N/A

    * FIFO: 
    N/A

    * Expression: 
    +-------------------------+----------+-------+---+----+------------+------------+
    |      Variable Name      | Operation| DSP48E| FF| LUT| Bitwidth P0| Bitwidth P1|
    +-------------------------+----------+-------+---+----+------------+------------+
    |mul_ln15_fu_132_p2       |     *    |      3|  0|  21|          32|          32|
    |add_ln15_fu_173_p2       |     +    |      0|  0|  12|           3|           3|
    |j_fu_156_p2              |     +    |      0|  0|  12|           3|           1|
    |sum_fu_201_p2            |     +    |      0|  0|  39|          32|          32|
    |icmp_ln13_fu_150_p2      |   icmp   |      0|  0|   9|           3|           3|
    |icmp_ln15_fu_167_p2      |   icmp   |      0|  0|   9|           3|           2|
    |select_ln15_1_fu_179_p3  |  select  |      0|  0|   3|           1|           3|
    |select_ln15_fu_193_p3    |  select  |      0|  0|  32|           1|          32|
    +-------------------------+----------+-------+---+----+------------+------------+
    |Total                    |          |      3|  0| 137|          78|         108|
    +-------------------------+----------+-------+---+----+------------+------------+

    * Multiplexer: 
    +---------------+----+-----------+-----+-----------+
    |      Name     | LUT| Input Size| Bits| Total Bits|
    +---------------+----+-----------+-----+-----------+
    |ap_NS_fsm      |  17|          4|    1|          4|
    |j_0_reg_121    |   9|          2|    3|          6|
    |sum_0_reg_108  |   9|          2|   32|         64|
    +---------------+----+-----------+-----+-----------+
    |Total          |  35|          8|   36|         74|
    +---------------+----+-----------+-----+-----------+

    * Register: 
    +-------------------+----+----+-----+-----------+
    |        Name       | FF | LUT| Bits| Const Bits|
    +-------------------+----+----+-----+-----------+
    |ap_CS_fsm          |   3|   0|    3|          0|
    |icmp_ln15_reg_220  |   1|   0|    1|          0|
    |j_0_reg_121        |   3|   0|    3|          0|
    |j_reg_210          |   3|   0|    3|          0|
    |sum_0_reg_108      |  32|   0|   32|          0|
    +-------------------+----+----+-----+-----------+
    |Total              |  42|   0|   42|          0|
    +-------------------+----+----+-----+-----------+



================================================================
== Interface
================================================================
* Summary: 
+-----------------+-----+-----+------------+--------------+--------------+
|    RTL Ports    | Dir | Bits|  Protocol  | Source Object|    C Type    |
+-----------------+-----+-----+------------+--------------+--------------+
|ap_clk           |  in |    1| ap_ctrl_hs |      hw4     | return value |
|ap_rst           |  in |    1| ap_ctrl_hs |      hw4     | return value |
|ap_start         |  in |    1| ap_ctrl_hs |      hw4     | return value |
|ap_done          | out |    1| ap_ctrl_hs |      hw4     | return value |
|ap_idle          | out |    1| ap_ctrl_hs |      hw4     | return value |
|ap_ready         | out |    1| ap_ctrl_hs |      hw4     | return value |
|in_A_address0    | out |    3|  ap_memory |     in_A     |     array    |
|in_A_ce0         | out |    1|  ap_memory |     in_A     |     array    |
|in_A_q0          |  in |   32|  ap_memory |     in_A     |     array    |
|in_B_0_address0  | out |    2|  ap_memory |    in_B_0    |     array    |
|in_B_0_ce0       | out |    1|  ap_memory |    in_B_0    |     array    |
|in_B_0_q0        |  in |   32|  ap_memory |    in_B_0    |     array    |
|in_B_1_address0  | out |    2|  ap_memory |    in_B_1    |     array    |
|in_B_1_ce0       | out |    1|  ap_memory |    in_B_1    |     array    |
|in_B_1_q0        |  in |   32|  ap_memory |    in_B_1    |     array    |
|out_r            | out |   32|   ap_vld   |     out_r    |    pointer   |
|out_r_ap_vld     | out |    1|   ap_vld   |     out_r    |    pointer   |
+-----------------+-----+-----+------------+--------------+--------------+

