INFO: [COSIM-47] Using XSIM for RTL simulation.
INFO: [COSIM-14] Instrumenting C test bench ...
   Build using "/opt/Xilinx/Vivado/2020.1/tps/lnx64/gcc-6.2.0/bin/g++"
   Compiling apatb_lec5Ex1.cpp
   Compiling (apcc) lec5Ex1_test_vhighN.c_pre.c.tb.c
INFO: [HLS 200-10] Running '/opt/Xilinx/Vivado/2020.1/bin/unwrapped/lnx64.o/apcc'
INFO: [HLS 200-10] For user 'rsimeon' on host 'cmstrigger02.hep.wisc.edu' (Linux_x86_64 version 5.4.238-1.el7.elrepo.x86_64) on Tue Apr 11 14:56:37 CDT 2023
INFO: [HLS 200-10] On os "CentOS Linux release 7.9.2009 (Core)"
INFO: [HLS 200-10] In directory '/afs/hep.wisc.edu/user/rsimeon/tac_hep_fpga/TAC-HEP-FPGA-HLS/week3/lec5Ex2_vhighN/solution1/sim/wrapc'
clang: warning: argument unused during compilation: '-fno-builtin-isinf'
clang: warning: argument unused during compilation: '-fno-builtin-isnan'
INFO: [APCC 202-3] Tmp directory is /tmp/apcc_db_rsimeon/340991681242997106819
INFO: [APCC 202-1] APCC is done.
   Compiling (apcc) lec5Ex1.c_pre.c.tb.c
INFO: [HLS 200-10] Running '/opt/Xilinx/Vivado/2020.1/bin/unwrapped/lnx64.o/apcc'
INFO: [HLS 200-10] For user 'rsimeon' on host 'cmstrigger02.hep.wisc.edu' (Linux_x86_64 version 5.4.238-1.el7.elrepo.x86_64) on Tue Apr 11 14:56:46 CDT 2023
INFO: [HLS 200-10] On os "CentOS Linux release 7.9.2009 (Core)"
INFO: [HLS 200-10] In directory '/afs/hep.wisc.edu/user/rsimeon/tac_hep_fpga/TAC-HEP-FPGA-HLS/week3/lec5Ex2_vhighN/solution1/sim/wrapc'
clang: warning: argument unused during compilation: '-fno-builtin-isinf'
clang: warning: argument unused during compilation: '-fno-builtin-isnan'
INFO: [APCC 202-3] Tmp directory is /tmp/apcc_db_rsimeon/344251681243006965568
INFO: [APCC 202-1] APCC is done.
   Generating cosim.tv.exe
INFO: [COSIM-302] Starting C TB testing ... 
INFO: [COSIM-333] Generating C post check test bench ...
INFO: [COSIM-12] Generating RTL test bench ...
INFO: [COSIM-1] *** C/RTL co-simulation file generation completed. ***
INFO: [COSIM-323] Starting verilog simulation. 
INFO: [COSIM-15] Starting XSIM ...
INFO: [COSIM-316] Starting C post checking ...
Comparing against output data 
*******************************************
PASS: The output matches the reference output!
*******************************************
INFO: [XSIM 43-3496] Using init file passed via -initfile option "/opt/Xilinx/Vivado/2020.1/data/xsim/ip/xsim_ip.ini".
Vivado Simulator 2020.1
Copyright 1986-1999, 2001-2020 Xilinx, Inc. All Rights Reserved.
Running: /opt/Xilinx/Vivado/2020.1/bin/unwrapped/lnx64.o/xelab xil_defaultlib.apatb_lec5Ex1_top glbl -prj lec5Ex1.prj -L smartconnect_v1_0 -L axi_protocol_checker_v1_1_12 -L axi_protocol_checker_v1_1_13 -L axis_protocol_checker_v1_1_11 -L axis_protocol_checker_v1_1_12 -L xil_defaultlib -L unisims_ver -L xpm --initfile /opt/Xilinx/Vivado/2020.1/data/xsim/ip/xsim_ip.ini --lib ieee_proposed=./ieee_proposed -s lec5Ex1 
Multi-threading is on. Using 38 slave threads.
INFO: [VRFC 10-2263] Analyzing SystemVerilog file "/afs/hep.wisc.edu/user/rsimeon/tac_hep_fpga/TAC-HEP-FPGA-HLS/week3/lec5Ex2_vhighN/solution1/sim/verilog/glbl.v" into library work
INFO: [VRFC 10-311] analyzing module glbl
INFO: [VRFC 10-2263] Analyzing SystemVerilog file "/afs/hep.wisc.edu/user/rsimeon/tac_hep_fpga/TAC-HEP-FPGA-HLS/week3/lec5Ex2_vhighN/solution1/sim/verilog/lec5Ex1.autotb.v" into library xil_defaultlib
INFO: [VRFC 10-311] analyzing module apatb_lec5Ex1_top
INFO: [VRFC 10-2263] Analyzing SystemVerilog file "/afs/hep.wisc.edu/user/rsimeon/tac_hep_fpga/TAC-HEP-FPGA-HLS/week3/lec5Ex2_vhighN/solution1/sim/verilog/AESL_automem_c.v" into library xil_defaultlib
INFO: [VRFC 10-311] analyzing module AESL_automem_c
INFO: [VRFC 10-2263] Analyzing SystemVerilog file "/afs/hep.wisc.edu/user/rsimeon/tac_hep_fpga/TAC-HEP-FPGA-HLS/week3/lec5Ex2_vhighN/solution1/sim/verilog/lec5Ex1.v" into library xil_defaultlib
INFO: [VRFC 10-311] analyzing module lec5Ex1
INFO: [VRFC 10-2263] Analyzing SystemVerilog file "/afs/hep.wisc.edu/user/rsimeon/tac_hep_fpga/TAC-HEP-FPGA-HLS/week3/lec5Ex2_vhighN/solution1/sim/verilog/lec5Ex1_arr.v" into library xil_defaultlib
INFO: [VRFC 10-311] analyzing module lec5Ex1_arr_ram
INFO: [VRFC 10-311] analyzing module lec5Ex1_arr
Starting static elaboration
Pass Through NonSizing Optimizer
Completed static elaboration
Starting simulation data flow analysis
Completed simulation data flow analysis
Time Resolution for simulation is 1ps
Compiling module xil_defaultlib.lec5Ex1_arr_ram
Compiling module xil_defaultlib.lec5Ex1_arr(DataWidth=32,Address...
Compiling module xil_defaultlib.lec5Ex1
Compiling module xil_defaultlib.AESL_automem_c
Compiling module xil_defaultlib.apatb_lec5Ex1_top
Compiling module work.glbl
Built simulation snapshot lec5Ex1

****** Webtalk v2020.1 (64-bit)
  **** SW Build 2902540 on Wed May 27 19:54:35 MDT 2020
  **** IP Build 2902112 on Wed May 27 22:43:36 MDT 2020
    ** Copyright 1986-2020 Xilinx, Inc. All Rights Reserved.

source /afs/hep.wisc.edu/user/rsimeon/tac_hep_fpga/TAC-HEP-FPGA-HLS/week3/lec5Ex2_vhighN/solution1/sim/verilog/xsim.dir/lec5Ex1/webtalk/xsim_webtalk.tcl -notrace
INFO: [Common 17-206] Exiting Webtalk at Tue Apr 11 14:57:01 2023...

****** xsim v2020.1 (64-bit)
  **** SW Build 2902540 on Wed May 27 19:54:35 MDT 2020
  **** IP Build 2902112 on Wed May 27 22:43:36 MDT 2020
    ** Copyright 1986-2020 Xilinx, Inc. All Rights Reserved.

source xsim.dir/lec5Ex1/xsim_script.tcl
# xsim {lec5Ex1} -autoloadwcfg -tclbatch {lec5Ex1.tcl}
Vivado Simulator 2020.1
Time resolution is 1 ps
source lec5Ex1.tcl
## run all
////////////////////////////////////////////////////////////////////////////////////
// Inter-Transaction Progress: Completed Transaction / Total Transaction
// Intra-Transaction Progress: Measured Latency / Latency Estimation * 100%
//
// RTL Simulation : "Inter-Transaction Progress" ["Intra-Transaction Progress"] @ "Simulation Time"
////////////////////////////////////////////////////////////////////////////////////
// RTL Simulation : 0 / 601 [0.00%] @ "125000"
// RTL Simulation : 1 / 601 [100.00%] @ "815000"
// RTL Simulation : 2 / 601 [100.00%] @ "1495000"
// RTL Simulation : 3 / 601 [100.00%] @ "2175000"
// RTL Simulation : 4 / 601 [100.00%] @ "2855000"
// RTL Simulation : 5 / 601 [100.00%] @ "3535000"
// RTL Simulation : 6 / 601 [100.00%] @ "4215000"
// RTL Simulation : 7 / 601 [100.00%] @ "4895000"
// RTL Simulation : 8 / 601 [100.00%] @ "5575000"
// RTL Simulation : 9 / 601 [100.00%] @ "6255000"
// RTL Simulation : 10 / 601 [100.00%] @ "6935000"
// RTL Simulation : 11 / 601 [100.00%] @ "7615000"
// RTL Simulation : 12 / 601 [100.00%] @ "8295000"
// RTL Simulation : 13 / 601 [100.00%] @ "8975000"
// RTL Simulation : 14 / 601 [100.00%] @ "9655000"
// RTL Simulation : 15 / 601 [100.00%] @ "10335000"
// RTL Simulation : 16 / 601 [100.00%] @ "11015000"
// RTL Simulation : 17 / 601 [100.00%] @ "11695000"
// RTL Simulation : 18 / 601 [100.00%] @ "12375000"
// RTL Simulation : 19 / 601 [100.00%] @ "13055000"
// RTL Simulation : 20 / 601 [100.00%] @ "13735000"
// RTL Simulation : 21 / 601 [100.00%] @ "14415000"
// RTL Simulation : 22 / 601 [100.00%] @ "15095000"
// RTL Simulation : 23 / 601 [100.00%] @ "15775000"
// RTL Simulation : 24 / 601 [100.00%] @ "16455000"
// RTL Simulation : 25 / 601 [100.00%] @ "17135000"
// RTL Simulation : 26 / 601 [100.00%] @ "17815000"
// RTL Simulation : 27 / 601 [100.00%] @ "18495000"
// RTL Simulation : 28 / 601 [100.00%] @ "19175000"
// RTL Simulation : 29 / 601 [100.00%] @ "19855000"
// RTL Simulation : 30 / 601 [100.00%] @ "20535000"
// RTL Simulation : 31 / 601 [100.00%] @ "21215000"
// RTL Simulation : 32 / 601 [100.00%] @ "21895000"
// RTL Simulation : 33 / 601 [100.00%] @ "22575000"
// RTL Simulation : 34 / 601 [100.00%] @ "23255000"
// RTL Simulation : 35 / 601 [100.00%] @ "23935000"
// RTL Simulation : 36 / 601 [100.00%] @ "24615000"
// RTL Simulation : 37 / 601 [100.00%] @ "25295000"
// RTL Simulation : 38 / 601 [100.00%] @ "25975000"
// RTL Simulation : 39 / 601 [100.00%] @ "26655000"
// RTL Simulation : 40 / 601 [100.00%] @ "27335000"
// RTL Simulation : 41 / 601 [100.00%] @ "28015000"
// RTL Simulation : 42 / 601 [100.00%] @ "28695000"
// RTL Simulation : 43 / 601 [100.00%] @ "29375000"
// RTL Simulation : 44 / 601 [100.00%] @ "30055000"
// RTL Simulation : 45 / 601 [100.00%] @ "30735000"
// RTL Simulation : 46 / 601 [100.00%] @ "31415000"
// RTL Simulation : 47 / 601 [100.00%] @ "32095000"
// RTL Simulation : 48 / 601 [100.00%] @ "32775000"
// RTL Simulation : 49 / 601 [100.00%] @ "33455000"
// RTL Simulation : 50 / 601 [100.00%] @ "34135000"
// RTL Simulation : 51 / 601 [100.00%] @ "34815000"
// RTL Simulation : 52 / 601 [100.00%] @ "35495000"
// RTL Simulation : 53 / 601 [100.00%] @ "36175000"
// RTL Simulation : 54 / 601 [100.00%] @ "36855000"
// RTL Simulation : 55 / 601 [100.00%] @ "37535000"
// RTL Simulation : 56 / 601 [100.00%] @ "38215000"
// RTL Simulation : 57 / 601 [100.00%] @ "38895000"
// RTL Simulation : 58 / 601 [100.00%] @ "39575000"
// RTL Simulation : 59 / 601 [100.00%] @ "40255000"
// RTL Simulation : 60 / 601 [100.00%] @ "40935000"
// RTL Simulation : 61 / 601 [100.00%] @ "41615000"
// RTL Simulation : 62 / 601 [100.00%] @ "42295000"
// RTL Simulation : 63 / 601 [100.00%] @ "42975000"
// RTL Simulation : 64 / 601 [100.00%] @ "43655000"
// RTL Simulation : 65 / 601 [100.00%] @ "44335000"
// RTL Simulation : 66 / 601 [100.00%] @ "45015000"
// RTL Simulation : 67 / 601 [100.00%] @ "45695000"
// RTL Simulation : 68 / 601 [100.00%] @ "46375000"
// RTL Simulation : 69 / 601 [100.00%] @ "47055000"
// RTL Simulation : 70 / 601 [100.00%] @ "47735000"
// RTL Simulation : 71 / 601 [100.00%] @ "48415000"
// RTL Simulation : 72 / 601 [100.00%] @ "49095000"
// RTL Simulation : 73 / 601 [100.00%] @ "49775000"
// RTL Simulation : 74 / 601 [100.00%] @ "50455000"
// RTL Simulation : 75 / 601 [100.00%] @ "51135000"
// RTL Simulation : 76 / 601 [100.00%] @ "51815000"
// RTL Simulation : 77 / 601 [100.00%] @ "52495000"
// RTL Simulation : 78 / 601 [100.00%] @ "53175000"
// RTL Simulation : 79 / 601 [100.00%] @ "53855000"
// RTL Simulation : 80 / 601 [100.00%] @ "54535000"
// RTL Simulation : 81 / 601 [100.00%] @ "55215000"
// RTL Simulation : 82 / 601 [100.00%] @ "55895000"
// RTL Simulation : 83 / 601 [100.00%] @ "56575000"
// RTL Simulation : 84 / 601 [100.00%] @ "57255000"
// RTL Simulation : 85 / 601 [100.00%] @ "57935000"
// RTL Simulation : 86 / 601 [100.00%] @ "58615000"
// RTL Simulation : 87 / 601 [100.00%] @ "59295000"
// RTL Simulation : 88 / 601 [100.00%] @ "59975000"
// RTL Simulation : 89 / 601 [100.00%] @ "60655000"
// RTL Simulation : 90 / 601 [100.00%] @ "61335000"
// RTL Simulation : 91 / 601 [100.00%] @ "62015000"
// RTL Simulation : 92 / 601 [100.00%] @ "62695000"
// RTL Simulation : 93 / 601 [100.00%] @ "63375000"
// RTL Simulation : 94 / 601 [100.00%] @ "64055000"
// RTL Simulation : 95 / 601 [100.00%] @ "64735000"
// RTL Simulation : 96 / 601 [100.00%] @ "65415000"
// RTL Simulation : 97 / 601 [100.00%] @ "66095000"
// RTL Simulation : 98 / 601 [100.00%] @ "66775000"
// RTL Simulation : 99 / 601 [100.00%] @ "67455000"
// RTL Simulation : 100 / 601 [100.00%] @ "68135000"
// RTL Simulation : 101 / 601 [100.00%] @ "68815000"
// RTL Simulation : 102 / 601 [100.00%] @ "69495000"
// RTL Simulation : 103 / 601 [100.00%] @ "70175000"
// RTL Simulation : 104 / 601 [100.00%] @ "70855000"
// RTL Simulation : 105 / 601 [100.00%] @ "71535000"
// RTL Simulation : 106 / 601 [100.00%] @ "72215000"
// RTL Simulation : 107 / 601 [100.00%] @ "72895000"
// RTL Simulation : 108 / 601 [100.00%] @ "73575000"
// RTL Simulation : 109 / 601 [100.00%] @ "74255000"
// RTL Simulation : 110 / 601 [100.00%] @ "74935000"
// RTL Simulation : 111 / 601 [100.00%] @ "75615000"
// RTL Simulation : 112 / 601 [100.00%] @ "76295000"
// RTL Simulation : 113 / 601 [100.00%] @ "76975000"
// RTL Simulation : 114 / 601 [100.00%] @ "77655000"
// RTL Simulation : 115 / 601 [100.00%] @ "78335000"
// RTL Simulation : 116 / 601 [100.00%] @ "79015000"
// RTL Simulation : 117 / 601 [100.00%] @ "79695000"
// RTL Simulation : 118 / 601 [100.00%] @ "80375000"
// RTL Simulation : 119 / 601 [100.00%] @ "81055000"
// RTL Simulation : 120 / 601 [100.00%] @ "81735000"
// RTL Simulation : 121 / 601 [100.00%] @ "82415000"
// RTL Simulation : 122 / 601 [100.00%] @ "83095000"
// RTL Simulation : 123 / 601 [100.00%] @ "83775000"
// RTL Simulation : 124 / 601 [100.00%] @ "84455000"
// RTL Simulation : 125 / 601 [100.00%] @ "85135000"
// RTL Simulation : 126 / 601 [100.00%] @ "85815000"
// RTL Simulation : 127 / 601 [100.00%] @ "86495000"
// RTL Simulation : 128 / 601 [100.00%] @ "87175000"
// RTL Simulation : 129 / 601 [100.00%] @ "87855000"
// RTL Simulation : 130 / 601 [100.00%] @ "88535000"
// RTL Simulation : 131 / 601 [100.00%] @ "89215000"
// RTL Simulation : 132 / 601 [100.00%] @ "89895000"
// RTL Simulation : 133 / 601 [100.00%] @ "90575000"
// RTL Simulation : 134 / 601 [100.00%] @ "91255000"
// RTL Simulation : 135 / 601 [100.00%] @ "91935000"
// RTL Simulation : 136 / 601 [100.00%] @ "92615000"
// RTL Simulation : 137 / 601 [100.00%] @ "93295000"
// RTL Simulation : 138 / 601 [100.00%] @ "93975000"
// RTL Simulation : 139 / 601 [100.00%] @ "94655000"
// RTL Simulation : 140 / 601 [100.00%] @ "95335000"
// RTL Simulation : 141 / 601 [100.00%] @ "96015000"
// RTL Simulation : 142 / 601 [100.00%] @ "96695000"
// RTL Simulation : 143 / 601 [100.00%] @ "97375000"
// RTL Simulation : 144 / 601 [100.00%] @ "98055000"
// RTL Simulation : 145 / 601 [100.00%] @ "98735000"
// RTL Simulation : 146 / 601 [100.00%] @ "99415000"
// RTL Simulation : 147 / 601 [100.00%] @ "100095000"
// RTL Simulation : 148 / 601 [100.00%] @ "100775000"
// RTL Simulation : 149 / 601 [100.00%] @ "101455000"
// RTL Simulation : 150 / 601 [100.00%] @ "102135000"
// RTL Simulation : 151 / 601 [100.00%] @ "102815000"
// RTL Simulation : 152 / 601 [100.00%] @ "103495000"
// RTL Simulation : 153 / 601 [100.00%] @ "104175000"
// RTL Simulation : 154 / 601 [100.00%] @ "104855000"
// RTL Simulation : 155 / 601 [100.00%] @ "105535000"
// RTL Simulation : 156 / 601 [100.00%] @ "106215000"
// RTL Simulation : 157 / 601 [100.00%] @ "106895000"
// RTL Simulation : 158 / 601 [100.00%] @ "107575000"
// RTL Simulation : 159 / 601 [100.00%] @ "108255000"
// RTL Simulation : 160 / 601 [100.00%] @ "108935000"
// RTL Simulation : 161 / 601 [100.00%] @ "109615000"
// RTL Simulation : 162 / 601 [100.00%] @ "110295000"
// RTL Simulation : 163 / 601 [100.00%] @ "110975000"
// RTL Simulation : 164 / 601 [100.00%] @ "111655000"
// RTL Simulation : 165 / 601 [100.00%] @ "112335000"
// RTL Simulation : 166 / 601 [100.00%] @ "113015000"
// RTL Simulation : 167 / 601 [100.00%] @ "113695000"
// RTL Simulation : 168 / 601 [100.00%] @ "114375000"
// RTL Simulation : 169 / 601 [100.00%] @ "115055000"
// RTL Simulation : 170 / 601 [100.00%] @ "115735000"
// RTL Simulation : 171 / 601 [100.00%] @ "116415000"
// RTL Simulation : 172 / 601 [100.00%] @ "117095000"
// RTL Simulation : 173 / 601 [100.00%] @ "117775000"
// RTL Simulation : 174 / 601 [100.00%] @ "118455000"
// RTL Simulation : 175 / 601 [100.00%] @ "119135000"
// RTL Simulation : 176 / 601 [100.00%] @ "119815000"
// RTL Simulation : 177 / 601 [100.00%] @ "120495000"
// RTL Simulation : 178 / 601 [100.00%] @ "121175000"
// RTL Simulation : 179 / 601 [100.00%] @ "121855000"
// RTL Simulation : 180 / 601 [100.00%] @ "122535000"
// RTL Simulation : 181 / 601 [100.00%] @ "123215000"
// RTL Simulation : 182 / 601 [100.00%] @ "123895000"
// RTL Simulation : 183 / 601 [100.00%] @ "124575000"
// RTL Simulation : 184 / 601 [100.00%] @ "125255000"
// RTL Simulation : 185 / 601 [100.00%] @ "125935000"
// RTL Simulation : 186 / 601 [100.00%] @ "126615000"
// RTL Simulation : 187 / 601 [100.00%] @ "127295000"
// RTL Simulation : 188 / 601 [100.00%] @ "127975000"
// RTL Simulation : 189 / 601 [100.00%] @ "128655000"
// RTL Simulation : 190 / 601 [100.00%] @ "129335000"
// RTL Simulation : 191 / 601 [100.00%] @ "130015000"
// RTL Simulation : 192 / 601 [100.00%] @ "130695000"
// RTL Simulation : 193 / 601 [100.00%] @ "131375000"
// RTL Simulation : 194 / 601 [100.00%] @ "132055000"
// RTL Simulation : 195 / 601 [100.00%] @ "132735000"
// RTL Simulation : 196 / 601 [100.00%] @ "133415000"
// RTL Simulation : 197 / 601 [100.00%] @ "134095000"
// RTL Simulation : 198 / 601 [100.00%] @ "134775000"
// RTL Simulation : 199 / 601 [100.00%] @ "135455000"
// RTL Simulation : 200 / 601 [100.00%] @ "136135000"
// RTL Simulation : 201 / 601 [100.00%] @ "136815000"
// RTL Simulation : 202 / 601 [100.00%] @ "137495000"
// RTL Simulation : 203 / 601 [100.00%] @ "138175000"
// RTL Simulation : 204 / 601 [100.00%] @ "138855000"
// RTL Simulation : 205 / 601 [100.00%] @ "139535000"
// RTL Simulation : 206 / 601 [100.00%] @ "140215000"
// RTL Simulation : 207 / 601 [100.00%] @ "140895000"
// RTL Simulation : 208 / 601 [100.00%] @ "141575000"
// RTL Simulation : 209 / 601 [100.00%] @ "142255000"
// RTL Simulation : 210 / 601 [100.00%] @ "142935000"
// RTL Simulation : 211 / 601 [100.00%] @ "143615000"
// RTL Simulation : 212 / 601 [100.00%] @ "144295000"
// RTL Simulation : 213 / 601 [100.00%] @ "144975000"
// RTL Simulation : 214 / 601 [100.00%] @ "145655000"
// RTL Simulation : 215 / 601 [100.00%] @ "146335000"
// RTL Simulation : 216 / 601 [100.00%] @ "147015000"
// RTL Simulation : 217 / 601 [100.00%] @ "147695000"
// RTL Simulation : 218 / 601 [100.00%] @ "148375000"
// RTL Simulation : 219 / 601 [100.00%] @ "149055000"
// RTL Simulation : 220 / 601 [100.00%] @ "149735000"
// RTL Simulation : 221 / 601 [100.00%] @ "150415000"
// RTL Simulation : 222 / 601 [100.00%] @ "151095000"
// RTL Simulation : 223 / 601 [100.00%] @ "151775000"
// RTL Simulation : 224 / 601 [100.00%] @ "152455000"
// RTL Simulation : 225 / 601 [100.00%] @ "153135000"
// RTL Simulation : 226 / 601 [100.00%] @ "153815000"
// RTL Simulation : 227 / 601 [100.00%] @ "154495000"
// RTL Simulation : 228 / 601 [100.00%] @ "155175000"
// RTL Simulation : 229 / 601 [100.00%] @ "155855000"
// RTL Simulation : 230 / 601 [100.00%] @ "156535000"
// RTL Simulation : 231 / 601 [100.00%] @ "157215000"
// RTL Simulation : 232 / 601 [100.00%] @ "157895000"
// RTL Simulation : 233 / 601 [100.00%] @ "158575000"
// RTL Simulation : 234 / 601 [100.00%] @ "159255000"
// RTL Simulation : 235 / 601 [100.00%] @ "159935000"
// RTL Simulation : 236 / 601 [100.00%] @ "160615000"
// RTL Simulation : 237 / 601 [100.00%] @ "161295000"
// RTL Simulation : 238 / 601 [100.00%] @ "161975000"
// RTL Simulation : 239 / 601 [100.00%] @ "162655000"
// RTL Simulation : 240 / 601 [100.00%] @ "163335000"
// RTL Simulation : 241 / 601 [100.00%] @ "164015000"
// RTL Simulation : 242 / 601 [100.00%] @ "164695000"
// RTL Simulation : 243 / 601 [100.00%] @ "165375000"
// RTL Simulation : 244 / 601 [100.00%] @ "166055000"
// RTL Simulation : 245 / 601 [100.00%] @ "166735000"
// RTL Simulation : 246 / 601 [100.00%] @ "167415000"
// RTL Simulation : 247 / 601 [100.00%] @ "168095000"
// RTL Simulation : 248 / 601 [100.00%] @ "168775000"
// RTL Simulation : 249 / 601 [100.00%] @ "169455000"
// RTL Simulation : 250 / 601 [100.00%] @ "170135000"
// RTL Simulation : 251 / 601 [100.00%] @ "170815000"
// RTL Simulation : 252 / 601 [100.00%] @ "171495000"
// RTL Simulation : 253 / 601 [100.00%] @ "172175000"
// RTL Simulation : 254 / 601 [100.00%] @ "172855000"
// RTL Simulation : 255 / 601 [100.00%] @ "173535000"
// RTL Simulation : 256 / 601 [100.00%] @ "174215000"
// RTL Simulation : 257 / 601 [100.00%] @ "174895000"
// RTL Simulation : 258 / 601 [100.00%] @ "175575000"
// RTL Simulation : 259 / 601 [100.00%] @ "176255000"
// RTL Simulation : 260 / 601 [100.00%] @ "176935000"
// RTL Simulation : 261 / 601 [100.00%] @ "177615000"
// RTL Simulation : 262 / 601 [100.00%] @ "178295000"
// RTL Simulation : 263 / 601 [100.00%] @ "178975000"
// RTL Simulation : 264 / 601 [100.00%] @ "179655000"
// RTL Simulation : 265 / 601 [100.00%] @ "180335000"
// RTL Simulation : 266 / 601 [100.00%] @ "181015000"
// RTL Simulation : 267 / 601 [100.00%] @ "181695000"
// RTL Simulation : 268 / 601 [100.00%] @ "182375000"
// RTL Simulation : 269 / 601 [100.00%] @ "183055000"
// RTL Simulation : 270 / 601 [100.00%] @ "183735000"
// RTL Simulation : 271 / 601 [100.00%] @ "184415000"
// RTL Simulation : 272 / 601 [100.00%] @ "185095000"
// RTL Simulation : 273 / 601 [100.00%] @ "185775000"
// RTL Simulation : 274 / 601 [100.00%] @ "186455000"
// RTL Simulation : 275 / 601 [100.00%] @ "187135000"
// RTL Simulation : 276 / 601 [100.00%] @ "187815000"
// RTL Simulation : 277 / 601 [100.00%] @ "188495000"
// RTL Simulation : 278 / 601 [100.00%] @ "189175000"
// RTL Simulation : 279 / 601 [100.00%] @ "189855000"
// RTL Simulation : 280 / 601 [100.00%] @ "190535000"
// RTL Simulation : 281 / 601 [100.00%] @ "191215000"
// RTL Simulation : 282 / 601 [100.00%] @ "191895000"
// RTL Simulation : 283 / 601 [100.00%] @ "192575000"
// RTL Simulation : 284 / 601 [100.00%] @ "193255000"
// RTL Simulation : 285 / 601 [100.00%] @ "193935000"
// RTL Simulation : 286 / 601 [100.00%] @ "194615000"
// RTL Simulation : 287 / 601 [100.00%] @ "195295000"
// RTL Simulation : 288 / 601 [100.00%] @ "195975000"
// RTL Simulation : 289 / 601 [100.00%] @ "196655000"
// RTL Simulation : 290 / 601 [100.00%] @ "197335000"
// RTL Simulation : 291 / 601 [100.00%] @ "198015000"
// RTL Simulation : 292 / 601 [100.00%] @ "198695000"
// RTL Simulation : 293 / 601 [100.00%] @ "199375000"
// RTL Simulation : 294 / 601 [100.00%] @ "200055000"
// RTL Simulation : 295 / 601 [100.00%] @ "200735000"
// RTL Simulation : 296 / 601 [100.00%] @ "201415000"
// RTL Simulation : 297 / 601 [100.00%] @ "202095000"
// RTL Simulation : 298 / 601 [100.00%] @ "202775000"
// RTL Simulation : 299 / 601 [100.00%] @ "203455000"
// RTL Simulation : 300 / 601 [100.00%] @ "204135000"
// RTL Simulation : 301 / 601 [100.00%] @ "204815000"
// RTL Simulation : 302 / 601 [100.00%] @ "205495000"
// RTL Simulation : 303 / 601 [100.00%] @ "206175000"
// RTL Simulation : 304 / 601 [100.00%] @ "206855000"
// RTL Simulation : 305 / 601 [100.00%] @ "207535000"
// RTL Simulation : 306 / 601 [100.00%] @ "208215000"
// RTL Simulation : 307 / 601 [100.00%] @ "208895000"
// RTL Simulation : 308 / 601 [100.00%] @ "209575000"
// RTL Simulation : 309 / 601 [100.00%] @ "210255000"
// RTL Simulation : 310 / 601 [100.00%] @ "210935000"
// RTL Simulation : 311 / 601 [100.00%] @ "211615000"
// RTL Simulation : 312 / 601 [100.00%] @ "212295000"
// RTL Simulation : 313 / 601 [100.00%] @ "212975000"
// RTL Simulation : 314 / 601 [100.00%] @ "213655000"
// RTL Simulation : 315 / 601 [100.00%] @ "214335000"
// RTL Simulation : 316 / 601 [100.00%] @ "215015000"
// RTL Simulation : 317 / 601 [100.00%] @ "215695000"
// RTL Simulation : 318 / 601 [100.00%] @ "216375000"
// RTL Simulation : 319 / 601 [100.00%] @ "217055000"
// RTL Simulation : 320 / 601 [100.00%] @ "217735000"
// RTL Simulation : 321 / 601 [100.00%] @ "218415000"
// RTL Simulation : 322 / 601 [100.00%] @ "219095000"
// RTL Simulation : 323 / 601 [100.00%] @ "219775000"
// RTL Simulation : 324 / 601 [100.00%] @ "220455000"
// RTL Simulation : 325 / 601 [100.00%] @ "221135000"
// RTL Simulation : 326 / 601 [100.00%] @ "221815000"
// RTL Simulation : 327 / 601 [100.00%] @ "222495000"
// RTL Simulation : 328 / 601 [100.00%] @ "223175000"
// RTL Simulation : 329 / 601 [100.00%] @ "223855000"
// RTL Simulation : 330 / 601 [100.00%] @ "224535000"
// RTL Simulation : 331 / 601 [100.00%] @ "225215000"
// RTL Simulation : 332 / 601 [100.00%] @ "225895000"
// RTL Simulation : 333 / 601 [100.00%] @ "226575000"
// RTL Simulation : 334 / 601 [100.00%] @ "227255000"
// RTL Simulation : 335 / 601 [100.00%] @ "227935000"
// RTL Simulation : 336 / 601 [100.00%] @ "228615000"
// RTL Simulation : 337 / 601 [100.00%] @ "229295000"
// RTL Simulation : 338 / 601 [100.00%] @ "229975000"
// RTL Simulation : 339 / 601 [100.00%] @ "230655000"
// RTL Simulation : 340 / 601 [100.00%] @ "231335000"
// RTL Simulation : 341 / 601 [100.00%] @ "232015000"
// RTL Simulation : 342 / 601 [100.00%] @ "232695000"
// RTL Simulation : 343 / 601 [100.00%] @ "233375000"
// RTL Simulation : 344 / 601 [100.00%] @ "234055000"
// RTL Simulation : 345 / 601 [100.00%] @ "234735000"
// RTL Simulation : 346 / 601 [100.00%] @ "235415000"
// RTL Simulation : 347 / 601 [100.00%] @ "236095000"
// RTL Simulation : 348 / 601 [100.00%] @ "236775000"
// RTL Simulation : 349 / 601 [100.00%] @ "237455000"
// RTL Simulation : 350 / 601 [100.00%] @ "238135000"
// RTL Simulation : 351 / 601 [100.00%] @ "238815000"
// RTL Simulation : 352 / 601 [100.00%] @ "239495000"
// RTL Simulation : 353 / 601 [100.00%] @ "240175000"
// RTL Simulation : 354 / 601 [100.00%] @ "240855000"
// RTL Simulation : 355 / 601 [100.00%] @ "241535000"
// RTL Simulation : 356 / 601 [100.00%] @ "242215000"
// RTL Simulation : 357 / 601 [100.00%] @ "242895000"
// RTL Simulation : 358 / 601 [100.00%] @ "243575000"
// RTL Simulation : 359 / 601 [100.00%] @ "244255000"
// RTL Simulation : 360 / 601 [100.00%] @ "244935000"
// RTL Simulation : 361 / 601 [100.00%] @ "245615000"
// RTL Simulation : 362 / 601 [100.00%] @ "246295000"
// RTL Simulation : 363 / 601 [100.00%] @ "246975000"
// RTL Simulation : 364 / 601 [100.00%] @ "247655000"
// RTL Simulation : 365 / 601 [100.00%] @ "248335000"
// RTL Simulation : 366 / 601 [100.00%] @ "249015000"
// RTL Simulation : 367 / 601 [100.00%] @ "249695000"
// RTL Simulation : 368 / 601 [100.00%] @ "250375000"
// RTL Simulation : 369 / 601 [100.00%] @ "251055000"
// RTL Simulation : 370 / 601 [100.00%] @ "251735000"
// RTL Simulation : 371 / 601 [100.00%] @ "252415000"
// RTL Simulation : 372 / 601 [100.00%] @ "253095000"
// RTL Simulation : 373 / 601 [100.00%] @ "253775000"
// RTL Simulation : 374 / 601 [100.00%] @ "254455000"
// RTL Simulation : 375 / 601 [100.00%] @ "255135000"
// RTL Simulation : 376 / 601 [100.00%] @ "255815000"
// RTL Simulation : 377 / 601 [100.00%] @ "256495000"
// RTL Simulation : 378 / 601 [100.00%] @ "257175000"
// RTL Simulation : 379 / 601 [100.00%] @ "257855000"
// RTL Simulation : 380 / 601 [100.00%] @ "258535000"
// RTL Simulation : 381 / 601 [100.00%] @ "259215000"
// RTL Simulation : 382 / 601 [100.00%] @ "259895000"
// RTL Simulation : 383 / 601 [100.00%] @ "260575000"
// RTL Simulation : 384 / 601 [100.00%] @ "261255000"
// RTL Simulation : 385 / 601 [100.00%] @ "261935000"
// RTL Simulation : 386 / 601 [100.00%] @ "262615000"
// RTL Simulation : 387 / 601 [100.00%] @ "263295000"
// RTL Simulation : 388 / 601 [100.00%] @ "263975000"
// RTL Simulation : 389 / 601 [100.00%] @ "264655000"
// RTL Simulation : 390 / 601 [100.00%] @ "265335000"
// RTL Simulation : 391 / 601 [100.00%] @ "266015000"
// RTL Simulation : 392 / 601 [100.00%] @ "266695000"
// RTL Simulation : 393 / 601 [100.00%] @ "267375000"
// RTL Simulation : 394 / 601 [100.00%] @ "268055000"
// RTL Simulation : 395 / 601 [100.00%] @ "268735000"
// RTL Simulation : 396 / 601 [100.00%] @ "269415000"
// RTL Simulation : 397 / 601 [100.00%] @ "270095000"
// RTL Simulation : 398 / 601 [100.00%] @ "270775000"
// RTL Simulation : 399 / 601 [100.00%] @ "271455000"
// RTL Simulation : 400 / 601 [100.00%] @ "272135000"
// RTL Simulation : 401 / 601 [100.00%] @ "272815000"
// RTL Simulation : 402 / 601 [100.00%] @ "273495000"
// RTL Simulation : 403 / 601 [100.00%] @ "274175000"
// RTL Simulation : 404 / 601 [100.00%] @ "274855000"
// RTL Simulation : 405 / 601 [100.00%] @ "275535000"
// RTL Simulation : 406 / 601 [100.00%] @ "276215000"
// RTL Simulation : 407 / 601 [100.00%] @ "276895000"
// RTL Simulation : 408 / 601 [100.00%] @ "277575000"
// RTL Simulation : 409 / 601 [100.00%] @ "278255000"
// RTL Simulation : 410 / 601 [100.00%] @ "278935000"
// RTL Simulation : 411 / 601 [100.00%] @ "279615000"
// RTL Simulation : 412 / 601 [100.00%] @ "280295000"
// RTL Simulation : 413 / 601 [100.00%] @ "280975000"
// RTL Simulation : 414 / 601 [100.00%] @ "281655000"
// RTL Simulation : 415 / 601 [100.00%] @ "282335000"
// RTL Simulation : 416 / 601 [100.00%] @ "283015000"
// RTL Simulation : 417 / 601 [100.00%] @ "283695000"
// RTL Simulation : 418 / 601 [100.00%] @ "284375000"
// RTL Simulation : 419 / 601 [100.00%] @ "285055000"
// RTL Simulation : 420 / 601 [100.00%] @ "285735000"
// RTL Simulation : 421 / 601 [100.00%] @ "286415000"
// RTL Simulation : 422 / 601 [100.00%] @ "287095000"
// RTL Simulation : 423 / 601 [100.00%] @ "287775000"
// RTL Simulation : 424 / 601 [100.00%] @ "288455000"
// RTL Simulation : 425 / 601 [100.00%] @ "289135000"
// RTL Simulation : 426 / 601 [100.00%] @ "289815000"
// RTL Simulation : 427 / 601 [100.00%] @ "290495000"
// RTL Simulation : 428 / 601 [100.00%] @ "291175000"
// RTL Simulation : 429 / 601 [100.00%] @ "291855000"
// RTL Simulation : 430 / 601 [100.00%] @ "292535000"
// RTL Simulation : 431 / 601 [100.00%] @ "293215000"
// RTL Simulation : 432 / 601 [100.00%] @ "293895000"
// RTL Simulation : 433 / 601 [100.00%] @ "294575000"
// RTL Simulation : 434 / 601 [100.00%] @ "295255000"
// RTL Simulation : 435 / 601 [100.00%] @ "295935000"
// RTL Simulation : 436 / 601 [100.00%] @ "296615000"
// RTL Simulation : 437 / 601 [100.00%] @ "297295000"
// RTL Simulation : 438 / 601 [100.00%] @ "297975000"
// RTL Simulation : 439 / 601 [100.00%] @ "298655000"
// RTL Simulation : 440 / 601 [100.00%] @ "299335000"
// RTL Simulation : 441 / 601 [100.00%] @ "300015000"
// RTL Simulation : 442 / 601 [100.00%] @ "300695000"
// RTL Simulation : 443 / 601 [100.00%] @ "301375000"
// RTL Simulation : 444 / 601 [100.00%] @ "302055000"
// RTL Simulation : 445 / 601 [100.00%] @ "302735000"
// RTL Simulation : 446 / 601 [100.00%] @ "303415000"
// RTL Simulation : 447 / 601 [100.00%] @ "304095000"
// RTL Simulation : 448 / 601 [100.00%] @ "304775000"
// RTL Simulation : 449 / 601 [100.00%] @ "305455000"
// RTL Simulation : 450 / 601 [100.00%] @ "306135000"
// RTL Simulation : 451 / 601 [100.00%] @ "306815000"
// RTL Simulation : 452 / 601 [100.00%] @ "307495000"
// RTL Simulation : 453 / 601 [100.00%] @ "308175000"
// RTL Simulation : 454 / 601 [100.00%] @ "308855000"
// RTL Simulation : 455 / 601 [100.00%] @ "309535000"
// RTL Simulation : 456 / 601 [100.00%] @ "310215000"
// RTL Simulation : 457 / 601 [100.00%] @ "310895000"
// RTL Simulation : 458 / 601 [100.00%] @ "311575000"
// RTL Simulation : 459 / 601 [100.00%] @ "312255000"
// RTL Simulation : 460 / 601 [100.00%] @ "312935000"
// RTL Simulation : 461 / 601 [100.00%] @ "313615000"
// RTL Simulation : 462 / 601 [100.00%] @ "314295000"
// RTL Simulation : 463 / 601 [100.00%] @ "314975000"
// RTL Simulation : 464 / 601 [100.00%] @ "315655000"
// RTL Simulation : 465 / 601 [100.00%] @ "316335000"
// RTL Simulation : 466 / 601 [100.00%] @ "317015000"
// RTL Simulation : 467 / 601 [100.00%] @ "317695000"
// RTL Simulation : 468 / 601 [100.00%] @ "318375000"
// RTL Simulation : 469 / 601 [100.00%] @ "319055000"
// RTL Simulation : 470 / 601 [100.00%] @ "319735000"
// RTL Simulation : 471 / 601 [100.00%] @ "320415000"
// RTL Simulation : 472 / 601 [100.00%] @ "321095000"
// RTL Simulation : 473 / 601 [100.00%] @ "321775000"
// RTL Simulation : 474 / 601 [100.00%] @ "322455000"
// RTL Simulation : 475 / 601 [100.00%] @ "323135000"
// RTL Simulation : 476 / 601 [100.00%] @ "323815000"
// RTL Simulation : 477 / 601 [100.00%] @ "324495000"
// RTL Simulation : 478 / 601 [100.00%] @ "325175000"
// RTL Simulation : 479 / 601 [100.00%] @ "325855000"
// RTL Simulation : 480 / 601 [100.00%] @ "326535000"
// RTL Simulation : 481 / 601 [100.00%] @ "327215000"
// RTL Simulation : 482 / 601 [100.00%] @ "327895000"
// RTL Simulation : 483 / 601 [100.00%] @ "328575000"
// RTL Simulation : 484 / 601 [100.00%] @ "329255000"
// RTL Simulation : 485 / 601 [100.00%] @ "329935000"
// RTL Simulation : 486 / 601 [100.00%] @ "330615000"
// RTL Simulation : 487 / 601 [100.00%] @ "331295000"
// RTL Simulation : 488 / 601 [100.00%] @ "331975000"
// RTL Simulation : 489 / 601 [100.00%] @ "332655000"
// RTL Simulation : 490 / 601 [100.00%] @ "333335000"
// RTL Simulation : 491 / 601 [100.00%] @ "334015000"
// RTL Simulation : 492 / 601 [100.00%] @ "334695000"
// RTL Simulation : 493 / 601 [100.00%] @ "335375000"
// RTL Simulation : 494 / 601 [100.00%] @ "336055000"
// RTL Simulation : 495 / 601 [100.00%] @ "336735000"
// RTL Simulation : 496 / 601 [100.00%] @ "337415000"
// RTL Simulation : 497 / 601 [100.00%] @ "338095000"
// RTL Simulation : 498 / 601 [100.00%] @ "338775000"
// RTL Simulation : 499 / 601 [100.00%] @ "339455000"
// RTL Simulation : 500 / 601 [100.00%] @ "340135000"
// RTL Simulation : 501 / 601 [100.00%] @ "340815000"
// RTL Simulation : 502 / 601 [100.00%] @ "341495000"
// RTL Simulation : 503 / 601 [100.00%] @ "342175000"
// RTL Simulation : 504 / 601 [100.00%] @ "342855000"
// RTL Simulation : 505 / 601 [100.00%] @ "343535000"
// RTL Simulation : 506 / 601 [100.00%] @ "344215000"
// RTL Simulation : 507 / 601 [100.00%] @ "344895000"
// RTL Simulation : 508 / 601 [100.00%] @ "345575000"
// RTL Simulation : 509 / 601 [100.00%] @ "346255000"
// RTL Simulation : 510 / 601 [100.00%] @ "346935000"
// RTL Simulation : 511 / 601 [100.00%] @ "347615000"
// RTL Simulation : 512 / 601 [100.00%] @ "348295000"
// RTL Simulation : 513 / 601 [100.00%] @ "348975000"
// RTL Simulation : 514 / 601 [100.00%] @ "349655000"
// RTL Simulation : 515 / 601 [100.00%] @ "350335000"
// RTL Simulation : 516 / 601 [100.00%] @ "351015000"
// RTL Simulation : 517 / 601 [100.00%] @ "351695000"
// RTL Simulation : 518 / 601 [100.00%] @ "352375000"
// RTL Simulation : 519 / 601 [100.00%] @ "353055000"
// RTL Simulation : 520 / 601 [100.00%] @ "353735000"
// RTL Simulation : 521 / 601 [100.00%] @ "354415000"
// RTL Simulation : 522 / 601 [100.00%] @ "355095000"
// RTL Simulation : 523 / 601 [100.00%] @ "355775000"
// RTL Simulation : 524 / 601 [100.00%] @ "356455000"
// RTL Simulation : 525 / 601 [100.00%] @ "357135000"
// RTL Simulation : 526 / 601 [100.00%] @ "357815000"
// RTL Simulation : 527 / 601 [100.00%] @ "358495000"
// RTL Simulation : 528 / 601 [100.00%] @ "359175000"
// RTL Simulation : 529 / 601 [100.00%] @ "359855000"
// RTL Simulation : 530 / 601 [100.00%] @ "360535000"
// RTL Simulation : 531 / 601 [100.00%] @ "361215000"
// RTL Simulation : 532 / 601 [100.00%] @ "361895000"
// RTL Simulation : 533 / 601 [100.00%] @ "362575000"
// RTL Simulation : 534 / 601 [100.00%] @ "363255000"
// RTL Simulation : 535 / 601 [100.00%] @ "363935000"
// RTL Simulation : 536 / 601 [100.00%] @ "364615000"
// RTL Simulation : 537 / 601 [100.00%] @ "365295000"
// RTL Simulation : 538 / 601 [100.00%] @ "365975000"
// RTL Simulation : 539 / 601 [100.00%] @ "366655000"
// RTL Simulation : 540 / 601 [100.00%] @ "367335000"
// RTL Simulation : 541 / 601 [100.00%] @ "368015000"
// RTL Simulation : 542 / 601 [100.00%] @ "368695000"
// RTL Simulation : 543 / 601 [100.00%] @ "369375000"
// RTL Simulation : 544 / 601 [100.00%] @ "370055000"
// RTL Simulation : 545 / 601 [100.00%] @ "370735000"
// RTL Simulation : 546 / 601 [100.00%] @ "371415000"
// RTL Simulation : 547 / 601 [100.00%] @ "372095000"
// RTL Simulation : 548 / 601 [100.00%] @ "372775000"
// RTL Simulation : 549 / 601 [100.00%] @ "373455000"
// RTL Simulation : 550 / 601 [100.00%] @ "374135000"
// RTL Simulation : 551 / 601 [100.00%] @ "374815000"
// RTL Simulation : 552 / 601 [100.00%] @ "375495000"
// RTL Simulation : 553 / 601 [100.00%] @ "376175000"
// RTL Simulation : 554 / 601 [100.00%] @ "376855000"
// RTL Simulation : 555 / 601 [100.00%] @ "377535000"
// RTL Simulation : 556 / 601 [100.00%] @ "378215000"
// RTL Simulation : 557 / 601 [100.00%] @ "378895000"
// RTL Simulation : 558 / 601 [100.00%] @ "379575000"
// RTL Simulation : 559 / 601 [100.00%] @ "380255000"
// RTL Simulation : 560 / 601 [100.00%] @ "380935000"
// RTL Simulation : 561 / 601 [100.00%] @ "381615000"
// RTL Simulation : 562 / 601 [100.00%] @ "382295000"
// RTL Simulation : 563 / 601 [100.00%] @ "382975000"
// RTL Simulation : 564 / 601 [100.00%] @ "383655000"
// RTL Simulation : 565 / 601 [100.00%] @ "384335000"
// RTL Simulation : 566 / 601 [100.00%] @ "385015000"
// RTL Simulation : 567 / 601 [100.00%] @ "385695000"
// RTL Simulation : 568 / 601 [100.00%] @ "386375000"
// RTL Simulation : 569 / 601 [100.00%] @ "387055000"
// RTL Simulation : 570 / 601 [100.00%] @ "387735000"
// RTL Simulation : 571 / 601 [100.00%] @ "388415000"
// RTL Simulation : 572 / 601 [100.00%] @ "389095000"
// RTL Simulation : 573 / 601 [100.00%] @ "389775000"
// RTL Simulation : 574 / 601 [100.00%] @ "390455000"
// RTL Simulation : 575 / 601 [100.00%] @ "391135000"
// RTL Simulation : 576 / 601 [100.00%] @ "391815000"
// RTL Simulation : 577 / 601 [100.00%] @ "392495000"
// RTL Simulation : 578 / 601 [100.00%] @ "393175000"
// RTL Simulation : 579 / 601 [100.00%] @ "393855000"
// RTL Simulation : 580 / 601 [100.00%] @ "394535000"
// RTL Simulation : 581 / 601 [100.00%] @ "395215000"
// RTL Simulation : 582 / 601 [100.00%] @ "395895000"
// RTL Simulation : 583 / 601 [100.00%] @ "396575000"
// RTL Simulation : 584 / 601 [100.00%] @ "397255000"
// RTL Simulation : 585 / 601 [100.00%] @ "397935000"
// RTL Simulation : 586 / 601 [100.00%] @ "398615000"
// RTL Simulation : 587 / 601 [100.00%] @ "399295000"
// RTL Simulation : 588 / 601 [100.00%] @ "399975000"
// RTL Simulation : 589 / 601 [100.00%] @ "400655000"
// RTL Simulation : 590 / 601 [100.00%] @ "401335000"
// RTL Simulation : 591 / 601 [100.00%] @ "402015000"
// RTL Simulation : 592 / 601 [100.00%] @ "402695000"
// RTL Simulation : 593 / 601 [100.00%] @ "403375000"
// RTL Simulation : 594 / 601 [100.00%] @ "404055000"
// RTL Simulation : 595 / 601 [100.00%] @ "404735000"
// RTL Simulation : 596 / 601 [100.00%] @ "405415000"
// RTL Simulation : 597 / 601 [100.00%] @ "406095000"
// RTL Simulation : 598 / 601 [100.00%] @ "406775000"
// RTL Simulation : 599 / 601 [100.00%] @ "407455000"
// RTL Simulation : 600 / 601 [100.00%] @ "408135000"
// RTL Simulation : 601 / 601 [100.00%] @ "408815000"
////////////////////////////////////////////////////////////////////////////////////
$finish called at time : 408855 ns : File "/afs/hep.wisc.edu/user/rsimeon/tac_hep_fpga/TAC-HEP-FPGA-HLS/week3/lec5Ex2_vhighN/solution1/sim/verilog/lec5Ex1.autotb.v" Line 332
## quit
INFO: [Common 17-206] Exiting xsim at Tue Apr 11 14:57:16 2023...
Comparing against output data 
*******************************************
PASS: The output matches the reference output!
*******************************************
INFO: [COSIM-1000] *** C/RTL co-simulation finished: PASS ***
